2018-03-08 13:00:36:866 - info: [Appium] Welcome to Appium v1.8.0-beta3
2018-03-08 13:00:36:866 - info: [Appium] Non-default server args:
2018-03-08 13:00:36:867 - info: [Appium]   port: 4002
2018-03-08 13:00:36:867 - info: [Appium]   bootstrapPort: 6002
2018-03-08 13:00:36:867 - info: [Appium]   log: /home/trixo/Code/javaRewrite/logs/1050_CleanInstall_cd21ccc5/Appium.log
2018-03-08 13:00:36:868 - info: [Appium]   logTimestamp: true
2018-03-08 13:00:36:884 - info: [Appium] Appium REST http interface listener started on 0.0.0.0:4002
2018-03-08 13:00:36:913 - info: [HTTP] --> POST /wd/hub/session {"desiredCapabilities":{"javascriptEnabled":true,"locationContextEnabled":true,"handlesAlerts":true,"rotatable":true,"platformName":"Android","deviceName":"Android","appPackage":"com.gorro.nothing","appActivity":"com.gorro.nothing.NothingActivity","fullReset":false,"noReset":true,"newCommandTimeout":120000,"skipUnlock":true,"androidInstallTimeout":150000,"systemPort":8202,"udid":"localhost:7401","requestOrigins":{"url":"http://webdriver.io","version":"4.10.2","name":"webdriverio"}}}
2018-03-08 13:00:36:915 - info: [debug] [MJSONWP] Calling AppiumDriver.createSession() with args: [{"javascriptEnabled":true,"locationContextEnabled":true,"handlesAlerts":true,"rotatable":true,"platformName":"Android","deviceName":"Android","appPackage":"com.gorro.nothing","appActivity":"com.gorro.nothing.NothingActivity","fullReset":false,"noReset":true,"newCommandTimeout":120000,"skipUnlock":true,"androidInstallTimeout":150000,"systemPort":8202,"udid":"localhost:7401","requestOrigins":{"url":"http://webdriver.io","version":"4.10.2","name":"webdriverio"}},null,null]
2018-03-08 13:00:36:916 - info: [debug] [BaseDriver] Event 'newSessionRequested' logged at 1520514036916 (14:00:36 GMT+0100 (CET))
2018-03-08 13:00:36:918 - info: [Appium] Creating new AndroidDriver (v1.40.1) session
2018-03-08 13:00:36:918 - info: [Appium] Capabilities:
2018-03-08 13:00:36:918 - info: [Appium]   javascriptEnabled: true
2018-03-08 13:00:36:919 - info: [Appium]   locationContextEnabled: true
2018-03-08 13:00:36:919 - info: [Appium]   handlesAlerts: true
2018-03-08 13:00:36:919 - info: [Appium]   rotatable: true
2018-03-08 13:00:36:919 - info: [Appium]   platformName: Android
2018-03-08 13:00:36:919 - info: [Appium]   deviceName: Android
2018-03-08 13:00:36:919 - info: [Appium]   appPackage: com.gorro.nothing
2018-03-08 13:00:36:920 - info: [Appium]   appActivity: com.gorro.nothing.NothingActivity
2018-03-08 13:00:36:920 - info: [Appium]   fullReset: false
2018-03-08 13:00:36:920 - info: [Appium]   noReset: true
2018-03-08 13:00:36:920 - info: [Appium]   newCommandTimeout: 120000
2018-03-08 13:00:36:920 - info: [Appium]   skipUnlock: true
2018-03-08 13:00:36:920 - info: [Appium]   androidInstallTimeout: 150000
2018-03-08 13:00:36:921 - info: [Appium]   systemPort: 8202
2018-03-08 13:00:36:921 - info: [Appium]   udid: localhost:7401
2018-03-08 13:00:36:921 - info: [Appium]   requestOrigins: {
2018-03-08 13:00:36:921 - info: [Appium]     url: http://webdriver.io
2018-03-08 13:00:36:921 - info: [Appium]     version: 4.10.2
2018-03-08 13:00:36:921 - info: [Appium]     name: webdriverio
2018-03-08 13:00:36:922 - info: [Appium]   }
2018-03-08 13:00:36:926 - info: [debug] [BaseDriver] 
2018-03-08 13:00:36:926 - info: [debug] [BaseDriver] Creating session with MJSONWP desired capabilities: {"javascriptEnabled":true,"...
2018-03-08 13:00:36:930 - warn: [BaseDriver] The following capabilities were provided, but are not recognized by appium: javascriptEnabled, locationContextEnabled, handlesAlerts, rotatable, systemPort, requestOrigins.
2018-03-08 13:00:36:931 - info: [BaseDriver] Session created with session id: 1859a013-03aa-460b-b6a6-fcc8cce80572
2018-03-08 13:00:36:932 - info: [debug] [AndroidDriver] Getting Java version
2018-03-08 13:00:36:976 - info: [AndroidDriver] Java version is: 1.8.0_151
2018-03-08 13:00:36:978 - info: [ADB] Checking whether adb is present
2018-03-08 13:00:36:985 - info: [ADB] Found 2 'build-tools' folders under '/home/trixo/Android/Sdk' (newest first):
2018-03-08 13:00:36:985 - info: [ADB]     /home/trixo/Android/Sdk/build-tools/27.0.3
2018-03-08 13:00:36:985 - info: [ADB]     /home/trixo/Android/Sdk/build-tools/25.0.0
2018-03-08 13:00:36:986 - info: [ADB] Using adb from /home/trixo/Android/Sdk/platform-tools/adb
2018-03-08 13:00:36:986 - info: [AndroidDriver] Retrieving device list
2018-03-08 13:00:36:986 - info: [debug] [ADB] Trying to find a connected android device
2018-03-08 13:00:36:987 - info: [debug] [ADB] Getting connected devices...
2018-03-08 13:00:36:994 - info: [debug] [ADB] 1 device(s) connected
2018-03-08 13:00:37:000 - error: [AndroidDriver] Error: Device localhost:7401 was not in the list of connected devices
    at Object.wrappedLogger.errorAndThrow (/home/trixo/Downloads/appium-1.8.0-beta3/node_modules/appium-support/lib/logging.js:69:13)
    at Object.callee$0$0$ (/home/trixo/Downloads/appium-1.8.0-beta3/node_modules/appium-android-driver/lib/android-helpers.js:131:16)
    at tryCatch (/home/trixo/Downloads/appium-1.8.0-beta3/node_modules/babel-runtime/regenerator/runtime.js:67:40)
    at GeneratorFunctionPrototype.invoke [as _invoke] (/home/trixo/Downloads/appium-1.8.0-beta3/node_modules/babel-runtime/regenerator/runtime.js:315:22)
    at GeneratorFunctionPrototype.prototype.(anonymous function) [as next] (/home/trixo/Downloads/appium-1.8.0-beta3/node_modules/babel-runtime/regenerator/runtime.js:100:21)
    at GeneratorFunctionPrototype.invoke (/home/trixo/Downloads/appium-1.8.0-beta3/node_modules/babel-runtime/regenerator/runtime.js:136:37)
    at <anonymous>
 Error: Device localhost:7401 was not in the list of connected devices
    at Object.wrappedLogger.errorAndThrow (/home/trixo/Downloads/appium-1.8.0-beta3/node_modules/appium-support/lib/logging.js:69:13)
    at Object.callee$0$0$ (/home/trixo/Downloads/appium-1.8.0-beta3/node_modules/appium-android-driver/lib/android-helpers.js:131:16)
    at tryCatch (/home/trixo/Downloads/appium-1.8.0-beta3/node_modules/babel-runtime/regenerator/runtime.js:67:40)
    at GeneratorFunctionPrototype.invoke [as _invoke] (/home/trixo/Downloads/appium-1.8.0-beta3/node_modules/babel-runtime/regenerator/runtime.js:315:22)
    at GeneratorFunctionPrototype.prototype.(anonymous function) [as next] (/home/trixo/Downloads/appium-1.8.0-beta3/node_modules/babel-runtime/regenerator/runtime.js:100:21)
    at GeneratorFunctionPrototype.invoke (/home/trixo/Downloads/appium-1.8.0-beta3/node_modules/babel-runtime/regenerator/runtime.js:136:37)
    at <anonymous>
2018-03-08 13:00:37:001 - info: [debug] [AndroidDriver] Shutting down Android driver
2018-03-08 13:00:37:001 - info: [debug] [AndroidDriver] Called deleteSession but bootstrap wasn't active
2018-03-08 13:00:37:002 - error: [MJSONWP] Encountered internal error running command: Error: Device localhost:7401 was not in the list of connected devices
    at Object.wrappedLogger.errorAndThrow (/home/trixo/Downloads/appium-1.8.0-beta3/node_modules/appium-support/lib/logging.js:69:13)
    at Object.callee$0$0$ (/home/trixo/Downloads/appium-1.8.0-beta3/node_modules/appium-android-driver/lib/android-helpers.js:131:16)
    at tryCatch (/home/trixo/Downloads/appium-1.8.0-beta3/node_modules/babel-runtime/regenerator/runtime.js:67:40)
    at GeneratorFunctionPrototype.invoke [as _invoke] (/home/trixo/Downloads/appium-1.8.0-beta3/node_modules/babel-runtime/regenerator/runtime.js:315:22)
    at GeneratorFunctionPrototype.prototype.(anonymous function) [as next] (/home/trixo/Downloads/appium-1.8.0-beta3/node_modules/babel-runtime/regenerator/runtime.js:100:21)
    at GeneratorFunctionPrototype.invoke (/home/trixo/Downloads/appium-1.8.0-beta3/node_modules/babel-runtime/regenerator/runtime.js:136:37)
    at <anonymous>
2018-03-08 13:00:37:007 - info: [HTTP] <-- POST /wd/hub/session 500 92 ms - 199 
2018-03-08 13:03:11:635 - info: [Appium] Received SIGINT - shutting down
