2018-03-08T12:34:28.366Z - info: Test execution started
2018-03-08T12:34:28.366Z - info: Got following options to run{"testID":1045,"testChildren":2,"testName":"Sign Up facebook","UDID":"cd21ccc5","port":4004,"systemPort":8204,"bpPort":6004,"desCaps":{"testName":"Sign Up facebook","testFileName":"SignUpFacebook","groupTest":false,"desiredCapabilities":{"platformName":"Android","deviceName":"Android","appPackage":"com.pointvoucher.playlondonpv","appActivity":"com.unity3d.player.UnityPlayerActivity","fullReset":false,"noReset":true,"newCommandTimeout":120000,"skipUnlock":true},"parameters":{}},"outputDir":"/home/trixo/Code/javaRewrite/logs/1045_SignUpFacebook_cd21ccc5"}
2018-03-08T12:34:28.408Z - info: Trying to connect to openSTF with serial number cd21ccc5
2018-03-08T12:34:28.455Z - info: executing command adb connect  localhost:7429
2018-03-08T12:34:28.462Z - info: /home/trixo/Downloads/appium-1.8.0-beta3/build/lib/main.js -p 4004 -bp 6004  --log-timestamp --log /home/trixo/Code/javaRewrite/logs/1045_SignUpFacebook_cd21ccc5/Appium.log
2018-03-08T12:34:28.462Z - info: Trying to create appium Server on port: 4004
2018-03-08T12:34:30.607Z - info: Appium server created on port: 4004
2018-03-08T12:34:47.950Z - info: Running Signup facebook
2018-03-08T12:34:47.980Z - info: Looking for image on screen:If on screen then app Loaded,Logout state true with 20 repeats 
2018-03-08T12:34:47.980Z - info: Running delay for : 4000
2018-03-08T12:34:51.985Z - info: Running delay for : 2000
2018-03-08T12:34:54.974Z - info: Running delay for : 2000
2018-03-08T12:34:57.752Z - info: Running delay for : 2000
2018-03-08T12:35:00.505Z - info: Running delay for : 2000
2018-03-08T12:35:03.241Z - info: Running delay for : 2000
2018-03-08T12:35:06.077Z - info: Running delay for : 2000
2018-03-08T12:35:09.388Z - info: Found image on screen: If on screen then app Loaded,Logout state true
2018-03-08T12:35:09.388Z - info: Running click event : Click Login button with 5repets
2018-03-08T12:35:09.388Z - info: Looking for image on screen:Click Login button with 5 repeats 
2018-03-08T12:35:09.389Z - info: Running delay for : 2000
2018-03-08T12:35:11.391Z - info: Running delay for : 0
2018-03-08T12:35:12.862Z - info: Found image on screen: Click Login button
2018-03-08T12:35:13.013Z - info: clicked on : Click Login button with following coordinates x=484 y=28.5
2018-03-08T12:35:13.014Z - info: Running click event : Click facebook Login button with 5repets
2018-03-08T12:35:13.014Z - info: Looking for image on screen:Click facebook Login button with 5 repeats 
2018-03-08T12:35:13.014Z - info: Running delay for : 2000
2018-03-08T12:35:15.017Z - info: Running delay for : 0
2018-03-08T12:35:16.218Z - info: Found image on screen: Click facebook Login button
2018-03-08T12:35:16.350Z - info: clicked on : Click facebook Login button with following coordinates x=385 y=809.5
2018-03-08T12:35:16.350Z - info: Running click event : Click Yes age button with 5repets
2018-03-08T12:35:16.350Z - info: Looking for image on screen:Click Yes age button with 5 repeats 
2018-03-08T12:35:16.350Z - info: Running delay for : 2000
2018-03-08T12:35:18.352Z - info: Running delay for : 0
2018-03-08T12:35:19.271Z - info: Found image on screen: Click Yes age button
2018-03-08T12:35:19.398Z - info: clicked on : Click Yes age button with following coordinates x=269 y=587
2018-03-08T12:35:19.398Z - info: Running Scalaable click event : Click on Enter Email field with 10repets
2018-03-08T12:35:19.399Z - info: Looking for image on screen:Click on Enter Email field with 10 repeats 
2018-03-08T12:35:19.399Z - info: Running delay for : 5000
2018-03-08T12:35:24.400Z - info: Running delay for : 0
2018-03-08T12:35:26.771Z - info: Running delay for : 0
2018-03-08T12:35:28.678Z - info: Running delay for : 0
2018-03-08T12:35:30.326Z - info: Running delay for : 0
2018-03-08T12:35:31.946Z - info: Running delay for : 0
2018-03-08T12:35:33.493Z - info: Running delay for : 0
2018-03-08T12:35:35.079Z - info: Running delay for : 0
2018-03-08T12:35:36.656Z - info: Running delay for : 0
2018-03-08T12:35:38.269Z - info: Running delay for : 0
2018-03-08T12:35:39.921Z - info: Running delay for : 0
2018-03-08T12:35:41.489Z - info: Looking for image on screen #10
2018-03-08T12:35:41.489Z - info: ERROR[MyERr]: TEST FINISHED WITH ERROR: Object not found : Click on Enter Email field
2018-03-08T12:35:41.506Z - info: Disconnected localhost:7429=> open STF 
2018-03-08T12:47:43.990Z - info: Appium on close  null
2018-03-08T12:47:44.005Z - info: You are not owner of localhost:7429 => open STF 
2018-03-08T12:47:44.005Z - info: You are not owner of localhost:7429 => open STF 
