2018-03-08 12:13:32:147 - info: [Appium] Welcome to Appium v1.8.0-beta3
2018-03-08 12:13:32:148 - info: [Appium] Non-default server args:
2018-03-08 12:13:32:149 - info: [Appium]   port: 4002
2018-03-08 12:13:32:149 - info: [Appium]   bootstrapPort: 6002
2018-03-08 12:13:32:149 - info: [Appium]   log: /home/trixo/Code/javaRewrite/logs/1042_CleanInstall_cd21ccc5/Appium.log
2018-03-08 12:13:32:149 - info: [Appium]   logTimestamp: true
2018-03-08 12:13:32:167 - info: [Appium] Appium REST http interface listener started on 0.0.0.0:4002
2018-03-08 12:13:32:197 - info: [HTTP] --> POST /wd/hub/session {"desiredCapabilities":{"javascriptEnabled":true,"locationContextEnabled":true,"handlesAlerts":true,"rotatable":true,"platformName":"Android","deviceName":"Android","appPackage":"com.gorro.nothing","appActivity":"com.gorro.nothing.NothingActivity","fullReset":false,"noReset":true,"newCommandTimeout":120000,"skipUnlock":true,"androidInstallTimeout":150000,"systemPort":8202,"udid":"localhost:7429","requestOrigins":{"url":"http://webdriver.io","version":"4.10.2","name":"webdriverio"}}}
2018-03-08 12:13:32:200 - info: [debug] [MJSONWP] Calling AppiumDriver.createSession() with args: [{"javascriptEnabled":true,"locationContextEnabled":true,"handlesAlerts":true,"rotatable":true,"platformName":"Android","deviceName":"Android","appPackage":"com.gorro.nothing","appActivity":"com.gorro.nothing.NothingActivity","fullReset":false,"noReset":true,"newCommandTimeout":120000,"skipUnlock":true,"androidInstallTimeout":150000,"systemPort":8202,"udid":"localhost:7429","requestOrigins":{"url":"http://webdriver.io","version":"4.10.2","name":"webdriverio"}},null,null]
2018-03-08 12:13:32:201 - info: [debug] [BaseDriver] Event 'newSessionRequested' logged at 1520511212201 (13:13:32 GMT+0100 (CET))
2018-03-08 12:13:32:203 - info: [Appium] Creating new AndroidDriver (v1.40.1) session
2018-03-08 12:13:32:203 - info: [Appium] Capabilities:
2018-03-08 12:13:32:203 - info: [Appium]   javascriptEnabled: true
2018-03-08 12:13:32:203 - info: [Appium]   locationContextEnabled: true
2018-03-08 12:13:32:203 - info: [Appium]   handlesAlerts: true
2018-03-08 12:13:32:204 - info: [Appium]   rotatable: true
2018-03-08 12:13:32:204 - info: [Appium]   platformName: Android
2018-03-08 12:13:32:204 - info: [Appium]   deviceName: Android
2018-03-08 12:13:32:204 - info: [Appium]   appPackage: com.gorro.nothing
2018-03-08 12:13:32:204 - info: [Appium]   appActivity: com.gorro.nothing.NothingActivity
2018-03-08 12:13:32:204 - info: [Appium]   fullReset: false
2018-03-08 12:13:32:205 - info: [Appium]   noReset: true
2018-03-08 12:13:32:205 - info: [Appium]   newCommandTimeout: 120000
2018-03-08 12:13:32:205 - info: [Appium]   skipUnlock: true
2018-03-08 12:13:32:205 - info: [Appium]   androidInstallTimeout: 150000
2018-03-08 12:13:32:205 - info: [Appium]   systemPort: 8202
2018-03-08 12:13:32:205 - info: [Appium]   udid: localhost:7429
2018-03-08 12:13:32:206 - info: [Appium]   requestOrigins: {
2018-03-08 12:13:32:206 - info: [Appium]     url: http://webdriver.io
2018-03-08 12:13:32:206 - info: [Appium]     version: 4.10.2
2018-03-08 12:13:32:206 - info: [Appium]     name: webdriverio
2018-03-08 12:13:32:206 - info: [Appium]   }
2018-03-08 12:13:32:210 - info: [debug] [BaseDriver] 
2018-03-08 12:13:32:211 - info: [debug] [BaseDriver] Creating session with MJSONWP desired capabilities: {"javascriptEnabled":true,"...
2018-03-08 12:13:32:216 - warn: [BaseDriver] The following capabilities were provided, but are not recognized by appium: javascriptEnabled, locationContextEnabled, handlesAlerts, rotatable, systemPort, requestOrigins.
2018-03-08 12:13:32:217 - info: [BaseDriver] Session created with session id: fed12496-8012-4860-9cd2-f0725dc7a592
2018-03-08 12:13:32:218 - info: [debug] [AndroidDriver] Getting Java version
2018-03-08 12:13:32:273 - info: [AndroidDriver] Java version is: 1.8.0_151
2018-03-08 12:13:32:276 - info: [ADB] Checking whether adb is present
2018-03-08 12:13:32:283 - info: [ADB] Found 2 'build-tools' folders under '/home/trixo/Android/Sdk' (newest first):
2018-03-08 12:13:32:283 - info: [ADB]     /home/trixo/Android/Sdk/build-tools/27.0.3
2018-03-08 12:13:32:283 - info: [ADB]     /home/trixo/Android/Sdk/build-tools/25.0.0
2018-03-08 12:13:32:284 - info: [ADB] Using adb from /home/trixo/Android/Sdk/platform-tools/adb
2018-03-08 12:13:32:284 - info: [AndroidDriver] Retrieving device list
2018-03-08 12:13:32:285 - info: [debug] [ADB] Trying to find a connected android device
2018-03-08 12:13:32:285 - info: [debug] [ADB] Getting connected devices...
2018-03-08 12:13:32:300 - info: [debug] [ADB] 2 device(s) connected
2018-03-08 12:13:32:301 - info: [AndroidDriver] Using device: localhost:7429
2018-03-08 12:13:32:302 - info: [ADB] Checking whether adb is present
2018-03-08 12:13:32:302 - info: [ADB] Using adb from /home/trixo/Android/Sdk/platform-tools/adb
2018-03-08 12:13:32:302 - info: [debug] [ADB] Setting device id to localhost:7429
2018-03-08 12:13:32:303 - info: [AndroidDriver] App file was not listed, instead we're going to run com.gorro.nothing directly on the device
2018-03-08 12:13:32:303 - info: [debug] [AndroidDriver] Checking whether package is present on the device
2018-03-08 12:13:32:304 - info: [debug] [ADB] Getting connected devices...
2018-03-08 12:13:32:313 - info: [debug] [ADB] 2 device(s) connected
2018-03-08 12:13:32:314 - info: [debug] [ADB] Running '/home/trixo/Android/Sdk/platform-tools/adb' with args: ["-P",5037,"-s","localhost:7429","shell","pm","list","packages","com.gorro.nothing"]
2018-03-08 12:13:34:244 - info: [AndroidDriver] Starting Android session
2018-03-08 12:13:34:246 - info: [debug] [ADB] Running '/home/trixo/Android/Sdk/platform-tools/adb' with args: ["-P",5037,"-s","localhost:7429","wait-for-device"]
2018-03-08 12:13:34:256 - info: [debug] [ADB] Getting connected devices...
2018-03-08 12:13:34:266 - info: [debug] [ADB] 2 device(s) connected
2018-03-08 12:13:34:266 - info: [debug] [ADB] Running '/home/trixo/Android/Sdk/platform-tools/adb' with args: ["-P",5037,"-s","localhost:7429","shell","echo","ping"]
2018-03-08 12:13:34:299 - info: [debug] [AndroidDriver] Pushing settings apk to device...
2018-03-08 12:13:34:301 - info: [debug] [ADB] Getting install status for io.appium.settings
2018-03-08 12:13:34:301 - info: [debug] [ADB] Getting connected devices...
2018-03-08 12:13:34:310 - info: [debug] [ADB] 2 device(s) connected
2018-03-08 12:13:34:310 - info: [debug] [ADB] Running '/home/trixo/Android/Sdk/platform-tools/adb' with args: ["-P",5037,"-s","localhost:7429","shell","pm","list","packages","io.appium.settings"]
2018-03-08 12:13:35:919 - info: [debug] [ADB] App is installed
2018-03-08 12:13:35:920 - info: [debug] [ADB] Getting package info for io.appium.settings
2018-03-08 12:13:35:921 - info: [debug] [ADB] Getting connected devices...
2018-03-08 12:13:35:935 - info: [debug] [ADB] 2 device(s) connected
2018-03-08 12:13:35:935 - info: [debug] [ADB] Running '/home/trixo/Android/Sdk/platform-tools/adb' with args: ["-P",5037,"-s","localhost:7429","shell","dumpsys","package","io.appium.settings"]
2018-03-08 12:13:36:013 - info: [ADB] Checking whether aapt is present
2018-03-08 12:13:36:014 - info: [ADB] Using aapt from /home/trixo/Android/Sdk/build-tools/27.0.3/aapt
2018-03-08 12:13:36:026 - info: [debug] [ADB] The installed 'io.appium.settings' package does not require upgrade ('2.3.0' >= '2.3.0')
2018-03-08 12:13:36:026 - info: [debug] [ADB] Getting connected devices...
2018-03-08 12:13:36:034 - info: [debug] [ADB] 2 device(s) connected
2018-03-08 12:13:36:035 - info: [debug] [ADB] Running '/home/trixo/Android/Sdk/platform-tools/adb' with args: ["-P",5037,"-s","localhost:7429","shell","ps"]
2018-03-08 12:13:36:247 - info: [debug] [AndroidDriver] io.appium.settings is already running. There is no need to reset its permissions.
2018-03-08 12:13:36:248 - info: [debug] [ADB] Getting connected devices...
2018-03-08 12:13:36:256 - info: [debug] [ADB] 2 device(s) connected
2018-03-08 12:13:36:257 - info: [debug] [ADB] Running '/home/trixo/Android/Sdk/platform-tools/adb' with args: ["-P",5037,"-s","localhost:7429","shell","getprop","ro.build.version.sdk"]
2018-03-08 12:13:36:317 - info: [debug] [ADB] Current device property 'ro.build.version.sdk': 23
2018-03-08 12:13:36:318 - info: [debug] [ADB] Device API level: 23
2018-03-08 12:13:36:318 - info: [debug] [ADB] Getting connected devices...
2018-03-08 12:13:36:329 - info: [debug] [ADB] 2 device(s) connected
2018-03-08 12:13:36:330 - info: [debug] [ADB] Running '/home/trixo/Android/Sdk/platform-tools/adb' with args: ["-P",5037,"-s","localhost:7429","shell","appops","set","io.appium.settings","android:mock_location","allow"]
2018-03-08 12:13:38:097 - warn: [AndroidDriver] setDeviceLanguageCountry requires language or country.
2018-03-08 12:13:38:097 - warn: [AndroidDriver] Got language: 'null' and country: 'null'
2018-03-08 12:13:38:100 - info: [debug] [Logcat] Starting logcat capture
2018-03-08 12:13:38:166 - info: [debug] [AndroidDriver] Pushing unlock helper app to device...
2018-03-08 12:13:38:167 - info: [debug] [ADB] Getting install status for io.appium.unlock
2018-03-08 12:13:38:168 - info: [debug] [ADB] Getting connected devices...
2018-03-08 12:13:38:182 - info: [debug] [ADB] 2 device(s) connected
2018-03-08 12:13:38:183 - info: [debug] [ADB] Running '/home/trixo/Android/Sdk/platform-tools/adb' with args: ["-P",5037,"-s","localhost:7429","shell","pm","list","packages","io.appium.unlock"]
2018-03-08 12:13:39:884 - info: [debug] [ADB] App is installed
2018-03-08 12:13:39:885 - info: [debug] [ADB] Getting package info for io.appium.unlock
2018-03-08 12:13:39:886 - info: [debug] [ADB] Getting connected devices...
2018-03-08 12:13:39:895 - info: [debug] [ADB] 2 device(s) connected
2018-03-08 12:13:39:895 - info: [debug] [ADB] Running '/home/trixo/Android/Sdk/platform-tools/adb' with args: ["-P",5037,"-s","localhost:7429","shell","dumpsys","package","io.appium.unlock"]
2018-03-08 12:13:39:978 - info: [ADB] Checking whether aapt is present
2018-03-08 12:13:39:980 - info: [ADB] Using aapt from /home/trixo/Android/Sdk/build-tools/27.0.3/aapt
2018-03-08 12:13:39:992 - info: [debug] [ADB] The installed 'io.appium.unlock' package does not require upgrade ('2.0.0' >= '2.0.0')
2018-03-08 12:13:39:992 - info: [ADB] Getting device platform version
2018-03-08 12:13:39:992 - info: [debug] [ADB] Getting connected devices...
2018-03-08 12:13:40:000 - info: [debug] [ADB] 2 device(s) connected
2018-03-08 12:13:40:000 - info: [debug] [ADB] Running '/home/trixo/Android/Sdk/platform-tools/adb' with args: ["-P",5037,"-s","localhost:7429","shell","getprop","ro.build.version.release"]
2018-03-08 12:13:40:069 - info: [debug] [ADB] Current device property 'ro.build.version.release': 6.0.1
2018-03-08 12:13:40:070 - info: [debug] [ADB] Getting connected devices...
2018-03-08 12:13:40:083 - info: [debug] [ADB] 2 device(s) connected
2018-03-08 12:13:40:084 - info: [debug] [ADB] Running '/home/trixo/Android/Sdk/platform-tools/adb' with args: ["-P",5037,"-s","localhost:7429","shell","wm","size"]
2018-03-08 12:13:41:867 - info: [debug] [ADB] Getting connected devices...
2018-03-08 12:13:41:881 - info: [debug] [ADB] 2 device(s) connected
2018-03-08 12:13:41:882 - info: [debug] [ADB] Running '/home/trixo/Android/Sdk/platform-tools/adb' with args: ["-P",5037,"-s","localhost:7429","shell","getprop","ro.product.model"]
2018-03-08 12:13:41:945 - info: [debug] [ADB] Current device property 'ro.product.model': SM-A300FU
2018-03-08 12:13:41:946 - info: [debug] [ADB] Getting connected devices...
2018-03-08 12:13:41:959 - info: [debug] [ADB] 2 device(s) connected
2018-03-08 12:13:41:959 - info: [debug] [ADB] Running '/home/trixo/Android/Sdk/platform-tools/adb' with args: ["-P",5037,"-s","localhost:7429","shell","getprop","ro.product.manufacturer"]
2018-03-08 12:13:42:018 - info: [debug] [ADB] Current device property 'ro.product.manufacturer': samsung
2018-03-08 12:13:42:019 - warn: [AndroidDriver] No app sent in, not parsing package/activity
2018-03-08 12:13:42:019 - info: [debug] [AndroidDriver] No app capability. Assuming it is already on the device
2018-03-08 12:13:42:020 - info: [debug] [AndroidBootstrap] Watching for bootstrap disconnect
2018-03-08 12:13:42:021 - info: [debug] [ADB] Forwarding system: 6002 to device: 4724
2018-03-08 12:13:42:022 - info: [debug] [ADB] Running '/home/trixo/Android/Sdk/platform-tools/adb' with args: ["-P",5037,"-s","localhost:7429","forward","tcp:6002","tcp:4724"]
2018-03-08 12:13:42:031 - info: [debug] [UiAutomator] Starting UiAutomator
2018-03-08 12:13:42:031 - info: [debug] [UiAutomator] Moving to state 'starting'
2018-03-08 12:13:42:032 - info: [debug] [UiAutomator] Parsing uiautomator jar
2018-03-08 12:13:42:032 - info: [debug] [UiAutomator] Found jar name: 'AppiumBootstrap.jar'
2018-03-08 12:13:42:033 - info: [debug] [ADB] Running '/home/trixo/Android/Sdk/platform-tools/adb' with args: ["-P",5037,"-s","localhost:7429","push","/home/trixo/Downloads/appium-1.8.0-beta3/node_modules/appium-android-bootstrap/bootstrap/bin/AppiumBootstrap.jar","/data/local/tmp/"]
2018-03-08 12:13:42:061 - info: [debug] [ADB] Attempting to kill all uiautomator processes
2018-03-08 12:13:42:062 - info: [debug] [ADB] Getting all processes with uiautomator
2018-03-08 12:13:42:062 - info: [debug] [ADB] Getting connected devices...
2018-03-08 12:13:42:072 - info: [debug] [ADB] 2 device(s) connected
2018-03-08 12:13:42:073 - info: [debug] [ADB] Running '/home/trixo/Android/Sdk/platform-tools/adb' with args: ["-P",5037,"-s","localhost:7429","shell","ps"]
2018-03-08 12:13:42:277 - info: [ADB] No uiautomator process found to kill, continuing...
2018-03-08 12:13:42:278 - info: [debug] [UiAutomator] Starting UIAutomator
2018-03-08 12:13:42:278 - info: [debug] [ADB] Creating ADB subprocess with args: ["-P",5037,"-s","localhost:7429","shell","uiautomator","runtest","AppiumBootstrap.jar","-c","io.appium.android.bootstrap.Bootstrap","-e","pkg","com.gorro.nothing","-e","disableAndroidWatchers",false,"-e","acceptSslCerts",false]
2018-03-08 12:13:44:234 - info: [debug] [UiAutomator] Moving to state 'online'
2018-03-08 12:13:44:238 - info: [debug] [AndroidBootstrap] [BOOTSTRAP LOG] [debug] Loading json...
2018-03-08 12:13:44:240 - info: [debug] [AndroidBootstrap] [BOOTSTRAP LOG] [debug] Registered crash watchers.
2018-03-08 12:13:44:242 - info: [AndroidBootstrap] Android bootstrap socket is now connected
2018-03-08 12:13:44:246 - info: [debug] [ADB] Device API level: 23
2018-03-08 12:13:44:248 - info: [debug] [ADB] Getting connected devices...
2018-03-08 12:13:44:256 - info: [debug] [AndroidBootstrap] [BOOTSTRAP LOG] [debug] Client connected
2018-03-08 12:13:44:256 - info: [debug] [ADB] 2 device(s) connected
2018-03-08 12:13:44:257 - info: [debug] [ADB] Running '/home/trixo/Android/Sdk/platform-tools/adb' with args: ["-P",5037,"-s","localhost:7429","shell","am","start","-W","-n","com.gorro.nothing/com.gorro.nothing.NothingActivity","-S","-a","android.intent.action.MAIN","-c","android.intent.category.LAUNCHER","-f","0x10200000"]
2018-03-08 12:13:47:467 - info: [Appium] New AndroidDriver session created successfully, session fed12496-8012-4860-9cd2-f0725dc7a592 added to master session list
2018-03-08 12:13:47:468 - info: [debug] [BaseDriver] Event 'newSessionStarted' logged at 1520511227468 (13:13:47 GMT+0100 (CET))
2018-03-08 12:13:47:470 - info: [debug] [MJSONWP] Responding to client with driver.createSession() result: {"platform":"LINUX","webStorageEnabled":false,"takesScreenshot":true,"javascriptEnabled":true,"databaseEnabled":false,"networkConnectionEnabled":true,"locationContextEnabled":true,"warnings":{},"desired":{"javascriptEnabled":true,"locationContextEnabled":true,"handlesAlerts":true,"rotatable":true,"platformName":"Android","deviceName":"Android","appPackage":"com.gorro.nothing","appActivity":"com.gorro.nothing.NothingActivity","fullReset":false,"noReset":true,"newCommandTimeout":120000,"skipUnlock":true,"androidInstallTimeout":150000,"systemPort":8202,"udid":"localhost:7429","requestOrigins":{"url":"http://webdriver.io","version":"4.10.2","name":"webdriverio"}},"handlesAlerts":true,"rotatable":true,"platformName":"Android","deviceName":"localhost:7429","appPackage":"com.gorro.nothing","appActivity":"com.gorro.nothing.NothingActivity","fullReset":false,"noReset":true,"newCommandTimeout":120000,"skipUnlock":true,"androidInstallTimeout":150000,"systemPort":8202,"udid":"localhost:7429","requestOrigins":{"url":"h...
2018-03-08 12:13:47:476 - info: [HTTP] <-- POST /wd/hub/session 200 15276 ms - 1296 
2018-03-08 12:13:47:484 - info: [HTTP] --> GET /wd/hub/session/fed12496-8012-4860-9cd2-f0725dc7a592/window/current/size {}
2018-03-08 12:13:47:486 - info: [debug] [MJSONWP] Calling AppiumDriver.getWindowSize() with args: ["current","fed12496-8012-4860-9cd2-f0725dc7a592"]
2018-03-08 12:13:47:487 - info: [debug] [AndroidBootstrap] Sending command to android: {"cmd":"action","action":"getDeviceSize","params":{}}
2018-03-08 12:13:47:490 - info: [debug] [AndroidBootstrap] [BOOTSTRAP LOG] [debug] Got data from client: {"cmd":"action","action":"getDeviceSize","params":{}}
2018-03-08 12:13:47:494 - info: [debug] [AndroidBootstrap] [BOOTSTRAP LOG] [debug] Got command of type ACTION
2018-03-08 12:13:47:494 - info: [debug] [AndroidBootstrap] [BOOTSTRAP LOG] [debug] Got command action: getDeviceSize
2018-03-08 12:13:47:510 - info: [debug] [AndroidBootstrap] [BOOTSTRAP LOG] [debug] Returning result: {"status":0,"value":{"height":960,"width":540}}
2018-03-08 12:13:47:511 - info: [debug] [AndroidBootstrap] Received command result from bootstrap
2018-03-08 12:13:47:512 - info: [debug] [MJSONWP] Responding to client with driver.getWindowSize() result: {"height":960,"width":540}
2018-03-08 12:13:47:514 - info: [HTTP] <-- GET /wd/hub/session/fed12496-8012-4860-9cd2-f0725dc7a592/window/current/size 200 29 ms - 98 
2018-03-08 12:13:47:519 - info: [HTTP] --> POST /wd/hub/session/fed12496-8012-4860-9cd2-f0725dc7a592/appium/device/app_installed {"bundleId":"com.pointvoucher.playlondonpv"}
2018-03-08 12:13:47:522 - info: [debug] [MJSONWP] Calling AppiumDriver.isAppInstalled() with args: ["com.pointvoucher.playlondonpv","fed12496-8012-4860-9cd2-f0725dc7a592"]
2018-03-08 12:13:47:523 - info: [debug] [ADB] Getting install status for com.pointvoucher.playlondonpv
2018-03-08 12:13:47:523 - info: [debug] [ADB] Getting connected devices...
2018-03-08 12:13:47:532 - info: [debug] [ADB] 2 device(s) connected
2018-03-08 12:13:47:532 - info: [debug] [ADB] Running '/home/trixo/Android/Sdk/platform-tools/adb' with args: ["-P",5037,"-s","localhost:7429","shell","pm","list","packages","com.pointvoucher.playlondonpv"]
2018-03-08 12:13:49:194 - info: [debug] [ADB] App is installed
2018-03-08 12:13:49:195 - info: [debug] [MJSONWP] Responding to client with driver.isAppInstalled() result: true
2018-03-08 12:13:49:196 - info: [HTTP] <-- POST /wd/hub/session/fed12496-8012-4860-9cd2-f0725dc7a592/appium/device/app_installed 200 1677 ms - 76 
2018-03-08 12:13:49:277 - info: [HTTP] --> POST /wd/hub/session/fed12496-8012-4860-9cd2-f0725dc7a592/appium/device/remove_app {"bundleId":"com.pointvoucher.playlondonpv"}
2018-03-08 12:13:49:278 - info: [debug] [MJSONWP] Calling AppiumDriver.removeApp() with args: ["com.pointvoucher.playlondonpv",null,null,null,"fed12496-8012-4860-9cd2-f0725dc7a592"]
2018-03-08 12:13:49:279 - info: [debug] [ADB] Uninstalling com.pointvoucher.playlondonpv
2018-03-08 12:13:49:280 - info: [debug] [ADB] Getting install status for com.pointvoucher.playlondonpv
2018-03-08 12:13:49:280 - info: [debug] [ADB] Getting connected devices...
2018-03-08 12:13:49:288 - info: [debug] [ADB] 2 device(s) connected
2018-03-08 12:13:49:289 - info: [debug] [ADB] Running '/home/trixo/Android/Sdk/platform-tools/adb' with args: ["-P",5037,"-s","localhost:7429","shell","pm","list","packages","com.pointvoucher.playlondonpv"]
2018-03-08 12:13:50:927 - info: [debug] [ADB] App is installed
2018-03-08 12:13:50:927 - info: [debug] [ADB] Getting connected devices...
2018-03-08 12:13:50:938 - info: [debug] [ADB] 2 device(s) connected
2018-03-08 12:13:50:939 - info: [debug] [ADB] Running '/home/trixo/Android/Sdk/platform-tools/adb' with args: ["-P",5037,"-s","localhost:7429","shell","am","force-stop","com.pointvoucher.playlondonpv"]
2018-03-08 12:13:52:761 - info: [debug] [ADB] Running '/home/trixo/Android/Sdk/platform-tools/adb' with args: ["-P",5037,"-s","localhost:7429","uninstall","com.pointvoucher.playlondonpv"]
2018-03-08 12:13:55:000 - info: [debug] [ADB] 'adb uninstall com.pointvoucher.playlondonpv' command output: Success
2018-03-08 12:13:55:000 - info: [ADB] com.pointvoucher.playlondonpv was successfully uninstalled
2018-03-08 12:13:55:001 - info: [debug] [MJSONWP] Responding to client with driver.removeApp() result: true
2018-03-08 12:13:55:001 - info: [HTTP] <-- POST /wd/hub/session/fed12496-8012-4860-9cd2-f0725dc7a592/appium/device/remove_app 200 5724 ms - 76 
2018-03-08 12:13:55:004 - info: [HTTP] --> POST /wd/hub/session/fed12496-8012-4860-9cd2-f0725dc7a592/appium/device/install_app {"appPath":"/home/trixo/Code/javaRewrite/Tests/CleanInstall/apk/pl.apk"}
2018-03-08 12:13:55:005 - info: [debug] [MJSONWP] Calling AppiumDriver.installApp() with args: ["/home/trixo/Code/javaRewrite/Tests/CleanInstall/apk/pl.apk",null,null,null,"fed12496-8012-4860-9cd2-f0725dc7a592"]
2018-03-08 12:13:55:006 - info: [BaseDriver] Using local app '/home/trixo/Code/javaRewrite/Tests/CleanInstall/apk/pl.apk'
2018-03-08 12:13:55:010 - info: [debug] [ADB] Running '/home/trixo/Android/Sdk/platform-tools/adb' with args: ["-P",5037,"-s","localhost:7429","install","-r","/home/trixo/Code/javaRewrite/Tests/CleanInstall/apk/pl.apk"]
2018-03-08 12:14:55:018 - info: [debug] [ADB] Running '/home/trixo/Android/Sdk/platform-tools/adb' with args: ["-P",5037,"-s","localhost:7429","install","-r","/home/trixo/Code/javaRewrite/Tests/CleanInstall/apk/pl.apk"]
2018-03-08 12:15:25:027 - info: [HTTP] <-- POST /wd/hub/session/fed12496-8012-4860-9cd2-f0725dc7a592/appium/device/install_app - - ms - - 
2018-03-08 12:15:25:029 - info: [HTTP] --> POST /wd/hub/session/fed12496-8012-4860-9cd2-f0725dc7a592/appium/device/install_app {"appPath":"/home/trixo/Code/javaRewrite/Tests/CleanInstall/apk/pl.apk"}
2018-03-08 12:15:25:029 - info: [debug] [MJSONWP] Calling AppiumDriver.installApp() with args: ["/home/trixo/Code/javaRewrite/Tests/CleanInstall/apk/pl.apk",null,null,null,"fed12496-8012-4860-9cd2-f0725dc7a592"]
2018-03-08 12:15:53:571 - info: [debug] [ADB] Install command stdout: [  0%] /data/local/tmp/pl.apk
[  0%] /data/local/tmp/pl.apk
[  0%] /data/local/tmp/pl.apk
[  0%] /data/local/tmp/pl.apk
[  0%] /data/local/tmp/pl.apk
[  0%] /data/local/tmp/pl.apk
[  0%] /data/local/tmp/pl.apk
[  0%] /data/local/tmp/pl.apk
[  0%] /data/local/tmp/pl.apk
[  0%] /data/local/tmp/pl.apk
[  0%] /data/local/tmp/pl.apk
[  0%] /data/local/tmp/pl.apk
[  0%] /data/local/tmp/pl.apk
[  0%] /data/local/tmp/pl.apk
[  0%] /data/local/tmp/pl.apk
[  1%] /data/local/tmp/pl.apk
[  1%] /data/local/tmp/pl.apk
[  1%] /data/local/tmp/pl.apk
[  1%] /data/local/tmp/pl.apk
[  1%] /data/local/tmp/pl.apk
[  1%] /data/local/tmp/pl.apk
[  1%] /data/local/tmp/pl.apk
[  1%] /data/local/tmp/pl.apk
[  1%] /data/local/tmp/pl.apk
[  1%] /data/local/tmp/pl.apk
[  1%] /data/local/tmp/pl.apk
[  1%] /data/local/tmp/pl.apk
[  1%] /data/local/tmp/pl.apk
[  1%] /data/local/tmp/pl.apk
[  1%] /data/local/tmp/pl.apk
[  2%] /data/local/tmp/pl.apk
[  2%] /data/local/tmp/pl.apk
[  2%] /data/local/tmp/pl.apk
[  2%] /data/local/tmp/pl.apk
[  2%] /data/local/tmp/pl.apk
[  2%] /data/local/tmp/pl.apk
[  2%] /data/local/tmp/pl.apk
[  2%] /data/local/tmp/pl.apk
[  2%] /data/local/tmp/pl.apk
[  2%] /data/local/tmp/pl.apk
[  2%] /data/local/tmp/pl.apk
[  2%] /data/local/tmp/pl.apk
[  2%] /data/local/tmp/pl.apk
[  2%] /data/local/tmp/pl.apk
[  2%] /data/local/tmp/pl.apk
[  3%] /data/local/tmp/pl.apk
[  3%] /data/local/tmp/pl.apk
[  3%] /data/local/tmp/pl.apk
[  3%] /data/local/tmp/pl.apk
[  3%] /data/local/tmp/pl.apk
[  3%] /data/local/tmp/pl.apk
[  3%] /data/local/tmp/pl.apk
[  3%] /data/local/tmp/pl.apk
[  3%] /data/local/tmp/pl.apk
[  3%] /data/local/tmp/pl.apk
[  3%] /data/local/tmp/pl.apk
[  3%] /data/local/tmp/pl.apk
[  3%] /data/local/tmp/pl.apk
[  3%] /data/local/tmp/pl.apk
[  3%] /data/local/tmp/pl.apk
[  4%] /data/local/tmp/pl.apk
[  4%] /data/local/tmp/pl.apk
[  4%] /data/local/tmp/pl.apk
[  4%] /data/local/tmp/pl.apk
[  4%] /data/local/tmp/pl.apk
[  4%] /data/local/tmp/pl.apk
[  4%] /data/local/tmp/pl.apk
[  4%] /data/local/tmp/pl.apk
[  4%] /data/local/tmp/pl.apk
[  4%] /data/local/tmp/pl.apk
[  4%] /data/local/tmp/pl.apk
[  4%] /data/local/tmp/pl.apk
[  4%] /data/local/tmp/pl.apk
[  4%] /data/local/tmp/pl.apk
[  4%] /data/local/tmp/pl.apk
[  5%] /data/local/tmp/pl.apk
[  5%] /data/local/tmp/pl.apk
[  5%] /data/local/tmp/pl.apk
[  5%] /data/local/tmp/pl.apk
[  5%] /data/local/tmp/pl.apk
[  5%] /data/local/tmp/pl.apk
[  5%] /data/local/tmp/pl.apk
[  5%] /data/local/tmp/pl.apk
[  5%] /data/local/tmp/pl.apk
[  5%] /data/local/tmp/pl.apk
[  5%] /data/local/tmp/pl.apk
[  5%] /data/local/tmp/pl.apk
[  5%] /data/local/tmp/pl.apk
[  5%] /data/local/tmp/pl.apk
[  5%] /data/local/tmp/pl.apk
[  6%] /data/local/tmp/pl.apk
[  6%] /data/local/tmp/pl.apk
[  6%] /data/local/tmp/pl.apk
[  6%] /data/local/tmp/pl.apk
[  6%] /data/local/tmp/pl.apk
[  6%] /data/local/tmp/pl.apk
[  6%] /data/local/tmp/pl.apk
[  6%] /data/local/tmp/pl.apk
[  6%] /data/local/tmp/pl.apk
[  6%] /data/local/tmp/pl.apk
[  6%] /data/local/tmp/pl.apk
[  6%] /data/local/tmp/pl.apk
[  6%] /data/local/tmp/pl.apk
[  6%] /data/local/tmp/pl.apk
[  6%] /data/local/tmp/pl.apk
[  7%] /data/local/tmp/pl.apk
[  7%] /data/local/tmp/pl.apk
[  7%] /data/local/tmp/pl.apk
[  7%] /data/local/tmp/pl.apk
[  7%] /data/local/tmp/pl.apk
[  7%] /data/local/tmp/pl.apk
[  7%] /data/local/tmp/pl.apk
[  7%] /data/local/tmp/pl.apk
[  7%] /data/local/tmp/pl.apk
[  7%] /data/local/tmp/pl.apk
[  7%] /data/local/tmp/pl.apk
[  7%] /data/local/tmp/pl.apk
[  7%] /data/local/tmp/pl.apk
[  7%] /data/local/tmp/pl.apk
[  7%] /data/local/tmp/pl.apk
[  8%] /data/local/tmp/pl.apk
[  8%] /data/local/tmp/pl.apk
[  8%] /data/local/tmp/pl.apk
[  8%] /data/local/tmp/pl.apk
[  8%] /data/local/tmp/pl.apk
[  8%] /data/local/tmp/pl.apk
[  8%] /data/local/tmp/pl.apk
[  8%] /data/local/tmp/pl.apk
[  8%] /data/local/tmp/pl.apk
[  8%] /data/local/tmp/pl.apk
[  8%] /data/local/tmp/pl.apk
[  8%] /data/local/tmp/pl.apk
[  8%] /data/local/tmp/pl.apk
[  8%] /data/local/tmp/pl.apk
[  8%] /data/local/tmp/pl.apk
[  9%] /data/local/tmp/pl.apk
[  9%] /data/local/tmp/pl.apk
[  9%] /data/local/tmp/pl.apk
[  9%] /data/local/tmp/pl.apk
[  9%] /data/local/tmp/pl.apk
[  9%] /data/local/tmp/pl.apk
[  9%] /data/local/tmp/pl.apk
[  9%] /data/local/tmp/pl.apk
[  9%] /data/local/tmp/pl.apk
[  9%] /data/local/tmp/pl.apk
[  9%] /data/local/tmp/pl.apk
[  9%] /data/local/tmp/pl.apk
[  9%] /data/local/tmp/pl.apk
[  9%] /data/local/tmp/pl.apk
[  9%] /data/local/tmp/pl.apk
[ 10%] /data/local/tmp/pl.apk
[ 10%] /data/local/tmp/pl.apk
[ 10%] /data/local/tmp/pl.apk
[ 10%] /data/local/tmp/pl.apk
[ 10%] /data/local/tmp/pl.apk
[ 10%] /data/local/tmp/pl.apk
[ 10%] /data/local/tmp/pl.apk
[ 10%] /data/local/tmp/pl.apk
[ 10%] /data/local/tmp/pl.apk
[ 10%] /data/local/tmp/pl.apk
[ 10%] /data/local/tmp/pl.apk
[ 10%] /data/local/tmp/pl.apk
[ 10%] /data/local/tmp/pl.apk
[ 10%] /data/local/tmp/pl.apk
[ 10%] /data/local/tmp/pl.apk
[ 11%] /data/local/tmp/pl.apk
[ 11%] /data/local/tmp/pl.apk
[ 11%] /data/local/tmp/pl.apk
[ 11%] /data/local/tmp/pl.apk
[ 11%] /data/local/tmp/pl.apk
[ 11%] /data/local/tmp/pl.apk
[ 11%] /data/local/tmp/pl.apk
[ 11%] /data/local/tmp/pl.apk
[ 11%] /data/local/tmp/pl.apk
[ 11%] /data/local/tmp/pl.apk
[ 11%] /data/local/tmp/pl.apk
[ 11%] /data/local/tmp/pl.apk
[ 11%] /data/local/tmp/pl.apk
[ 11%] /data/local/tmp/pl.apk
[ 11%] /data/local/tmp/pl.apk
[ 11%] /data/local/tmp/pl.apk
[ 12%] /data/local/tmp/pl.apk
[ 12%] /data/local/tmp/pl.apk
[ 12%] /data/local/tmp/pl.apk
[ 12%] /data/local/tmp/pl.apk
[ 12%] /data/local/tmp/pl.apk
[ 12%] /data/local/tmp/pl.apk
[ 12%] /data/local/tmp/pl.apk
[ 12%] /data/local/tmp/pl.apk
[ 12%] /data/local/tmp/pl.apk
[ 12%] /data/local/tmp/pl.apk
[ 12%] /data/local/tmp/pl.apk
[ 12%] /data/local/tmp/pl.apk
[ 12%] /data/local/tmp/pl.apk
[ 12%] /data/local/tmp/pl.apk
[ 12%] /data/local/tmp/pl.apk
[ 13%] /data/local/tmp/pl.apk
[ 13%] /data/local/tmp/pl.apk
[ 13%] /data/local/tmp/pl.apk
[ 13%] /data/local/tmp/pl.apk
[ 13%] /data/local/tmp/pl.apk
[ 13%] /data/local/tmp/pl.apk
[ 13%] /data/local/tmp/pl.apk
[ 13%] /data/local/tmp/pl.apk
[ 13%] /data/local/tmp/pl.apk
[ 13%] /data/local/tmp/pl.apk
[ 13%] /data/local/tmp/pl.apk
[ 13%] /data/local/tmp/pl.apk
[ 13%] /data/local/tmp/pl.apk
[ 13%] /data/local/tmp/pl.apk
[ 13%] /data/local/tmp/pl.apk
[ 14%] /data/local/tmp/pl.apk
[ 14%] /data/local/tmp/pl.apk
[ 14%] /data/local/tmp/pl.apk
[ 14%] /data/local/tmp/pl.apk
[ 14%] /data/local/tmp/pl.apk
[ 14%] /data/local/tmp/pl.apk
[ 14%] /data/local/tmp/pl.apk
[ 14%] /data/local/tmp/pl.apk
[ 14%] /data/local/tmp/pl.apk
[ 14%] /data/local/tmp/pl.apk
[ 14%] /data/local/tmp/pl.apk
[ 14%] /data/local/tmp/pl.apk
[ 14%] /data/local/tmp/pl.apk
[ 14%] /data/local/tmp/pl.apk
[ 14%] /data/local/tmp/pl.apk
[ 15%] /data/local/tmp/pl.apk
[ 15%] /data/local/tmp/pl.apk
[ 15%] /data/local/tmp/pl.apk
[ 15%] /data/local/tmp/pl.apk
[ 15%] /data/local/tmp/pl.apk
[ 15%] /data/local/tmp/pl.apk
[ 15%] /data/local/tmp/pl.apk
[ 15%] /data/local/tmp/pl.apk
[ 15%] /data/local/tmp/pl.apk
[ 15%] /data/local/tmp/pl.apk
[ 15%] /data/local/tmp/pl.apk
[ 15%] /data/local/tmp/pl.apk
[ 15%] /data/local/tmp/pl.apk
[ 15%] /data/local/tmp/pl.apk
[ 15%] /data/local/tmp/pl.apk
[ 16%] /data/local/tmp/pl.apk
[ 16%] /data/local/tmp/pl.apk
[ 16%] /data/local/tmp/pl.apk
[ 16%] /data/local/tmp/pl.apk
[ 16%] /data/local/tmp/pl.apk
[ 16%] /data/local/tmp/pl.apk
[ 16%] /data/local/tmp/pl.apk
[ 16%] /data/local/tmp/pl.apk
[ 16%] /data/local/tmp/pl.apk
[ 16%] /data/local/tmp/pl.apk
[ 16%] /data/local/tmp/pl.apk
[ 16%] /data/local/tmp/pl.apk
[ 16%] /data/local/tmp/pl.apk
[ 16%] /data/local/tmp/pl.apk
[ 16%] /data/local/tmp/pl.apk
[ 17%] /data/local/tmp/pl.apk
[ 17%] /data/local/tmp/pl.apk
[ 17%] /data/local/tmp/pl.apk
[ 17%] /data/local/tmp/pl.apk
[ 17%] /data/local/tmp/pl.apk
[ 17%] /data/local/tmp/pl.apk
[ 17%] /data/local/tmp/pl.apk
[ 17%] /data/local/tmp/pl.apk
[ 17%] /data/local/tmp/pl.apk
[ 17%] /data/local/tmp/pl.apk
[ 17%] /data/local/tmp/pl.apk
[ 17%] /data/local/tmp/pl.apk
[ 17%] /data/local/tmp/pl.apk
[ 17%] /data/local/tmp/pl.apk
[ 17%] /data/local/tmp/pl.apk
[ 18%] /data/local/tmp/pl.apk
[ 18%] /data/local/tmp/pl.apk
[ 18%] /data/local/tmp/pl.apk
[ 18%] /data/local/tmp/pl.apk
[ 18%] /data/local/tmp/pl.apk
[ 18%] /data/local/tmp/pl.apk
[ 18%] /data/local/tmp/pl.apk
[ 18%] /data/local/tmp/pl.apk
[ 18%] /data/local/tmp/pl.apk
[ 18%] /data/local/tmp/pl.apk
[ 18%] /data/local/tmp/pl.apk
[ 18%] /data/local/tmp/pl.apk
[ 18%] /data/local/tmp/pl.apk
[ 18%] /data/local/tmp/pl.apk
[ 18%] /data/local/tmp/pl.apk
[ 19%] /data/local/tmp/pl.apk
[ 19%] /data/local/tmp/pl.apk
[ 19%] /data/local/tmp/pl.apk
[ 19%] /data/local/tmp/pl.apk
[ 19%] /data/local/tmp/pl.apk
[ 19%] /data/local/tmp/pl.apk
[ 19%] /data/local/tmp/pl.apk
[ 19%] /data/local/tmp/pl.apk
[ 19%] /data/local/tmp/pl.apk
[ 19%] /data/local/tmp/pl.apk
[ 19%] /data/local/tmp/pl.apk
[ 19%] /data/local/tmp/pl.apk
[ 19%] /data/local/tmp/pl.apk
[ 19%] /data/local/tmp/pl.apk
[ 19%] /data/local/tmp/pl.apk
[ 20%] /data/local/tmp/pl.apk
[ 20%] /data/local/tmp/pl.apk
[ 20%] /data/local/tmp/pl.apk
[ 20%] /data/local/tmp/pl.apk
[ 20%] /data/local/tmp/pl.apk
[ 20%] /data/local/tmp/pl.apk
[ 20%] /data/local/tmp/pl.apk
[ 20%] /data/local/tmp/pl.apk
[ 20%] /data/local/tmp/pl.apk
[ 20%] /data/local/tmp/pl.apk
[ 20%] /data/local/tmp/pl.apk
[ 20%] /data/local/tmp/pl.apk
[ 20%] /data/local/tmp/pl.apk
[ 20%] /data/local/tmp/pl.apk
[ 20%] /data/local/tmp/pl.apk
[ 21%] /data/local/tmp/pl.apk
[ 21%] /data/local/tmp/pl.apk
[ 21%] /data/local/tmp/pl.apk
[ 21%] /data/local/tmp/pl.apk
[ 21%] /data/local/tmp/pl.apk
[ 21%] /data/local/tmp/pl.apk
[ 21%] /data/local/tmp/pl.apk
[ 21%] /data/local/tmp/pl.apk
[ 21%] /data/local/tmp/pl.apk
[ 21%] /data/local/tmp/pl.apk
[ 21%] /data/local/tmp/pl.apk
[ 21%] /data/local/tmp/pl.apk
[ 21%] /data/local/tmp/pl.apk
[ 21%] /data/local/tmp/pl.apk
[ 21%] /data/local/tmp/pl.apk
[ 22%] /data/local/tmp/pl.apk
[ 22%] /data/local/tmp/pl.apk
[ 22%] /data/local/tmp/pl.apk
[ 22%] /data/local/tmp/pl.apk
[ 22%] /data/local/tmp/pl.apk
[ 22%] /data/local/tmp/pl.apk
[ 22%] /data/local/tmp/pl.apk
[ 22%] /data/local/tmp/pl.apk
[ 22%] /data/local/tmp/pl.apk
[ 22%] /data/local/tmp/pl.apk
[ 22%] /data/local/tmp/pl.apk
[ 22%] /data/local/tmp/pl.apk
[ 22%] /data/local/tmp/pl.apk
[ 22%] /data/local/tmp/pl.apk
[ 22%] /data/local/tmp/pl.apk
[ 22%] /data/local/tmp/pl.apk
[ 23%] /data/local/tmp/pl.apk
[ 23%] /data/local/tmp/pl.apk
[ 23%] /data/local/tmp/pl.apk
[ 23%] /data/local/tmp/pl.apk
[ 23%] /data/local/tmp/pl.apk
[ 23%] /data/local/tmp/pl.apk
[ 23%] /data/local/tmp/pl.apk
[ 23%] /data/local/tmp/pl.apk
[ 23%] /data/local/tmp/pl.apk
[ 23%] /data/local/tmp/pl.apk
[ 23%] /data/local/tmp/pl.apk
[ 23%] /data/local/tmp/pl.apk
[ 23%] /data/local/tmp/pl.apk
[ 23%] /data/local/tmp/pl.apk
[ 23%] /data/local/tmp/pl.apk
[ 24%] /data/local/tmp/pl.apk
[ 24%] /data/local/tmp/pl.apk
[ 24%] /data/local/tmp/pl.apk
[ 24%] /data/local/tmp/pl.apk
[ 24%] /data/local/tmp/pl.apk
[ 24%] /data/local/tmp/pl.apk
[ 24%] /data/local/tmp/pl.apk
[ 24%] /data/local/tmp/pl.apk
[ 24%] /data/local/tmp/pl.apk
[ 24%] /data/local/tmp/pl.apk
[ 24%] /data/local/tmp/pl.apk
[ 24%] /data/local/tmp/pl.apk
[ 24%] /data/local/tmp/pl.apk
[ 24%] /data/local/tmp/pl.apk
[ 24%] /data/local/tmp/pl.apk
[ 25%] /data/local/tmp/pl.apk
[ 25%] /data/local/tmp/pl.apk
[ 25%] /data/local/tmp/pl.apk
[ 25%] /data/local/tmp/pl.apk
[ 25%] /data/local/tmp/pl.apk
[ 25%] /data/local/tmp/pl.apk
[ 25%] /data/local/tmp/pl.apk
[ 25%] /data/local/tmp/pl.apk
[ 25%] /data/local/tmp/pl.apk
[ 25%] /data/local/tmp/pl.apk
[ 25%] /data/local/tmp/pl.apk
[ 25%] /data/local/tmp/pl.apk
[ 25%] /data/local/tmp/pl.apk
[ 25%] /data/local/tmp/pl.apk
[ 25%] /data/local/tmp/pl.apk
[ 26%] /data/local/tmp/pl.apk
[ 26%] /data/local/tmp/pl.apk
[ 26%] /data/local/tmp/pl.apk
[ 26%] /data/local/tmp/pl.apk
[ 26%] /data/local/tmp/pl.apk
[ 26%] /data/local/tmp/pl.apk
[ 26%] /data/local/tmp/pl.apk
[ 26%] /data/local/tmp/pl.apk
[ 26%] /data/local/tmp/pl.apk
[ 26%] /data/local/tmp/pl.apk
[ 26%] /data/local/tmp/pl.apk
[ 26%] /data/local/tmp/pl.apk
[ 26%] /data/local/tmp/pl.apk
[ 26%] /data/local/tmp/pl.apk
[ 26%] /data/local/tmp/pl.apk
[ 27%] /data/local/tmp/pl.apk
[ 27%] /data/local/tmp/pl.apk
[ 27%] /data/local/tmp/pl.apk
[ 27%] /data/local/tmp/pl.apk
[ 27%] /data/local/tmp/pl.apk
[ 27%] /data/local/tmp/pl.apk
[ 27%] /data/local/tmp/pl.apk
[ 27%] /data/local/tmp/pl.apk
[ 27%] /data/local/tmp/pl.apk
[ 27%] /data/local/tmp/pl.apk
[ 27%] /data/local/tmp/pl.apk
[ 27%] /data/local/tmp/pl.apk
[ 27%] /data/local/tmp/pl.apk
[ 27%] /data/local/tmp/pl.apk
[ 27%] /data/local/tmp/pl.apk
[ 28%] /data/local/tmp/pl.apk
[ 28%] /data/local/tmp/pl.apk
[ 28%] /data/local/tmp/pl.apk
[ 28%] /data/local/tmp/pl.apk
[ 28%] /data/local/tmp/pl.apk
[ 28%] /data/local/tmp/pl.apk
[ 28%] /data/local/tmp/pl.apk
[ 28%] /data/local/tmp/pl.apk
[ 28%] /data/local/tmp/pl.apk
[ 28%] /data/local/tmp/pl.apk
[ 28%] /data/local/tmp/pl.apk
[ 28%] /data/local/tmp/pl.apk
[ 28%] /data/local/tmp/pl.apk
[ 28%] /data/local/tmp/pl.apk
[ 28%] /data/local/tmp/pl.apk
[ 29%] /data/local/tmp/pl.apk
[ 29%] /data/local/tmp/pl.apk
[ 29%] /data/local/tmp/pl.apk
[ 29%] /data/local/tmp/pl.apk
[ 29%] /data/local/tmp/pl.apk
[ 29%] /data/local/tmp/pl.apk
[ 29%] /data/local/tmp/pl.apk
[ 29%] /data/local/tmp/pl.apk
[ 29%] /data/local/tmp/pl.apk
[ 29%] /data/local/tmp/pl.apk
[ 29%] /data/local/tmp/pl.apk
[ 29%] /data/local/tmp/pl.apk
[ 29%] /data/local/tmp/pl.apk
[ 29%] /data/local/tmp/pl.apk
[ 29%] /data/local/tmp/pl.apk
[ 30%] /data/local/tmp/pl.apk
[ 30%] /data/local/tmp/pl.apk
[ 30%] /data/local/tmp/pl.apk
[ 30%] /data/local/tmp/pl.apk
[ 30%] /data/local/tmp/pl.apk
[ 30%] /data/local/tmp/pl.apk
[ 30%] /data/local/tmp/pl.apk
[ 30%] /data/local/tmp/pl.apk
[ 30%] /data/local/tmp/pl.apk
[ 30%] /data/local/tmp/pl.apk
[ 30%] /data/local/tmp/pl.apk
[ 30%] /data/local/tmp/pl.apk
[ 30%] /data/local/tmp/pl.apk
[ 30%] /data/local/tmp/pl.apk
[ 30%] /data/local/tmp/pl.apk
[ 31%] /data/local/tmp/pl.apk
[ 31%] /data/local/tmp/pl.apk
[ 31%] /data/local/tmp/pl.apk
[ 31%] /data/local/tmp/pl.apk
[ 31%] /data/local/tmp/pl.apk
[ 31%] /data/local/tmp/pl.apk
[ 31%] /data/local/tmp/pl.apk
[ 31%] /data/local/tmp/pl.apk
[ 31%] /data/local/tmp/pl.apk
[ 31%] /data/local/tmp/pl.apk
[ 31%] /data/local/tmp/pl.apk
[ 31%] /data/local/tmp/pl.apk
[ 31%] /data/local/tmp/pl.apk
[ 31%] /data/local/tmp/pl.apk
[ 31%] /data/local/tmp/pl.apk
[ 32%] /data/local/tmp/pl.apk
[ 32%] /data/local/tmp/pl.apk
[ 32%] /data/local/tmp/pl.apk
[ 32%] /data/local/tmp/pl.apk
[ 32%] /data/local/tmp/pl.apk
[ 32%] /data/local/tmp/pl.apk
[ 32%] /data/local/tmp/pl.apk
[ 32%] /data/local/tmp/pl.apk
[ 32%] /data/local/tmp/pl.apk
[ 32%] /data/local/tmp/pl.apk
[ 32%] /data/local/tmp/pl.apk
[ 32%] /data/local/tmp/pl.apk
[ 32%] /data/local/tmp/pl.apk
[ 32%] /data/local/tmp/pl.apk
[ 32%] /data/local/tmp/pl.apk
[ 33%] /data/local/tmp/pl.apk
[ 33%] /data/local/tmp/pl.apk
[ 33%] /data/local/tmp/pl.apk
[ 33%] /data/local/tmp/pl.apk
[ 33%] /data/local/tmp/pl.apk
[ 33%] /data/local/tmp/pl.apk
[ 33%] /data/local/tmp/pl.apk
[ 33%] /data/local/tmp/pl.apk
[ 33%] /data/local/tmp/pl.apk
[ 33%] /data/local/tmp/pl.apk
[ 33%] /data/local/tmp/pl.apk
[ 33%] /data/local/tmp/pl.apk
[ 33%] /data/local/tmp/pl.apk
[ 33%] /data/local/tmp/pl.apk
[ 33%] /data/local/tmp/pl.apk
[ 33%] /data/local/tmp/pl.apk
[ 34%] /data/local/tmp/pl.apk
[ 34%] /data/local/tmp/pl.apk
[ 34%] /data/local/tmp/pl.apk
[ 34%] /data/local/tmp/pl.apk
[ 34%] /data/local/tmp/pl.apk
[ 34%] /data/local/tmp/pl.apk
[ 34%] /data/local/tmp/pl.apk
[ 34%] /data/local/tmp/pl.apk
[ 34%] /data/local/tmp/pl.apk
[ 34%] /data/local/tmp/pl.apk
[ 34%] /data/local/tmp/pl.apk
[ 34%] /data/local/tmp/pl.apk
[ 34%] /data/local/tmp/pl.apk
[ 34%] /data/local/tmp/pl.apk
[ 34%] /data/local/tmp/pl.apk
[ 35%] /data/local/tmp/pl.apk
[ 35%] /data/local/tmp/pl.apk
[ 35%] /data/local/tmp/pl.apk
[ 35%] /data/local/tmp/pl.apk
[ 35%] /data/local/tmp/pl.apk
[ 35%] /data/local/tmp/pl.apk
[ 35%] /data/local/tmp/pl.apk
[ 35%] /data/local/tmp/pl.apk
[ 35%] /data/local/tmp/pl.apk
[ 35%] /data/local/tmp/pl.apk
[ 35%] /data/local/tmp/pl.apk
[ 35%] /data/local/tmp/pl.apk
[ 35%] /data/local/tmp/pl.apk
[ 35%] /data/local/tmp/pl.apk
[ 35%] /data/local/tmp/pl.apk
[ 36%] /data/local/tmp/pl.apk
[ 36%] /data/local/tmp/pl.apk
[ 36%] /data/local/tmp/pl.apk
[ 36%] /data/local/tmp/pl.apk
[ 36%] /data/local/tmp/pl.apk
[ 36%] /data/local/tmp/pl.apk
[ 36%] /data/local/tmp/pl.apk
[ 36%] /data/local/tmp/pl.apk
[ 36%] /data/local/tmp/pl.apk
[ 36%] /data/local/tmp/pl.apk
[ 36%] /data/local/tmp/pl.apk
[ 36%] /data/local/tmp/pl.apk
[ 36%] /data/local/tmp/pl.apk
[ 36%] /data/local/tmp/pl.apk
[ 36%] /data/local/tmp/pl.apk
[ 37%] /data/local/tmp/pl.apk
[ 37%] /data/local/tmp/pl.apk
[ 37%] /data/local/tmp/pl.apk
[ 37%] /data/local/tmp/pl.apk
[ 37%] /data/local/tmp/pl.apk
[ 37%] /data/local/tmp/pl.apk
[ 37%] /data/local/tmp/pl.apk
[ 37%] /data/local/tmp/pl.apk
[ 37%] /data/local/tmp/pl.apk
[ 37%] /data/local/tmp/pl.apk
[ 37%] /data/local/tmp/pl.apk
[ 37%] /data/local/tmp/pl.apk
[ 37%] /data/local/tmp/pl.apk
[ 37%] /data/local/tmp/pl.apk
[ 37%] /data/local/tmp/pl.apk
[ 38%] /data/local/tmp/pl.apk
[ 38%] /data/local/tmp/pl.apk
[ 38%] /data/local/tmp/pl.apk
[ 38%] /data/local/tmp/pl.apk
[ 38%] /data/local/tmp/pl.apk
[ 38%] /data/local/tmp/pl.apk
[ 38%] /data/local/tmp/pl.apk
[ 38%] /data/local/tmp/pl.apk
[ 38%] /data/local/tmp/pl.apk
[ 38%] /data/local/tmp/pl.apk
[ 38%] /data/local/tmp/pl.apk
[ 38%] /data/local/tmp/pl.apk
[ 38%] /data/local/tmp/pl.apk
[ 38%] /data/local/tmp/pl.apk
[ 38%] /data/local/tmp/pl.apk
[ 39%] /data/local/tmp/pl.apk
[ 39%] /data/local/tmp/pl.apk
[ 39%] /data/local/tmp/pl.apk
[ 39%] /data/local/tmp/pl.apk
[ 39%] /data/local/tmp/pl.apk
[ 39%] /data/local/tmp/pl.apk
[ 39%] /data/local/tmp/pl.apk
[ 39%] /data/local/tmp/pl.apk
[ 39%] /data/local/tmp/pl.apk
[ 39%] /data/local/tmp/pl.apk
[ 39%] /data/local/tmp/pl.apk
[ 39%] /data/local/tmp/pl.apk
[ 39%] /data/local/tmp/pl.apk
[ 39%] /data/local/tmp/pl.apk
[ 39%] /data/local/tmp/pl.apk
[ 40%] /data/local/tmp/pl.apk
[ 40%] /data/local/tmp/pl.apk
[ 40%] /data/local/tmp/pl.apk
[ 40%] /data/local/tmp/pl.apk
[ 40%] /data/local/tmp/pl.apk
[ 40%] /data/local/tmp/pl.apk
[ 40%] /data/local/tmp/pl.apk
[ 40%] /data/local/tmp/pl.apk
[ 40%] /data/local/tmp/pl.apk
[ 40%] /data/local/tmp/pl.apk
[ 40%] /data/local/tmp/pl.apk
[ 40%] /data/local/tmp/pl.apk
[ 40%] /data/local/tmp/pl.apk
[ 40%] /data/local/tmp/pl.apk
[ 40%] /data/local/tmp/pl.apk
[ 41%] /data/local/tmp/pl.apk
[ 41%] /data/local/tmp/pl.apk
[ 41%] /data/local/tmp/pl.apk
[ 41%] /data/local/tmp/pl.apk
[ 41%] /data/local/tmp/pl.apk
[ 41%] /data/local/tmp/pl.apk
[ 41%] /data/local/tmp/pl.apk
[ 41%] /data/local/tmp/pl.apk
[ 41%] /data/local/tmp/pl.apk
[ 41%] /data/local/tmp/pl.apk
[ 41%] /data/local/tmp/pl.apk
[ 41%] /data/local/tmp/pl.apk
[ 41%] /data/local/tmp/pl.apk
[ 41%] /data/local/tmp/pl.apk
[ 41%] /data/local/tmp/pl.apk
[ 42%] /data/local/tmp/pl.apk
[ 42%] /data/local/tmp/pl.apk
[ 42%] /data/local/tmp/pl.apk
[ 42%] /data/local/tmp/pl.apk
[ 42%] /data/local/tmp/pl.apk
[ 42%] /data/local/tmp/pl.apk
[ 42%] /data/local/tmp/pl.apk
[ 42%] /data/local/tmp/pl.apk
[ 42%] /data/local/tmp/pl.apk
[ 42%] /data/local/tmp/pl.apk
[ 42%] /data/local/tmp/pl.apk
[ 42%] /data/local/tmp/pl.apk
[ 42%] /data/local/tmp/pl.apk
[ 42%] /data/local/tmp/pl.apk
[ 42%] /data/local/tmp/pl.apk
[ 43%] /data/local/tmp/pl.apk
[ 43%] /data/local/tmp/pl.apk
[ 43%] /data/local/tmp/pl.apk
[ 43%] /data/local/tmp/pl.apk
[ 43%] /data/local/tmp/pl.apk
[ 43%] /data/local/tmp/pl.apk
[ 43%] /data/local/tmp/pl.apk
[ 43%] /data/local/tmp/pl.apk
[ 43%] /data/local/tmp/pl.apk
[ 43%] /data/local/tmp/pl.apk
[ 43%] /data/local/tmp/pl.apk
[ 43%] /data/local/tmp/pl.apk
[ 43%] /data/local/tmp/pl.apk
[ 43%] /data/local/tmp/pl.apk
[ 43%] /data/local/tmp/pl.apk
[ 44%] /data/local/tmp/pl.apk
[ 44%] /data/local/tmp/pl.apk
[ 44%] /data/local/tmp/pl.apk
[ 44%] /data/local/tmp/pl.apk
[ 44%] /data/local/tmp/pl.apk
[ 44%] /data/local/tmp/pl.apk
[ 44%] /data/local/tmp/pl.apk
[ 44%] /data/local/tmp/pl.apk
[ 44%] /data/local/tmp/pl.apk
[ 44%] /data/local/tmp/pl.apk
[ 44%] /data/local/tmp/pl.apk
[ 44%] /data/local/tmp/pl.apk
[ 44%] /data/local/tmp/pl.apk
[ 44%] /data/local/tmp/pl.apk
[ 44%] /data/local/tmp/pl.apk
[ 44%] /data/local/tmp/pl.apk
[ 45%] /data/local/tmp/pl.apk
[ 45%] /data/local/tmp/pl.apk
[ 45%] /data/local/tmp/pl.apk
[ 45%] /data/local/tmp/pl.apk
[ 45%] /data/local/tmp/pl.apk
[ 45%] /data/local/tmp/pl.apk
[ 45%] /data/local/tmp/pl.apk
[ 45%] /data/local/tmp/pl.apk
[ 45%] /data/local/tmp/pl.apk
[ 45%] /data/local/tmp/pl.apk
[ 45%] /data/local/tmp/pl.apk
[ 45%] /data/local/tmp/pl.apk
[ 45%] /data/local/tmp/pl.apk
[ 45%] /data/local/tmp/pl.apk
[ 45%] /data/local/tmp/pl.apk
[ 46%] /data/local/tmp/pl.apk
[ 46%] /data/local/tmp/pl.apk
[ 46%] /data/local/tmp/pl.apk
[ 46%] /data/local/tmp/pl.apk
[ 46%] /data/local/tmp/pl.apk
[ 46%] /data/local/tmp/pl.apk
[ 46%] /data/local/tmp/pl.apk
[ 46%] /data/local/tmp/pl.apk
[ 46%] /data/local/tmp/pl.apk
[ 46%] /data/local/tmp/pl.apk
[ 46%] /data/local/tmp/pl.apk
[ 46%] /data/local/tmp/pl.apk
[ 46%] /data/local/tmp/pl.apk
[ 46%] /data/local/tmp/pl.apk
[ 46%] /data/local/tmp/pl.apk
[ 47%] /data/local/tmp/pl.apk
[ 47%] /data/local/tmp/pl.apk
[ 47%] /data/local/tmp/pl.apk
[ 47%] /data/local/tmp/pl.apk
[ 47%] /data/local/tmp/pl.apk
[ 47%] /data/local/tmp/pl.apk
[ 47%] /data/local/tmp/pl.apk
[ 47%] /data/local/tmp/pl.apk
[ 47%] /data/local/tmp/pl.apk
[ 47%] /data/local/tmp/pl.apk
[ 47%] /data/local/tmp/pl.apk
[ 47%] /data/local/tmp/pl.apk
[ 47%] /data/local/tmp/pl.apk
[ 47%] /data/local/tmp/pl.apk
[ 47%] /data/local/tmp/pl.apk
[ 48%] /data/local/tmp/pl.apk
[ 48%] /data/local/tmp/pl.apk
[ 48%] /data/local/tmp/pl.apk
[ 48%] /data/local/tmp/pl.apk
[ 48%] /data/local/tmp/pl.apk
[ 48%] /data/local/tmp/pl.apk
[ 48%] /data/local/tmp/pl.apk
[ 48%] /data/local/tmp/pl.apk
[ 48%] /data/local/tmp/pl.apk
[ 48%] /data/local/tmp/pl.apk
[ 48%] /data/local/tmp/pl.apk
[ 48%] /data/local/tmp/pl.apk
[ 48%] /data/local/tmp/pl.apk
[ 48%] /data/local/tmp/pl.apk
[ 48%] /data/local/tmp/pl.apk
[ 49%] /data/local/tmp/pl.apk
[ 49%] /data/local/tmp/pl.apk
[ 49%] /data/local/tmp/pl.apk
[ 49%] /data/local/tmp/pl.apk
[ 49%] /data/local/tmp/pl.apk
[ 49%] /data/local/tmp/pl.apk
[ 49%] /data/local/tmp/pl.apk
[ 49%] /data/local/tmp/pl.apk
[ 49%] /data/local/tmp/pl.apk
[ 49%] /data/local/tmp/pl.apk
[ 49%] /data/local/tmp/pl.apk
[ 49%] /data/local/tmp/pl.apk
[ 49%] /data/local/tmp/pl.apk
[ 49%] /data/local/tmp/pl.apk
[ 49%] /data/local/tmp/pl.apk
[ 50%] /data/local/tmp/pl.apk
[ 50%] /data/local/tmp/pl.apk
[ 50%] /data/local/tmp/pl.apk
[ 50%] /data/local/tmp/pl.apk
[ 50%] /data/local/tmp/pl.apk
[ 50%] /data/local/tmp/pl.apk
[ 50%] /data/local/tmp/pl.apk
[ 50%] /data/local/tmp/pl.apk
[ 50%] /data/local/tmp/pl.apk
[ 50%] /data/local/tmp/pl.apk
[ 50%] /data/local/tmp/pl.apk
[ 50%] /data/local/tmp/pl.apk
[ 50%] /data/local/tmp/pl.apk
[ 50%] /data/local/tmp/pl.apk
[ 50%] /data/local/tmp/pl.apk
[ 51%] /data/local/tmp/pl.apk
[ 51%] /data/local/tmp/pl.apk
[ 51%] /data/local/tmp/pl.apk
[ 51%] /data/local/tmp/pl.apk
[ 51%] /data/local/tmp/pl.apk
[ 51%] /data/local/tmp/pl.apk
[ 51%] /data/local/tmp/pl.apk
[ 51%] /data/local/tmp/pl.apk
[ 51%] /data/local/tmp/pl.apk
[ 51%] /data/local/tmp/pl.apk
[ 51%] /data/local/tmp/pl.apk
[ 51%] /data/local/tmp/pl.apk
[ 51%] /data/local/tmp/pl.apk
[ 51%] /data/local/tmp/pl.apk
[ 51%] /data/local/tmp/pl.apk
[ 52%] /data/local/tmp/pl.apk
[ 52%] /data/local/tmp/pl.apk
[ 52%] /data/local/tmp/pl.apk
[ 52%] /data/local/tmp/pl.apk
[ 52%] /data/local/tmp/pl.apk
[ 52%] /data/local/tmp/pl.apk
[ 52%] /data/local/tmp/pl.apk
[ 52%] /data/local/tmp/pl.apk
[ 52%] /data/local/tmp/pl.apk
[ 52%] /data/local/tmp/pl.apk
[ 52%] /data/local/tmp/pl.apk
[ 52%] /data/local/tmp/pl.apk
[ 52%] /data/local/tmp/pl.apk
[ 52%] /data/local/tmp/pl.apk
[ 52%] /data/local/tmp/pl.apk
[ 53%] /data/local/tmp/pl.apk
[ 53%] /data/local/tmp/pl.apk
[ 53%] /data/local/tmp/pl.apk
[ 53%] /data/local/tmp/pl.apk
[ 53%] /data/local/tmp/pl.apk
[ 53%] /data/local/tmp/pl.apk
[ 53%] /data/local/tmp/pl.apk
[ 53%] /data/local/tmp/pl.apk
[ 53%] /data/local/tmp/pl.apk
[ 53%] /data/local/tmp/pl.apk
[ 53%] /data/local/tmp/pl.apk
[ 53%] /data/local/tmp/pl.apk
[ 53%] /data/local/tmp/pl.apk
[ 53%] /data/local/tmp/pl.apk
[ 53%] /data/local/tmp/pl.apk
[ 54%] /data/local/tmp/pl.apk
[ 54%] /data/local/tmp/pl.apk
[ 54%] /data/local/tmp/pl.apk
[ 54%] /data/local/tmp/pl.apk
[ 54%] /data/local/tmp/pl.apk
[ 54%] /data/local/tmp/pl.apk
[ 54%] /data/local/tmp/pl.apk
[ 54%] /data/local/tmp/pl.apk
[ 54%] /data/local/tmp/pl.apk
[ 54%] /data/local/tmp/pl.apk
[ 54%] /data/local/tmp/pl.apk
[ 54%] /data/local/tmp/pl.apk
[ 54%] /data/local/tmp/pl.apk
[ 54%] /data/local/tmp/pl.apk
[ 54%] /data/local/tmp/pl.apk
[ 55%] /data/local/tmp/pl.apk
[ 55%] /data/local/tmp/pl.apk
[ 55%] /data/local/tmp/pl.apk
[ 55%] /data/local/tmp/pl.apk
[ 55%] /data/local/tmp/pl.apk
[ 55%] /data/local/tmp/pl.apk
[ 55%] /data/local/tmp/pl.apk
[ 55%] /data/local/tmp/pl.apk
[ 55%] /data/local/tmp/pl.apk
[ 55%] /data/local/tmp/pl.apk
[ 55%] /data/local/tmp/pl.apk
[ 55%] /data/local/tmp/pl.apk
[ 55%] /data/local/tmp/pl.apk
[ 55%] /data/local/tmp/pl.apk
[ 55%] /data/local/tmp/pl.apk
[ 55%] /data/local/tmp/pl.apk
[ 56%] /data/local/tmp/pl.apk
[ 56%] /data/local/tmp/pl.apk
[ 56%] /data/local/tmp/pl.apk
[ 56%] /data/local/tmp/pl.apk
[ 56%] /data/local/tmp/pl.apk
[ 56%] /data/local/tmp/pl.apk
[ 56%] /data/local/tmp/pl.apk
[ 56%] /data/local/tmp/pl.apk
[ 56%] /data/local/tmp/pl.apk
[ 56%] /data/local/tmp/pl.apk
[ 56%] /data/local/tmp/pl.apk
[ 56%] /data/local/tmp/pl.apk
[ 56%] /data/local/tmp/pl.apk
[ 56%] /data/local/tmp/pl.apk
[ 56%] /data/local/tmp/pl.apk
[ 57%] /data/local/tmp/pl.apk
[ 57%] /data/local/tmp/pl.apk
[ 57%] /data/local/tmp/pl.apk
[ 57%] /data/local/tmp/pl.apk
[ 57%] /data/local/tmp/pl.apk
[ 57%] /data/local/tmp/pl.apk
[ 57%] /data/local/tmp/pl.apk
[ 57%] /data/local/tmp/pl.apk
[ 57%] /data/local/tmp/pl.apk
[ 57%] /data/local/tmp/pl.apk
[ 57%] /data/local/tmp/pl.apk
[ 57%] /data/local/tmp/pl.apk
[ 57%] /data/local/tmp/pl.apk
[ 57%] /data/local/tmp/pl.apk
[ 57%] /data/local/tmp/pl.apk
[ 58%] /data/local/tmp/pl.apk
[ 58%] /data/local/tmp/pl.apk
[ 58%] /data/local/tmp/pl.apk
[ 58%] /data/local/tmp/pl.apk
[ 58%] /data/local/tmp/pl.apk
[ 58%] /data/local/tmp/pl.apk
[ 58%] /data/local/tmp/pl.apk
[ 58%] /data/local/tmp/pl.apk
[ 58%] /data/local/tmp/pl.apk
[ 58%] /data/local/tmp/pl.apk
[ 58%] /data/local/tmp/pl.apk
[ 58%] /data/local/tmp/pl.apk
[ 58%] /data/local/tmp/pl.apk
[ 58%] /data/local/tmp/pl.apk
[ 58%] /data/local/tmp/pl.apk
[ 59%] /data/local/tmp/pl.apk
[ 59%] /data/local/tmp/pl.apk
[ 59%] /data/local/tmp/pl.apk
[ 59%] /data/local/tmp/pl.apk
[ 59%] /data/local/tmp/pl.apk
[ 59%] /data/local/tmp/pl.apk
[ 59%] /data/local/tmp/pl.apk
[ 59%] /data/local/tmp/pl.apk
[ 59%] /data/local/tmp/pl.apk
[ 59%] /data/local/tmp/pl.apk
[ 59%] /data/local/tmp/pl.apk
[ 59%] /data/local/tmp/pl.apk
[ 59%] /data/local/tmp/pl.apk
[ 59%] /data/local/tmp/pl.apk
[ 59%] /data/local/tmp/pl.apk
[ 60%] /data/local/tmp/pl.apk
[ 60%] /data/local/tmp/pl.apk
[ 60%] /data/local/tmp/pl.apk
[ 60%] /data/local/tmp/pl.apk
[ 60%] /data/local/tmp/pl.apk
[ 60%] /data/local/tmp/pl.apk
[ 60%] /data/local/tmp/pl.apk
[ 60%] /data/local/tmp/pl.apk
[ 60%] /data/local/tmp/pl.apk
[ 60%] /data/local/tmp/pl.apk
[ 60%] /data/local/tmp/pl.apk
[ 60%] /data/local/tmp/pl.apk
[ 60%] /data/local/tmp/pl.apk
[ 60%] /data/local/tmp/pl.apk
[ 60%] /data/local/tmp/pl.apk
[ 61%] /data/local/tmp/pl.apk
[ 61%] /data/local/tmp/pl.apk
[ 61%] /data/local/tmp/pl.apk
[ 61%] /data/local/tmp/pl.apk
[ 61%] /data/local/tmp/pl.apk
[ 61%] /data/local/tmp/pl.apk
[ 61%] /data/local/tmp/pl.apk
[ 61%] /data/local/tmp/pl.apk
[ 61%] /data/local/tmp/pl.apk
[ 61%] /data/local/tmp/pl.apk
[ 61%] /data/local/tmp/pl.apk
[ 61%] /data/local/tmp/pl.apk
[ 61%] /data/local/tmp/pl.apk
[ 61%] /data/local/tmp/pl.apk
[ 61%] /data/local/tmp/pl.apk
[ 62%] /data/local/tmp/pl.apk
[ 62%] /data/local/tmp/pl.apk
[ 62%] /data/local/tmp/pl.apk
[ 62%] /data/local/tmp/pl.apk
[ 62%] /data/local/tmp/pl.apk
[ 62%] /data/local/tmp/pl.apk
[ 62%] /data/local/tmp/pl.apk
[ 62%] /data/local/tmp/pl.apk
[ 62%] /data/local/tmp/pl.apk
[ 62%] /data/local/tmp/pl.apk
[ 62%] /data/local/tmp/pl.apk
[ 62%] /data/local/tmp/pl.apk
[ 62%] /data/local/tmp/pl.apk
[ 62%] /data/local/tmp/pl.apk
[ 62%] /data/local/tmp/pl.apk
[ 63%] /data/local/tmp/pl.apk
[ 63%] /data/local/tmp/pl.apk
[ 63%] /data/local/tmp/pl.apk
[ 63%] /data/local/tmp/pl.apk
[ 63%] /data/local/tmp/pl.apk
[ 63%] /data/local/tmp/pl.apk
[ 63%] /data/local/tmp/pl.apk
[ 63%] /data/local/tmp/pl.apk
[ 63%] /data/local/tmp/pl.apk
[ 63%] /data/local/tmp/pl.apk
[ 63%] /data/local/tmp/pl.apk
[ 63%] /data/local/tmp/pl.apk
[ 63%] /data/local/tmp/pl.apk
[ 63%] /data/local/tmp/pl.apk
[ 63%] /data/local/tmp/pl.apk
[ 64%] /data/local/tmp/pl.apk
[ 64%] /data/local/tmp/pl.apk
[ 64%] /data/local/tmp/pl.apk
[ 64%] /data/local/tmp/pl.apk
[ 64%] /data/local/tmp/pl.apk
[ 64%] /data/local/tmp/pl.apk
[ 64%] /data/local/tmp/pl.apk
[ 64%] /data/local/tmp/pl.apk
[ 64%] /data/local/tmp/pl.apk
[ 64%] /data/local/tmp/pl.apk
[ 64%] /data/local/tmp/pl.apk
[ 64%] /data/local/tmp/pl.apk
[ 64%] /data/local/tmp/pl.apk
[ 64%] /data/local/tmp/pl.apk
[ 64%] /data/local/tmp/pl.apk
[ 65%] /data/local/tmp/pl.apk
[ 65%] /data/local/tmp/pl.apk
[ 65%] /data/local/tmp/pl.apk
[ 65%] /data/local/tmp/pl.apk
[ 65%] /data/local/tmp/pl.apk
[ 65%] /data/local/tmp/pl.apk
[ 65%] /data/local/tmp/pl.apk
[ 65%] /data/local/tmp/pl.apk
[ 65%] /data/local/tmp/pl.apk
[ 65%] /data/local/tmp/pl.apk
[ 65%] /data/local/tmp/pl.apk
[ 65%] /data/local/tmp/pl.apk
[ 65%] /data/local/tmp/pl.apk
[ 65%] /data/local/tmp/pl.apk
[ 65%] /data/local/tmp/pl.apk
[ 66%] /data/local/tmp/pl.apk
[ 66%] /data/local/tmp/pl.apk
[ 66%] /data/local/tmp/pl.apk
[ 66%] /data/local/tmp/pl.apk
[ 66%] /data/local/tmp/pl.apk
[ 66%] /data/local/tmp/pl.apk
[ 66%] /data/local/tmp/pl.apk
[ 66%] /data/local/tmp/pl.apk
[ 66%] /data/local/tmp/pl.apk
[ 66%] /data/local/tmp/pl.apk
[ 66%] /data/local/tmp/pl.apk
[ 66%] /data/local/tmp/pl.apk
[ 66%] /data/local/tmp/pl.apk
[ 66%] /data/local/tmp/pl.apk
[ 66%] /data/local/tmp/pl.apk
[ 66%] /data/local/tmp/pl.apk
[ 67%] /data/local/tmp/pl.apk
[ 67%] /data/local/tmp/pl.apk
[ 67%] /data/local/tmp/pl.apk
[ 67%] /data/local/tmp/pl.apk
[ 67%] /data/local/tmp/pl.apk
[ 67%] /data/local/tmp/pl.apk
[ 67%] /data/local/tmp/pl.apk
[ 67%] /data/local/tmp/pl.apk
[ 67%] /data/local/tmp/pl.apk
[ 67%] /data/local/tmp/pl.apk
[ 67%] /data/local/tmp/pl.apk
[ 67%] /data/local/tmp/pl.apk
[ 67%] /data/local/tmp/pl.apk
[ 67%] /data/local/tmp/pl.apk
[ 67%] /data/local/tmp/pl.apk
[ 68%] /data/local/tmp/pl.apk
[ 68%] /data/local/tmp/pl.apk
[ 68%] /data/local/tmp/pl.apk
[ 68%] /data/local/tmp/pl.apk
[ 68%] /data/local/tmp/pl.apk
[ 68%] /data/local/tmp/pl.apk
[ 68%] /data/local/tmp/pl.apk
[ 68%] /data/local/tmp/pl.apk
[ 68%] /data/local/tmp/pl.apk
[ 68%] /data/local/tmp/pl.apk
[ 68%] /data/local/tmp/pl.apk
[ 68%] /data/local/tmp/pl.apk
[ 68%] /data/local/tmp/pl.apk
[ 68%] /data/local/tmp/pl.apk
[ 68%] /data/local/tmp/pl.apk
[ 69%] /data/local/tmp/pl.apk
[ 69%] /data/local/tmp/pl.apk
[ 69%] /data/local/tmp/pl.apk
[ 69%] /data/local/tmp/pl.apk
[ 69%] /data/local/tmp/pl.apk
[ 69%] /data/local/tmp/pl.apk
[ 69%] /data/local/tmp/pl.apk
[ 69%] /data/local/tmp/pl.apk
[ 69%] /data/local/tmp/pl.apk
[ 69%] /data/local/tmp/pl.apk
[ 69%] /data/local/tmp/pl.apk
[ 69%] /data/local/tmp/pl.apk
[ 69%] /data/local/tmp/pl.apk
[ 69%] /data/local/tmp/pl.apk
[ 69%] /data/local/tmp/pl.apk
[ 70%] /data/local/tmp/pl.apk
[ 70%] /data/local/tmp/pl.apk
[ 70%] /data/local/tmp/pl.apk
[ 70%] /data/local/tmp/pl.apk
[ 70%] /data/local/tmp/pl.apk
[ 70%] /data/local/tmp/pl.apk
[ 70%] /data/local/tmp/pl.apk
[ 70%] /data/local/tmp/pl.apk
[ 70%] /data/local/tmp/pl.apk
[ 70%] /data/local/tmp/pl.apk
[ 70%] /data/local/tmp/pl.apk
[ 70%] /data/local/tmp/pl.apk
[ 70%] /data/local/tmp/pl.apk
[ 70%] /data/local/tmp/pl.apk
[ 70%] /data/local/tmp/pl.apk
[ 71%] /data/local/tmp/pl.apk
[ 71%] /data/local/tmp/pl.apk
[ 71%] /data/local/tmp/pl.apk
[ 71%] /data/local/tmp/pl.apk
[ 71%] /data/local/tmp/pl.apk
[ 71%] /data/local/tmp/pl.apk
[ 71%] /data/local/tmp/pl.apk
[ 71%] /data/local/tmp/pl.apk
[ 71%] /data/local/tmp/pl.apk
[ 71%] /data/local/tmp/pl.apk
[ 71%] /data/local/tmp/pl.apk
[ 71%] /data/local/tmp/pl.apk
[ 71%] /data/local/tmp/pl.apk
[ 71%] /data/local/tmp/pl.apk
[ 71%] /data/local/tmp/pl.apk
[ 72%] /data/local/tmp/pl.apk
[ 72%] /data/local/tmp/pl.apk
[ 72%] /data/local/tmp/pl.apk
[ 72%] /data/local/tmp/pl.apk
[ 72%] /data/local/tmp/pl.apk
[ 72%] /data/local/tmp/pl.apk
[ 72%] /data/local/tmp/pl.apk
[ 72%] /data/local/tmp/pl.apk
[ 72%] /data/local/tmp/pl.apk
[ 72%] /data/local/tmp/pl.apk
[ 72%] /data/local/tmp/pl.apk
[ 72%] /data/local/tmp/pl.apk
[ 72%] /data/local/tmp/pl.apk
[ 72%] /data/local/tmp/pl.apk
[ 72%] /data/local/tmp/pl.apk
[ 73%] /data/local/tmp/pl.apk
[ 73%] /data/local/tmp/pl.apk
[ 73%] /data/local/tmp/pl.apk
[ 73%] /data/local/tmp/pl.apk
[ 73%] /data/local/tmp/pl.apk
[ 73%] /data/local/tmp/pl.apk
[ 73%] /data/local/tmp/pl.apk
[ 73%] /data/local/tmp/pl.apk
[ 73%] /data/local/tmp/pl.apk
[ 73%] /data/local/tmp/pl.apk
[ 73%] /data/local/tmp/pl.apk
[ 73%] /data/local/tmp/pl.apk
[ 73%] /data/local/tmp/pl.apk
[ 73%] /data/local/tmp/pl.apk
[ 73%] /data/local/tmp/pl.apk
[ 74%] /data/local/tmp/pl.apk
[ 74%] /data/local/tmp/pl.apk
[ 74%] /data/local/tmp/pl.apk
[ 74%] /data/local/tmp/pl.apk
[ 74%] /data/local/tmp/pl.apk
[ 74%] /data/local/tmp/pl.apk
[ 74%] /data/local/tmp/pl.apk
[ 74%] /data/local/tmp/pl.apk
[ 74%] /data/local/tmp/pl.apk
[ 74%] /data/local/tmp/pl.apk
[ 74%] /data/local/tmp/pl.apk
[ 74%] /data/local/tmp/pl.apk
[ 74%] /data/local/tmp/pl.apk
[ 74%] /data/local/tmp/pl.apk
[ 74%] /data/local/tmp/pl.apk
[ 75%] /data/local/tmp/pl.apk
[ 75%] /data/local/tmp/pl.apk
[ 75%] /data/local/tmp/pl.apk
[ 75%] /data/local/tmp/pl.apk
[ 75%] /data/local/tmp/pl.apk
[ 75%] /data/local/tmp/pl.apk
[ 75%] /data/local/tmp/pl.apk
[ 75%] /data/local/tmp/pl.apk
[ 75%] /data/local/tmp/pl.apk
[ 75%] /data/local/tmp/pl.apk
[ 75%] /data/local/tmp/pl.apk
[ 75%] /data/local/tmp/pl.apk
[ 75%] /data/local/tmp/pl.apk
[ 75%] /data/local/tmp/pl.apk
[ 75%] /data/local/tmp/pl.apk
[ 76%] /data/local/tmp/pl.apk
[ 76%] /data/local/tmp/pl.apk
[ 76%] /data/local/tmp/pl.apk
[ 76%] /data/local/tmp/pl.apk
[ 76%] /data/local/tmp/pl.apk
[ 76%] /data/local/tmp/pl.apk
[ 76%] /data/local/tmp/pl.apk
[ 76%] /data/local/tmp/pl.apk
[ 76%] /data/local/tmp/pl.apk
[ 76%] /data/local/tmp/pl.apk
[ 76%] /data/local/tmp/pl.apk
[ 76%] /data/local/tmp/pl.apk
[ 76%] /data/local/tmp/pl.apk
[ 76%] /data/local/tmp/pl.apk
[ 76%] /data/local/tmp/pl.apk
[ 77%] /data/local/tmp/pl.apk
[ 77%] /data/local/tmp/pl.apk
[ 77%] /data/local/tmp/pl.apk
[ 77%] /data/local/tmp/pl.apk
[ 77%] /data/local/tmp/pl.apk
[ 77%] /data/local/tmp/pl.apk
[ 77%] /data/local/tmp/pl.apk
[ 77%] /data/local/tmp/pl.apk
[ 77%] /data/local/tmp/pl.apk
[ 77%] /data/local/tmp/pl.apk
[ 77%] /data/local/tmp/pl.apk
[ 77%] /data/local/tmp/pl.apk
[ 77%] /data/local/tmp/pl.apk
[ 77%] /data/local/tmp/pl.apk
[ 77%] /data/local/tmp/pl.apk
[ 77%] /data/local/tmp/pl.apk
[ 78%] /data/local/tmp/pl.apk
[ 78%] /data/local/tmp/pl.apk
[ 78%] /data/local/tmp/pl.apk
[ 78%] /data/local/tmp/pl.apk
[ 78%] /data/local/tmp/pl.apk
[ 78%] /data/local/tmp/pl.apk
[ 78%] /data/local/tmp/pl.apk
[ 78%] /data/local/tmp/pl.apk
[ 78%] /data/local/tmp/pl.apk
[ 78%] /data/local/tmp/pl.apk
[ 78%] /data/local/tmp/pl.apk
[ 78%] /data/local/tmp/pl.apk
[ 78%] /data/local/tmp/pl.apk
[ 78%] /data/local/tmp/pl.apk
[ 78%] /data/local/tmp/pl.apk
[ 79%] /data/local/tmp/pl.apk
[ 79%] /data/local/tmp/pl.apk
[ 79%] /data/local/tmp/pl.apk
[ 79%] /data/local/tmp/pl.apk
[ 79%] /data/local/tmp/pl.apk
[ 79%] /data/local/tmp/pl.apk
[ 79%] /data/local/tmp/pl.apk
[ 79%] /data/local/tmp/pl.apk
[ 79%] /data/local/tmp/pl.apk
[ 79%] /data/local/tmp/pl.apk
[ 79%] /data/local/tmp/pl.apk
[ 79%] /data/local/tmp/pl.apk
[ 79%] /data/local/tmp/pl.apk
[ 79%] /data/local/tmp/pl.apk
[ 79%] /data/local/tmp/pl.apk
[ 80%] /data/local/tmp/pl.apk
[ 80%] /data/local/tmp/pl.apk
[ 80%] /data/local/tmp/pl.apk
[ 80%] /data/local/tmp/pl.apk
[ 80%] /data/local/tmp/pl.apk
[ 80%] /data/local/tmp/pl.apk
[ 80%] /data/local/tmp/pl.apk
[ 80%] /data/local/tmp/pl.apk
[ 80%] /data/local/tmp/pl.apk
[ 80%] /data/local/tmp/pl.apk
[ 80%] /data/local/tmp/pl.apk
[ 80%] /data/local/tmp/pl.apk
[ 80%] /data/local/tmp/pl.apk
[ 80%] /data/local/tmp/pl.apk
[ 80%] /data/local/tmp/pl.apk
[ 81%] /data/local/tmp/pl.apk
[ 81%] /data/local/tmp/pl.apk
[ 81%] /data/local/tmp/pl.apk
[ 81%] /data/local/tmp/pl.apk
[ 81%] /data/local/tmp/pl.apk
[ 81%] /data/local/tmp/pl.apk
[ 81%] /data/local/tmp/pl.apk
[ 81%] /data/local/tmp/pl.apk
[ 81%] /data/local/tmp/pl.apk
[ 81%] /data/local/tmp/pl.apk
[ 81%] /data/local/tmp/pl.apk
[ 81%] /data/local/tmp/pl.apk
[ 81%] /data/local/tmp/pl.apk
[ 81%] /data/local/tmp/pl.apk
[ 81%] /data/local/tmp/pl.apk
[ 82%] /data/local/tmp/pl.apk
[ 82%] /data/local/tmp/pl.apk
[ 82%] /data/local/tmp/pl.apk
[ 82%] /data/local/tmp/pl.apk
[ 82%] /data/local/tmp/pl.apk
[ 82%] /data/local/tmp/pl.apk
[ 82%] /data/local/tmp/pl.apk
[ 82%] /data/local/tmp/pl.apk
[ 82%] /data/local/tmp/pl.apk
[ 82%] /data/local/tmp/pl.apk
[ 82%] /data/local/tmp/pl.apk
[ 82%] /data/local/tmp/pl.apk
[ 82%] /data/local/tmp/pl.apk
[ 82%] /data/local/tmp/pl.apk
[ 82%] /data/local/tmp/pl.apk
[ 83%] /data/local/tmp/pl.apk
[ 83%] /data/local/tmp/pl.apk
[ 83%] /data/local/tmp/pl.apk
[ 83%] /data/local/tmp/pl.apk
[ 83%] /data/local/tmp/pl.apk
[ 83%] /data/local/tmp/pl.apk
[ 83%] /data/local/tmp/pl.apk
[ 83%] /data/local/tmp/pl.apk
[ 83%] /data/local/tmp/pl.apk
[ 83%] /data/local/tmp/pl.apk
[ 83%] /data/local/tmp/pl.apk
[ 83%] /data/local/tmp/pl.apk
[ 83%] /data/local/tmp/pl.apk
[ 83%] /data/local/tmp/pl.apk
[ 83%] /data/local/tmp/pl.apk
[ 84%] /data/local/tmp/pl.apk
[ 84%] /data/local/tmp/pl.apk
[ 84%] /data/local/tmp/pl.apk
[ 84%] /data/local/tmp/pl.apk
[ 84%] /data/local/tmp/pl.apk
[ 84%] /data/local/tmp/pl.apk
[ 84%] /data/local/tmp/pl.apk
[ 84%] /data/local/tmp/pl.apk
[ 84%] /data/local/tmp/pl.apk
[ 84%] /data/local/tmp/pl.apk
[ 84%] /data/local/tmp/pl.apk
[ 84%] /data/local/tmp/pl.apk
[ 84%] /data/local/tmp/pl.apk
[ 84%] /data/local/tmp/pl.apk
[ 84%] /data/local/tmp/pl.apk
[ 85%] /data/local/tmp/pl.apk
[ 85%] /data/local/tmp/pl.apk
[ 85%] /data/local/tmp/pl.apk
[ 85%] /data/local/tmp/pl.apk
[ 85%] /data/local/tmp/pl.apk
[ 85%] /data/local/tmp/pl.apk
[ 85%] /data/local/tmp/pl.apk
[ 85%] /data/local/tmp/pl.apk
[ 85%] /data/local/tmp/pl.apk
[ 85%] /data/local/tmp/pl.apk
[ 85%] /data/local/tmp/pl.apk
[ 85%] /data/local/tmp/pl.apk
[ 85%] /data/local/tmp/pl.apk
[ 85%] /data/local/tmp/pl.apk
[ 85%] /data/local/tmp/pl.apk
[ 86%] /data/local/tmp/pl.apk
[ 86%] /data/local/tmp/pl.apk
[ 86%] /data/local/tmp/pl.apk
[ 86%] /data/local/tmp/pl.apk
[ 86%] /data/local/tmp/pl.apk
[ 86%] /data/local/tmp/pl.apk
[ 86%] /data/local/tmp/pl.apk
[ 86%] /data/local/tmp/pl.apk
[ 86%] /data/local/tmp/pl.apk
[ 86%] /data/local/tmp/pl.apk
[ 86%] /data/local/tmp/pl.apk
[ 86%] /data/local/tmp/pl.apk
[ 86%] /data/local/tmp/pl.apk
[ 86%] /data/local/tmp/pl.apk
[ 86%] /data/local/tmp/pl.apk
[ 87%] /data/local/tmp/pl.apk
[ 87%] /data/local/tmp/pl.apk
[ 87%] /data/local/tmp/pl.apk
[ 87%] /data/local/tmp/pl.apk
[ 87%] /data/local/tmp/pl.apk
[ 87%] /data/local/tmp/pl.apk
[ 87%] /data/local/tmp/pl.apk
[ 87%] /data/local/tmp/pl.apk
[ 87%] /data/local/tmp/pl.apk
[ 87%] /data/local/tmp/pl.apk
[ 87%] /data/local/tmp/pl.apk
[ 87%] /data/local/tmp/pl.apk
[ 87%] /data/local/tmp/pl.apk
[ 87%] /data/local/tmp/pl.apk
[ 87%] /data/local/tmp/pl.apk
[ 88%] /data/local/tmp/pl.apk
[ 88%] /data/local/tmp/pl.apk
[ 88%] /data/local/tmp/pl.apk
[ 88%] /data/local/tmp/pl.apk
[ 88%] /data/local/tmp/pl.apk
[ 88%] /data/local/tmp/pl.apk
[ 88%] /data/local/tmp/pl.apk
[ 88%] /data/local/tmp/pl.apk
[ 88%] /data/local/tmp/pl.apk
[ 88%] /data/local/tmp/pl.apk
[ 88%] /data/local/tmp/pl.apk
[ 88%] /data/local/tmp/pl.apk
[ 88%] /data/local/tmp/pl.apk
[ 88%] /data/local/tmp/pl.apk
[ 88%] /data/local/tmp/pl.apk
[ 88%] /data/local/tmp/pl.apk
[ 89%] /data/local/tmp/pl.apk
[ 89%] /data/local/tmp/pl.apk
[ 89%] /data/local/tmp/pl.apk
[ 89%] /data/local/tmp/pl.apk
[ 89%] /data/local/tmp/pl.apk
[ 89%] /data/local/tmp/pl.apk
[ 89%] /data/local/tmp/pl.apk
[ 89%] /data/local/tmp/pl.apk
[ 89%] /data/local/tmp/pl.apk
[ 89%] /data/local/tmp/pl.apk
[ 89%] /data/local/tmp/pl.apk
[ 89%] /data/local/tmp/pl.apk
[ 89%] /data/local/tmp/pl.apk
[ 89%] /data/local/tmp/pl.apk
[ 89%] /data/local/tmp/pl.apk
[ 90%] /data/local/tmp/pl.apk
[ 90%] /data/local/tmp/pl.apk
[ 90%] /data/local/tmp/pl.apk
[ 90%] /data/local/tmp/pl.apk
[ 90%] /data/local/tmp/pl.apk
[ 90%] /data/local/tmp/pl.apk
[ 90%] /data/local/tmp/pl.apk
[ 90%] /data/local/tmp/pl.apk
[ 90%] /data/local/tmp/pl.apk
[ 90%] /data/local/tmp/pl.apk
[ 90%] /data/local/tmp/pl.apk
[ 90%] /data/local/tmp/pl.apk
[ 90%] /data/local/tmp/pl.apk
[ 90%] /data/local/tmp/pl.apk
[ 90%] /data/local/tmp/pl.apk
[ 91%] /data/local/tmp/pl.apk
[ 91%] /data/local/tmp/pl.apk
[ 91%] /data/local/tmp/pl.apk
[ 91%] /data/local/tmp/pl.apk
[ 91%] /data/local/tmp/pl.apk
[ 91%] /data/local/tmp/pl.apk
[ 91%] /data/local/tmp/pl.apk
[ 91%] /data/local/tmp/pl.apk
[ 91%] /data/local/tmp/pl.apk
[ 91%] /data/local/tmp/pl.apk
[ 91%] /data/local/tmp/pl.apk
[ 91%] /data/local/tmp/pl.apk
[ 91%] /data/local/tmp/pl.apk
[ 91%] /data/local/tmp/pl.apk
[ 91%] /data/local/tmp/pl.apk
[ 92%] /data/local/tmp/pl.apk
[ 92%] /data/local/tmp/pl.apk
[ 92%] /data/local/tmp/pl.apk
[ 92%] /data/local/tmp/pl.apk
[ 92%] /data/local/tmp/pl.apk
[ 92%] /data/local/tmp/pl.apk
[ 92%] /data/local/tmp/pl.apk
[ 92%] /data/local/tmp/pl.apk
[ 92%] /data/local/tmp/pl.apk
[ 92%] /data/local/tmp/pl.apk
[ 92%] /data/local/tmp/pl.apk
[ 92%] /data/local/tmp/pl.apk
[ 92%] /data/local/tmp/pl.apk
[ 92%] /data/local/tmp/pl.apk
[ 92%] /data/local/tmp/pl.apk
[ 93%] /data/local/tmp/pl.apk
[ 93%] /data/local/tmp/pl.apk
[ 93%] /data/local/tmp/pl.apk
[ 93%] /data/local/tmp/pl.apk
[ 93%] /data/local/tmp/pl.apk
[ 93%] /data/local/tmp/pl.apk
[ 93%] /data/local/tmp/pl.apk
[ 93%] /data/local/tmp/pl.apk
[ 93%] /data/local/tmp/pl.apk
[ 93%] /data/local/tmp/pl.apk
[ 93%] /data/local/tmp/pl.apk
[ 93%] /data/local/tmp/pl.apk
[ 93%] /data/local/tmp/pl.apk
[ 93%] /data/local/tmp/pl.apk
[ 93%] /data/local/tmp/pl.apk
[ 94%] /data/local/tmp/pl.apk
[ 94%] /data/local/tmp/pl.apk
[ 94%] /data/local/tmp/pl.apk
[ 94%] /data/local/tmp/pl.apk
[ 94%] /data/local/tmp/pl.apk
[ 94%] /data/local/tmp/pl.apk
[ 94%] /data/local/tmp/pl.apk
[ 94%] /data/local/tmp/pl.apk
[ 94%] /data/local/tmp/pl.apk
[ 94%] /data/local/tmp/pl.apk
[ 94%] /data/local/tmp/pl.apk
[ 94%] /data/local/tmp/pl.apk
[ 94%] /data/local/tmp/pl.apk
[ 94%] /data/local/tmp/pl.apk
[ 94%] /data/local/tmp/pl.apk
[ 95%] /data/local/tmp/pl.apk
[ 95%] /data/local/tmp/pl.apk
[ 95%] /data/local/tmp/pl.apk
[ 95%] /data/local/tmp/pl.apk
[ 95%] /data/local/tmp/pl.apk
[ 95%] /data/local/tmp/pl.apk
[ 95%] /data/local/tmp/pl.apk
[ 95%] /data/local/tmp/pl.apk
[ 95%] /data/local/tmp/pl.apk
[ 95%] /data/local/tmp/pl.apk
[ 95%] /data/local/tmp/pl.apk
[ 95%] /data/local/tmp/pl.apk
[ 95%] /data/local/tmp/pl.apk
[ 95%] /data/local/tmp/pl.apk
[ 95%] /data/local/tmp/pl.apk
[ 96%] /data/local/tmp/pl.apk
[ 96%] /data/local/tmp/pl.apk
[ 96%] /data/local/tmp/pl.apk
[ 96%] /data/local/tmp/pl.apk
[ 96%] /data/local/tmp/pl.apk
[ 96%] /data/local/tmp/pl.apk
[ 96%] /data/local/tmp/pl.apk
[ 96%] /data/local/tmp/pl.apk
[ 96%] /data/local/tmp/pl.apk
[ 96%] /data/local/tmp/pl.apk
[ 96%] /data/local/tmp/pl.apk
[ 96%] /data/local/tmp/pl.apk
[ 96%] /data/local/tmp/pl.apk
[ 96%] /data/local/tmp/pl.apk
[ 96%] /data/local/tmp/pl.apk
[ 97%] /data/local/tmp/pl.apk
[ 97%] /data/local/tmp/pl.apk
[ 97%] /data/local/tmp/pl.apk
[ 97%] /data/local/tmp/pl.apk
[ 97%] /data/local/tmp/pl.apk
[ 97%] /data/local/tmp/pl.apk
[ 97%] /data/local/tmp/pl.apk
[ 97%] /data/local/tmp/pl.apk
[ 97%] /data/local/tmp/pl.apk
[ 97%] /data/local/tmp/pl.apk
[ 97%] /data/local/tmp/pl.apk
[ 97%] /data/local/tmp/pl.apk
[ 97%] /data/local/tmp/pl.apk
[ 97%] /data/local/tmp/pl.apk
[ 97%] /data/local/tmp/pl.apk
[ 98%] /data/local/tmp/pl.apk
[ 98%] /data/local/tmp/pl.apk
[ 98%] /data/local/tmp/pl.apk
[ 98%] /data/local/tmp/pl.apk
[ 98%] /data/local/tmp/pl.apk
[ 98%] /data/local/tmp/pl.apk
[ 98%] /data/local/tmp/pl.apk
[ 98%] /data/local/tmp/pl.apk
[ 98%] /data/local/tmp/pl.apk
[ 98%] /data/local/tmp/pl.apk
[ 98%] /data/local/tmp/pl.apk
[ 98%] /data/local/tmp/pl.apk
[ 98%] /data/local/tmp/pl.apk
[ 98%] /data/local/tmp/pl.apk
[ 98%] /data/local/tmp/pl.apk
[ 99%] /data/local/tmp/pl.apk
[ 99%] /data/local/tmp/pl.apk
[ 99%] /data/local/tmp/pl.apk
[ 99%] /data/local/tmp/pl.apk
[ 99%] /data/local/tmp/pl.apk
[ 99%] /data/local/tmp/pl.apk
[ 99%] /data/local/tmp/pl.apk
[ 99%] /data/local/tmp/pl.apk
[ 99%] /data/local/tmp/pl.apk
[ 99%] /data/local/tmp/pl.apk
[ 99%] /data/local/tmp/pl.apk
[ 99%] /data/local/tmp/pl.apk
[ 99%] /data/local/tmp/pl.apk
[ 99%] /data/local/tmp/pl.apk
[ 99%] /data/local/tmp/pl.apk
[ 99%] /data/local/tmp/pl.apk
[100%] /data/local/tmp/pl.apk
/home/trixo/Code/javaRewrite/Tests/CleanInstall/apk/pl.apk: 1 file pushed. 4.6 MB/s (98884171 bytes in 20.474s)
	pkg: /data/local/tmp/pl.apk
Success
2018-03-08 12:15:53:572 - info: [BaseDriver] Using local app '/home/trixo/Code/javaRewrite/Tests/CleanInstall/apk/pl.apk'
2018-03-08 12:15:53:572 - info: [debug] [MJSONWP] Responding to client with driver.installApp() result: null
2018-03-08 12:15:53:573 - info: [debug] [ADB] Running '/home/trixo/Android/Sdk/platform-tools/adb' with args: ["-P",5037,"-s","localhost:7429","install","-r","/home/trixo/Code/javaRewrite/Tests/CleanInstall/apk/pl.apk"]
2018-03-08 12:16:53:581 - info: [debug] [ADB] Running '/home/trixo/Android/Sdk/platform-tools/adb' with args: ["-P",5037,"-s","localhost:7429","install","-r","/home/trixo/Code/javaRewrite/Tests/CleanInstall/apk/pl.apk"]
2018-03-08 12:16:55:031 - info: [HTTP] <-- POST /wd/hub/session/fed12496-8012-4860-9cd2-f0725dc7a592/appium/device/install_app - - ms - - 
2018-03-08 12:16:55:032 - info: [HTTP] --> POST /wd/hub/session/fed12496-8012-4860-9cd2-f0725dc7a592/appium/device/install_app {"appPath":"/home/trixo/Code/javaRewrite/Tests/CleanInstall/apk/pl.apk"}
2018-03-08 12:16:55:032 - info: [debug] [MJSONWP] Calling AppiumDriver.installApp() with args: ["/home/trixo/Code/javaRewrite/Tests/CleanInstall/apk/pl.apk",null,null,null,"fed12496-8012-4860-9cd2-f0725dc7a592"]
2018-03-08 12:17:53:617 - info: [BaseDriver] Using local app '/home/trixo/Code/javaRewrite/Tests/CleanInstall/apk/pl.apk'
2018-03-08 12:17:53:618 - error: [MJSONWP] Encountered internal error running command: Error: Error executing adbExec. Original error: 'Command '/home/trixo/Android/Sdk/platform-tools/adb -P 5037 -s localhost\:7429 install -r /home/trixo/Code/javaRewrite/Tests/CleanInstall/apk/pl.apk' timed out after 60000ms'; Stderr: ''; Code: 'null'
    at ADB.execFunc$ (/home/trixo/Downloads/appium-1.8.0-beta3/node_modules/appium-adb/lib/tools/system-calls.js:317:13)
    at tryCatch (/home/trixo/Downloads/appium-1.8.0-beta3/node_modules/babel-runtime/regenerator/runtime.js:67:40)
    at GeneratorFunctionPrototype.invoke [as _invoke] (/home/trixo/Downloads/appium-1.8.0-beta3/node_modules/babel-runtime/regenerator/runtime.js:315:22)
    at GeneratorFunctionPrototype.prototype.(anonymous function) [as throw] (/home/trixo/Downloads/appium-1.8.0-beta3/node_modules/babel-runtime/regenerator/runtime.js:100:21)
    at GeneratorFunctionPrototype.invoke (/home/trixo/Downloads/appium-1.8.0-beta3/node_modules/babel-runtime/regenerator/runtime.js:136:37)
    at <anonymous>
2018-03-08 12:17:53:619 - info: [debug] [ADB] Running '/home/trixo/Android/Sdk/platform-tools/adb' with args: ["-P",5037,"-s","localhost:7429","install","-r","/home/trixo/Code/javaRewrite/Tests/CleanInstall/apk/pl.apk"]
2018-03-08 12:18:25:032 - info: [HTTP] <-- POST /wd/hub/session/fed12496-8012-4860-9cd2-f0725dc7a592/appium/device/install_app - - ms - - 
2018-03-08 12:18:25:033 - info: [HTTP] --> POST /wd/hub/session/fed12496-8012-4860-9cd2-f0725dc7a592/appium/device/install_app {"appPath":"/home/trixo/Code/javaRewrite/Tests/CleanInstall/apk/pl.apk"}
2018-03-08 12:18:25:033 - info: [debug] [MJSONWP] Calling AppiumDriver.installApp() with args: ["/home/trixo/Code/javaRewrite/Tests/CleanInstall/apk/pl.apk",null,null,null,"fed12496-8012-4860-9cd2-f0725dc7a592"]
2018-03-08 12:18:53:627 - info: [debug] [ADB] Running '/home/trixo/Android/Sdk/platform-tools/adb' with args: ["-P",5037,"-s","localhost:7429","install","-r","/home/trixo/Code/javaRewrite/Tests/CleanInstall/apk/pl.apk"]
2018-03-08 12:19:53:645 - info: [BaseDriver] Using local app '/home/trixo/Code/javaRewrite/Tests/CleanInstall/apk/pl.apk'
2018-03-08 12:19:53:646 - error: [MJSONWP] Encountered internal error running command: Error: Error executing adbExec. Original error: 'Command '/home/trixo/Android/Sdk/platform-tools/adb -P 5037 -s localhost\:7429 install -r /home/trixo/Code/javaRewrite/Tests/CleanInstall/apk/pl.apk' timed out after 60000ms'; Stderr: ''; Code: 'null'
    at ADB.execFunc$ (/home/trixo/Downloads/appium-1.8.0-beta3/node_modules/appium-adb/lib/tools/system-calls.js:317:13)
    at tryCatch (/home/trixo/Downloads/appium-1.8.0-beta3/node_modules/babel-runtime/regenerator/runtime.js:67:40)
    at GeneratorFunctionPrototype.invoke [as _invoke] (/home/trixo/Downloads/appium-1.8.0-beta3/node_modules/babel-runtime/regenerator/runtime.js:315:22)
    at GeneratorFunctionPrototype.prototype.(anonymous function) [as throw] (/home/trixo/Downloads/appium-1.8.0-beta3/node_modules/babel-runtime/regenerator/runtime.js:100:21)
    at GeneratorFunctionPrototype.invoke (/home/trixo/Downloads/appium-1.8.0-beta3/node_modules/babel-runtime/regenerator/runtime.js:136:37)
    at <anonymous>
2018-03-08 12:19:53:647 - info: [debug] [ADB] Running '/home/trixo/Android/Sdk/platform-tools/adb' with args: ["-P",5037,"-s","localhost:7429","install","-r","/home/trixo/Code/javaRewrite/Tests/CleanInstall/apk/pl.apk"]
2018-03-08 12:19:55:035 - info: [HTTP] <-- POST /wd/hub/session/fed12496-8012-4860-9cd2-f0725dc7a592/appium/device/install_app - - ms - - 
2018-03-08 12:19:55:047 - info: [HTTP] --> DELETE /wd/hub/session/fed12496-8012-4860-9cd2-f0725dc7a592 {}
2018-03-08 12:19:55:047 - info: [debug] [MJSONWP] Calling AppiumDriver.deleteSession() with args: ["fed12496-8012-4860-9cd2-f0725dc7a592"]
2018-03-08 12:19:55:047 - info: [debug] [BaseDriver] Event 'quitSessionRequested' logged at 1520511595047 (13:19:55 GMT+0100 (CET))
2018-03-08 12:19:55:048 - info: [Appium] Removing session fed12496-8012-4860-9cd2-f0725dc7a592 from our master session list
2018-03-08 12:19:55:049 - info: [debug] [AndroidDriver] Shutting down Android driver
2018-03-08 12:19:55:049 - info: [debug] [ADB] Getting connected devices...
2018-03-08 12:19:55:058 - info: [debug] [ADB] 2 device(s) connected
2018-03-08 12:19:55:058 - info: [debug] [ADB] Running '/home/trixo/Android/Sdk/platform-tools/adb' with args: ["-P",5037,"-s","localhost:7429","shell","am","force-stop","com.gorro.nothing"]
2018-03-08 12:19:55:074 - error: [Logcat] Logcat terminated with code 0, signal null
2018-03-08 12:19:55:075 - error: [UiAutomator] UiAutomator exited unexpectedly with code 0, signal null
2018-03-08 12:19:55:076 - info: [debug] [UiAutomator] Moving to state 'stopped'
2018-03-08 12:19:55:094 - info: [debug] [AndroidDriver] Shutting down Android driver
2018-03-08 12:19:55:095 - info: [debug] [ADB] Getting connected devices...
2018-03-08 12:19:55:102 - warn: [Appium] Closing session, cause was 'UiAUtomator shut down unexpectedly'
2018-03-08 12:19:55:103 - info: [Appium] Removing session fed12496-8012-4860-9cd2-f0725dc7a592 from our master session list
2018-03-08 12:19:55:103 - info: [debug] [ADB] Running '/home/trixo/Android/Sdk/platform-tools/adb' with args: ["-P",5037,"-s","localhost:7429","shell","am","force-stop","com.gorro.nothing"]
2018-03-08 12:19:55:111 - info: [debug] [ADB] 1 device(s) connected
2018-03-08 12:19:55:112 - info: [debug] [ADB] Running '/home/trixo/Android/Sdk/platform-tools/adb' with args: ["-P",5037,"-s","localhost:7429","shell","am","force-stop","com.gorro.nothing"]
2018-03-08 12:19:55:117 - error: [Appium] Had trouble ending session fed12496-8012-4860-9cd2-f0725dc7a592: Error executing adbExec. Original error: 'Command '/home/trixo/Android/Sdk/platform-tools/adb -P 5037 -s localhost\:7429 shell am force-stop com.gorro.nothing' exited with code 1'; Stderr: 'error: device 'localhost:7429' not found'; Code: '1'
2018-03-08 12:19:55:118 - error: [MJSONWP] Encountered internal error running command: Error: Error executing adbExec. Original error: 'Command '/home/trixo/Android/Sdk/platform-tools/adb -P 5037 -s localhost\:7429 shell am force-stop com.gorro.nothing' exited with code 1'; Stderr: 'error: device 'localhost:7429' not found'; Code: '1'
    at ADB.execFunc$ (/home/trixo/Downloads/appium-1.8.0-beta3/node_modules/appium-adb/lib/tools/system-calls.js:317:13)
    at tryCatch (/home/trixo/Downloads/appium-1.8.0-beta3/node_modules/babel-runtime/regenerator/runtime.js:67:40)
    at GeneratorFunctionPrototype.invoke [as _invoke] (/home/trixo/Downloads/appium-1.8.0-beta3/node_modules/babel-runtime/regenerator/runtime.js:315:22)
    at GeneratorFunctionPrototype.prototype.(anonymous function) [as throw] (/home/trixo/Downloads/appium-1.8.0-beta3/node_modules/babel-runtime/regenerator/runtime.js:100:21)
    at GeneratorFunctionPrototype.invoke (/home/trixo/Downloads/appium-1.8.0-beta3/node_modules/babel-runtime/regenerator/runtime.js:136:37)
    at <anonymous>
2018-03-08 12:19:55:119 - info: [HTTP] <-- DELETE /wd/hub/session/fed12496-8012-4860-9cd2-f0725dc7a592 500 72 ms - 414 
2018-03-08 12:19:55:120 - info: [debug] [ADB] Running '/home/trixo/Android/Sdk/platform-tools/adb' with args: ["-P",5037,"-s","localhost:7429","shell","am","force-stop","com.gorro.nothing"]
2018-03-08 12:20:53:662 - info: [debug] [ADB] Running '/home/trixo/Android/Sdk/platform-tools/adb' with args: ["-P",5037,"-s","localhost:7429","install","-r","/home/trixo/Code/javaRewrite/Tests/CleanInstall/apk/pl.apk"]
2018-03-08 12:21:08:597 - info: [Appium] Received SIGINT - shutting down
2018-03-08 12:21:08:604 - error: [MJSONWP] Encountered internal error running command: Error: Error executing adbExec. Original error: 'Command '/home/trixo/Android/Sdk/platform-tools/adb -P 5037 -s localhost\:7429 install -r /home/trixo/Code/javaRewrite/Tests/CleanInstall/apk/pl.apk' exited with code null'; Stderr: 'error: device 'localhost:7429' not found
- waiting for device -'; Code: 'null'
    at ADB.execFunc$ (/home/trixo/Downloads/appium-1.8.0-beta3/node_modules/appium-adb/lib/tools/system-calls.js:317:13)
    at tryCatch (/home/trixo/Downloads/appium-1.8.0-beta3/node_modules/babel-runtime/regenerator/runtime.js:67:40)
    at GeneratorFunctionPrototype.invoke [as _invoke] (/home/trixo/Downloads/appium-1.8.0-beta3/node_modules/babel-runtime/regenerator/runtime.js:315:22)
    at GeneratorFunctionPrototype.prototype.(anonymous function) [as throw] (/home/trixo/Downloads/appium-1.8.0-beta3/node_modules/babel-runtime/regenerator/runtime.js:100:21)
    at GeneratorFunctionPrototype.invoke (/home/trixo/Downloads/appium-1.8.0-beta3/node_modules/babel-runtime/regenerator/runtime.js:136:37)
    at <anonymous>
