2018-03-08T12:07:00.077Z - info: Test execution started
2018-03-08T12:07:00.078Z - info: Got following options to run{"testID":1040,"testChildren":1,"testName":"Sign Up email","UDID":"cd21ccc5","port":4003,"systemPort":8203,"bpPort":6003,"desCaps":{"testName":"Sign Up email","testFileName":"SignUpEmail","groupTest":false,"desiredCapabilities":{"platformName":"Android","deviceName":"Android","appPackage":"com.pointvoucher.playlondonpv","appActivity":"com.unity3d.player.UnityPlayerActivity","fullReset":false,"noReset":true,"newCommandTimeout":120000,"skipUnlock":true},"parameters":{}},"outputDir":"/home/trixo/Code/javaRewrite/logs/1040_SignUpEmail_cd21ccc5"}
2018-03-08T12:07:00.190Z - info: Trying to connect to openSTF with serial number cd21ccc5
2018-03-08T12:07:00.237Z - info: executing command adb connect  localhost:7429
2018-03-08T12:07:00.243Z - info: /home/trixo/Downloads/appium-1.8.0-beta3/build/lib/main.js -p 4003 -bp 6003  --log-timestamp --log /home/trixo/Code/javaRewrite/logs/1040_SignUpEmail_cd21ccc5/Appium.log
2018-03-08T12:07:00.243Z - info: Trying to create appium Server on port: 4003
2018-03-08T12:07:02.430Z - info: Appium server created on port: 4003
2018-03-08T12:07:21.231Z - info: Running Signup email
2018-03-08T12:07:21.259Z - info: Looking for image on screen:If on screen then app Loaded,Logout state true with 20 repeats 
2018-03-08T12:07:21.259Z - info: Running delay for : 4000
2018-03-08T12:07:25.264Z - info: Running delay for : 2000
2018-03-08T12:07:28.286Z - info: Running delay for : 2000
2018-03-08T12:07:31.600Z - info: Running delay for : 2000
2018-03-08T12:07:34.503Z - info: Running delay for : 2000
2018-03-08T12:07:37.212Z - info: Running delay for : 2000
2018-03-08T12:07:40.155Z - info: Running delay for : 2000
2018-03-08T12:07:42.861Z - info: Running delay for : 2000
2018-03-08T12:07:46.492Z - info: Found image on screen: If on screen then app Loaded,Logout state true
2018-03-08T12:07:46.492Z - info: Running click event : Click Login button with 5repets
2018-03-08T12:07:46.492Z - info: Looking for image on screen:Click Login button with 5 repeats 
2018-03-08T12:07:46.492Z - info: Running delay for : 2000
2018-03-08T12:07:48.495Z - info: Running delay for : 0
2018-03-08T12:07:49.886Z - info: Found image on screen: Click Login button
2018-03-08T12:07:50.051Z - info: clicked on : Click Login button with following coordinates x=483 y=27.5
2018-03-08T12:07:50.051Z - info: Running click event : Click Email Login button with 5repets
2018-03-08T12:07:50.052Z - info: Looking for image on screen:Click Email Login button with 5 repeats 
2018-03-08T12:07:50.052Z - info: Running delay for : 2000
2018-03-08T12:07:52.053Z - info: Running delay for : 0
2018-03-08T12:07:53.284Z - info: Found image on screen: Click Email Login button
2018-03-08T12:07:53.413Z - info: clicked on : Click Email Login button with following coordinates x=152 y=812
2018-03-08T12:07:53.413Z - info: Running click event : Click Yes age button with 5repets
2018-03-08T12:07:53.413Z - info: Looking for image on screen:Click Yes age button with 5 repeats 
2018-03-08T12:07:53.414Z - info: Running delay for : 2000
2018-03-08T12:07:55.416Z - info: Running delay for : 0
2018-03-08T12:07:56.369Z - info: Found image on screen: Click Yes age button
2018-03-08T12:07:56.496Z - info: clicked on : Click Yes age button with following coordinates x=271 y=585
2018-03-08T12:07:56.497Z - info: Running click event : Click on Enter Email field with 5repets
2018-03-08T12:07:56.497Z - info: Looking for image on screen:Click on Enter Email field with 5 repeats 
2018-03-08T12:07:56.497Z - info: Running delay for : 2000
2018-03-08T12:07:58.499Z - info: Running delay for : 0
2018-03-08T12:07:59.236Z - info: Found image on screen: Click on Enter Email field
2018-03-08T12:07:59.433Z - info: clicked on : Click on Enter Email field with following coordinates x=272 y=456.5
2018-03-08T12:08:05.453Z - info: Running clear keyboard (click on x0y0
2018-03-08T12:08:05.633Z - info: Keyboard cleared
2018-03-08T12:08:05.633Z - info: Running click event : Next email with 5repets
2018-03-08T12:08:05.633Z - info: Looking for image on screen:Next email with 5 repeats 
2018-03-08T12:08:05.634Z - info: Running delay for : 500
2018-03-08T12:08:06.135Z - info: Running delay for : 0
2018-03-08T12:08:06.946Z - info: Found image on screen: Next email
2018-03-08T12:08:07.085Z - info: clicked on : Next email with following coordinates x=401 y=597.5
2018-03-08T12:08:07.086Z - info: Running click event : Click on Enter Password field with 5repets
2018-03-08T12:08:07.086Z - info: Looking for image on screen:Click on Enter Password field with 5 repeats 
2018-03-08T12:08:07.086Z - info: Running delay for : 2000
2018-03-08T12:08:09.088Z - info: Running delay for : 0
2018-03-08T12:08:09.900Z - info: Found image on screen: Click on Enter Password field
2018-03-08T12:08:10.073Z - info: clicked on : Click on Enter Password field with following coordinates x=270 y=529
2018-03-08T12:09:40.082Z - info: ERROR[MyERr]: TEST FINISHED WITH ERROR: Error: connect ECONNREFUSED 127.0.0.1:4003
2018-03-08T12:09:40.091Z - info: Appium on close  null
2018-03-08T12:09:40.098Z - info: Disconnected localhost:7429=> open STF 
