2018-03-08T13:17:12.618Z - info: Test execution started
2018-03-08T13:17:12.618Z - info: Got following options to run{"testID":1053,"testChildren":1,"testName":"Sign Up email","UDID":"cd21ccc5","port":4003,"systemPort":8203,"bpPort":6003,"desCaps":{"testName":"Sign Up email","testFileName":"SignUpEmail","groupTest":false,"desiredCapabilities":{"platformName":"Android","deviceName":"Android","appPackage":"com.pointvoucher.playlondonpv","appActivity":"com.unity3d.player.UnityPlayerActivity","fullReset":false,"noReset":true,"newCommandTimeout":120000,"skipUnlock":true},"parameters":{}},"outputDir":"/home/trixo/Code/javaRewrite/logs/1053_SignUpEmail_cd21ccc5"}
2018-03-08T13:17:12.728Z - info: Trying to connect to openSTF with serial number cd21ccc5
2018-03-08T13:17:12.778Z - info: executing command adb connect  localhost:7401
2018-03-08T13:17:12.785Z - info: /home/trixo/Downloads/appium-1.8.0-beta3/build/lib/main.js -p 4003 -bp 6003  --log-timestamp --log /home/trixo/Code/javaRewrite/logs/1053_SignUpEmail_cd21ccc5/Appium.log
2018-03-08T13:17:12.785Z - info: Trying to create appium Server on port: 4003
2018-03-08T13:17:15.053Z - info: Appium server created on port: 4003
2018-03-08T13:17:33.373Z - info: Running Signup email
2018-03-08T13:17:33.410Z - info: Looking for image on screen:If on screen then app Loaded,Logout state true with 20 repeats 
2018-03-08T13:17:33.410Z - info: Running delay for : 4000
2018-03-08T13:17:37.414Z - info: Running delay for : 2000
2018-03-08T13:17:40.457Z - info: Running delay for : 2000
2018-03-08T13:17:43.365Z - info: Running delay for : 2000
2018-03-08T13:17:46.389Z - info: Running delay for : 2000
2018-03-08T13:17:49.434Z - info: Running delay for : 2000
2018-03-08T13:17:52.178Z - info: Running delay for : 2000
2018-03-08T13:17:54.969Z - info: Running delay for : 2000
2018-03-08T13:17:58.216Z - info: Found image on screen: If on screen then app Loaded,Logout state true
2018-03-08T13:17:58.217Z - info: Running click event : Click Login button with 5repets
2018-03-08T13:17:58.217Z - info: Looking for image on screen:Click Login button with 5 repeats 
2018-03-08T13:17:58.217Z - info: Running delay for : 2000
2018-03-08T13:18:00.217Z - info: Running delay for : 0
2018-03-08T13:18:01.914Z - info: Found image on screen: Click Login button
2018-03-08T13:18:02.090Z - info: clicked on : Click Login button with following coordinates x=483 y=27.5
2018-03-08T13:18:02.090Z - info: Running click event : Click Email Login button with 5repets
2018-03-08T13:18:02.090Z - info: Looking for image on screen:Click Email Login button with 5 repeats 
2018-03-08T13:18:02.090Z - info: Running delay for : 2000
2018-03-08T13:18:04.092Z - info: Running delay for : 0
2018-03-08T13:18:05.310Z - info: Found image on screen: Click Email Login button
2018-03-08T13:18:05.460Z - info: clicked on : Click Email Login button with following coordinates x=152 y=812
2018-03-08T13:18:05.461Z - info: Running click event : Click Yes age button with 5repets
2018-03-08T13:18:05.461Z - info: Looking for image on screen:Click Yes age button with 5 repeats 
2018-03-08T13:18:05.461Z - info: Running delay for : 2000
2018-03-08T13:18:07.463Z - info: Running delay for : 0
2018-03-08T13:18:08.410Z - info: Found image on screen: Click Yes age button
2018-03-08T13:18:08.559Z - info: clicked on : Click Yes age button with following coordinates x=271 y=585
2018-03-08T13:18:08.559Z - info: Running click event : Click on Enter Email field with 5repets
2018-03-08T13:18:08.559Z - info: Looking for image on screen:Click on Enter Email field with 5 repeats 
2018-03-08T13:18:08.559Z - info: Running delay for : 2000
2018-03-08T13:18:10.561Z - info: Running delay for : 0
2018-03-08T13:18:11.308Z - info: Found image on screen: Click on Enter Email field
2018-03-08T13:18:11.603Z - info: clicked on : Click on Enter Email field with following coordinates x=272 y=456.5
2018-03-08T13:18:17.781Z - info: Running clear keyboard (click on x0y0
2018-03-08T13:18:17.925Z - info: Keyboard cleared
2018-03-08T13:18:17.925Z - info: Running click event : Next email with 5repets
2018-03-08T13:18:17.925Z - info: Looking for image on screen:Next email with 5 repeats 
2018-03-08T13:18:17.925Z - info: Running delay for : 500
2018-03-08T13:18:18.425Z - info: Running delay for : 0
2018-03-08T13:18:19.338Z - info: Found image on screen: Next email
2018-03-08T13:18:19.488Z - info: clicked on : Next email with following coordinates x=401 y=597.5
2018-03-08T13:18:19.488Z - info: Running click event : Click on Enter Password field with 5repets
2018-03-08T13:18:19.488Z - info: Looking for image on screen:Click on Enter Password field with 5 repeats 
2018-03-08T13:18:19.488Z - info: Running delay for : 2000
2018-03-08T13:18:21.491Z - info: Running delay for : 0
2018-03-08T13:18:22.273Z - info: Found image on screen: Click on Enter Password field
2018-03-08T13:18:22.431Z - info: clicked on : Click on Enter Password field with following coordinates x=270 y=529
2018-03-08T13:18:26.550Z - info: Running clear keyboard (click on x0y0
2018-03-08T13:18:26.699Z - info: Keyboard cleared
2018-03-08T13:18:26.699Z - info: Running click event : Next password with 5repets
2018-03-08T13:18:26.699Z - info: Looking for image on screen:Next password with 5 repeats 
2018-03-08T13:18:26.699Z - info: Running delay for : 100
2018-03-08T13:18:26.800Z - info: Running delay for : 0
2018-03-08T13:18:27.524Z - info: Found image on screen: Next password
2018-03-08T13:18:27.673Z - info: clicked on : Next password with following coordinates x=271 y=715
2018-03-08T13:18:27.674Z - info: Running click event : Accept terms circle with 5repets
2018-03-08T13:18:27.674Z - info: Looking for image on screen:Accept terms circle with 5 repeats 
2018-03-08T13:18:27.674Z - info: Running delay for : 500
2018-03-08T13:18:28.175Z - info: Running delay for : 0
2018-03-08T13:18:29.016Z - info: Found image on screen: Accept terms circle
2018-03-08T13:18:29.155Z - info: clicked on : Accept terms circle with following coordinates x=54.5 y=463
2018-03-08T13:18:29.155Z - info: Running click event : terms next button with 5repets
2018-03-08T13:18:29.155Z - info: Looking for image on screen:terms next button with 5 repeats 
2018-03-08T13:18:29.155Z - info: Running delay for : 500
2018-03-08T13:18:29.655Z - info: Running delay for : 0
2018-03-08T13:18:30.420Z - info: Found image on screen: terms next button
2018-03-08T13:18:30.560Z - info: clicked on : terms next button with following coordinates x=399 y=665.5
2018-03-08T13:18:30.560Z - info: Running click event : My account button with 5repets
2018-03-08T13:18:30.560Z - info: Looking for image on screen:My account button with 5 repeats 
2018-03-08T13:18:30.560Z - info: Running delay for : 500
2018-03-08T13:18:31.061Z - info: Running delay for : 0
2018-03-08T13:18:31.925Z - info: Found image on screen: My account button
2018-03-08T13:18:32.077Z - info: clicked on : My account button with following coordinates x=141.5 y=694
2018-03-08T13:18:32.077Z - info: Running click event : Fill name with 5repets
2018-03-08T13:18:32.077Z - info: Looking for image on screen:Fill name with 5 repeats 
2018-03-08T13:18:32.077Z - info: Running delay for : 500
2018-03-08T13:18:32.578Z - info: Running delay for : 0
2018-03-08T13:18:33.345Z - info: Found image on screen: Fill name
2018-03-08T13:18:33.521Z - info: clicked on : Fill name with following coordinates x=272 y=448
2018-03-08T13:18:37.900Z - info: Running clear keyboard (click on x0y0
2018-03-08T13:18:38.043Z - info: Keyboard cleared
2018-03-08T13:18:38.043Z - info: Running click event : BirthdayField  with 5repets
2018-03-08T13:18:38.043Z - info: Looking for image on screen:BirthdayField  with 5 repeats 
2018-03-08T13:18:38.043Z - info: Running delay for : 500
2018-03-08T13:18:38.543Z - info: Running delay for : 0
2018-03-08T13:18:39.375Z - info: Found image on screen: BirthdayField 
2018-03-08T13:18:39.571Z - info: clicked on : BirthdayField  with following coordinates x=270.5 y=585.5
2018-03-08T13:18:45.001Z - info: Value is not correct -> repeating
2018-03-08T13:18:50.407Z - info: Running clear keyboard (click on x0y0
2018-03-08T13:18:50.608Z - info: Keyboard cleared
2018-03-08T13:18:50.608Z - info: Running click event : create profile button  with 5repets
2018-03-08T13:18:50.608Z - info: Looking for image on screen:create profile button  with 5 repeats 
2018-03-08T13:18:50.608Z - info: Running delay for : 500
2018-03-08T13:18:51.109Z - info: Running delay for : 0
2018-03-08T13:18:52.126Z - info: Found image on screen: create profile button 
2018-03-08T13:18:52.278Z - info: clicked on : create profile button  with following coordinates x=396.5 y=751.5
2018-03-08T13:18:52.278Z - info: Looking for image on screen:If 0 coins then looged in with 20 repeats 
2018-03-08T13:18:52.278Z - info: Running delay for : 1000
2018-03-08T13:18:53.279Z - info: Running delay for : 0
2018-03-08T13:18:55.374Z - info: Found image on screen: If 0 coins then looged in
2018-03-08T13:18:55.374Z - info: Running click event :  x Button   with 5repets
2018-03-08T13:18:55.374Z - info: Looking for image on screen: x Button   with 5 repeats 
2018-03-08T13:18:55.374Z - info: Running delay for : 5000
2018-03-08T13:19:00.374Z - info: Running delay for : 0
2018-03-08T13:19:02.019Z - info: Found image on screen:  x Button  
2018-03-08T13:19:02.174Z - info: clicked on :  x Button   with following coordinates x=513 y=111
2018-03-08T13:19:02.174Z - info: Running click event : Settings Button  with 5repets
2018-03-08T13:19:02.174Z - info: Looking for image on screen:Settings Button  with 5 repeats 
2018-03-08T13:19:02.174Z - info: Running delay for : 500
2018-03-08T13:19:02.674Z - info: Running delay for : 0
2018-03-08T13:19:04.474Z - info: Found image on screen: Settings Button 
2018-03-08T13:19:04.622Z - info: clicked on : Settings Button  with following coordinates x=44 y=903
2018-03-08T13:19:04.623Z - info: Running click event : Logout Button  with 5repets
2018-03-08T13:19:04.623Z - info: Looking for image on screen:Logout Button  with 5 repeats 
2018-03-08T13:19:04.623Z - info: Running delay for : 500
2018-03-08T13:19:05.124Z - info: Running delay for : 0
2018-03-08T13:19:06.137Z - info: Found image on screen: Logout Button 
2018-03-08T13:19:06.272Z - info: clicked on : Logout Button  with following coordinates x=437 y=210
2018-03-08T13:19:06.273Z - info: Running click event : Big Ok Logout button  with 5repets
2018-03-08T13:19:06.273Z - info: Looking for image on screen:Big Ok Logout button  with 5 repeats 
2018-03-08T13:19:06.273Z - info: Running delay for : 500
2018-03-08T13:19:06.774Z - info: Running delay for : 0
2018-03-08T13:19:08.106Z - info: Running delay for : 0
2018-03-08T13:19:09.311Z - info: Found image on screen: Big Ok Logout button 
2018-03-08T13:19:09.459Z - info: clicked on : Big Ok Logout button  with following coordinates x=269.5 y=639
2018-03-08T13:19:09.459Z - info: Looking for image on screen:Logout status correct with 20 repeats 
2018-03-08T13:19:09.459Z - info: Running delay for : 6000
2018-03-08T13:19:15.461Z - info: Running delay for : 2000
2018-03-08T13:19:19.077Z - info: Running delay for : 2000
2018-03-08T13:19:23.980Z - info: Found image on screen: Logout status correct
2018-03-08T13:19:23.980Z - info: Test:Sign Up email[FINISHED]
2018-03-08T13:19:27.446Z - info: Disconnected localhost:7401=> open STF 
2018-03-08T13:22:41.537Z - info: Appium on close  null
2018-03-08T13:22:41.559Z - info: You are not owner of localhost:7401 => open STF 
2018-03-08T13:22:41.559Z - info: You are not owner of localhost:7401 => open STF 
