2018-03-08T11:57:05.832Z - info: Test execution started
2018-03-08T11:57:05.833Z - info: Got following options to run{"testID":1037,"testChildren":1,"testName":"Sign Up email","UDID":"cd21ccc5","port":4003,"systemPort":8203,"bpPort":6003,"desCaps":{"testName":"Sign Up email","testFileName":"SignUpEmail","groupTest":false,"desiredCapabilities":{"platformName":"Android","deviceName":"Android","appPackage":"com.pointvoucher.playlondonpv","appActivity":"com.unity3d.player.UnityPlayerActivity","fullReset":false,"noReset":true,"newCommandTimeout":120000,"skipUnlock":true},"parameters":{}},"outputDir":"/home/trixo/Code/javaRewrite/logs/1037_SignUpEmail_cd21ccc5"}
2018-03-08T11:57:05.936Z - info: Trying to connect to openSTF with serial number cd21ccc5
2018-03-08T11:57:05.981Z - info: executing command adb connect  localhost:7429
2018-03-08T11:57:05.989Z - info: /home/trixo/Downloads/appium-1.8.0-beta3/build/lib/main.js -p 4003 -bp 6003  --log-timestamp --log /home/trixo/Code/javaRewrite/logs/1037_SignUpEmail_cd21ccc5/Appium.log
2018-03-08T11:57:05.989Z - info: Trying to create appium Server on port: 4003
2018-03-08T11:57:08.144Z - info: Appium server created on port: 4003
2018-03-08T11:57:26.504Z - info: Running Signup email
2018-03-08T11:57:26.541Z - info: Looking for image on screen:If on screen then app Loaded,Logout state true with 20 repeats 
2018-03-08T11:57:26.541Z - info: Running delay for : 4000
2018-03-08T11:57:30.547Z - info: Running delay for : 2000
2018-03-08T11:57:33.637Z - info: Running delay for : 2000
2018-03-08T11:57:36.549Z - info: Running delay for : 2000
2018-03-08T11:57:39.592Z - info: Running delay for : 2000
2018-03-08T11:57:42.305Z - info: Running delay for : 2000
2018-03-08T11:57:45.434Z - info: Running delay for : 2000
2018-03-08T11:57:48.199Z - info: Running delay for : 2000
2018-03-08T11:57:51.889Z - info: Found image on screen: If on screen then app Loaded,Logout state true
2018-03-08T11:57:51.889Z - info: Running click event : Click Login button with 5repets
2018-03-08T11:57:51.889Z - info: Looking for image on screen:Click Login button with 5 repeats 
2018-03-08T11:57:51.889Z - info: Running delay for : 2000
2018-03-08T11:57:53.891Z - info: Running delay for : 0
2018-03-08T11:57:55.412Z - info: Found image on screen: Click Login button
2018-03-08T11:57:55.556Z - info: clicked on : Click Login button with following coordinates x=483 y=27.5
2018-03-08T11:57:55.557Z - info: Running click event : Click Email Login button with 5repets
2018-03-08T11:57:55.557Z - info: Looking for image on screen:Click Email Login button with 5 repeats 
2018-03-08T11:57:55.557Z - info: Running delay for : 2000
2018-03-08T11:57:57.560Z - info: Running delay for : 0
2018-03-08T11:57:58.808Z - info: Found image on screen: Click Email Login button
2018-03-08T11:57:58.939Z - info: clicked on : Click Email Login button with following coordinates x=152 y=812
2018-03-08T11:57:58.939Z - info: Running click event : Click Yes age button with 5repets
2018-03-08T11:57:58.939Z - info: Looking for image on screen:Click Yes age button with 5 repeats 
2018-03-08T11:57:58.939Z - info: Running delay for : 2000
2018-03-08T11:58:00.941Z - info: Running delay for : 0
2018-03-08T11:58:01.937Z - info: Found image on screen: Click Yes age button
2018-03-08T11:58:02.062Z - info: clicked on : Click Yes age button with following coordinates x=271 y=585
2018-03-08T11:58:02.062Z - info: Running click event : Click on Enter Email field with 5repets
2018-03-08T11:58:02.062Z - info: Looking for image on screen:Click on Enter Email field with 5 repeats 
2018-03-08T11:58:02.062Z - info: Running delay for : 2000
2018-03-08T11:58:04.065Z - info: Running delay for : 0
2018-03-08T11:58:04.888Z - info: Found image on screen: Click on Enter Email field
2018-03-08T11:58:05.068Z - info: clicked on : Click on Enter Email field with following coordinates x=272 y=456.5
2018-03-08T11:58:10.973Z - info: Running clear keyboard (click on x0y0
2018-03-08T11:58:11.123Z - info: Keyboard cleared
2018-03-08T11:58:11.123Z - info: Running click event : Next email with 5repets
2018-03-08T11:58:11.124Z - info: Looking for image on screen:Next email with 5 repeats 
2018-03-08T11:58:11.124Z - info: Running delay for : 500
2018-03-08T11:58:11.625Z - info: Running delay for : 0
2018-03-08T11:58:12.499Z - info: Found image on screen: Next email
2018-03-08T11:58:12.635Z - info: clicked on : Next email with following coordinates x=401 y=597.5
2018-03-08T11:58:12.636Z - info: Running click event : Click on Enter Password field with 5repets
2018-03-08T11:58:12.636Z - info: Looking for image on screen:Click on Enter Password field with 5 repeats 
2018-03-08T11:58:12.636Z - info: Running delay for : 2000
2018-03-08T11:58:14.638Z - info: Running delay for : 0
2018-03-08T11:58:15.426Z - info: Found image on screen: Click on Enter Password field
2018-03-08T11:58:15.581Z - info: clicked on : Click on Enter Password field with following coordinates x=270 y=529
2018-03-08T11:58:19.598Z - info: Running clear keyboard (click on x0y0
2018-03-08T11:58:19.788Z - info: Keyboard cleared
2018-03-08T11:58:19.788Z - info: Running click event : Next password with 5repets
2018-03-08T11:58:19.788Z - info: Looking for image on screen:Next password with 5 repeats 
2018-03-08T11:58:19.788Z - info: Running delay for : 100
2018-03-08T11:58:19.889Z - info: Running delay for : 0
2018-03-08T11:58:20.636Z - info: Found image on screen: Next password
2018-03-08T11:58:20.770Z - info: clicked on : Next password with following coordinates x=271 y=715
2018-03-08T11:58:20.770Z - info: Running click event : Accept terms circle with 5repets
2018-03-08T11:58:20.770Z - info: Looking for image on screen:Accept terms circle with 5 repeats 
2018-03-08T11:58:20.770Z - info: Running delay for : 500
2018-03-08T11:58:21.271Z - info: Running delay for : 0
2018-03-08T11:58:22.136Z - info: Found image on screen: Accept terms circle
2018-03-08T11:58:22.280Z - info: clicked on : Accept terms circle with following coordinates x=54.5 y=463
2018-03-08T11:58:22.280Z - info: Running click event : terms next button with 5repets
2018-03-08T11:58:22.280Z - info: Looking for image on screen:terms next button with 5 repeats 
2018-03-08T11:58:22.280Z - info: Running delay for : 500
2018-03-08T11:58:22.781Z - info: Running delay for : 0
2018-03-08T11:58:23.582Z - info: Found image on screen: terms next button
2018-03-08T11:58:23.714Z - info: clicked on : terms next button with following coordinates x=399 y=665.5
2018-03-08T11:58:23.714Z - info: Running click event : My account button with 5repets
2018-03-08T11:58:23.714Z - info: Looking for image on screen:My account button with 5 repeats 
2018-03-08T11:58:23.714Z - info: Running delay for : 500
2018-03-08T11:58:24.216Z - info: Running delay for : 0
2018-03-08T11:58:25.070Z - info: Found image on screen: My account button
2018-03-08T11:58:25.202Z - info: clicked on : My account button with following coordinates x=141.5 y=694
2018-03-08T11:58:25.203Z - info: Running click event : Fill name with 5repets
2018-03-08T11:58:25.203Z - info: Looking for image on screen:Fill name with 5 repeats 
2018-03-08T11:58:25.203Z - info: Running delay for : 500
2018-03-08T11:58:25.703Z - info: Running delay for : 0
2018-03-08T11:58:26.459Z - info: Found image on screen: Fill name
2018-03-08T11:58:26.597Z - info: clicked on : Fill name with following coordinates x=272 y=448
2018-03-08T11:58:30.577Z - info: Running clear keyboard (click on x0y0
2018-03-08T11:58:30.728Z - info: Keyboard cleared
2018-03-08T11:58:30.729Z - info: Running click event : BirthdayField  with 5repets
2018-03-08T11:58:30.729Z - info: Looking for image on screen:BirthdayField  with 5 repeats 
2018-03-08T11:58:30.729Z - info: Running delay for : 500
2018-03-08T11:58:31.229Z - info: Running delay for : 0
2018-03-08T11:58:32.177Z - info: Found image on screen: BirthdayField 
2018-03-08T11:58:32.365Z - info: clicked on : BirthdayField  with following coordinates x=270.5 y=585.5
2018-03-08T11:58:37.840Z - info: Value is not correct -> repeating
2018-03-08T11:58:43.222Z - info: Running clear keyboard (click on x0y0
2018-03-08T11:58:43.393Z - info: Keyboard cleared
2018-03-08T11:58:43.393Z - info: Running click event : create profile button  with 5repets
2018-03-08T11:58:43.393Z - info: Looking for image on screen:create profile button  with 5 repeats 
2018-03-08T11:58:43.393Z - info: Running delay for : 500
2018-03-08T11:58:43.894Z - info: Running delay for : 0
2018-03-08T11:58:44.829Z - info: Found image on screen: create profile button 
2018-03-08T11:58:44.958Z - info: clicked on : create profile button  with following coordinates x=395.5 y=751.5
2018-03-08T11:58:44.959Z - info: Looking for image on screen:If 0 coins then looged in with 20 repeats 
2018-03-08T11:58:44.959Z - info: Running delay for : 1000
2018-03-08T11:58:45.961Z - info: Running delay for : 0
2018-03-08T11:58:47.801Z - info: Found image on screen: If 0 coins then looged in
2018-03-08T11:58:47.801Z - info: Running click event :  x Button   with 5repets
2018-03-08T11:58:47.801Z - info: Looking for image on screen: x Button   with 5 repeats 
2018-03-08T11:58:47.801Z - info: Running delay for : 5000
2018-03-08T11:58:52.802Z - info: Running delay for : 0
2018-03-08T11:58:54.074Z - info: Found image on screen:  x Button  
2018-03-08T11:58:54.219Z - info: clicked on :  x Button   with following coordinates x=513 y=111
2018-03-08T11:58:54.219Z - info: Running click event : Settings Button  with 5repets
2018-03-08T11:58:54.219Z - info: Looking for image on screen:Settings Button  with 5 repeats 
2018-03-08T11:58:54.219Z - info: Running delay for : 500
2018-03-08T11:58:54.721Z - info: Running delay for : 0
2018-03-08T11:58:55.632Z - info: Running delay for : 0
2018-03-08T11:58:55.635Z - info: Running delay for : 0
2018-03-08T11:58:55.638Z - info: Running delay for : 0
2018-03-08T11:58:55.641Z - info: Running delay for : 0
2018-03-08T11:58:55.645Z - info: Looking for image on screen #5
2018-03-08T11:58:55.645Z - info: ERROR[MyERr]: TEST FINISHED WITH ERROR: Object not found : Settings Button 
2018-03-08T11:58:55.651Z - info: You are not owner of localhost:7429 => open STF 
2018-03-08T11:59:00.670Z - info: Appium on close  null
