2018-03-08T13:26:53.655Z - info: Test execution started
2018-03-08T13:26:53.656Z - info: Got following options to run{"testID":1055,"testChildren":1,"testName":"Sign Up email","UDID":"cd21ccc5","port":4003,"systemPort":8203,"bpPort":6003,"desCaps":{"testName":"Sign Up email","testFileName":"SignUpEmail","groupTest":false,"desiredCapabilities":{"platformName":"Android","deviceName":"Android","appPackage":"com.pointvoucher.playlondonpv","appActivity":"com.unity3d.player.UnityPlayerActivity","fullReset":false,"noReset":true,"newCommandTimeout":120000,"skipUnlock":true},"parameters":{}},"outputDir":"/home/trixo/Code/javaRewrite/logs/1055_SignUpEmail_cd21ccc5"}
2018-03-08T13:26:53.764Z - info: Trying to connect to openSTF with serial number cd21ccc5
2018-03-08T13:26:53.814Z - info: executing command adb connect  localhost:7401
2018-03-08T13:26:53.822Z - info: /home/trixo/Downloads/appium-1.8.0-beta3/build/lib/main.js -p 4003 -bp 6003  --log-timestamp --log /home/trixo/Code/javaRewrite/logs/1055_SignUpEmail_cd21ccc5/Appium.log
2018-03-08T13:26:53.822Z - info: Trying to create appium Server on port: 4003
2018-03-08T13:26:56.152Z - info: Appium server created on port: 4003
2018-03-08T13:27:14.580Z - info: Running Signup email
2018-03-08T13:27:14.613Z - info: Looking for image on screen:If on screen then app Loaded,Logout state true with 20 repeats 
2018-03-08T13:27:14.613Z - info: Running delay for : 4000
2018-03-08T13:27:18.619Z - info: Running delay for : 2000
2018-03-08T13:27:21.622Z - info: Running delay for : 2000
2018-03-08T13:27:24.411Z - info: Running delay for : 2000
2018-03-08T13:27:27.139Z - info: Running delay for : 2000
2018-03-08T13:27:29.818Z - info: Running delay for : 2000
2018-03-08T13:27:32.611Z - info: Running delay for : 2000
2018-03-08T13:27:35.886Z - info: Found image on screen: If on screen then app Loaded,Logout state true
2018-03-08T13:27:35.886Z - info: Running click event : Click Login button with 5repets
2018-03-08T13:27:35.886Z - info: Looking for image on screen:Click Login button with 5 repeats 
2018-03-08T13:27:35.886Z - info: Running delay for : 2000
2018-03-08T13:27:37.887Z - info: Running delay for : 0
2018-03-08T13:27:39.372Z - info: Found image on screen: Click Login button
2018-03-08T13:27:39.548Z - info: clicked on : Click Login button with following coordinates x=483 y=27.5
2018-03-08T13:27:39.548Z - info: Running click event : Click Email Login button with 5repets
2018-03-08T13:27:39.548Z - info: Looking for image on screen:Click Email Login button with 5 repeats 
2018-03-08T13:27:39.548Z - info: Running delay for : 2000
2018-03-08T13:27:41.551Z - info: Running delay for : 0
2018-03-08T13:27:42.751Z - info: Found image on screen: Click Email Login button
2018-03-08T13:27:42.898Z - info: clicked on : Click Email Login button with following coordinates x=152 y=812
2018-03-08T13:27:42.899Z - info: Running click event : Click Yes age button with 5repets
2018-03-08T13:27:42.899Z - info: Looking for image on screen:Click Yes age button with 5 repeats 
2018-03-08T13:27:42.899Z - info: Running delay for : 2000
2018-03-08T13:27:44.901Z - info: Running delay for : 0
2018-03-08T13:27:45.833Z - info: Found image on screen: Click Yes age button
2018-03-08T13:27:45.982Z - info: clicked on : Click Yes age button with following coordinates x=271 y=585
2018-03-08T13:27:45.983Z - info: Running click event : Click on Enter Email field with 5repets
2018-03-08T13:27:45.983Z - info: Looking for image on screen:Click on Enter Email field with 5 repeats 
2018-03-08T13:27:45.983Z - info: Running delay for : 2000
2018-03-08T13:27:47.986Z - info: Running delay for : 0
2018-03-08T13:27:48.847Z - info: Found image on screen: Click on Enter Email field
2018-03-08T13:27:49.188Z - info: clicked on : Click on Enter Email field with following coordinates x=272 y=456.5
2018-03-08T13:27:55.922Z - info: Running clear keyboard (click on x0y0
2018-03-08T13:27:56.113Z - info: Keyboard cleared
2018-03-08T13:27:56.113Z - info: Running click event : Next email with 5repets
2018-03-08T13:27:56.113Z - info: Looking for image on screen:Next email with 5 repeats 
2018-03-08T13:27:56.113Z - info: Running delay for : 500
2018-03-08T13:27:56.615Z - info: Running delay for : 0
2018-03-08T13:27:57.508Z - info: Found image on screen: Next email
2018-03-08T13:27:57.649Z - info: clicked on : Next email with following coordinates x=401 y=597.5
2018-03-08T13:27:57.649Z - info: Running click event : Click on Enter Password field with 5repets
2018-03-08T13:27:57.649Z - info: Looking for image on screen:Click on Enter Password field with 5 repeats 
2018-03-08T13:27:57.650Z - info: Running delay for : 2000
2018-03-08T13:27:59.652Z - info: Running delay for : 0
2018-03-08T13:28:00.472Z - info: Found image on screen: Click on Enter Password field
2018-03-08T13:28:00.642Z - info: clicked on : Click on Enter Password field with following coordinates x=270 y=529
2018-03-08T13:28:04.933Z - info: Running clear keyboard (click on x0y0
2018-03-08T13:28:05.082Z - info: Keyboard cleared
2018-03-08T13:28:05.082Z - info: Running click event : Next password with 5repets
2018-03-08T13:28:05.082Z - info: Looking for image on screen:Next password with 5 repeats 
2018-03-08T13:28:05.082Z - info: Running delay for : 100
2018-03-08T13:28:05.182Z - info: Running delay for : 0
2018-03-08T13:28:05.920Z - info: Found image on screen: Next password
2018-03-08T13:28:06.067Z - info: clicked on : Next password with following coordinates x=271 y=715
2018-03-08T13:28:06.067Z - info: Running click event : Accept terms circle with 5repets
2018-03-08T13:28:06.067Z - info: Looking for image on screen:Accept terms circle with 5 repeats 
2018-03-08T13:28:06.067Z - info: Running delay for : 500
2018-03-08T13:28:06.568Z - info: Running delay for : 0
2018-03-08T13:28:07.401Z - info: Found image on screen: Accept terms circle
2018-03-08T13:28:07.538Z - info: clicked on : Accept terms circle with following coordinates x=54.5 y=463
2018-03-08T13:28:07.539Z - info: Running click event : terms next button with 5repets
2018-03-08T13:28:07.539Z - info: Looking for image on screen:terms next button with 5 repeats 
2018-03-08T13:28:07.539Z - info: Running delay for : 500
2018-03-08T13:28:08.040Z - info: Running delay for : 0
2018-03-08T13:28:08.836Z - info: Found image on screen: terms next button
2018-03-08T13:28:08.984Z - info: clicked on : terms next button with following coordinates x=399 y=665.5
2018-03-08T13:28:08.984Z - info: Running click event : My account button with 5repets
2018-03-08T13:28:08.984Z - info: Looking for image on screen:My account button with 5 repeats 
2018-03-08T13:28:08.984Z - info: Running delay for : 500
2018-03-08T13:28:09.485Z - info: Running delay for : 0
2018-03-08T13:28:10.315Z - info: Found image on screen: My account button
2018-03-08T13:28:10.459Z - info: clicked on : My account button with following coordinates x=141.5 y=694
2018-03-08T13:28:10.459Z - info: Running click event : Fill name with 5repets
2018-03-08T13:28:10.459Z - info: Looking for image on screen:Fill name with 5 repeats 
2018-03-08T13:28:10.459Z - info: Running delay for : 500
2018-03-08T13:28:10.960Z - info: Running delay for : 0
2018-03-08T13:28:11.795Z - info: Found image on screen: Fill name
2018-03-08T13:28:11.950Z - info: clicked on : Fill name with following coordinates x=272 y=448
2018-03-08T13:28:16.219Z - info: Running clear keyboard (click on x0y0
2018-03-08T13:28:16.423Z - info: Keyboard cleared
2018-03-08T13:28:16.423Z - info: Running click event : BirthdayField  with 5repets
2018-03-08T13:28:16.423Z - info: Looking for image on screen:BirthdayField  with 5 repeats 
2018-03-08T13:28:16.423Z - info: Running delay for : 500
2018-03-08T13:28:16.924Z - info: Running delay for : 0
2018-03-08T13:28:17.777Z - info: Found image on screen: BirthdayField 
2018-03-08T13:28:17.926Z - info: clicked on : BirthdayField  with following coordinates x=270.5 y=585.5
2018-03-08T13:28:23.951Z - info: Value is not correct -> repeating
2018-03-08T13:28:28.987Z - info: Running clear keyboard (click on x0y0
2018-03-08T13:28:29.136Z - info: Keyboard cleared
2018-03-08T13:28:29.136Z - info: Running click event : create profile button  with 5repets
2018-03-08T13:28:29.136Z - info: Looking for image on screen:create profile button  with 5 repeats 
2018-03-08T13:28:29.136Z - info: Running delay for : 500
2018-03-08T13:28:29.638Z - info: Running delay for : 0
2018-03-08T13:28:30.491Z - info: Found image on screen: create profile button 
2018-03-08T13:28:30.639Z - info: clicked on : create profile button  with following coordinates x=395.5 y=751.5
2018-03-08T13:28:30.639Z - info: Looking for image on screen:If 0 coins then looged in with 20 repeats 
2018-03-08T13:28:30.639Z - info: Running delay for : 1000
2018-03-08T13:28:31.641Z - info: Running delay for : 0
2018-03-08T13:28:33.510Z - info: Found image on screen: If 0 coins then looged in
2018-03-08T13:28:33.510Z - info: Running click event :  x Button   with 5repets
2018-03-08T13:28:33.510Z - info: Looking for image on screen: x Button   with 5 repeats 
2018-03-08T13:28:33.510Z - info: Running delay for : 5000
2018-03-08T13:28:38.510Z - info: Running delay for : 0
2018-03-08T13:28:39.743Z - info: Found image on screen:  x Button  
2018-03-08T13:28:39.928Z - info: clicked on :  x Button   with following coordinates x=513 y=111
2018-03-08T13:28:39.929Z - info: Running click event : Settings Button  with 5repets
2018-03-08T13:28:39.929Z - info: Looking for image on screen:Settings Button  with 5 repeats 
2018-03-08T13:28:39.929Z - info: Running delay for : 500
2018-03-08T13:28:40.430Z - info: Running delay for : 0
2018-03-08T13:28:42.036Z - info: Found image on screen: Settings Button 
2018-03-08T13:28:42.181Z - info: clicked on : Settings Button  with following coordinates x=44 y=903
2018-03-08T13:28:42.181Z - info: Running click event : Logout Button  with 5repets
2018-03-08T13:28:42.181Z - info: Looking for image on screen:Logout Button  with 5 repeats 
2018-03-08T13:28:42.181Z - info: Running delay for : 500
2018-03-08T13:28:42.681Z - info: Running delay for : 0
2018-03-08T13:28:43.633Z - info: Found image on screen: Logout Button 
2018-03-08T13:28:43.774Z - info: clicked on : Logout Button  with following coordinates x=437 y=210
2018-03-08T13:28:43.774Z - info: Running click event : Big Ok Logout button  with 5repets
2018-03-08T13:28:43.775Z - info: Looking for image on screen:Big Ok Logout button  with 5 repeats 
2018-03-08T13:28:43.775Z - info: Running delay for : 500
2018-03-08T13:28:44.276Z - info: Running delay for : 0
2018-03-08T13:28:45.635Z - info: Running delay for : 0
2018-03-08T13:28:46.826Z - info: Running delay for : 0
2018-03-08T13:28:48.063Z - info: Found image on screen: Big Ok Logout button 
2018-03-08T13:28:48.228Z - info: clicked on : Big Ok Logout button  with following coordinates x=269.5 y=638
2018-03-08T13:28:48.228Z - info: Looking for image on screen:Logout status correct with 20 repeats 
2018-03-08T13:28:48.229Z - info: Running delay for : 6000
2018-03-08T13:28:54.231Z - info: Running delay for : 2000
2018-03-08T13:28:57.835Z - info: Running delay for : 2000
2018-03-08T13:29:03.039Z - info: Found image on screen: Logout status correct
2018-03-08T13:29:03.039Z - info: Test:Sign Up email[FINISHED]
2018-03-08T13:29:06.264Z - info: Disconnected localhost:7401=> open STF 
