2018-03-08T13:32:54.957Z - info: Test execution started
2018-03-08T13:32:54.957Z - info: Got following options to run{"testID":1055,"testChildren":4,"testName":"Go To Profile","UDID":"cd21ccc5","port":4006,"systemPort":8206,"bpPort":6006,"desCaps":{"testName":"Go To Profile","testFileName":"GoToProfile","groupTest":false,"desiredCapabilities":{"platformName":"Android","deviceName":"Android","appPackage":"com.pointvoucher.playlondonpv","appActivity":"com.unity3d.player.UnityPlayerActivity","fullReset":false,"noReset":true,"newCommandTimeout":120000,"skipUnlock":true},"parameters":{}},"outputDir":"/home/trixo/Code/javaRewrite/logs/1055_GoToProfile_cd21ccc5"}
2018-03-08T13:32:55.044Z - info: Trying to connect to openSTF with serial number cd21ccc5
2018-03-08T13:32:55.095Z - info: executing command adb connect  localhost:7401
2018-03-08T13:32:55.105Z - info: /home/trixo/Downloads/appium-1.8.0-beta3/build/lib/main.js -p 4006 -bp 6006  --log-timestamp --log /home/trixo/Code/javaRewrite/logs/1055_GoToProfile_cd21ccc5/Appium.log
2018-03-08T13:32:55.105Z - info: Trying to create appium Server on port: 4006
2018-03-08T13:32:57.223Z - info: Appium server created on port: 4006
2018-03-08T13:33:14.860Z - info: Play london profile test
2018-03-08T13:33:14.890Z - info: Looking for image on screen:If on screen then app Loaded,Logout state true with 20 repeats 
2018-03-08T13:33:14.890Z - info: Running delay for : 4000
2018-03-08T13:33:18.894Z - info: Running delay for : 2000
2018-03-08T13:33:21.896Z - info: Running delay for : 2000
2018-03-08T13:33:24.676Z - info: Running delay for : 2000
2018-03-08T13:33:27.427Z - info: Running delay for : 2000
2018-03-08T13:33:30.154Z - info: Running delay for : 2000
2018-03-08T13:33:32.850Z - info: Running delay for : 2000
2018-03-08T13:33:35.523Z - info: Running delay for : 2000
2018-03-08T13:33:39.222Z - info: Running delay for : 2000
2018-03-08T13:33:42.177Z - info: Running delay for : 2000
2018-03-08T13:33:46.259Z - info: Running delay for : 2000
2018-03-08T13:33:49.663Z - info: Running delay for : 2000
2018-03-08T13:33:54.561Z - info: Found image on screen: If on screen then app Loaded,Logout state true
2018-03-08T13:33:54.561Z - info: Running click event : Click Login button with 5repets
2018-03-08T13:33:54.562Z - info: Looking for image on screen:Click Login button with 5 repeats 
2018-03-08T13:33:54.562Z - info: Running delay for : 2000
2018-03-08T13:33:56.564Z - info: Running delay for : 0
2018-03-08T13:33:59.511Z - info: Found image on screen: Click Login button
2018-03-08T13:33:59.723Z - info: clicked on : Click Login button with following coordinates x=478 y=29
2018-03-08T13:33:59.724Z - info: Running click event : Click Email Login button with 5repets
2018-03-08T13:33:59.724Z - info: Looking for image on screen:Click Email Login button with 5 repeats 
2018-03-08T13:33:59.724Z - info: Running delay for : 2000
2018-03-08T13:34:01.727Z - info: Running delay for : 0
2018-03-08T13:34:02.975Z - info: Found image on screen: Click Email Login button
2018-03-08T13:34:03.128Z - info: clicked on : Click Email Login button with following coordinates x=153.5 y=811
2018-03-08T13:34:03.128Z - info: Running click event : Click Yes age button with 5repets
2018-03-08T13:34:03.128Z - info: Looking for image on screen:Click Yes age button with 5 repeats 
2018-03-08T13:34:03.128Z - info: Running delay for : 2000
2018-03-08T13:34:05.131Z - info: Running delay for : 0
2018-03-08T13:34:06.118Z - info: Found image on screen: Click Yes age button
2018-03-08T13:34:06.269Z - info: clicked on : Click Yes age button with following coordinates x=273.5 y=585
2018-03-08T13:34:06.269Z - info: Running click event : Click on Enter Email field with 5repets
2018-03-08T13:34:06.269Z - info: Looking for image on screen:Click on Enter Email field with 5 repeats 
2018-03-08T13:34:06.270Z - info: Running delay for : 2000
2018-03-08T13:34:08.272Z - info: Running delay for : 0
2018-03-08T13:34:09.034Z - info: Found image on screen: Click on Enter Email field
2018-03-08T13:34:09.220Z - info: clicked on : Click on Enter Email field with following coordinates x=272.5 y=457
2018-03-08T13:34:14.473Z - info: Running clear keyboard (click on x0y0
2018-03-08T13:34:14.650Z - info: Keyboard cleared
2018-03-08T13:34:14.651Z - info: Running click event : Next email with 5repets
2018-03-08T13:34:14.651Z - info: Looking for image on screen:Next email with 5 repeats 
2018-03-08T13:34:14.651Z - info: Running delay for : 500
2018-03-08T13:34:15.151Z - info: Running delay for : 0
2018-03-08T13:34:16.024Z - info: Found image on screen: Next email
2018-03-08T13:34:16.191Z - info: clicked on : Next email with following coordinates x=401 y=593
2018-03-08T13:34:16.192Z - info: Running click event : Click on Enter Password field with 5repets
2018-03-08T13:34:16.192Z - info: Looking for image on screen:Click on Enter Password field with 5 repeats 
2018-03-08T13:34:16.192Z - info: Running delay for : 2000
2018-03-08T13:34:18.195Z - info: Running delay for : 0
2018-03-08T13:34:18.993Z - info: Found image on screen: Click on Enter Password field
2018-03-08T13:34:19.195Z - info: clicked on : Click on Enter Password field with following coordinates x=269 y=464.5
2018-03-08T13:34:23.384Z - info: Running clear keyboard (click on x0y0
2018-03-08T13:34:23.551Z - info: Keyboard cleared
2018-03-08T13:34:23.551Z - info: Running click event : Next password with 5repets
2018-03-08T13:34:23.552Z - info: Looking for image on screen:Next password with 5 repeats 
2018-03-08T13:34:23.552Z - info: Running delay for : 100
2018-03-08T13:34:23.653Z - info: Running delay for : 0
2018-03-08T13:34:24.407Z - info: Found image on screen: Next password
2018-03-08T13:34:24.570Z - info: clicked on : Next password with following coordinates x=401 y=655
2018-03-08T13:34:24.571Z - info: Looking for image on screen:If 0 coins then looged in with 20 repeats 
2018-03-08T13:34:24.571Z - info: Running delay for : 1000
2018-03-08T13:34:25.572Z - info: Running delay for : 0
2018-03-08T13:34:28.557Z - info: Found image on screen: If 0 coins then looged in
2018-03-08T13:34:28.557Z - info: Running click event : coins button  with 5repets
2018-03-08T13:34:28.558Z - info: Looking for image on screen:coins button  with 5 repeats 
2018-03-08T13:34:28.558Z - info: Running delay for : 0
2018-03-08T13:34:28.559Z - info: Running delay for : 0
2018-03-08T13:34:31.416Z - info: Found image on screen: coins button 
2018-03-08T13:34:31.584Z - info: clicked on : coins button  with following coordinates x=479.5 y=30.5
2018-03-08T13:34:31.584Z - info: Running click event : My Account button  with 10repets
2018-03-08T13:34:31.584Z - info: Looking for image on screen:My Account button  with 10 repeats 
2018-03-08T13:34:31.584Z - info: Running delay for : 2000
2018-03-08T13:34:33.587Z - info: Running delay for : 0
2018-03-08T13:34:34.746Z - info: Found image on screen: My Account button 
2018-03-08T13:34:34.893Z - info: clicked on : My Account button  with following coordinates x=452.5 y=671
2018-03-08T13:34:34.893Z - info: Running delay for : 6000
2018-03-08T13:34:40.895Z - info: Looking for image on screen:profile webview openned with 20 repeats 
2018-03-08T13:34:40.896Z - info: Running delay for : 3000
2018-03-08T13:34:43.899Z - info: Running delay for : 0
2018-03-08T13:34:45.501Z - info: Found image on screen: profile webview openned
2018-03-08T13:34:54.946Z - info: Found image on screen: scrolling
2018-03-08T13:34:55.580Z - info: Running click event : My profile open dropdown  with 5repets
2018-03-08T13:34:55.580Z - info: Looking for image on screen:My profile open dropdown  with 5 repeats 
2018-03-08T13:34:55.581Z - info: Running delay for : 500
2018-03-08T13:34:56.082Z - info: Running delay for : 0
2018-03-08T13:34:56.966Z - info: Found image on screen: My profile open dropdown 
2018-03-08T13:34:57.131Z - info: clicked on : My profile open dropdown  with following coordinates x=471.5 y=148
2018-03-08T13:34:57.131Z - info: Running click event : Opening birthday  with 5repets
2018-03-08T13:34:57.131Z - info: Looking for image on screen:Opening birthday  with 5 repeats 
2018-03-08T13:34:57.131Z - info: Running delay for : 1000
2018-03-08T13:34:58.132Z - info: Running delay for : 0
2018-03-08T13:34:58.881Z - info: Found image on screen: Opening birthday 
2018-03-08T13:34:59.066Z - info: clicked on : Opening birthday  with following coordinates x=107.5 y=354.5
2018-03-08T13:35:00.506Z - info: Running click event : Click 14 on date Picker with 5repets
2018-03-08T13:35:00.506Z - info: Looking for image on screen:Click 14 on date Picker with 5 repeats 
2018-03-08T13:35:00.506Z - info: Running delay for : 1000
2018-03-08T13:35:01.508Z - info: Running delay for : 0
2018-03-08T13:35:02.378Z - info: Found image on screen: Click 14 on date Picker
2018-03-08T13:35:02.655Z - info: clicked on : Click 14 on date Picker with following coordinates x=382.5 y=550
2018-03-08T13:35:02.655Z - info: Running click event : Click on set in datepicker with 5repets
2018-03-08T13:35:02.655Z - info: Looking for image on screen:Click on set in datepicker with 5 repeats 
2018-03-08T13:35:02.655Z - info: Running delay for : 500
2018-03-08T13:35:03.156Z - info: Running delay for : 0
2018-03-08T13:35:03.966Z - info: Found image on screen: Click on set in datepicker
2018-03-08T13:35:04.183Z - info: clicked on : Click on set in datepicker with following coordinates x=438 y=797
2018-03-08T13:35:04.614Z - info: Running click event : Opening gender  with 5repets
2018-03-08T13:35:04.614Z - info: Looking for image on screen:Opening gender  with 5 repeats 
2018-03-08T13:35:04.614Z - info: Running delay for : 1000
2018-03-08T13:35:05.616Z - info: Running delay for : 0
2018-03-08T13:35:06.474Z - info: Found image on screen: Opening gender 
2018-03-08T13:35:06.634Z - info: clicked on : Opening gender  with following coordinates x=102 y=437
2018-03-08T13:35:06.634Z - info: Running click event : select gender with 5repets
2018-03-08T13:35:06.634Z - info: Looking for image on screen:select gender with 5 repeats 
2018-03-08T13:35:06.634Z - info: Running delay for : 500
2018-03-08T13:35:07.134Z - info: Running delay for : 0
2018-03-08T13:35:07.924Z - info: Found image on screen: select gender
2018-03-08T13:35:08.087Z - info: clicked on : select gender with following coordinates x=113.5 y=624
2018-03-08T13:35:08.088Z - info: Running click event : Opening country select  with 5repets
2018-03-08T13:35:08.088Z - info: Looking for image on screen:Opening country select  with 5 repeats 
2018-03-08T13:35:08.088Z - info: Running delay for : 1000
2018-03-08T13:35:09.089Z - info: Running delay for : 0
2018-03-08T13:35:09.982Z - info: Found image on screen: Opening country select 
2018-03-08T13:35:10.131Z - info: clicked on : Opening country select  with following coordinates x=104 y=513
2018-03-08T13:35:10.131Z - info: Running click event : select country with 5repets
2018-03-08T13:35:10.131Z - info: Looking for image on screen:select country with 5 repeats 
2018-03-08T13:35:10.131Z - info: Running delay for : 500
2018-03-08T13:35:10.633Z - info: Running delay for : 0
2018-03-08T13:35:11.501Z - info: Found image on screen: select country
2018-03-08T13:35:11.737Z - info: clicked on : select country with following coordinates x=119.5 y=804
2018-03-08T13:35:11.738Z - info: Running click event : Click update profile Button with 5repets
2018-03-08T13:35:11.738Z - info: Looking for image on screen:Click update profile Button with 5 repeats 
2018-03-08T13:35:11.738Z - info: Running delay for : 500
2018-03-08T13:35:12.239Z - info: Running delay for : 0
2018-03-08T13:35:13.089Z - info: Found image on screen: Click update profile Button
2018-03-08T13:35:13.454Z - info: clicked on : Click update profile Button with following coordinates x=373 y=843.5
2018-03-08T13:35:13.454Z - info: Running click event : Click ok on alert button with 5repets
2018-03-08T13:35:13.454Z - info: Looking for image on screen:Click ok on alert button with 5 repeats 
2018-03-08T13:35:13.454Z - info: Running delay for : 500
2018-03-08T13:35:13.956Z - info: Running delay for : 0
2018-03-08T13:35:14.806Z - info: Found image on screen: Click ok on alert button
2018-03-08T13:35:14.966Z - info: clicked on : Click ok on alert button with following coordinates x=268.5 y=577.5
2018-03-08T13:35:14.967Z - info: Running click event : close voucher shop with 5repets
2018-03-08T13:35:14.967Z - info: Looking for image on screen:close voucher shop with 5 repeats 
2018-03-08T13:35:14.967Z - info: Running delay for : 500
2018-03-08T13:35:15.468Z - info: Running delay for : 0
2018-03-08T13:35:16.321Z - info: Found image on screen: close voucher shop
2018-03-08T13:35:16.465Z - info: clicked on : close voucher shop with following coordinates x=509 y=31.5
2018-03-08T13:35:16.465Z - info: Running click event : My Account button  with 10repets
2018-03-08T13:35:16.465Z - info: Looking for image on screen:My Account button  with 10 repeats 
2018-03-08T13:35:16.465Z - info: Running delay for : 2000
2018-03-08T13:35:18.468Z - info: Running delay for : 0
2018-03-08T13:35:19.670Z - info: Found image on screen: My Account button 
2018-03-08T13:35:19.824Z - info: clicked on : My Account button  with following coordinates x=452.5 y=671
2018-03-08T13:35:19.824Z - info: Running delay for : 6000
2018-03-08T13:35:25.826Z - info: Looking for image on screen:profile webview openned with 20 repeats 
2018-03-08T13:35:25.826Z - info: Running delay for : 3000
2018-03-08T13:35:28.830Z - info: Running delay for : 0
2018-03-08T13:35:30.218Z - info: Found image on screen: profile webview openned
2018-03-08T13:35:39.465Z - info: Found image on screen: scrolling
2018-03-08T13:35:40.064Z - info: Running click event : My profile open dropdown  with 5repets
2018-03-08T13:35:40.064Z - info: Looking for image on screen:My profile open dropdown  with 5 repeats 
2018-03-08T13:35:40.064Z - info: Running delay for : 500
2018-03-08T13:35:40.566Z - info: Running delay for : 0
2018-03-08T13:35:41.420Z - info: Found image on screen: My profile open dropdown 
2018-03-08T13:35:41.576Z - info: clicked on : My profile open dropdown  with following coordinates x=264.5 y=885
2018-03-08T13:35:41.576Z - info: Running delay for : 3000
2018-03-08T13:35:48.346Z - info: Profile is updated
2018-03-08T13:35:48.346Z - info: Running click event : close voucher shop with 5repets
2018-03-08T13:35:48.346Z - info: Looking for image on screen:close voucher shop with 5 repeats 
2018-03-08T13:35:48.346Z - info: Running delay for : 500
2018-03-08T13:35:48.848Z - info: Running delay for : 0
2018-03-08T13:35:49.719Z - info: Found image on screen: close voucher shop
2018-03-08T13:35:49.898Z - info: clicked on : close voucher shop with following coordinates x=509 y=31.5
2018-03-08T13:35:49.898Z - info: Running click event :  x Button   with 5repets
2018-03-08T13:35:49.898Z - info: Looking for image on screen: x Button   with 5 repeats 
2018-03-08T13:35:49.898Z - info: Running delay for : 5000
2018-03-08T13:35:54.899Z - info: Running delay for : 0
2018-03-08T13:35:56.027Z - info: Found image on screen:  x Button  
2018-03-08T13:35:56.215Z - info: clicked on :  x Button   with following coordinates x=519 y=77
2018-03-08T13:35:56.215Z - info: Running click event :  x Button   with 5repets
2018-03-08T13:35:56.215Z - info: Looking for image on screen: x Button   with 5 repeats 
2018-03-08T13:35:56.216Z - info: Running delay for : 5000
2018-03-08T13:36:01.216Z - info: Running delay for : 0
2018-03-08T13:36:04.447Z - info: Running delay for : 0
2018-03-08T13:36:07.590Z - info: Running delay for : 0
2018-03-08T13:36:10.771Z - info: Running delay for : 0
2018-03-08T13:36:13.979Z - info: Running delay for : 0
2018-03-08T13:36:17.155Z - info: Looking for image on screen #5
2018-03-08T13:36:17.156Z - info: ERROR[MyERr]: TEST FINISHED WITH ERROR: Object not found :  x Button  
2018-03-08T13:36:17.175Z - info: Disconnected localhost:7401=> open STF 
