2018-03-08T12:32:18.769Z - info: Test execution started
2018-03-08T12:32:18.769Z - info: Got following options to run{"testID":1045,"testChildren":1,"testName":"Sign Up email","UDID":"cd21ccc5","port":4003,"systemPort":8203,"bpPort":6003,"desCaps":{"testName":"Sign Up email","testFileName":"SignUpEmail","groupTest":false,"desiredCapabilities":{"platformName":"Android","deviceName":"Android","appPackage":"com.pointvoucher.playlondonpv","appActivity":"com.unity3d.player.UnityPlayerActivity","fullReset":false,"noReset":true,"newCommandTimeout":120000,"skipUnlock":true},"parameters":{}},"outputDir":"/home/trixo/Code/javaRewrite/logs/1045_SignUpEmail_cd21ccc5"}
2018-03-08T12:32:18.876Z - info: Trying to connect to openSTF with serial number cd21ccc5
2018-03-08T12:32:18.922Z - info: executing command adb connect  localhost:7429
2018-03-08T12:32:18.930Z - info: /home/trixo/Downloads/appium-1.8.0-beta3/build/lib/main.js -p 4003 -bp 6003  --log-timestamp --log /home/trixo/Code/javaRewrite/logs/1045_SignUpEmail_cd21ccc5/Appium.log
2018-03-08T12:32:18.930Z - info: Trying to create appium Server on port: 4003
2018-03-08T12:32:21.208Z - info: Appium server created on port: 4003
2018-03-08T12:32:39.409Z - info: Running Signup email
2018-03-08T12:32:39.444Z - info: Looking for image on screen:If on screen then app Loaded,Logout state true with 20 repeats 
2018-03-08T12:32:39.444Z - info: Running delay for : 4000
2018-03-08T12:32:43.450Z - info: Running delay for : 2000
2018-03-08T12:32:46.476Z - info: Running delay for : 2000
2018-03-08T12:32:49.307Z - info: Running delay for : 2000
2018-03-08T12:32:52.081Z - info: Running delay for : 2000
2018-03-08T12:32:54.805Z - info: Running delay for : 2000
2018-03-08T12:32:57.910Z - info: Running delay for : 2000
2018-03-08T12:33:00.589Z - info: Running delay for : 2000
2018-03-08T12:33:04.174Z - info: Found image on screen: If on screen then app Loaded,Logout state true
2018-03-08T12:33:04.174Z - info: Running click event : Click Login button with 5repets
2018-03-08T12:33:04.174Z - info: Looking for image on screen:Click Login button with 5 repeats 
2018-03-08T12:33:04.174Z - info: Running delay for : 2000
2018-03-08T12:33:06.177Z - info: Running delay for : 0
2018-03-08T12:33:07.656Z - info: Found image on screen: Click Login button
2018-03-08T12:33:07.807Z - info: clicked on : Click Login button with following coordinates x=483 y=27.5
2018-03-08T12:33:07.807Z - info: Running click event : Click Email Login button with 5repets
2018-03-08T12:33:07.807Z - info: Looking for image on screen:Click Email Login button with 5 repeats 
2018-03-08T12:33:07.807Z - info: Running delay for : 2000
2018-03-08T12:33:09.810Z - info: Running delay for : 0
2018-03-08T12:33:10.971Z - info: Found image on screen: Click Email Login button
2018-03-08T12:33:11.103Z - info: clicked on : Click Email Login button with following coordinates x=152 y=812
2018-03-08T12:33:11.103Z - info: Running click event : Click Yes age button with 5repets
2018-03-08T12:33:11.103Z - info: Looking for image on screen:Click Yes age button with 5 repeats 
2018-03-08T12:33:11.103Z - info: Running delay for : 2000
2018-03-08T12:33:13.106Z - info: Running delay for : 0
2018-03-08T12:33:14.113Z - info: Found image on screen: Click Yes age button
2018-03-08T12:33:14.246Z - info: clicked on : Click Yes age button with following coordinates x=271 y=585
2018-03-08T12:33:14.246Z - info: Running click event : Click on Enter Email field with 5repets
2018-03-08T12:33:14.246Z - info: Looking for image on screen:Click on Enter Email field with 5 repeats 
2018-03-08T12:33:14.246Z - info: Running delay for : 2000
2018-03-08T12:33:16.248Z - info: Running delay for : 0
2018-03-08T12:33:16.996Z - info: Found image on screen: Click on Enter Email field
2018-03-08T12:33:17.216Z - info: clicked on : Click on Enter Email field with following coordinates x=272 y=456.5
2018-03-08T12:33:23.171Z - info: Running clear keyboard (click on x0y0
2018-03-08T12:33:23.319Z - info: Keyboard cleared
2018-03-08T12:33:23.319Z - info: Running click event : Next email with 5repets
2018-03-08T12:33:23.319Z - info: Looking for image on screen:Next email with 5 repeats 
2018-03-08T12:33:23.319Z - info: Running delay for : 500
2018-03-08T12:33:23.820Z - info: Running delay for : 0
2018-03-08T12:33:24.613Z - info: Found image on screen: Next email
2018-03-08T12:33:24.747Z - info: clicked on : Next email with following coordinates x=401 y=597.5
2018-03-08T12:33:24.747Z - info: Running click event : Click on Enter Password field with 5repets
2018-03-08T12:33:24.747Z - info: Looking for image on screen:Click on Enter Password field with 5 repeats 
2018-03-08T12:33:24.747Z - info: Running delay for : 2000
2018-03-08T12:33:26.749Z - info: Running delay for : 0
2018-03-08T12:33:27.554Z - info: Found image on screen: Click on Enter Password field
2018-03-08T12:33:27.686Z - info: clicked on : Click on Enter Password field with following coordinates x=270 y=529
2018-03-08T12:33:31.944Z - info: Running clear keyboard (click on x0y0
2018-03-08T12:33:32.087Z - info: Keyboard cleared
2018-03-08T12:33:32.087Z - info: Running click event : Next password with 5repets
2018-03-08T12:33:32.087Z - info: Looking for image on screen:Next password with 5 repeats 
2018-03-08T12:33:32.088Z - info: Running delay for : 100
2018-03-08T12:33:32.188Z - info: Running delay for : 0
2018-03-08T12:33:32.996Z - info: Found image on screen: Next password
2018-03-08T12:33:33.135Z - info: clicked on : Next password with following coordinates x=271 y=715
2018-03-08T12:33:33.135Z - info: Running click event : Accept terms circle with 5repets
2018-03-08T12:33:33.135Z - info: Looking for image on screen:Accept terms circle with 5 repeats 
2018-03-08T12:33:33.135Z - info: Running delay for : 500
2018-03-08T12:33:33.637Z - info: Running delay for : 0
2018-03-08T12:33:34.492Z - info: Found image on screen: Accept terms circle
2018-03-08T12:33:34.625Z - info: clicked on : Accept terms circle with following coordinates x=54.5 y=463
2018-03-08T12:33:34.625Z - info: Running click event : terms next button with 5repets
2018-03-08T12:33:34.625Z - info: Looking for image on screen:terms next button with 5 repeats 
2018-03-08T12:33:34.625Z - info: Running delay for : 500
2018-03-08T12:33:35.127Z - info: Running delay for : 0
2018-03-08T12:33:35.884Z - info: Found image on screen: terms next button
2018-03-08T12:33:36.036Z - info: clicked on : terms next button with following coordinates x=399 y=665.5
2018-03-08T12:33:36.036Z - info: Running click event : My account button with 5repets
2018-03-08T12:33:36.037Z - info: Looking for image on screen:My account button with 5 repeats 
2018-03-08T12:33:36.037Z - info: Running delay for : 500
2018-03-08T12:33:36.538Z - info: Running delay for : 0
2018-03-08T12:33:37.441Z - info: Found image on screen: My account button
2018-03-08T12:33:37.573Z - info: clicked on : My account button with following coordinates x=141.5 y=694
2018-03-08T12:33:37.573Z - info: Running click event : Fill name with 5repets
2018-03-08T12:33:37.573Z - info: Looking for image on screen:Fill name with 5 repeats 
2018-03-08T12:33:37.573Z - info: Running delay for : 500
2018-03-08T12:33:38.075Z - info: Running delay for : 0
2018-03-08T12:33:38.875Z - info: Found image on screen: Fill name
2018-03-08T12:33:39.010Z - info: clicked on : Fill name with following coordinates x=272 y=448
2018-03-08T12:33:42.993Z - info: Running clear keyboard (click on x0y0
2018-03-08T12:33:43.139Z - info: Keyboard cleared
2018-03-08T12:33:43.139Z - info: Running click event : BirthdayField  with 5repets
2018-03-08T12:33:43.139Z - info: Looking for image on screen:BirthdayField  with 5 repeats 
2018-03-08T12:33:43.139Z - info: Running delay for : 500
2018-03-08T12:33:43.640Z - info: Running delay for : 0
2018-03-08T12:33:44.461Z - info: Found image on screen: BirthdayField 
2018-03-08T12:33:44.612Z - info: clicked on : BirthdayField  with following coordinates x=270.5 y=585.5
2018-03-08T12:33:50.178Z - info: Running clear keyboard (click on x0y0
2018-03-08T12:33:50.368Z - info: Keyboard cleared
2018-03-08T12:33:50.368Z - info: Running click event : create profile button  with 5repets
2018-03-08T12:33:50.368Z - info: Looking for image on screen:create profile button  with 5 repeats 
2018-03-08T12:33:50.368Z - info: Running delay for : 500
2018-03-08T12:33:50.870Z - info: Running delay for : 0
2018-03-08T12:33:51.701Z - info: Found image on screen: create profile button 
2018-03-08T12:33:51.837Z - info: clicked on : create profile button  with following coordinates x=395.5 y=751.5
2018-03-08T12:33:51.837Z - info: Looking for image on screen:If 0 coins then looged in with 20 repeats 
2018-03-08T12:33:51.838Z - info: Running delay for : 1000
2018-03-08T12:33:52.839Z - info: Running delay for : 0
2018-03-08T12:33:54.477Z - info: Found image on screen: If 0 coins then looged in
2018-03-08T12:33:54.477Z - info: Running click event :  x Button   with 5repets
2018-03-08T12:33:54.477Z - info: Looking for image on screen: x Button   with 5 repeats 
2018-03-08T12:33:54.477Z - info: Running delay for : 5000
2018-03-08T12:33:59.478Z - info: Running delay for : 0
2018-03-08T12:34:00.750Z - info: Found image on screen:  x Button  
2018-03-08T12:34:00.902Z - info: clicked on :  x Button   with following coordinates x=513 y=111
2018-03-08T12:34:00.903Z - info: Running click event : Settings Button  with 5repets
2018-03-08T12:34:00.903Z - info: Looking for image on screen:Settings Button  with 5 repeats 
2018-03-08T12:34:00.903Z - info: Running delay for : 500
2018-03-08T12:34:01.403Z - info: Running delay for : 0
2018-03-08T12:34:03.078Z - info: Found image on screen: Settings Button 
2018-03-08T12:34:03.213Z - info: clicked on : Settings Button  with following coordinates x=44 y=903
2018-03-08T12:34:03.213Z - info: Running click event : Logout Button  with 5repets
2018-03-08T12:34:03.213Z - info: Looking for image on screen:Logout Button  with 5 repeats 
2018-03-08T12:34:03.213Z - info: Running delay for : 500
2018-03-08T12:34:03.715Z - info: Running delay for : 0
2018-03-08T12:34:04.692Z - info: Found image on screen: Logout Button 
2018-03-08T12:34:04.824Z - info: clicked on : Logout Button  with following coordinates x=437 y=210
2018-03-08T12:34:04.824Z - info: Running click event : Big Ok Logout button  with 5repets
2018-03-08T12:34:04.824Z - info: Looking for image on screen:Big Ok Logout button  with 5 repeats 
2018-03-08T12:34:04.824Z - info: Running delay for : 500
2018-03-08T12:34:05.324Z - info: Running delay for : 0
2018-03-08T12:34:06.675Z - info: Running delay for : 0
2018-03-08T12:34:07.893Z - info: Running delay for : 0
2018-03-08T12:34:09.106Z - info: Found image on screen: Big Ok Logout button 
2018-03-08T12:34:09.233Z - info: clicked on : Big Ok Logout button  with following coordinates x=269.5 y=638
2018-03-08T12:34:09.234Z - info: Looking for image on screen:Logout status correct with 20 repeats 
2018-03-08T12:34:09.234Z - info: Running delay for : 6000
2018-03-08T12:34:15.236Z - info: Running delay for : 2000
2018-03-08T12:34:19.039Z - info: Running delay for : 2000
2018-03-08T12:34:23.849Z - info: Found image on screen: Logout status correct
2018-03-08T12:34:23.849Z - info: Test:Sign Up email[FINISHED]
2018-03-08T12:34:27.127Z - info: Disconnected localhost:7429=> open STF 
2018-03-08T12:47:43.996Z - info: You are not owner of localhost:7429 => open STF 
2018-03-08T12:47:43.997Z - info: You are not owner of localhost:7429 => open STF 
2018-03-08T12:47:49.003Z - info: Appium on close  null
