2018-03-08T13:20:44.078Z - info: Test execution started
2018-03-08T13:20:44.078Z - info: Got following options to run{"testID":1053,"testChildren":3,"testName":"Play London Shop","UDID":"cd21ccc5","port":4005,"systemPort":8205,"bpPort":6005,"desCaps":{"testName":"Play London Shop","testFileName":"PlayLondonShop","groupTest":false,"desiredCapabilities":{"platformName":"Android","deviceName":"Android","appPackage":"com.pointvoucher.playlondonpv","appActivity":"com.unity3d.player.UnityPlayerActivity","fullReset":false,"noReset":true,"newCommandTimeout":120000,"skipUnlock":true},"parameters":{}},"outputDir":"/home/trixo/Code/javaRewrite/logs/1053_PlayLondonShop_cd21ccc5"}
2018-03-08T13:20:44.188Z - info: Trying to connect to openSTF with serial number cd21ccc5
2018-03-08T13:20:44.238Z - info: executing command adb connect  localhost:7401
2018-03-08T13:20:44.245Z - info: /home/trixo/Downloads/appium-1.8.0-beta3/build/lib/main.js -p 4005 -bp 6005  --log-timestamp --log /home/trixo/Code/javaRewrite/logs/1053_PlayLondonShop_cd21ccc5/Appium.log
2018-03-08T13:20:44.245Z - info: Trying to create appium Server on port: 4005
2018-03-08T13:20:46.451Z - info: Appium server created on port: 4005
2018-03-08T13:21:04.041Z - info: Play london shop test
2018-03-08T13:21:04.070Z - info: Looking for image on screen:If on screen then app Loaded,Logout state true with 20 repeats 
2018-03-08T13:21:04.070Z - info: Running delay for : 4000
2018-03-08T13:21:08.076Z - info: Running delay for : 2000
2018-03-08T13:21:11.247Z - info: Running delay for : 2000
2018-03-08T13:21:14.228Z - info: Running delay for : 2000
2018-03-08T13:21:16.994Z - info: Running delay for : 2000
2018-03-08T13:21:19.699Z - info: Running delay for : 2000
2018-03-08T13:21:22.556Z - info: Running delay for : 2000
2018-03-08T13:21:25.394Z - info: Running delay for : 2000
2018-03-08T13:21:28.752Z - info: Running delay for : 2000
2018-03-08T13:21:31.888Z - info: Running delay for : 2000
2018-03-08T13:21:35.036Z - info: Running delay for : 2000
2018-03-08T13:21:38.222Z - info: Running delay for : 2000
2018-03-08T13:21:41.419Z - info: Running delay for : 2000
2018-03-08T13:21:44.580Z - info: Running delay for : 2000
2018-03-08T13:21:47.718Z - info: Running delay for : 2000
2018-03-08T13:21:50.852Z - info: Running delay for : 2000
2018-03-08T13:21:53.989Z - info: Running delay for : 2000
2018-03-08T13:21:57.151Z - info: Running delay for : 2000
2018-03-08T13:22:00.403Z - info: Running delay for : 2000
2018-03-08T13:22:03.633Z - info: Running delay for : 2000
2018-03-08T13:22:06.877Z - info: Running delay for : 2000
2018-03-08T13:22:10.045Z - info: Looking for image on screen #20
2018-03-08T13:22:10.046Z - info: ERROR[MyERr]: TEST FINISHED WITH ERROR: Object not found : If on screen then app Loaded,Logout state true
2018-03-08T13:22:10.068Z - info: Disconnected localhost:7401=> open STF 
2018-03-08T13:22:41.555Z - info: You are not owner of localhost:7401 => open STF 
2018-03-08T13:22:41.559Z - info: You are not owner of localhost:7401 => open STF 
2018-03-08T13:23:04.983Z - info: Appium on close  null
