2018-03-08T11:51:17.276Z - info: Test execution started
2018-03-08T11:51:17.276Z - info: Got following options to run{"testID":1036,"testChildren":1,"testName":"Sign Up email","UDID":"cd21ccc5","port":4003,"systemPort":8203,"bpPort":6003,"desCaps":{"testName":"Sign Up email","testFileName":"SignUpEmail","groupTest":false,"desiredCapabilities":{"platformName":"Android","deviceName":"Android","appPackage":"com.pointvoucher.playlondonpv","appActivity":"com.unity3d.player.UnityPlayerActivity","fullReset":false,"noReset":true,"newCommandTimeout":120000,"skipUnlock":true},"parameters":{}},"outputDir":"/home/trixo/Code/javaRewrite/logs/1036_SignUpEmail_cd21ccc5"}
2018-03-08T11:51:17.384Z - info: Trying to connect to openSTF with serial number cd21ccc5
2018-03-08T11:51:17.432Z - info: executing command adb connect  localhost:7429
2018-03-08T11:51:17.440Z - info: /home/trixo/Downloads/appium-1.8.0-beta3/build/lib/main.js -p 4003 -bp 6003  --log-timestamp --log /home/trixo/Code/javaRewrite/logs/1036_SignUpEmail_cd21ccc5/Appium.log
2018-03-08T11:51:17.440Z - info: Trying to create appium Server on port: 4003
2018-03-08T11:51:19.675Z - info: Appium server created on port: 4003
2018-03-08T11:51:38.034Z - info: Running Signup email
2018-03-08T11:51:38.068Z - info: Looking for image on screen:If on screen then app Loaded,Logout state true with 20 repeats 
2018-03-08T11:51:38.068Z - info: Running delay for : 4000
2018-03-08T11:51:42.070Z - info: Running delay for : 2000
2018-03-08T11:51:45.141Z - info: Running delay for : 2000
2018-03-08T11:51:48.032Z - info: Running delay for : 2000
2018-03-08T11:51:50.892Z - info: Running delay for : 2000
2018-03-08T11:51:53.602Z - info: Running delay for : 2000
2018-03-08T11:51:56.454Z - info: Running delay for : 2000
2018-03-08T11:51:59.252Z - info: Running delay for : 2000
2018-03-08T11:52:02.950Z - info: Found image on screen: If on screen then app Loaded,Logout state true
2018-03-08T11:52:02.950Z - info: Running click event : Click Login button with 5repets
2018-03-08T11:52:02.950Z - info: Looking for image on screen:Click Login button with 5 repeats 
2018-03-08T11:52:02.950Z - info: Running delay for : 2000
2018-03-08T11:52:04.953Z - info: Running delay for : 0
2018-03-08T11:52:06.418Z - info: Found image on screen: Click Login button
2018-03-08T11:52:06.575Z - info: clicked on : Click Login button with following coordinates x=483 y=27.5
2018-03-08T11:52:06.576Z - info: Running click event : Click Email Login button with 5repets
2018-03-08T11:52:06.576Z - info: Looking for image on screen:Click Email Login button with 5 repeats 
2018-03-08T11:52:06.576Z - info: Running delay for : 2000
2018-03-08T11:52:08.578Z - info: Running delay for : 0
2018-03-08T11:52:09.848Z - info: Found image on screen: Click Email Login button
2018-03-08T11:52:09.980Z - info: clicked on : Click Email Login button with following coordinates x=152 y=812
2018-03-08T11:52:09.980Z - info: Running click event : Click Yes age button with 5repets
2018-03-08T11:52:09.980Z - info: Looking for image on screen:Click Yes age button with 5 repeats 
2018-03-08T11:52:09.980Z - info: Running delay for : 2000
2018-03-08T11:52:11.983Z - info: Running delay for : 0
2018-03-08T11:52:12.891Z - info: Found image on screen: Click Yes age button
2018-03-08T11:52:13.018Z - info: clicked on : Click Yes age button with following coordinates x=271 y=585
2018-03-08T11:52:13.018Z - info: Running click event : Click on Enter Email field with 5repets
2018-03-08T11:52:13.018Z - info: Looking for image on screen:Click on Enter Email field with 5 repeats 
2018-03-08T11:52:13.018Z - info: Running delay for : 2000
2018-03-08T11:52:15.021Z - info: Running delay for : 0
2018-03-08T11:52:15.775Z - info: Found image on screen: Click on Enter Email field
2018-03-08T11:52:15.969Z - info: clicked on : Click on Enter Email field with following coordinates x=272 y=456.5
2018-03-08T11:52:22.163Z - info: Running clear keyboard (click on x0y0
2018-03-08T11:52:22.308Z - info: Keyboard cleared
2018-03-08T11:52:22.308Z - info: Running click event : Next email with 5repets
2018-03-08T11:52:22.308Z - info: Looking for image on screen:Next email with 5 repeats 
2018-03-08T11:52:22.308Z - info: Running delay for : 500
2018-03-08T11:52:22.808Z - info: Running delay for : 0
2018-03-08T11:52:23.642Z - info: Found image on screen: Next email
2018-03-08T11:52:23.776Z - info: clicked on : Next email with following coordinates x=401 y=597.5
2018-03-08T11:52:23.776Z - info: Running click event : Click on Enter Password field with 5repets
2018-03-08T11:52:23.776Z - info: Looking for image on screen:Click on Enter Password field with 5 repeats 
2018-03-08T11:52:23.776Z - info: Running delay for : 2000
2018-03-08T11:52:25.779Z - info: Running delay for : 0
2018-03-08T11:52:26.583Z - info: Found image on screen: Click on Enter Password field
2018-03-08T11:52:26.765Z - info: clicked on : Click on Enter Password field with following coordinates x=270 y=529
2018-03-08T11:52:30.916Z - info: Running clear keyboard (click on x0y0
2018-03-08T11:52:31.106Z - info: Keyboard cleared
2018-03-08T11:52:31.107Z - info: Running click event : Next password with 5repets
2018-03-08T11:52:31.107Z - info: Looking for image on screen:Next password with 5 repeats 
2018-03-08T11:52:31.107Z - info: Running delay for : 100
2018-03-08T11:52:31.207Z - info: Running delay for : 0
2018-03-08T11:52:31.999Z - info: Found image on screen: Next password
2018-03-08T11:52:32.145Z - info: clicked on : Next password with following coordinates x=271 y=715
2018-03-08T11:52:32.146Z - info: Running click event : Accept terms circle with 5repets
2018-03-08T11:52:32.146Z - info: Looking for image on screen:Accept terms circle with 5 repeats 
2018-03-08T11:52:32.146Z - info: Running delay for : 500
2018-03-08T11:52:32.648Z - info: Running delay for : 0
2018-03-08T11:52:33.690Z - info: Found image on screen: Accept terms circle
2018-03-08T11:52:33.835Z - info: clicked on : Accept terms circle with following coordinates x=54.5 y=463
2018-03-08T11:52:33.835Z - info: Running click event : terms next button with 5repets
2018-03-08T11:52:33.835Z - info: Looking for image on screen:terms next button with 5 repeats 
2018-03-08T11:52:33.835Z - info: Running delay for : 500
2018-03-08T11:52:34.337Z - info: Running delay for : 0
2018-03-08T11:52:35.354Z - info: Found image on screen: terms next button
2018-03-08T11:52:35.487Z - info: clicked on : terms next button with following coordinates x=399 y=665.5
2018-03-08T11:52:35.487Z - info: Running click event : My account button with 5repets
2018-03-08T11:52:35.487Z - info: Looking for image on screen:My account button with 5 repeats 
2018-03-08T11:52:35.487Z - info: Running delay for : 500
2018-03-08T11:52:35.987Z - info: Running delay for : 0
2018-03-08T11:52:36.868Z - info: Found image on screen: My account button
2018-03-08T11:52:37.004Z - info: clicked on : My account button with following coordinates x=141.5 y=694
2018-03-08T11:52:37.004Z - info: Running click event : Fill name with 5repets
2018-03-08T11:52:37.004Z - info: Looking for image on screen:Fill name with 5 repeats 
2018-03-08T11:52:37.004Z - info: Running delay for : 500
2018-03-08T11:52:37.505Z - info: Running delay for : 0
2018-03-08T11:52:38.296Z - info: Found image on screen: Fill name
2018-03-08T11:52:38.440Z - info: clicked on : Fill name with following coordinates x=272 y=448
2018-03-08T11:52:42.602Z - info: Running clear keyboard (click on x0y0
2018-03-08T11:52:42.742Z - info: Keyboard cleared
2018-03-08T11:52:42.742Z - info: Running click event : BirthdayField  with 5repets
2018-03-08T11:52:42.743Z - info: Looking for image on screen:BirthdayField  with 5 repeats 
2018-03-08T11:52:42.743Z - info: Running delay for : 500
2018-03-08T11:52:43.243Z - info: Running delay for : 0
2018-03-08T11:52:44.117Z - info: Found image on screen: BirthdayField 
2018-03-08T11:52:44.301Z - info: clicked on : BirthdayField  with following coordinates x=270.5 y=585.5
2018-03-08T11:52:50.066Z - info: Running clear keyboard (click on x0y0
2018-03-08T11:52:50.220Z - info: Keyboard cleared
2018-03-08T11:52:50.220Z - info: Running click event : create profile button  with 5repets
2018-03-08T11:52:50.221Z - info: Looking for image on screen:create profile button  with 5 repeats 
2018-03-08T11:52:50.221Z - info: Running delay for : 500
2018-03-08T11:52:50.722Z - info: Running delay for : 0
2018-03-08T11:52:51.592Z - info: Found image on screen: create profile button 
2018-03-08T11:52:51.733Z - info: clicked on : create profile button  with following coordinates x=395.5 y=751.5
2018-03-08T11:52:51.733Z - info: Looking for image on screen:If 0 coins then looged in with 20 repeats 
2018-03-08T11:52:51.734Z - info: Running delay for : 1000
2018-03-08T11:52:52.735Z - info: Running delay for : 0
2018-03-08T11:52:54.415Z - info: Found image on screen: If 0 coins then looged in
2018-03-08T11:52:54.415Z - info: Running click event :  x Button   with 5repets
2018-03-08T11:52:54.415Z - info: Looking for image on screen: x Button   with 5 repeats 
2018-03-08T11:52:54.415Z - info: Running delay for : 5000
2018-03-08T11:52:59.416Z - info: Running delay for : 0
2018-03-08T11:53:00.727Z - info: Found image on screen:  x Button  
2018-03-08T11:53:00.891Z - info: clicked on :  x Button   with following coordinates x=513 y=111
2018-03-08T11:53:00.892Z - info: Running click event : Settings Button  with 5repets
2018-03-08T11:53:00.892Z - info: Looking for image on screen:Settings Button  with 5 repeats 
2018-03-08T11:53:00.892Z - info: Running delay for : 500
2018-03-08T11:53:01.393Z - info: Running delay for : 0
2018-03-08T11:53:03.000Z - info: Found image on screen: Settings Button 
2018-03-08T11:53:03.123Z - info: clicked on : Settings Button  with following coordinates x=44 y=903
2018-03-08T11:53:03.123Z - info: Running click event : Logout Button  with 5repets
2018-03-08T11:53:03.123Z - info: Looking for image on screen:Logout Button  with 5 repeats 
2018-03-08T11:53:03.124Z - info: Running delay for : 500
2018-03-08T11:53:03.625Z - info: Running delay for : 0
2018-03-08T11:53:04.563Z - info: Found image on screen: Logout Button 
2018-03-08T11:53:04.691Z - info: clicked on : Logout Button  with following coordinates x=437 y=210
2018-03-08T11:53:04.692Z - info: Running click event : Big Ok Logout button  with 5repets
2018-03-08T11:53:04.692Z - info: Looking for image on screen:Big Ok Logout button  with 5 repeats 
2018-03-08T11:53:04.692Z - info: Running delay for : 500
2018-03-08T11:53:05.192Z - info: Running delay for : 0
2018-03-08T11:53:06.602Z - info: Running delay for : 0
2018-03-08T11:53:07.872Z - info: Running delay for : 0
2018-03-08T11:53:09.073Z - info: Found image on screen: Big Ok Logout button 
2018-03-08T11:53:09.211Z - info: clicked on : Big Ok Logout button  with following coordinates x=269.5 y=638
2018-03-08T11:53:09.211Z - info: Looking for image on screen:Logout status correct with 20 repeats 
2018-03-08T11:53:09.212Z - info: Running delay for : 6000
2018-03-08T11:53:15.213Z - info: Running delay for : 2000
2018-03-08T11:53:18.975Z - info: Running delay for : 2000
2018-03-08T11:53:23.783Z - info: Found image on screen: Logout status correct
2018-03-08T11:53:23.783Z - info: Test:Sign Up email[FINISHED]
2018-03-08T11:53:27.011Z - info: Disconnected localhost:7429=> open STF 
2018-03-08T11:54:15.445Z - info: Appium on close  null
