2018-03-08T11:48:49.173Z - info: Test execution started
2018-03-08T11:48:49.173Z - info: Got following options to run{"testID":1036,"testChildren":0,"testName":"Clean Install","UDID":"cd21ccc5","port":4002,"systemPort":8202,"bpPort":6002,"desCaps":{"testName":"Clean Install","testFileName":"CleanInstall","groupTest":false,"desiredCapabilities":{"platformName":"Android","deviceName":"Android","appPackage":"com.gorro.nothing","appActivity":"com.gorro.nothing.NothingActivity","fullReset":false,"noReset":true,"newCommandTimeout":120000,"skipUnlock":true,"androidInstallTimeout":150000},"parameters":{"appPackage":"com.pointvoucher.playlondonpv","activityName":"com.unity3d.player.UnityPlayerActivity","apkFileName":"pl"}},"outputDir":"/home/trixo/Code/javaRewrite/logs/1036_CleanInstall_cd21ccc5"}
2018-03-08T11:48:49.193Z - info: Trying to connect to openSTF with serial number cd21ccc5
2018-03-08T11:48:49.239Z - info: executing command adb connect  localhost:7429
2018-03-08T11:48:49.245Z - info: /home/trixo/Downloads/appium-1.8.0-beta3/build/lib/main.js -p 4002 -bp 6002  --log-timestamp --log /home/trixo/Code/javaRewrite/logs/1036_CleanInstall_cd21ccc5/Appium.log
2018-03-08T11:48:49.245Z - info: Trying to create appium Server on port: 4002
2018-03-08T11:48:51.486Z - info: Appium server created on port: 4002
2018-03-08T11:49:07.008Z - info: Running clean Install test with following paramters, appPackage: com.pointvoucher.playlondonpv activityName: com.unity3d.player.UnityPlayerActivity apkFile: /home/trixo/Code/javaRewrite/Tests/CleanInstall/apk/pl.apk
2018-03-08T11:49:08.799Z - info: App exists in device => trying to remove
2018-03-08T11:49:14.498Z - info: App removed
2018-03-08T11:49:14.498Z - info: Installing app to device /home/trixo/Code/javaRewrite/Tests/CleanInstall/apk/pl.apk
2018-03-08T11:50:04.604Z - info: starting package : com.pointvoucher.playlondonpv with activity name: com.unity3d.player.UnityPlayerActivity
2018-03-08T11:50:08.875Z - info: Running fnPermission with value: true
2018-03-08T11:50:12.224Z - info: Running click event : Close intro Video  with 20repets
2018-03-08T11:50:12.224Z - info: Looking for image on screen:Close intro Video  with 20 repeats 
2018-03-08T11:50:12.224Z - info: Running delay for : 30000
2018-03-08T11:50:42.230Z - info: Running delay for : 0
2018-03-08T11:50:44.755Z - info: Found image on screen: Close intro Video 
2018-03-08T11:50:44.965Z - info: clicked on : Close intro Video  with following coordinates x=507 y=32
2018-03-08T11:50:44.965Z - info: Looking for image on screen:Check if message is there If its there Test Completed with 20 repeats 
2018-03-08T11:50:44.965Z - info: Running delay for : 6000
2018-03-08T11:50:50.968Z - info: Running delay for : 2000
2018-03-08T11:50:55.117Z - info: Running delay for : 2000
2018-03-08T11:50:59.134Z - info: Running delay for : 2000
2018-03-08T11:51:03.484Z - info: Running delay for : 2000
2018-03-08T11:51:07.438Z - info: Running delay for : 2000
2018-03-08T11:51:11.079Z - info: Running delay for : 2000
2018-03-08T11:51:14.727Z - info: Found image on screen: Check if message is there If its there Test Completed
2018-03-08T11:51:14.727Z - info: Test:Clean Install[FINISHED]
2018-03-08T11:51:14.728Z - info: ERROR[MyERr]: TEST FINISHED WITH ERROR: ReferenceError: fs is not defined
2018-03-08T11:51:14.747Z - info: Disconnected localhost:7429=> open STF 
2018-03-08T11:54:15.442Z - info: Appium on close  null
