2018-02-07T12:45:24.840Z - info: Test execution started
2018-02-07T12:45:24.842Z - info: Get following options to run{"serial":"cd21ccc5","port":4001,"noReset":true,"systemPort":8201}
2018-02-07T12:45:24.870Z - info: Trying to connect to openSTF with serial number cd21ccc5
2018-02-07T12:45:24.921Z - info: executing command adb connect  localhost:7425
2018-02-07T12:45:24.967Z - info: Disconnected localhost:7425=> open STF 
2018-02-07T12:45:42.299Z - info: Test execution started
2018-02-07T12:45:42.301Z - info: Get following options to run{"serial":"cd21ccc5","port":4001,"noReset":true,"systemPort":8201}
2018-02-07T12:45:42.328Z - info: Trying to connect to openSTF with serial number cd21ccc5
2018-02-07T12:45:42.375Z - info: executing command adb connect  localhost:7425
2018-02-07T12:45:42.417Z - info: Disconnected localhost:7425=> open STF 
2018-02-07T12:47:12.188Z - info: Test execution started
2018-02-07T12:47:12.191Z - info: Get following options to run{"serial":"cd21ccc5","port":4001,"noReset":true,"systemPort":8201}
2018-02-07T12:47:12.220Z - info: Trying to connect to openSTF with serial number cd21ccc5
2018-02-07T12:47:12.275Z - info: executing command adb connect  localhost:7433
2018-02-07T12:47:12.326Z - info: Disconnected localhost:7433=> open STF 
2018-02-07T12:48:08.776Z - info: Test execution started
2018-02-07T12:48:08.778Z - info: Get following options to run{"serial":"cd21ccc5","port":4006,"noReset":true,"systemPort":8201}
2018-02-07T12:48:08.807Z - info: Trying to connect to openSTF with serial number cd21ccc5
2018-02-07T12:48:08.857Z - info: executing command adb connect  localhost:7433
2018-02-07T12:48:08.901Z - info: Disconnected localhost:7433=> open STF 
2018-02-07T12:48:35.902Z - info: Test execution started
2018-02-07T12:48:35.904Z - info: Get following options to run{"serial":"cd21ccc5","port":4007,"noReset":true,"systemPort":8202}
2018-02-07T12:48:35.932Z - info: Trying to connect to openSTF with serial number cd21ccc5
2018-02-07T12:48:35.979Z - info: executing command adb connect  localhost:7433
2018-02-07T12:48:35.987Z - info: Trying to create appium Server on port: 4007
2018-02-07T12:48:37.863Z - info: Appium server created on port: 4007
2018-02-07T12:48:52.967Z - info: Running clean Install test with following paramters, appPackage: com.pointvoucher.playlondonpv activityName: com.unity3d.player.UnityPlayerActivity apkFile: /home/trixo/Code/javaRewrite/apk/pl.apk
2018-02-07T12:48:54.679Z - info: App does not exist in device 
2018-02-07T12:48:54.680Z - info: Installing app to device /home/trixo/Code/javaRewrite/apk/pl.apk
2018-02-07T12:49:46.450Z - info: starting package : com.pointvoucher.playlondonpv with activity name: com.unity3d.player.UnityPlayerActivity
2018-02-07T12:49:51.064Z - info: Running fnPermission with number of repeats: 5 and value: true
2018-02-07T12:49:52.412Z - info: Found permission button going to click #0
2018-02-07T12:49:52.412Z - info: Running click event : Click on permission button with 5repets
2018-02-07T12:49:52.412Z - info: Looking for image on screen:Click on permission button with 5 repeats 
2018-02-07T12:49:52.412Z - info: Running delay for : 0
2018-02-07T12:49:53.693Z - info: Found image on screen: Click on permission button
2018-02-07T12:49:54.004Z - info: clicked on : Click on permission button with following coordinates x=438 y=556.5
2018-02-07T12:49:55.221Z - info: Still Loading #0
2018-02-07T12:49:56.547Z - info: Still Loading #1
2018-02-07T12:49:57.756Z - info: Still Loading #2
2018-02-07T12:49:58.984Z - info: Still Loading #3
2018-02-07T12:50:00.416Z - info: Still Loading #4
2018-02-07T12:50:01.446Z - info: Still Loading #5
2018-02-07T12:50:02.410Z - info: Still Loading #6
2018-02-07T12:50:03.635Z - info: Still Loading #7
2018-02-07T12:50:04.761Z - info: Still Loading #8
2018-02-07T12:50:06.368Z - info: Still Loading #9
2018-02-07T12:50:07.370Z - info: Still Loading #10
2018-02-07T12:50:08.259Z - info: Still Loading #11
2018-02-07T12:50:09.142Z - info: Still Loading #12
2018-02-07T12:50:10.230Z - info: Still Loading #13
2018-02-07T12:50:11.244Z - info: Still Loading #14
2018-02-07T12:50:12.283Z - info: Still Loading #15
2018-02-07T12:50:13.280Z - info: Still Loading #16
2018-02-07T12:50:14.647Z - info: Still Loading #17
2018-02-07T12:50:15.933Z - info: Still Loading #18
2018-02-07T12:50:16.818Z - info: Still Loading #19
2018-02-07T12:50:17.858Z - info: Still Loading #20
2018-02-07T12:50:18.752Z - info: Still Loading #21
2018-02-07T12:50:19.651Z - info: Still Loading #22
2018-02-07T12:50:20.499Z - info: Still Loading #23
2018-02-07T12:50:21.297Z - info: Still Loading #24
2018-02-07T12:50:22.271Z - info: Still Loading #25
2018-02-07T12:50:23.419Z - info: Still Loading #26
2018-02-07T12:50:24.335Z - info: Still Loading #27
2018-02-07T12:50:25.542Z - info: Still Loading #28
2018-02-07T12:50:26.410Z - info: Still Loading #29
2018-02-07T12:50:27.326Z - info: Still Loading #30
2018-02-07T12:50:28.931Z - info: Loading finished on  #31repets
2018-02-07T12:50:28.995Z - info:  
{ status: 0,
  value: 
   [ { timestamp: 1518007783617,
       level: 'ALL',
       message: '02-07 13:49:43.742 17395 17395 W System  : ClassLoader referenced unknown path: /system/app/AASAservice/lib/arm' },
     { timestamp: 1518007783617,
       level: 'ALL',
       message: '02-07 13:49:43.742 17395 17395 D AASAservice-UpdateReceiver: onReceive() : android.intent.action.PACKAGE_ADDED' },
     { timestamp: 1518007783617,
       level: 'ALL',
       message: '02-07 13:49:43.752 17395 17395 E AASAservice-TokenRule: parseToken() : TokenFile is null' },
     { timestamp: 1518007783617,
       level: 'ALL',
       message: '02-07 13:49:43.752 17395 17395 D AASAservice-UpdateReceiver: onReceive() : package = com.pointvoucher.playlondonpv, uid = -1' },
     { timestamp: 1518007783617,
       level: 'ALL',
       message: '02-07 13:49:43.752  2879  2970 E ContactsProvider_EventLog: Flush buffer to file cnt : 2 size : 0Kb duration : 55ms lastUpdatedAfter : 34733 ms mFlush_time_threasold : 2000 mCurrentSize : 446' },
     { timestamp: 1518007783617,
       level: 'ALL',
       message: '02-07 13:49:43.752  1778  2910 D AASAinstall: there is not AASApackages.xml file' },
     { timestamp: 1518007783617,
       level: 'ALL',
       message: '02-07 13:49:43.752  1778  2910 I AASAdebug:  readUids-end' },
     { timestamp: 1518007783617,
       level: 'ALL',
       message: '02-07 13:49:43.762 17395 17395 D AASAservice-AASABinder: getManagedSharedPkgList() : packageName - com.pointvoucher.playlondonpv, uid - -1' },
     { timestamp: 1518007783617,
       level: 'ALL',
       message: '02-07 13:49:43.762 17395 17395 D AASAservice-UpdateReceiver: AASAUpdateReceiver : check SharedUID package.' },
     { timestamp: 1518007783617,
       level: 'ALL',
       message: '02-07 13:49:43.762 17395 17395 I AASAservice-UpdateReceiver: AASAUpdateReceiver() : BLOCK BY PACKAGE' },
     { timestamp: 1518007783617,
       level: 'ALL',
       message: '02-07 13:49:43.762 17395 17395 E AASAservice-UpdateReceiver: AASAUpdateReceiver : myrule is null.' },
     { timestamp: 1518007783617,
       level: 'ALL',
       message: '02-07 13:49:43.762 17395 17395 I art     : System.exit called, status: 0' },
     { timestamp: 1518007783617,
       level: 'ALL',
       message: '02-07 13:49:43.762 17395 17395 I AndroidRuntime: VM exiting with result code 0, cleanup skipped.' },
     { timestamp: 1518007783617,
       level: 'ALL',
       message: '02-07 13:49:43.852  1778  2910 I ActivityManager: Process com.samsung.aasaservice (pid 17395)(adj 0) has died(117,407)' },
     { timestamp: 1518007783617,
       level: 'ALL',
       message: '02-07 13:49:43.852  1778  2910 D ActivityManager: cleanUpApplicationRecord -- 17395' },
     { timestamp: 1518007783617,
       level: 'ALL',
       message: '02-07 13:49:43.852  1778  2910 D ActivityManager: removeProcessNameLocked mProcessNames.remove pid=17395 ,hash=93369436 ,name=com.samsung.aasaservice' },
     { timestamp: 1518007783629,
       level: 'ALL',
       message: '02-07 13:49:43.852  1778  1953 D MountService: getExternalStorageMountMode : 1' },
     { timestamp: 1518007783629,
       level: 'ALL',
       message: '02-07 13:49:43.852  1778  1953 D MountService: getExternalStorageMountMode : 3' },
     { timestamp: 1518007783629,
       level: 'ALL',
       message: '02-07 13:49:43.852  1778  1953 D MountService: getExternalStorageMountMode : final mountMode=1, uid : 1000, packageName : com.samsung.android.bbc.bbcagent' },
     { timestamp: 1518007783635,
       level: 'ALL',
       message: '02-07 13:49:43.872 17426 17426 E Zygote  : v2' },
     { timestamp: 1518007783635,
       level: 'ALL',
       message: '02-07 13:49:43.872 17426 17426 I libpersona: KNOX_SDCARD checking this for 1000' },
     { timestamp: 1518007783635,
       level: 'ALL',
       message: '02-07 13:49:43.872 17426 17426 I libpersona: KNOX_SDCARD not a persona' },
     { timestamp: 1518007783639,
       level: 'ALL',
       message: '02-07 13:49:43.872 17426 17426 I SELinux : Function: selinux_compare_spd_ram, index[1], SPD-policy is existed. and_ver=SEPF_SM-A300FU_5.0.2-1 ver=51' },
     { timestamp: 1518007783640,
       level: 'ALL',
       message: '02-07 13:49:43.872  1778  1953 I ActivityManager: Start proc 17426:com.samsung.android.bbc.bbcagent/1000 for broadcast-3 com.samsung.android.bbc.bbcagent/.bbccontroller.receiver.PackageEventReceiver' },
     { timestamp: 1518007783640,
       level: 'ALL',
       message: '02-07 13:49:43.872 17426 17426 W SELinux : Function: selinux_compare_spd_ram, index[1], priority [2], priority version is VE=SEPF_SECMOBILE_6.0.1_0034' },
     { timestamp: 1518007783689,
       level: 'ALL',
       message: '02-07 13:49:43.922 17426 17426 D TimaKeyStoreProvider: TimaSignature is unavailable' },
     { timestamp: 1518007783692,
       level: 'ALL',
       message: '02-07 13:49:43.922 17426 17426 D ActivityThread: Added TimaKeyStore provider' },
     { timestamp: 1518007783704,
       level: 'ALL',
       message: '02-07 13:49:43.942  1778  1801 V BroadcastQueue: [background] Process cur broadcast BroadcastRecord{a2ba48 u0 android.intent.action.PACKAGE_ADDED qIdx=4}, state= (APP_RECEIVE) DELIVERED for app ProcessRecord{a848a60 17426:com.samsung.android.bbc.bbcagent/1000}' },
     { timestamp: 1518007783740,
       level: 'ALL',
       message: '02-07 13:49:43.972 17426 17426 W System  : ClassLoader referenced unknown path: /system/app/BBCAgent/lib/arm' },
     { timestamp: 1518007783795,
       level: 'ALL',
       message: '02-07 13:49:44.032  1778  2387 I ActivityManager: Killing 16094:com.wssnps/1000 (adj 15): DHA:empty #19' },
     { timestamp: 1518007783799,
       level: 'ALL',
       message: '02-07 13:49:44.032  1778  2387 V BroadcastQueue: [background] Process cur broadcast BroadcastRecord{a2ba48 u0 android.intent.action.PACKAGE_ADDED qIdx=4}, state= (APP_RECEIVE) DELIVERED for app ProcessRecord{271469e 8886:com.sec.android.inputmethod/1000}' },
     { timestamp: 1518007783835,
       level: 'ALL',
       message: '02-07 13:49:44.072  1778  1800 V BroadcastQueue: [background] Process cur broadcast BroadcastRecord{a2ba48 u0 android.intent.action.PACKAGE_ADDED qIdx=4}, state= (APP_RECEIVE) DELIVERED for app ProcessRecord{f6c236 2815:com.android.phone/1001}' },
     { timestamp: 1518007783847,
       level: 'ALL',
       message: '02-07 13:49:44.082  2815  2815 D VvmPackageInstallReceiver: intent getAction : android.intent.action.PACKAGE_ADDED' },
     { timestamp: 1518007783863,
       level: 'ALL',
       message: '02-07 13:49:44.102  1778  2848 V BroadcastQueue: [background] Process cur broadcast BroadcastRecord{a2ba48 u0 android.intent.action.PACKAGE_ADDED qIdx=4}, state= (APP_RECEIVE) DELIVERED for app ProcessRecord{fa5221f 15894:com.android.settings/1000}' },
     { timestamp: 1518007783886,
       level: 'ALL',
       message: '02-07 13:49:44.122  1778  2910 D ActivityManager: cleanUpApplicationRecord -- 16094' },
     { timestamp: 1518007783888,
       level: 'ALL',
       message: '02-07 13:49:44.122  1778  2910 D ActivityManager: removeProcessNameLocked mProcessNames.remove pid=16094 ,hash=219401676 ,name=com.wssnps' },
     { timestamp: 1518007783910,
       level: 'ALL',
       message: '02-07 13:49:44.142  1778  2617 V BroadcastQueue: [background] Process cur broadcast BroadcastRecord{a2ba48 u0 android.intent.action.PACKAGE_ADDED qIdx=4}, state= (APP_RECEIVE) DELIVERED for app ProcessRecord{fa5221f 15894:com.android.settings/1000}' },
     { timestamp: 1518007783916,
       level: 'ALL',
       message: '02-07 13:49:44.152  1778  1928 D EnterpriseDeviceManagerService: Package has changed for user 0' },
     { timestamp: 1518007783916,
       level: 'ALL',
       message: '02-07 13:49:44.152  1778  1928 D EnterpriseDeviceManagerService: Admin package name: com.oasisfeng.greenify' },
     { timestamp: 1518007783916,
       level: 'ALL',
       message: '02-07 13:49:44.152  1778  1928 D EnterpriseDeviceManagerService: Admin package name: com.google.android.gms' },
     { timestamp: 1518007783916,
       level: 'ALL',
       message: '02-07 13:49:44.152  1778  1928 W TextServicesManagerService: no available spell checker services found' },
     { timestamp: 1518007783923,
       level: 'ALL',
       message: '02-07 13:49:44.162  1778  5656 V BroadcastQueue: [background] Process cur broadcast BroadcastRecord{a2ba48 u0 android.intent.action.PACKAGE_ADDED qIdx=4}, state= (APP_RECEIVE) DELIVERED for app ProcessRecord{1755741 2879:android.process.acore/u0a21}' },
     { timestamp: 1518007783938,
       level: 'ALL',
       message: '02-07 13:49:44.172  1778  5655 V BroadcastQueue: [background] Process cur broadcast BroadcastRecord{a2ba48 u0 android.intent.action.PACKAGE_ADDED qIdx=4}, state= (APP_RECEIVE) DELIVERED for app ProcessRecord{5d6b9fe 9261:com.sec.android.gallery3d/u0a37}' },
     { timestamp: 1518007783938,
       level: 'ALL',
       message: '02-07 13:49:44.172  9261  9261 I PackagesMonitor: PackagesMonitor onReceive :com.pointvoucher.playlondonpv' },
     { timestamp: 1518007784308,
       level: 'ALL',
       message: '02-07 13:49:44.542  2347  2347 D StatusBar.NetworkController: onSignalStrengthsChanged signalStrength=SignalStrength: 99 99 -120 -160 -120 -1 -1 19 -109 -12 -66 -1 2147483647 0x1000 gsm|lte level=1' },
     { timestamp: 1518007784308,
       level: 'ALL',
       message: '02-07 13:49:44.542  2347  2347 D StatusBar.NetworkController: updateTelephonySignalStrength: hasService=true ss=SignalStrength: 99 99 -120 -160 -120 -1 -1 19 -109 -12 -66 -1 2147483647 0x1000 gsm|lte' },
     { timestamp: 1518007784308,
       level: 'ALL',
       message: '02-07 13:49:44.542  2347  2347 D StatusBar.NetworkController: updateTelephonySignalStrength: iconLevel=1' },
     { timestamp: 1518007784308,
       level: 'ALL',
       message: '02-07 13:49:44.542  2347  2347 D StatusBar.NetworkController: updateTelephonySignalStrength, No signal level. mPhoneSignalIconId = com.android.systemui:drawable/stat_sys_signal_1_auto_rotate mDataSignalIconId = com.android.systemui:drawable/stat_sys_signal_1_auto_rotate mQSPhoneSignalIconId = com.android.systemui:drawable/ic_qs_signal_1 mContentDescriptionPhoneSignal = One bar of phone signal' },
     { timestamp: 1518007784308,
       level: 'ALL',
       message: '02-07 13:49:44.542  3200  3200 D HeadsetPhoneState: Signal level : previous=1 curr=1' },
     { timestamp: 1518007784310,
       level: 'ALL',
       message: '02-07 13:49:44.542  1778  1928 W ResourceType: ResTable_typeSpec entry count inconsistent: given 4, previously 1266' },
     { timestamp: 1518007784410,
       level: 'ALL',
       message: '02-07 13:49:44.642  2347  2347 D StatusBar.NetworkController: refreshViews connected={ wifi } level=1 combinedSignalIconId=0x7f020655/com.android.systemui:drawable/stat_sys_wifi_signal_4 mobileLabel=Lycamobile wifiLabel="PointNet" emergencyOnly=false combinedLabel="PointNet" mAirplaneMode=false mDataActivity=0 mPhoneSignalIconId=0x7f020550/com.android.systemui:drawable/stat_sys_signal_1_auto_rotate mQSPhoneSignalIconId=0x7f02015a/com.android.systemui:drawable/ic_qs_signal_1 mDataDirectionIconId=0x0/(null) mDataSignalIconId=0x7f020550/com.android.systemui:drawable/stat_sys_signal_1_auto_rotate mDataTypeIconId=0x7f020401/com.android.systemui:drawable/stat_sys_data_connected_4g mQSDataTypeIconId=0x7f020160/com.android.systemui:drawable/ic_qs_signal_4g mNoSimIconId=0x0/(null) mWifiIconId=0x7f020655/com.android.systemui:drawable/stat_sys_wifi_signal_4 mQSWifiIconId=0x7f020330/com.android.systemui:drawable/qs_tile_wifi_signal_4 mWifiActivityIconId=0x7f020601/com.android.systemui:drawable/stat_sys_signal_in mBluetoothTetherIconId=0x7f02062c/com.android.systemui:drawable/stat_sys_tether_bluetooth' },
     { timestamp: 1518007784410,
       level: 'ALL',
       message: '02-07 13:49:44.642  2347  2347 D StatusBar.NetworkController: refreshNwBoosterIndicator - setNWBoosterIndicators(false)' },
     { timestamp: 1518007784410,
       level: 'ALL',
       message: '02-07 13:49:44.642  2347  2347 D StatusBar.NetworkController: refreshNwBoosterIndicator - setNWBoosterIndicators(false)' },
     { timestamp: 1518007784410,
       level: 'ALL',
       message: '02-07 13:49:44.642  2347  2347 D StatusBar.NetworkController: refreshNwBoosterIndicator - setNWBoosterIndicators(false)' },
     { timestamp: 1518007784410,
       level: 'ALL',
       message: '02-07 13:49:44.642  2347  2347 D StatusBar.NetworkController: refreshNwBoosterIndicator - setNWBoosterIndicators(false)' },
     { timestamp: 1518007784570,
       level: 'ALL',
       message: '02-07 13:49:44.802  1778  1778 D KnoxMUMContainerPolicy: mPackageReceiver : action - android.intent.action.PACKAGE_ADDED' },
     { timestamp: 1518007784570,
       level: 'ALL',
       message: '02-07 13:49:44.802  1778  1778 E SDAgentPackageStateReceiver: Not going to handle \'com.pointvoucher.playlondonpv\'!' },
     { timestamp: 1518007784576,
       level: 'ALL',
       message: '02-07 13:49:44.812  1778  1928 W ResourceType: Failure getting entry for 0x7f07007b (t=6 e=123) (error -75)' },
     { timestamp: 1518007784584,
       level: 'ALL',
       message: '02-07 13:49:44.822  1778  1778 D UcmService: onReceive android.intent.action.PACKAGE_ADDED' },
     { timestamp: 1518007784584,
       level: 'ALL',
       message: '02-07 13:49:44.822  1778  1778 D UcmService: Package update in userId-0 and uid-10864' },
     { timestamp: 1518007784584,
       level: 'ALL',
       message: '02-07 13:49:44.822  1778  1778 D UcmService: isSystemUCMPlugin pkgName-com.pointvoucher.playlondonpv' },
     { timestamp: 1518007785327,
       level: 'ALL',
       message: '02-07 13:49:45.562 17399 17399 E Launcher.Model: onPackageAdded :com.pointvoucher.playlondonpv' },
     { timestamp: 1518007785413,
       level: 'ALL',
       message: '02-07 13:49:45.652 17399 17414 D LauncherApps: getActivityList callingUid: 0 user: 0' },
     { timestamp: 1518007785472,
       level: 'ALL',
       message: '02-07 13:49:45.712 17399 17414 D LauncherActivityInfo: mActivityInfo.packageName = com.pointvoucher.playlondonpv' },
     { timestamp: 1518007785493,
       level: 'ALL',
       message: '02-07 13:49:45.722  1778  1778 V EnterpriseBillingAsyncHandler: packageModificationReceiver - onreceive - start - android.intent.action.PACKAGE_ADDED' },
     { timestamp: 1518007785493,
       level: 'ALL',
       message: '02-07 13:49:45.722  1778  2322 V EnterpriseBillingPolicyInternal: packageModification -  start - android.intent.action.PACKAGE_ADDED' },
     { timestamp: 1518007785493,
       level: 'ALL',
       message: '02-07 13:49:45.722  1778  2322 V EnterpriseBillingPolicyInternal: uID is 10864' },
     { timestamp: 1518007785493,
       level: 'ALL',
       message: '02-07 13:49:45.722  1778  2322 V EnterpriseBillingPolicyInternal: Removed Packageuid is0' },
     { timestamp: 1518007785493,
       level: 'ALL',
       message: '02-07 13:49:45.722  1778  2322 V EnterpriseBillingPolicyStorage: getProfileForApplication - enter' },
     { timestamp: 1518007785495,
       level: 'ALL',
       message: '02-07 13:49:45.732  1778  1778 D PersonaPolicyManagerService: PersonaPolicyReceiver Receiver : android.intent.action.PACKAGE_ADDED' },
     { timestamp: 1518007785495,
       level: 'ALL',
       message: '02-07 13:49:45.732  1778  2322 V EnterpriseBillingPolicyStorage: getProfileForApplication - exit null : containerId = 0' },
     { timestamp: 1518007785495,
       level: 'ALL',
       message: '02-07 13:49:45.732  1778  2857 D MountService: getExternalStorageMountMode : 1' },
     { timestamp: 1518007785495,
       level: 'ALL',
       message: '02-07 13:49:45.732  1778  2322 V EnterpriseBillingPolicyInternal: packageModificationReceiver - onreceive - personal application - profile null' },
     { timestamp: 1518007785495,
       level: 'ALL',
       message: '02-07 13:49:45.732  1778  2857 D MountService: getExternalStorageMountMode : 3' },
     { timestamp: 1518007785495,
       level: 'ALL',
       message: '02-07 13:49:45.732  1778  2857 D MountService: getExternalStorageMountMode : final mountMode=1, uid : 10040, packageName : com.sec.android.app.myfiles' },
     { timestamp: 1518007785516,
       level: 'ALL',
       message: '02-07 13:49:45.752  1778  2857 I ActivityManager: Start proc 17452:com.sec.android.app.myfiles/u0a40 for broadcast-3 com.sec.android.app.myfiles/.receiver.MyFilesReceiver' },
     { timestamp: 1518007785525,
       level: 'ALL',
       message: '02-07 13:49:45.762 17452 17452 E Zygote  : v2' },
     { timestamp: 1518007785525,
       level: 'ALL',
       message: '02-07 13:49:45.762 17452 17452 I libpersona: KNOX_SDCARD checking this for 10040' },
     { timestamp: 1518007785525,
       level: 'ALL',
       message: '02-07 13:49:45.762 17452 17452 I libpersona: KNOX_SDCARD not a persona' },
     { timestamp: 1518007785526,
       level: 'ALL',
       message: '02-07 13:49:45.762 17452 17452 I SELinux : Function: selinux_compare_spd_ram, index[1], SPD-policy is existed. and_ver=SEPF_SM-A300FU_5.0.2-1 ver=51' },
     { timestamp: 1518007785526,
       level: 'ALL',
       message: '02-07 13:49:45.762 17452 17452 W SELinux : Function: selinux_compare_spd_ram, index[1], priority [2], priority version is VE=SEPF_SECMOBILE_6.0.1_0034' },
     { timestamp: 1518007785530,
       level: 'ALL',
       message: '02-07 13:49:45.762 17452 17452 W SELinux : SELinux: seapp_context_lookup: seinfo=platform, level=s0:c512,c768, pkgname=com.sec.android.app.myfiles' },
     { timestamp: 1518007785552,
       level: 'ALL',
       message: '02-07 13:49:45.782  1778  1778 V AlarmManagerEXT: com.pointvoucher.playlondonpv(10864) is added to mUserAppList' },
     { timestamp: 1518007785557,
       level: 'ALL',
       message: '02-07 13:49:45.792  1778  1778 D KnoxMUMContainerPolicy: packageInstalledForExternalStorage com.pointvoucher.playlondonpv' },
     { timestamp: 1518007785601,
       level: 'ALL',
       message: '02-07 13:49:45.832 17452 17452 D TimaKeyStoreProvider: TimaSignature is unavailable' },
     { timestamp: 1518007785601,
       level: 'ALL',
       message: '02-07 13:49:45.832 17452 17452 D ActivityThread: Added TimaKeyStore provider' },
     { timestamp: 1518007785625,
       level: 'ALL',
       message: '02-07 13:49:45.862  1778  2848 V BroadcastQueue: [background] Process cur broadcast BroadcastRecord{a2ba48 u0 android.intent.action.PACKAGE_ADDED qIdx=4}, state= (APP_RECEIVE) DELIVERED for app ProcessRecord{82961f3 17452:com.sec.android.app.myfiles/u0a40}' },
     { timestamp: 1518007785639,
       level: 'ALL',
       message: '02-07 13:49:45.872 17431 17431 I FIPS_bssl: FIPS approved mode (1) | 17431 | app_process' },
     { timestamp: 1518007785649,
       level: 'ALL',
       message: '02-07 13:49:45.882  2347  2347 D StatusBar.NetworkController: refreshViews connected={ wifi } level=1 combinedSignalIconId=0x7f020655/com.android.systemui:drawable/stat_sys_wifi_signal_4 mobileLabel=Lycamobile wifiLabel="PointNet" emergencyOnly=false combinedLabel="PointNet" mAirplaneMode=false mDataActivity=0 mPhoneSignalIconId=0x7f020550/com.android.systemui:drawable/stat_sys_signal_1_auto_rotate mQSPhoneSignalIconId=0x7f02015a/com.android.systemui:drawable/ic_qs_signal_1 mDataDirectionIconId=0x0/(null) mDataSignalIconId=0x7f020550/com.android.systemui:drawable/stat_sys_signal_1_auto_rotate mDataTypeIconId=0x7f020401/com.android.systemui:drawable/stat_sys_data_connected_4g mQSDataTypeIconId=0x7f020160/com.android.systemui:drawable/ic_qs_signal_4g mNoSimIconId=0x0/(null) mWifiIconId=0x7f020655/com.android.systemui:drawable/stat_sys_wifi_signal_4 mQSWifiIconId=0x7f020330/com.android.systemui:drawable/qs_tile_wifi_signal_4 mWifiActivityIconId=0x7f020606/com.android.systemui:drawable/stat_sys_signal_no_inout mBluetoothTetherIconId=0x7f02062c/com.android.systemui:drawable/stat_sys_tether_bluetooth' },
     { timestamp: 1518007785649,
       level: 'ALL',
       message: '02-07 13:49:45.882  2347  2347 D StatusBar.NetworkController: refreshNwBoosterIndicator - setNWBoosterIndicators(false)' },
     { timestamp: 1518007785653,
       level: 'ALL',
       message: '02-07 13:49:45.892  2347  2347 D StatusBar.NetworkController: refreshNwBoosterIndicator - setNWBoosterIndicators(false)' },
     { timestamp: 1518007785661,
       level: 'ALL',
       message: '02-07 13:49:45.892  2347  2347 D StatusBar.NetworkController: refreshNwBoosterIndicator - setNWBoosterIndicators(false)' },
     { timestamp: 1518007785663,
       level: 'ALL',
       message: '02-07 13:49:45.892  2347  2347 D StatusBar.NetworkController: refreshNwBoosterIndicator - setNWBoosterIndicators(false)' },
     { timestamp: 1518007785663,
       level: 'ALL',
       message: '02-07 13:49:45.892  1778  1975 E MARsDBManager: insertPackage com.pointvoucher.playlondonpv uri = content://com.samsung.android.sm/AppFreezer/1005' },
     { timestamp: 1518007785663,
       level: 'ALL',
       message: '02-07 13:49:45.892  1778  1975 D MARsDBManager: onChange - mSmartManagerObserver! Uri = content://com.samsung.android.sm/AppFreezer' },
     { timestamp: 1518007785663,
       level: 'ALL',
       message: '02-07 13:49:45.892  1778  1975 V MARsDBManager: getManagedPackagesFromDB!' },
     { timestamp: 1518007785680,
       level: 'ALL',
       message: '02-07 13:49:45.912  1778  1975 V MARsPolicyManager: updateManagedPackages! size = 46' },
     { timestamp: 1518007785716,
       level: 'ALL',
       message: '02-07 13:49:45.952 17452 17452 W System  : ClassLoader referenced unknown path: /system/priv-app/SecMyFiles2014/lib/arm' },
     { timestamp: 1518007785794,
       level: 'ALL',
       message: '02-07 13:49:46.032 17452 17452 D MyFiles : MyFilesReceiver::Received the android.intent.action.PACKAGE_ADDED' },
     { timestamp: 1518007785806,
       level: 'ALL',
       message: '02-07 13:49:46.042  1778  2617 V BroadcastQueue: [background] Process cur broadcast BroadcastRecord{a2ba48 u0 android.intent.action.PACKAGE_ADDED qIdx=4}, state= (APP_RECEIVE) DELIVERED for app ProcessRecord{11b39d4 17036:com.samsung.android.sm.provider/1000}' },
     ... 2953 more items ],
  sessionId: '9d248384-240b-4562-b989-4918a3805017' }
2018-02-07T12:52:22.204Z - info: Test execution started
2018-02-07T12:52:22.207Z - info: Get following options to run{"serial":"cd21ccc5","port":4008,"noReset":true,"systemPort":8203}
2018-02-07T12:52:22.235Z - info: Trying to connect to openSTF with serial number cd21ccc5
2018-02-07T12:52:22.267Z - info: Device is not available => open STF 
2018-02-07T12:52:22.284Z - info: Disconnected undefined=> open STF 
2018-02-07T12:52:24.648Z - info: You are not owner localhost:7433 => open STF 
2018-02-07T12:52:24.650Z - info: You are not owner localhost:7433 => open STF 
2018-02-07T12:52:24.650Z - info: Appium on close  null
2018-02-07T12:52:35.651Z - info: Test execution started
2018-02-07T12:52:35.653Z - info: Get following options to run{"serial":"cd21ccc5","port":4001,"noReset":true,"systemPort":8201}
2018-02-07T12:52:35.681Z - info: Trying to connect to openSTF with serial number cd21ccc5
2018-02-07T12:52:35.735Z - info: executing command adb connect  localhost:7433
2018-02-07T12:52:35.742Z - info: Trying to create appium Server on port: 4001
2018-02-07T12:52:37.616Z - info: Appium server created on port: 4001
2018-02-07T12:52:53.305Z - info:  
{ status: 0,
  value: 
   [ { timestamp: 1518007964129,
       level: 'ALL',
       message: '02-07 13:48:43.112  2347  2347 D StatusBar.NetworkController: updateTelephonySignalStrength, No signal level. mPhoneSignalIconId = com.android.systemui:drawable/stat_sys_signal_1_auto_rotate mDataSignalIconId = com.android.systemui:drawable/stat_sys_signal_1_auto_rotate mQSPhoneSignalIconId = com.android.systemui:drawable/ic_qs_signal_1 mContentDescriptionPhoneSignal = One bar of phone signal' },
     { timestamp: 1518007964129,
       level: 'ALL',
       message: '02-07 13:48:43.212  2347  2347 D StatusBar.NetworkController: refreshViews connected={ wifi } level=1 combinedSignalIconId=0x7f020655/com.android.systemui:drawable/stat_sys_wifi_signal_4 mobileLabel=Lycamobile wifiLabel="PointNet" emergencyOnly=false combinedLabel="PointNet" mAirplaneMode=false mDataActivity=0 mPhoneSignalIconId=0x7f020550/com.android.systemui:drawable/stat_sys_signal_1_auto_rotate mQSPhoneSignalIconId=0x7f02015a/com.android.systemui:drawable/ic_qs_signal_1 mDataDirectionIconId=0x0/(null) mDataSignalIconId=0x7f020550/com.android.systemui:drawable/stat_sys_signal_1_auto_rotate mDataTypeIconId=0x7f020401/com.android.systemui:drawable/stat_sys_data_connected_4g mQSDataTypeIconId=0x7f020160/com.android.systemui:drawable/ic_qs_signal_4g mNoSimIconId=0x0/(null) mWifiIconId=0x7f020655/com.android.systemui:drawable/stat_sys_wifi_signal_4 mQSWifiIconId=0x7f020330/com.android.systemui:drawable/qs_tile_wifi_signal_4 mWifiActivityIconId=0x7f020603/com.android.systemui:drawable/stat_sys_signal_inout mBluetoothTetherIconId=0x7f02062c/com.android.systemui:drawable/stat_sys_tether_bluetooth' },
     { timestamp: 1518007964129,
       level: 'ALL',
       message: '02-07 13:48:43.212  2347  2347 D StatusBar.NetworkController: refreshNwBoosterIndicator - setNWBoosterIndicators(false)' },
     { timestamp: 1518007964129,
       level: 'ALL',
       message: '02-07 13:48:43.212  2347  2347 D StatusBar.NetworkController: refreshNwBoosterIndicator - setNWBoosterIndicators(false)' },
     { timestamp: 1518007964129,
       level: 'ALL',
       message: '02-07 13:48:43.212  2347  2347 D StatusBar.NetworkController: refreshNwBoosterIndicator - setNWBoosterIndicators(false)' },
     { timestamp: 1518007964129,
       level: 'ALL',
       message: '02-07 13:48:43.212  2347  2347 D StatusBar.NetworkController: refreshNwBoosterIndicator - setNWBoosterIndicators(false)' },
     { timestamp: 1518007964129,
       level: 'ALL',
       message: '02-07 13:48:43.402 17170 17170 I FIPS_bssl: FIPS approved mode (1) | 17170 | app_process' },
     { timestamp: 1518007964129,
       level: 'ALL',
       message: '02-07 13:48:43.472 17170 17170 W AVMediaServiceFactory: symbol createExtendedMediaServiceFactory not found:  undefined symbol: createExtendedMediaServiceFactory' },
     { timestamp: 1518007964129,
       level: 'ALL',
       message: '02-07 13:48:43.472 17170 17170 W AVMediaUtils: symbol createExtendedMediaUtils not found:  undefined symbol: createExtendedMediaUtils' },
     { timestamp: 1518007964129,
       level: 'ALL',
       message: '02-07 13:48:43.482 17170 17170 D AndroidRuntime: >>>>>> START com.android.internal.os.RuntimeInit uid 2000 <<<<<<' },
     { timestamp: 1518007964130,
       level: 'ALL',
       message: '02-07 13:48:43.492 17170 17170 D AndroidRuntime: CheckJNI is OFF' },
     { timestamp: 1518007964130,
       level: 'ALL',
       message: '02-07 13:48:43.492 17170 17170 D AndroidRuntime: readGMSProperty: start' },
     { timestamp: 1518007964130,
       level: 'ALL',
       message: '02-07 13:48:43.492 17170 17170 D AndroidRuntime: readGMSProperty: already setted!!' },
     { timestamp: 1518007964130,
       level: 'ALL',
       message: '02-07 13:48:43.492 17170 17170 D AndroidRuntime: propertySet: couldn\'t set property (it is from app)' },
     { timestamp: 1518007964130,
       level: 'ALL',
       message: '02-07 13:48:43.492 17170 17170 D AndroidRuntime: readGMSProperty: could not set the property(default)!!' },
     { timestamp: 1518007964130,
       level: 'ALL',
       message: '02-07 13:48:43.492 17170 17170 D AndroidRuntime: propertySet: couldn\'t set property (it is from app)' },
     { timestamp: 1518007964130,
       level: 'ALL',
       message: '02-07 13:48:43.492 17170 17170 D AndroidRuntime: propertySet: couldn\'t set property (it is from app)' },
     { timestamp: 1518007964130,
       level: 'ALL',
       message: '02-07 13:48:43.492 17170 17170 D AndroidRuntime: readGMSProperty: end' },
     { timestamp: 1518007964130,
       level: 'ALL',
       message: '02-07 13:48:43.492 17170 17170 D AndroidRuntime: addProductProperty: start' },
     { timestamp: 1518007964130,
       level: 'ALL',
       message: '02-07 13:48:43.492 17170 17170 D AndroidRuntime: propertySet: couldn\'t set property (it is from app)' },
     { timestamp: 1518007964130,
       level: 'ALL',
       message: '02-07 13:48:43.542 17170 17170 D ICU     : No timezone override file found: /data/misc/zoneinfo/current/icu/icu_tzdata.dat' },
     { timestamp: 1518007964131,
       level: 'ALL',
       message: '02-07 13:48:43.542  1507  9986 I DeviceScanner: [MDNS] Received response from "ChromecastPointvoucher" (5fd04ff4b4ce7bb547f78da108db8491) with result "0 No change"' },
     { timestamp: 1518007964131,
       level: 'ALL',
       message: '02-07 13:48:43.542  1507  9986 I DeviceScanner: [MDNS] Received response from "ChromecastPointvoucher" (5fd04ff4b4ce7bb547f78da108db8491) with result "0 No change"' },
     { timestamp: 1518007964131,
       level: 'ALL',
       message: '02-07 13:48:43.602 17170 17170 I Radio-JNI: register_android_hardware_Radio DONE' },
     { timestamp: 1518007964131,
       level: 'ALL',
       message: '02-07 13:48:43.612 17170 17170 E AffinityControl: AffinityControl: registerfunction enter' },
     { timestamp: 1518007964131,
       level: 'ALL',
       message: '02-07 13:48:43.642 17170 17170 D AndroidRuntime: Calling main entry com.android.commands.appops.AppOpsCommand' },
     { timestamp: 1518007964132,
       level: 'ALL',
       message: '02-07 13:48:43.672 17170 17170 D AndroidRuntime: Shutting down VM' },
     { timestamp: 1518007964132,
       level: 'ALL',
       message: '02-07 13:48:43.952  2347  2347 D StatusBar.NetworkController: refreshViews connected={ wifi } level=1 combinedSignalIconId=0x7f020655/com.android.systemui:drawable/stat_sys_wifi_signal_4 mobileLabel=Lycamobile wifiLabel="PointNet" emergencyOnly=false combinedLabel="PointNet" mAirplaneMode=false mDataActivity=0 mPhoneSignalIconId=0x7f020550/com.android.systemui:drawable/stat_sys_signal_1_auto_rotate mQSPhoneSignalIconId=0x7f02015a/com.android.systemui:drawable/ic_qs_signal_1 mDataDirectionIconId=0x0/(null) mDataSignalIconId=0x7f020550/com.android.systemui:drawable/stat_sys_signal_1_auto_rotate mDataTypeIconId=0x7f020401/com.android.systemui:drawable/stat_sys_data_connected_4g mQSDataTypeIconId=0x7f020160/com.android.systemui:drawable/ic_qs_signal_4g mNoSimIconId=0x0/(null) mWifiIconId=0x7f020655/com.android.systemui:drawable/stat_sys_wifi_signal_4 mQSWifiIconId=0x7f020330/com.android.systemui:drawable/qs_tile_wifi_signal_4 mWifiActivityIconId=0x7f020601/com.android.systemui:drawable/stat_sys_signal_in mBluetoothTetherIconId=0x7f02062c/com.android.systemui:drawable/stat_sys_tether_bluetooth' },
     { timestamp: 1518007964132,
       level: 'ALL',
       message: '02-07 13:48:43.952  2347  2347 D StatusBar.NetworkController: refreshNwBoosterIndicator - setNWBoosterIndicators(false)' },
     { timestamp: 1518007964132,
       level: 'ALL',
       message: '02-07 13:48:43.952  2347  2347 D StatusBar.NetworkController: refreshNwBoosterIndicator - setNWBoosterIndicators(false)' },
     { timestamp: 1518007964132,
       level: 'ALL',
       message: '02-07 13:48:43.952  2347  2347 D StatusBar.NetworkController: refreshNwBoosterIndicator - setNWBoosterIndicators(false)' },
     { timestamp: 1518007964132,
       level: 'ALL',
       message: '02-07 13:48:43.952  2347  2347 D StatusBar.NetworkController: refreshNwBoosterIndicator - setNWBoosterIndicators(false)' },
     { timestamp: 1518007964132,
       level: 'ALL',
       message: '02-07 13:48:44.382  3200  3200 D HeadsetPhoneState: Signal level : previous=1 curr=1' },
     { timestamp: 1518007964132,
       level: 'ALL',
       message: '02-07 13:48:44.382  2347  2347 D StatusBar.NetworkController: onSignalStrengthsChanged signalStrength=SignalStrength: 99 99 -120 -160 -120 -1 -1 21 -107 -13 -8 -1 2147483647 0x1000 gsm|lte level=1' },
     { timestamp: 1518007964133,
       level: 'ALL',
       message: '02-07 13:48:44.382  2347  2347 D StatusBar.NetworkController: updateTelephonySignalStrength: hasService=true ss=SignalStrength: 99 99 -120 -160 -120 -1 -1 21 -107 -13 -8 -1 2147483647 0x1000 gsm|lte' },
     { timestamp: 1518007964133,
       level: 'ALL',
       message: '02-07 13:48:44.382  2347  2347 D StatusBar.NetworkController: updateTelephonySignalStrength: iconLevel=1' },
     { timestamp: 1518007964133,
       level: 'ALL',
       message: '02-07 13:48:44.382  2347  2347 D StatusBar.NetworkController: updateTelephonySignalStrength, No signal level. mPhoneSignalIconId = com.android.systemui:drawable/stat_sys_signal_1_auto_rotate mDataSignalIconId = com.android.systemui:drawable/stat_sys_signal_1_auto_rotate mQSPhoneSignalIconId = com.android.systemui:drawable/ic_qs_signal_1 mContentDescriptionPhoneSignal = One bar of phone signal' },
     { timestamp: 1518007964133,
       level: 'ALL',
       message: '02-07 13:48:44.482  2347  2347 D StatusBar.NetworkController: refreshViews connected={ wifi } level=1 combinedSignalIconId=0x7f020655/com.android.systemui:drawable/stat_sys_wifi_signal_4 mobileLabel=Lycamobile wifiLabel="PointNet" emergencyOnly=false combinedLabel="PointNet" mAirplaneMode=false mDataActivity=0 mPhoneSignalIconId=0x7f020550/com.android.systemui:drawable/stat_sys_signal_1_auto_rotate mQSPhoneSignalIconId=0x7f02015a/com.android.systemui:drawable/ic_qs_signal_1 mDataDirectionIconId=0x0/(null) mDataSignalIconId=0x7f020550/com.android.systemui:drawable/stat_sys_signal_1_auto_rotate mDataTypeIconId=0x7f020401/com.android.systemui:drawable/stat_sys_data_connected_4g mQSDataTypeIconId=0x7f020160/com.android.systemui:drawable/ic_qs_signal_4g mNoSimIconId=0x0/(null) mWifiIconId=0x7f020655/com.android.systemui:drawable/stat_sys_wifi_signal_4 mQSWifiIconId=0x7f020330/com.android.systemui:drawable/qs_tile_wifi_signal_4 mWifiActivityIconId=0x7f020601/com.android.systemui:drawable/stat_sys_signal_in mBluetoothTetherIconId=0x7f02062c/com.android.systemui:drawable/stat_sys_tether_bluetooth' },
     { timestamp: 1518007964133,
       level: 'ALL',
       message: '02-07 13:48:44.492  2347  2347 D StatusBar.NetworkController: refreshNwBoosterIndicator - setNWBoosterIndicators(false)' },
     { timestamp: 1518007964133,
       level: 'ALL',
       message: '02-07 13:48:44.492  2347  2347 D StatusBar.NetworkController: refreshNwBoosterIndicator - setNWBoosterIndicators(false)' },
     { timestamp: 1518007964133,
       level: 'ALL',
       message: '02-07 13:48:44.492  2347  2347 D StatusBar.NetworkController: refreshNwBoosterIndicator - setNWBoosterIndicators(false)' },
     { timestamp: 1518007964133,
       level: 'ALL',
       message: '02-07 13:48:44.492  2347  2347 D StatusBar.NetworkController: refreshNwBoosterIndicator - setNWBoosterIndicators(false)' },
     { timestamp: 1518007964133,
       level: 'ALL',
       message: '02-07 13:48:45.312 17193 17193 I FIPS_bssl: FIPS approved mode (1) | 17193 | app_process' },
     { timestamp: 1518007964133,
       level: 'ALL',
       message: '02-07 13:48:45.392 17193 17193 W AVMediaServiceFactory: symbol createExtendedMediaServiceFactory not found:  undefined symbol: createExtendedMediaServiceFactory' },
     { timestamp: 1518007964133,
       level: 'ALL',
       message: '02-07 13:48:45.392 17193 17193 W AVMediaUtils: symbol createExtendedMediaUtils not found:  undefined symbol: createExtendedMediaUtils' },
     { timestamp: 1518007964133,
       level: 'ALL',
       message: '02-07 13:48:45.402 17193 17193 D AndroidRuntime: >>>>>> START com.android.internal.os.RuntimeInit uid 2000 <<<<<<' },
     { timestamp: 1518007964134,
       level: 'ALL',
       message: '02-07 13:48:45.402 17193 17193 D AndroidRuntime: CheckJNI is OFF' },
     { timestamp: 1518007964134,
       level: 'ALL',
       message: '02-07 13:48:45.402 17193 17193 D AndroidRuntime: readGMSProperty: start' },
     { timestamp: 1518007964134,
       level: 'ALL',
       message: '02-07 13:48:45.402 17193 17193 D AndroidRuntime: readGMSProperty: already setted!!' },
     { timestamp: 1518007964134,
       level: 'ALL',
       message: '02-07 13:48:45.402 17193 17193 D AndroidRuntime: propertySet: couldn\'t set property (it is from app)' },
     { timestamp: 1518007964134,
       level: 'ALL',
       message: '02-07 13:48:45.402 17193 17193 D AndroidRuntime: readGMSProperty: could not set the property(default)!!' },
     { timestamp: 1518007964134,
       level: 'ALL',
       message: '02-07 13:48:45.402 17193 17193 D AndroidRuntime: propertySet: couldn\'t set property (it is from app)' },
     { timestamp: 1518007964134,
       level: 'ALL',
       message: '02-07 13:48:45.402 17193 17193 D AndroidRuntime: propertySet: couldn\'t set property (it is from app)' },
     { timestamp: 1518007964134,
       level: 'ALL',
       message: '02-07 13:48:45.402 17193 17193 D AndroidRuntime: readGMSProperty: end' },
     { timestamp: 1518007964134,
       level: 'ALL',
       message: '02-07 13:48:45.402 17193 17193 D AndroidRuntime: addProductProperty: start' },
     { timestamp: 1518007964134,
       level: 'ALL',
       message: '02-07 13:48:45.402 17193 17193 D AndroidRuntime: propertySet: couldn\'t set property (it is from app)' },
     { timestamp: 1518007964134,
       level: 'ALL',
       message: '02-07 13:48:45.462 17193 17193 D ICU     : No timezone override file found: /data/misc/zoneinfo/current/icu/icu_tzdata.dat' },
     { timestamp: 1518007964135,
       level: 'ALL',
       message: '02-07 13:48:45.532 17193 17193 I Radio-JNI: register_android_hardware_Radio DONE' },
     { timestamp: 1518007964135,
       level: 'ALL',
       message: '02-07 13:48:45.542 17193 17193 E AffinityControl: AffinityControl: registerfunction enter' },
     { timestamp: 1518007964135,
       level: 'ALL',
       message: '02-07 13:48:45.572 17193 17193 D AndroidRuntime: Calling main entry com.android.commands.pm.Pm' },
     { timestamp: 1518007964135,
       level: 'ALL',
       message: '02-07 13:48:45.632 17193 17193 I art     : System.exit called, status: 0' },
     { timestamp: 1518007964135,
       level: 'ALL',
       message: '02-07 13:48:45.632 17193 17193 I AndroidRuntime: VM exiting with result code 0.' },
     { timestamp: 1518007964136,
       level: 'ALL',
       message: '02-07 13:48:45.962  2347  2347 D StatusBar.NetworkController: refreshViews connected={ wifi } level=1 combinedSignalIconId=0x7f020655/com.android.systemui:drawable/stat_sys_wifi_signal_4 mobileLabel=Lycamobile wifiLabel="PointNet" emergencyOnly=false combinedLabel="PointNet" mAirplaneMode=false mDataActivity=0 mPhoneSignalIconId=0x7f020550/com.android.systemui:drawable/stat_sys_signal_1_auto_rotate mQSPhoneSignalIconId=0x7f02015a/com.android.systemui:drawable/ic_qs_signal_1 mDataDirectionIconId=0x0/(null) mDataSignalIconId=0x7f020550/com.android.systemui:drawable/stat_sys_signal_1_auto_rotate mDataTypeIconId=0x7f020401/com.android.systemui:drawable/stat_sys_data_connected_4g mQSDataTypeIconId=0x7f020160/com.android.systemui:drawable/ic_qs_signal_4g mNoSimIconId=0x0/(null) mWifiIconId=0x7f020655/com.android.systemui:drawable/stat_sys_wifi_signal_4 mQSWifiIconId=0x7f020330/com.android.systemui:drawable/qs_tile_wifi_signal_4 mWifiActivityIconId=0x7f020606/com.android.systemui:drawable/stat_sys_signal_no_inout mBluetoothTetherIconId=0x7f02062c/com.android.systemui:drawable/stat_sys_tether_bluetooth' },
     { timestamp: 1518007964136,
       level: 'ALL',
       message: '02-07 13:48:45.962  2347  2347 D StatusBar.NetworkController: refreshNwBoosterIndicator - setNWBoosterIndicators(false)' },
     { timestamp: 1518007964136,
       level: 'ALL',
       message: '02-07 13:48:45.962  2347  2347 D StatusBar.NetworkController: refreshNwBoosterIndicator - setNWBoosterIndicators(false)' },
     { timestamp: 1518007964136,
       level: 'ALL',
       message: '02-07 13:48:45.962  2347  2347 D StatusBar.NetworkController: refreshNwBoosterIndicator - setNWBoosterIndicators(false)' },
     { timestamp: 1518007964136,
       level: 'ALL',
       message: '02-07 13:48:45.962  2347  2347 D StatusBar.NetworkController: refreshNwBoosterIndicator - setNWBoosterIndicators(false)' },
     { timestamp: 1518007964136,
       level: 'ALL',
       message: '02-07 13:48:46.962  2347  2347 D StatusBar.NetworkController: refreshViews connected={ wifi } level=1 combinedSignalIconId=0x7f020655/com.android.systemui:drawable/stat_sys_wifi_signal_4 mobileLabel=Lycamobile wifiLabel="PointNet" emergencyOnly=false combinedLabel="PointNet" mAirplaneMode=false mDataActivity=0 mPhoneSignalIconId=0x7f020550/com.android.systemui:drawable/stat_sys_signal_1_auto_rotate mQSPhoneSignalIconId=0x7f02015a/com.android.systemui:drawable/ic_qs_signal_1 mDataDirectionIconId=0x0/(null) mDataSignalIconId=0x7f020550/com.android.systemui:drawable/stat_sys_signal_1_auto_rotate mDataTypeIconId=0x7f020401/com.android.systemui:drawable/stat_sys_data_connected_4g mQSDataTypeIconId=0x7f020160/com.android.systemui:drawable/ic_qs_signal_4g mNoSimIconId=0x0/(null) mWifiIconId=0x7f020655/com.android.systemui:drawable/stat_sys_wifi_signal_4 mQSWifiIconId=0x7f020330/com.android.systemui:drawable/qs_tile_wifi_signal_4 mWifiActivityIconId=0x7f020601/com.android.systemui:drawable/stat_sys_signal_in mBluetoothTetherIconId=0x7f02062c/com.android.systemui:drawable/stat_sys_tether_bluetooth' },
     { timestamp: 1518007964136,
       level: 'ALL',
       message: '02-07 13:48:46.962  2347  2347 D StatusBar.NetworkController: refreshNwBoosterIndicator - setNWBoosterIndicators(false)' },
     { timestamp: 1518007964136,
       level: 'ALL',
       message: '02-07 13:48:46.962  2347  2347 D StatusBar.NetworkController: refreshNwBoosterIndicator - setNWBoosterIndicators(false)' },
     { timestamp: 1518007964136,
       level: 'ALL',
       message: '02-07 13:48:46.962  2347  2347 D StatusBar.NetworkController: refreshNwBoosterIndicator - setNWBoosterIndicators(false)' },
     { timestamp: 1518007964136,
       level: 'ALL',
       message: '02-07 13:48:46.962  2347  2347 D StatusBar.NetworkController: refreshNwBoosterIndicator - setNWBoosterIndicators(false)' },
     { timestamp: 1518007964136,
       level: 'ALL',
       message: '02-07 13:48:47.122 17222 17222 I FIPS_bssl: FIPS approved mode (1) | 17222 | app_process' },
     { timestamp: 1518007964136,
       level: 'ALL',
       message: '02-07 13:48:47.192 17222 17222 W AVMediaServiceFactory: symbol createExtendedMediaServiceFactory not found:  undefined symbol: createExtendedMediaServiceFactory' },
     { timestamp: 1518007964137,
       level: 'ALL',
       message: '02-07 13:48:47.192 17222 17222 W AVMediaUtils: symbol createExtendedMediaUtils not found:  undefined symbol: createExtendedMediaUtils' },
     { timestamp: 1518007964137,
       level: 'ALL',
       message: '02-07 13:48:47.202 17222 17222 D AndroidRuntime: >>>>>> START com.android.internal.os.RuntimeInit uid 2000 <<<<<<' },
     { timestamp: 1518007964137,
       level: 'ALL',
       message: '02-07 13:48:47.212 17222 17222 D AndroidRuntime: CheckJNI is OFF' },
     { timestamp: 1518007964137,
       level: 'ALL',
       message: '02-07 13:48:47.212 17222 17222 D AndroidRuntime: readGMSProperty: start' },
     { timestamp: 1518007964137,
       level: 'ALL',
       message: '02-07 13:48:47.212 17222 17222 D AndroidRuntime: readGMSProperty: already setted!!' },
     { timestamp: 1518007964137,
       level: 'ALL',
       message: '02-07 13:48:47.212 17222 17222 D AndroidRuntime: propertySet: couldn\'t set property (it is from app)' },
     { timestamp: 1518007964137,
       level: 'ALL',
       message: '02-07 13:48:47.212 17222 17222 D AndroidRuntime: readGMSProperty: could not set the property(default)!!' },
     { timestamp: 1518007964137,
       level: 'ALL',
       message: '02-07 13:48:47.212 17222 17222 D AndroidRuntime: propertySet: couldn\'t set property (it is from app)' },
     { timestamp: 1518007964137,
       level: 'ALL',
       message: '02-07 13:48:47.212 17222 17222 D AndroidRuntime: propertySet: couldn\'t set property (it is from app)' },
     { timestamp: 1518007964137,
       level: 'ALL',
       message: '02-07 13:48:47.212 17222 17222 D AndroidRuntime: readGMSProperty: end' },
     { timestamp: 1518007964138,
       level: 'ALL',
       message: '02-07 13:48:47.212 17222 17222 D AndroidRuntime: addProductProperty: start' },
     { timestamp: 1518007964138,
       level: 'ALL',
       message: '02-07 13:48:47.212 17222 17222 D AndroidRuntime: propertySet: couldn\'t set property (it is from app)' },
     { timestamp: 1518007964138,
       level: 'ALL',
       message: '02-07 13:48:47.262 17222 17222 D ICU     : No timezone override file found: /data/misc/zoneinfo/current/icu/icu_tzdata.dat' },
     { timestamp: 1518007964138,
       level: 'ALL',
       message: '02-07 13:48:47.322 17222 17222 I Radio-JNI: register_android_hardware_Radio DONE' },
     { timestamp: 1518007964138,
       level: 'ALL',
       message: '02-07 13:48:47.332 17222 17222 E AffinityControl: AffinityControl: registerfunction enter' },
     { timestamp: 1518007964138,
       level: 'ALL',
       message: '02-07 13:48:47.362 17222 17222 D AndroidRuntime: Calling main entry com.android.commands.wm.Wm' },
     { timestamp: 1518007964139,
       level: 'ALL',
       message: '02-07 13:48:47.372 17222 17222 D AndroidRuntime: Shutting down VM' },
     { timestamp: 1518007964139,
       level: 'ALL',
       message: '02-07 13:48:48.222  3200  3200 D HeadsetPhoneState: Signal level : previous=1 curr=1' },
     { timestamp: 1518007964139,
       level: 'ALL',
       message: '02-07 13:48:48.222  2347  2347 D StatusBar.NetworkController: onSignalStrengthsChanged signalStrength=SignalStrength: 99 99 -120 -160 -120 -1 -1 20 -107 -13 14 -1 2147483647 0x1000 gsm|lte level=1' },
     { timestamp: 1518007964139,
       level: 'ALL',
       message: '02-07 13:48:48.222  2347  2347 D StatusBar.NetworkController: updateTelephonySignalStrength: hasService=true ss=SignalStrength: 99 99 -120 -160 -120 -1 -1 20 -107 -13 14 -1 2147483647 0x1000 gsm|lte' },
     { timestamp: 1518007964139,
       level: 'ALL',
       message: '02-07 13:48:48.222  2347  2347 D StatusBar.NetworkController: updateTelephonySignalStrength: iconLevel=1' },
     { timestamp: 1518007964139,
       level: 'ALL',
       message: '02-07 13:48:48.222  2347  2347 D StatusBar.NetworkController: updateTelephonySignalStrength, No signal level. mPhoneSignalIconId = com.android.systemui:drawable/stat_sys_signal_1_auto_rotate mDataSignalIconId = com.android.systemui:drawable/stat_sys_signal_1_auto_rotate mQSPhoneSignalIconId = com.android.systemui:drawable/ic_qs_signal_1 mContentDescriptionPhoneSignal = One bar of phone signal' },
     { timestamp: 1518007964139,
       level: 'ALL',
       message: '02-07 13:48:48.332  2347  2347 D StatusBar.NetworkController: refreshViews connected={ wifi } level=1 combinedSignalIconId=0x7f020655/com.android.systemui:drawable/stat_sys_wifi_signal_4 mobileLabel=Lycamobile wifiLabel="PointNet" emergencyOnly=false combinedLabel="PointNet" mAirplaneMode=false mDataActivity=0 mPhoneSignalIconId=0x7f020550/com.android.systemui:drawable/stat_sys_signal_1_auto_rotate mQSPhoneSignalIconId=0x7f02015a/com.android.systemui:drawable/ic_qs_signal_1 mDataDirectionIconId=0x0/(null) mDataSignalIconId=0x7f020550/com.android.systemui:drawable/stat_sys_signal_1_auto_rotate mDataTypeIconId=0x7f020401/com.android.systemui:drawable/stat_sys_data_connected_4g mQSDataTypeIconId=0x7f020160/com.android.systemui:drawable/ic_qs_signal_4g mNoSimIconId=0x0/(null) mWifiIconId=0x7f020655/com.android.systemui:drawable/stat_sys_wifi_signal_4 mQSWifiIconId=0x7f020330/com.android.systemui:drawable/qs_tile_wifi_signal_4 mWifiActivityIconId=0x7f020601/com.android.systemui:drawable/stat_sys_signal_in mBluetoothTetherIconId=0x7f02062c/com.android.systemui:drawable/stat_sys_tether_bluetooth' },
     { timestamp: 1518007964139,
       level: 'ALL',
       message: '02-07 13:48:48.332  2347  2347 D StatusBar.NetworkController: refreshNwBoosterIndicator - setNWBoosterIndicators(false)' },
     { timestamp: 1518007964139,
       level: 'ALL',
       message: '02-07 13:48:48.332  2347  2347 D StatusBar.NetworkController: refreshNwBoosterIndicator - setNWBoosterIndicators(false)' },
     { timestamp: 1518007964139,
       level: 'ALL',
       message: '02-07 13:48:48.332  2347  2347 D StatusBar.NetworkController: refreshNwBoosterIndicator - setNWBoosterIndicators(false)' },
     ... 9900 more items ],
  sessionId: '664044b9-48d6-4b36-a678-ad2c7f287191' }
2018-02-07T12:52:53.532Z - info: Running clean Install test with following paramters, appPackage: com.pointvoucher.playlondonpv activityName: com.unity3d.player.UnityPlayerActivity apkFile: /home/trixo/Code/javaRewrite/apk/pl.apk
2018-02-07T12:52:55.243Z - info: App does not exist in device 
2018-02-07T12:52:55.243Z - info: Installing app to device /home/trixo/Code/javaRewrite/apk/pl.apk
2018-02-07T12:53:47.256Z - info: starting package : com.pointvoucher.playlondonpv with activity name: com.unity3d.player.UnityPlayerActivity
2018-02-07T12:53:51.824Z - info: Running fnPermission with number of repeats: 5 and value: true
2018-02-07T12:53:53.256Z - info: Found permission button going to click #0
2018-02-07T12:53:53.256Z - info: Running click event : Click on permission button with 5repets
2018-02-07T12:53:53.256Z - info: Looking for image on screen:Click on permission button with 5 repeats 
2018-02-07T12:53:53.256Z - info: Running delay for : 0
2018-02-07T12:53:54.554Z - info: Found image on screen: Click on permission button
2018-02-07T12:53:54.891Z - info: clicked on : Click on permission button with following coordinates x=438 y=556.5
2018-02-07T12:53:56.237Z - info: Still Loading #0
2018-02-07T12:53:57.763Z - info: Still Loading #1
2018-02-07T12:53:59.065Z - info: Still Loading #2
2018-02-07T12:54:00.300Z - info: Still Loading #3
2018-02-07T12:54:01.623Z - info: Still Loading #4
2018-02-07T12:54:02.797Z - info: Still Loading #5
2018-02-07T12:54:03.790Z - info: Still Loading #6
2018-02-07T12:54:04.844Z - info: Still Loading #7
2018-02-07T12:54:05.986Z - info: Still Loading #8
2018-02-07T12:54:06.961Z - info: Still Loading #9
2018-02-07T12:54:08.077Z - info: Still Loading #10
2018-02-07T12:54:09.073Z - info: Still Loading #11
2018-02-07T12:54:10.035Z - info: Still Loading #12
2018-02-07T12:54:10.969Z - info: Still Loading #13
2018-02-07T12:54:12.428Z - info: Still Loading #14
2018-02-07T12:54:13.677Z - info: Still Loading #15
2018-02-07T12:54:14.826Z - info: Still Loading #16
2018-02-07T12:54:15.763Z - info: Still Loading #17
2018-02-07T12:54:16.601Z - info: Still Loading #18
2018-02-07T12:54:17.375Z - info: Still Loading #19
2018-02-07T12:54:18.359Z - info: Still Loading #20
2018-02-07T12:54:19.113Z - info: Still Loading #21
2018-02-07T12:54:19.919Z - info: Still Loading #22
2018-02-07T12:54:20.698Z - info: Still Loading #23
2018-02-07T12:54:21.454Z - info: Still Loading #24
2018-02-07T12:54:22.515Z - info: Still Loading #25
2018-02-07T12:54:23.485Z - info: Still Loading #26
2018-02-07T12:54:24.387Z - info: Still Loading #27
2018-02-07T12:54:25.092Z - info: Still Loading #28
2018-02-07T12:54:25.906Z - info: Still Loading #29
2018-02-07T12:54:27.302Z - info: Loading finished on  #30repets
2018-02-07T12:54:27.367Z - info:  
{ status: 0,
  value: 
   [ { timestamp: 1518007973102,
       level: 'ALL',
       message: '02-07 13:52:53.202  1778  1790 I art     : Background partial concurrent mark sweep GC freed 52573(2MB) AllocSpace objects, 11(220KB) LOS objects, 25% free, 46MB/62MB, paused 12.644ms total 227.356ms' },
     { timestamp: 1518007973102,
       level: 'ALL',
       message: '02-07 13:52:53.222  1778  4954 D SSRM:s  : SIOP:: AP = 450, CP = 38, LCD = 221' },
     { timestamp: 1518007973102,
       level: 'ALL',
       message: '02-07 13:52:53.232  1778  4954 D ConnectivityService: returning getNetworkInfo for network type 1 : [type: WIFI[] - WIFI, state: CONNECTED/CONNECTED, reason: (unspecified), extra: "PointNet", roaming: false, failover: false, isAvailable: true]' },
     { timestamp: 1518007973102,
       level: 'ALL',
       message: '02-07 13:52:53.232  1778  4954 D SSRM:P  : reading: 45 45 0' },
     { timestamp: 1518007973318,
       level: 'ALL',
       message: '02-07 13:52:53.552  1778  1778 D CustomFrequencyManagerService: releaseDVFSLockLocked : Getting Lock type frm List : DVFS_MIN_LIMIT  frequency : 1190400  uid : 1000  pid : 1778  tag : ACTIVITY_RESUME_BOOSTER@18' },
     { timestamp: 1518007973325,
       level: 'ALL',
       message: '02-07 13:52:53.562  1778  1778 D CustomFrequencyManagerService: FrequencyrequestList.getNextCStateDisableRequest, index: 0' },
     { timestamp: 1518007973497,
       level: 'ALL',
       message: '02-07 13:52:53.732  1778  5654 D BatteryService: !@BatteryListener : batteryPropertiesChanged!' },
     { timestamp: 1518007973686,
       level: 'ALL',
       message: '02-07 13:52:53.922  2347  2347 D StatusBar.NetworkController: refreshViews connected={ wifi } level=1 combinedSignalIconId=0x7f020655/com.android.systemui:drawable/stat_sys_wifi_signal_4 mobileLabel=Lycamobile wifiLabel="PointNet" emergencyOnly=false combinedLabel="PointNet" mAirplaneMode=false mDataActivity=0 mPhoneSignalIconId=0x7f020550/com.android.systemui:drawable/stat_sys_signal_1_auto_rotate mQSPhoneSignalIconId=0x7f02015a/com.android.systemui:drawable/ic_qs_signal_1 mDataDirectionIconId=0x0/(null) mDataSignalIconId=0x7f020550/com.android.systemui:drawable/stat_sys_signal_1_auto_rotate mDataTypeIconId=0x7f020401/com.android.systemui:drawable/stat_sys_data_connected_4g mQSDataTypeIconId=0x7f020160/com.android.systemui:drawable/ic_qs_signal_4g mNoSimIconId=0x0/(null) mWifiIconId=0x7f020655/com.android.systemui:drawable/stat_sys_wifi_signal_4 mQSWifiIconId=0x7f020330/com.android.systemui:drawable/qs_tile_wifi_signal_4 mWifiActivityIconId=0x7f020601/com.android.systemui:drawable/stat_sys_signal_in mBluetoothTetherIconId=0x7f02062c/com.android.systemui:drawable/stat_sys_tether_bluetooth' },
     { timestamp: 1518007973686,
       level: 'ALL',
       message: '02-07 13:52:53.922  2347  2347 D StatusBar.NetworkController: refreshNwBoosterIndicator - setNWBoosterIndicators(false)' },
     { timestamp: 1518007973689,
       level: 'ALL',
       message: '02-07 13:52:53.922  2347  2347 D StatusBar.NetworkController: refreshNwBoosterIndicator - setNWBoosterIndicators(false)' },
     { timestamp: 1518007973689,
       level: 'ALL',
       message: '02-07 13:52:53.922  2347  2347 D StatusBar.NetworkController: refreshNwBoosterIndicator - setNWBoosterIndicators(false)' },
     { timestamp: 1518007973691,
       level: 'ALL',
       message: '02-07 13:52:53.922  2347  2347 D StatusBar.NetworkController: refreshNwBoosterIndicator - setNWBoosterIndicators(false)' },
     { timestamp: 1518007974899,
       level: 'ALL',
       message: '02-07 13:52:55.132  3200  3200 D HeadsetPhoneState: Signal level : previous=1 curr=1' },
     { timestamp: 1518007974899,
       level: 'ALL',
       message: '02-07 13:52:55.132  2347  2347 D StatusBar.NetworkController: onSignalStrengthsChanged signalStrength=SignalStrength: 99 99 -120 -160 -120 -1 -1 20 -109 -14 -36 -1 2147483647 0x1000 gsm|lte level=1' },
     { timestamp: 1518007974899,
       level: 'ALL',
       message: '02-07 13:52:55.132  2347  2347 D StatusBar.NetworkController: updateTelephonySignalStrength: hasService=true ss=SignalStrength: 99 99 -120 -160 -120 -1 -1 20 -109 -14 -36 -1 2147483647 0x1000 gsm|lte' },
     { timestamp: 1518007974899,
       level: 'ALL',
       message: '02-07 13:52:55.132  2347  2347 D StatusBar.NetworkController: updateTelephonySignalStrength: iconLevel=1' },
     { timestamp: 1518007974899,
       level: 'ALL',
       message: '02-07 13:52:55.132  2347  2347 D StatusBar.NetworkController: updateTelephonySignalStrength, No signal level. mPhoneSignalIconId = com.android.systemui:drawable/stat_sys_signal_1_auto_rotate mDataSignalIconId = com.android.systemui:drawable/stat_sys_signal_1_auto_rotate mQSPhoneSignalIconId = com.android.systemui:drawable/ic_qs_signal_1 mContentDescriptionPhoneSignal = One bar of phone signal' },
     { timestamp: 1518007974905,
       level: 'ALL',
       message: '02-07 13:52:55.142 19829 19829 I FIPS_bssl: FIPS approved mode (1) | 19829 | app_process' },
     { timestamp: 1518007974976,
       level: 'ALL',
       message: '02-07 13:52:55.212 19829 19829 W AVMediaServiceFactory: symbol createExtendedMediaServiceFactory not found:  undefined symbol: createExtendedMediaServiceFactory' },
     { timestamp: 1518007974979,
       level: 'ALL',
       message: '02-07 13:52:55.212 19829 19829 W AVMediaUtils: symbol createExtendedMediaUtils not found:  undefined symbol: createExtendedMediaUtils' },
     { timestamp: 1518007974986,
       level: 'ALL',
       message: '02-07 13:52:55.222 19829 19829 D AndroidRuntime: >>>>>> START com.android.internal.os.RuntimeInit uid 2000 <<<<<<' },
     { timestamp: 1518007974992,
       level: 'ALL',
       message: '02-07 13:52:55.232 19829 19829 D AndroidRuntime: CheckJNI is OFF' },
     { timestamp: 1518007974993,
       level: 'ALL',
       message: '02-07 13:52:55.232 19829 19829 D AndroidRuntime: readGMSProperty: start' },
     { timestamp: 1518007974993,
       level: 'ALL',
       message: '02-07 13:52:55.232 19829 19829 D AndroidRuntime: readGMSProperty: already setted!!' },
     { timestamp: 1518007974993,
       level: 'ALL',
       message: '02-07 13:52:55.232 19829 19829 D AndroidRuntime: propertySet: couldn\'t set property (it is from app)' },
     { timestamp: 1518007974993,
       level: 'ALL',
       message: '02-07 13:52:55.232 19829 19829 D AndroidRuntime: readGMSProperty: could not set the property(default)!!' },
     { timestamp: 1518007974993,
       level: 'ALL',
       message: '02-07 13:52:55.232 19829 19829 D AndroidRuntime: propertySet: couldn\'t set property (it is from app)' },
     { timestamp: 1518007974993,
       level: 'ALL',
       message: '02-07 13:52:55.232 19829 19829 D AndroidRuntime: propertySet: couldn\'t set property (it is from app)' },
     { timestamp: 1518007974993,
       level: 'ALL',
       message: '02-07 13:52:55.232 19829 19829 D AndroidRuntime: readGMSProperty: end' },
     { timestamp: 1518007974993,
       level: 'ALL',
       message: '02-07 13:52:55.232 19829 19829 D AndroidRuntime: addProductProperty: start' },
     { timestamp: 1518007974993,
       level: 'ALL',
       message: '02-07 13:52:55.232 19829 19829 D AndroidRuntime: propertySet: couldn\'t set property (it is from app)' },
     { timestamp: 1518007974999,
       level: 'ALL',
       message: '02-07 13:52:55.232  2347  2347 D StatusBar.NetworkController: refreshViews connected={ wifi } level=1 combinedSignalIconId=0x7f020655/com.android.systemui:drawable/stat_sys_wifi_signal_4 mobileLabel=Lycamobile wifiLabel="PointNet" emergencyOnly=false combinedLabel="PointNet" mAirplaneMode=false mDataActivity=0 mPhoneSignalIconId=0x7f020550/com.android.systemui:drawable/stat_sys_signal_1_auto_rotate mQSPhoneSignalIconId=0x7f02015a/com.android.systemui:drawable/ic_qs_signal_1 mDataDirectionIconId=0x0/(null) mDataSignalIconId=0x7f020550/com.android.systemui:drawable/stat_sys_signal_1_auto_rotate mDataTypeIconId=0x7f020401/com.android.systemui:drawable/stat_sys_data_connected_4g mQSDataTypeIconId=0x7f020160/com.android.systemui:drawable/ic_qs_signal_4g mNoSimIconId=0x0/(null) mWifiIconId=0x7f020655/com.android.systemui:drawable/stat_sys_wifi_signal_4 mQSWifiIconId=0x7f020330/com.android.systemui:drawable/qs_tile_wifi_signal_4 mWifiActivityIconId=0x7f020601/com.android.systemui:drawable/stat_sys_signal_in mBluetoothTetherIconId=0x7f02062c/com.android.systemui:drawable/stat_sys_tether_bluetooth' },
     { timestamp: 1518007974999,
       level: 'ALL',
       message: '02-07 13:52:55.232  2347  2347 D StatusBar.NetworkController: refreshNwBoosterIndicator - setNWBoosterIndicators(false)' },
     { timestamp: 1518007974999,
       level: 'ALL',
       message: '02-07 13:52:55.232  2347  2347 D StatusBar.NetworkController: refreshNwBoosterIndicator - setNWBoosterIndicators(false)' },
     { timestamp: 1518007974999,
       level: 'ALL',
       message: '02-07 13:52:55.232  2347  2347 D StatusBar.NetworkController: refreshNwBoosterIndicator - setNWBoosterIndicators(false)' },
     { timestamp: 1518007974999,
       level: 'ALL',
       message: '02-07 13:52:55.232  2347  2347 D StatusBar.NetworkController: refreshNwBoosterIndicator - setNWBoosterIndicators(false)' },
     { timestamp: 1518007975050,
       level: 'ALL',
       message: '02-07 13:52:55.282 19829 19829 D ICU     : No timezone override file found: /data/misc/zoneinfo/current/icu/icu_tzdata.dat' },
     { timestamp: 1518007975107,
       level: 'ALL',
       message: '02-07 13:52:55.342 19829 19829 I Radio-JNI: register_android_hardware_Radio DONE' },
     { timestamp: 1518007975119,
       level: 'ALL',
       message: '02-07 13:52:55.352 19829 19829 E AffinityControl: AffinityControl: registerfunction enter' },
     { timestamp: 1518007975154,
       level: 'ALL',
       message: '02-07 13:52:55.392 19829 19829 D AndroidRuntime: Calling main entry com.android.commands.pm.Pm' },
     { timestamp: 1518007975240,
       level: 'ALL',
       message: '02-07 13:52:55.462 19829 19829 I art     : System.exit called, status: 0' },
     { timestamp: 1518007975240,
       level: 'ALL',
       message: '02-07 13:52:55.462 19829 19829 I AndroidRuntime: VM exiting with result code 0.' },
     { timestamp: 1518007978153,
       level: 'ALL',
       message: '02-07 13:52:58.392  1778  2159 D SensorService: [SO] 0.134 0.383 10.410' },
     { timestamp: 1518007978696,
       level: 'ALL',
       message: '02-07 13:52:58.932  2347  2347 D StatusBar.NetworkController: refreshViews connected={ wifi } level=1 combinedSignalIconId=0x7f020655/com.android.systemui:drawable/stat_sys_wifi_signal_4 mobileLabel=Lycamobile wifiLabel="PointNet" emergencyOnly=false combinedLabel="PointNet" mAirplaneMode=false mDataActivity=0 mPhoneSignalIconId=0x7f020550/com.android.systemui:drawable/stat_sys_signal_1_auto_rotate mQSPhoneSignalIconId=0x7f02015a/com.android.systemui:drawable/ic_qs_signal_1 mDataDirectionIconId=0x0/(null) mDataSignalIconId=0x7f020550/com.android.systemui:drawable/stat_sys_signal_1_auto_rotate mDataTypeIconId=0x7f020401/com.android.systemui:drawable/stat_sys_data_connected_4g mQSDataTypeIconId=0x7f020160/com.android.systemui:drawable/ic_qs_signal_4g mNoSimIconId=0x0/(null) mWifiIconId=0x7f020655/com.android.systemui:drawable/stat_sys_wifi_signal_4 mQSWifiIconId=0x7f020330/com.android.systemui:drawable/qs_tile_wifi_signal_4 mWifiActivityIconId=0x7f020603/com.android.systemui:drawable/stat_sys_signal_inout mBluetoothTetherIconId=0x7f02062c/com.android.systemui:drawable/stat_sys_tether_bluetooth' },
     { timestamp: 1518007978696,
       level: 'ALL',
       message: '02-07 13:52:58.932  2347  2347 D StatusBar.NetworkController: refreshNwBoosterIndicator - setNWBoosterIndicators(false)' },
     { timestamp: 1518007978696,
       level: 'ALL',
       message: '02-07 13:52:58.932  2347  2347 D StatusBar.NetworkController: refreshNwBoosterIndicator - setNWBoosterIndicators(false)' },
     { timestamp: 1518007978696,
       level: 'ALL',
       message: '02-07 13:52:58.932  2347  2347 D StatusBar.NetworkController: refreshNwBoosterIndicator - setNWBoosterIndicators(false)' },
     { timestamp: 1518007978696,
       level: 'ALL',
       message: '02-07 13:52:58.932  2347  2347 D StatusBar.NetworkController: refreshNwBoosterIndicator - setNWBoosterIndicators(false)' },
     { timestamp: 1518007978728,
       level: 'ALL',
       message: '02-07 13:52:58.962  3200  3200 D HeadsetPhoneState: Signal level : previous=1 curr=1' },
     { timestamp: 1518007978729,
       level: 'ALL',
       message: '02-07 13:52:58.962  2347  2347 D StatusBar.NetworkController: onSignalStrengthsChanged signalStrength=SignalStrength: 99 99 -120 -160 -120 -1 -1 18 -109 -13 -2 -1 2147483647 0x1000 gsm|lte level=1' },
     { timestamp: 1518007978729,
       level: 'ALL',
       message: '02-07 13:52:58.962  2347  2347 D StatusBar.NetworkController: updateTelephonySignalStrength: hasService=true ss=SignalStrength: 99 99 -120 -160 -120 -1 -1 18 -109 -13 -2 -1 2147483647 0x1000 gsm|lte' },
     { timestamp: 1518007978729,
       level: 'ALL',
       message: '02-07 13:52:58.962  2347  2347 D StatusBar.NetworkController: updateTelephonySignalStrength: iconLevel=1' },
     { timestamp: 1518007978729,
       level: 'ALL',
       message: '02-07 13:52:58.962  2347  2347 D StatusBar.NetworkController: updateTelephonySignalStrength, No signal level. mPhoneSignalIconId = com.android.systemui:drawable/stat_sys_signal_1_auto_rotate mDataSignalIconId = com.android.systemui:drawable/stat_sys_signal_1_auto_rotate mQSPhoneSignalIconId = com.android.systemui:drawable/ic_qs_signal_1 mContentDescriptionPhoneSignal = One bar of phone signal' },
     { timestamp: 1518007978831,
       level: 'ALL',
       message: '02-07 13:52:59.062  2347  2347 D StatusBar.NetworkController: refreshViews connected={ wifi } level=1 combinedSignalIconId=0x7f020655/com.android.systemui:drawable/stat_sys_wifi_signal_4 mobileLabel=Lycamobile wifiLabel="PointNet" emergencyOnly=false combinedLabel="PointNet" mAirplaneMode=false mDataActivity=0 mPhoneSignalIconId=0x7f020550/com.android.systemui:drawable/stat_sys_signal_1_auto_rotate mQSPhoneSignalIconId=0x7f02015a/com.android.systemui:drawable/ic_qs_signal_1 mDataDirectionIconId=0x0/(null) mDataSignalIconId=0x7f020550/com.android.systemui:drawable/stat_sys_signal_1_auto_rotate mDataTypeIconId=0x7f020401/com.android.systemui:drawable/stat_sys_data_connected_4g mQSDataTypeIconId=0x7f020160/com.android.systemui:drawable/ic_qs_signal_4g mNoSimIconId=0x0/(null) mWifiIconId=0x7f020655/com.android.systemui:drawable/stat_sys_wifi_signal_4 mQSWifiIconId=0x7f020330/com.android.systemui:drawable/qs_tile_wifi_signal_4 mWifiActivityIconId=0x7f020603/com.android.systemui:drawable/stat_sys_signal_inout mBluetoothTetherIconId=0x7f02062c/com.android.systemui:drawable/stat_sys_tether_bluetooth' },
     { timestamp: 1518007978831,
       level: 'ALL',
       message: '02-07 13:52:59.062  2347  2347 D StatusBar.NetworkController: refreshNwBoosterIndicator - setNWBoosterIndicators(false)' },
     { timestamp: 1518007978831,
       level: 'ALL',
       message: '02-07 13:52:59.062  2347  2347 D StatusBar.NetworkController: refreshNwBoosterIndicator - setNWBoosterIndicators(false)' },
     { timestamp: 1518007978831,
       level: 'ALL',
       message: '02-07 13:52:59.062  2347  2347 D StatusBar.NetworkController: refreshNwBoosterIndicator - setNWBoosterIndicators(false)' },
     { timestamp: 1518007978831,
       level: 'ALL',
       message: '02-07 13:52:59.062  2347  2347 D StatusBar.NetworkController: refreshNwBoosterIndicator - setNWBoosterIndicators(false)' },
     { timestamp: 1518007978840,
       level: 'ALL',
       message: '02-07 13:52:59.072   411   551 D DataRouter: After the usb select' },
     { timestamp: 1518007978840,
       level: 'ALL',
       message: '02-07 13:52:59.072   411   551 D DataRouter: read usb data[len:1]' },
     { timestamp: 1518007978840,
       level: 'ALL',
       message: '02-07 13:52:59.072   411   551 D DataRouter: read usb data message:A' },
     { timestamp: 1518007978840,
       level: 'ALL',
       message: '02-07 13:52:59.072   411   551 D DataRouter: Before the usb select' },
     { timestamp: 1518007978840,
       level: 'ALL',
       message: '02-07 13:52:59.072   411   551 D DataRouter: After the usb select' },
     { timestamp: 1518007978840,
       level: 'ALL',
       message: '02-07 13:52:59.072   411   551 D DataRouter: read usb data[len:1]' },
     { timestamp: 1518007978840,
       level: 'ALL',
       message: '02-07 13:52:59.072   411   551 D DataRouter: read usb data message:T' },
     { timestamp: 1518007978840,
       level: 'ALL',
       message: '02-07 13:52:59.072   411   551 D DataRouter: Before the usb select' },
     { timestamp: 1518007978840,
       level: 'ALL',
       message: '02-07 13:52:59.072   411   551 D DataRouter: After the usb select' },
     { timestamp: 1518007978840,
       level: 'ALL',
       message: '02-07 13:52:59.072   411   551 D DataRouter: read usb data[len:1]' },
     { timestamp: 1518007978840,
       level: 'ALL',
       message: '02-07 13:52:59.072   411   551 D DataRouter: read usb data message:+' },
     { timestamp: 1518007978840,
       level: 'ALL',
       message: '02-07 13:52:59.072   411   551 D DataRouter: Before the usb select' },
     { timestamp: 1518007978841,
       level: 'ALL',
       message: '02-07 13:52:59.072   411   551 D DataRouter: After the usb select' },
     { timestamp: 1518007978841,
       level: 'ALL',
       message: '02-07 13:52:59.072   411   551 D DataRouter: read usb data[len:1]' },
     { timestamp: 1518007978841,
       level: 'ALL',
       message: '02-07 13:52:59.072   411   551 D DataRouter: read usb data message:C' },
     { timestamp: 1518007978841,
       level: 'ALL',
       message: '02-07 13:52:59.072   411   551 D DataRouter: Before the usb select' },
     { timestamp: 1518007978843,
       level: 'ALL',
       message: '02-07 13:52:59.072   411   551 D DataRouter: After the usb select' },
     { timestamp: 1518007978843,
       level: 'ALL',
       message: '02-07 13:52:59.072   411   551 D DataRouter: read usb data[len:1]' },
     { timestamp: 1518007978843,
       level: 'ALL',
       message: '02-07 13:52:59.082   411   551 D DataRouter: read usb data message:I' },
     { timestamp: 1518007978843,
       level: 'ALL',
       message: '02-07 13:52:59.082   411   551 D DataRouter: Before the usb select' },
     { timestamp: 1518007978843,
       level: 'ALL',
       message: '02-07 13:52:59.082   411   551 D DataRouter: After the usb select' },
     { timestamp: 1518007978843,
       level: 'ALL',
       message: '02-07 13:52:59.082   411   551 D DataRouter: read usb data[len:1]' },
     { timestamp: 1518007978843,
       level: 'ALL',
       message: '02-07 13:52:59.082   411   551 D DataRouter: read usb data message:N' },
     { timestamp: 1518007978843,
       level: 'ALL',
       message: '02-07 13:52:59.082   411   551 D DataRouter: Before the usb select' },
     { timestamp: 1518007978844,
       level: 'ALL',
       message: '02-07 13:52:59.082   411   551 D DataRouter: After the usb select' },
     { timestamp: 1518007978844,
       level: 'ALL',
       message: '02-07 13:52:59.082   411   551 D DataRouter: read usb data[len:1]' },
     { timestamp: 1518007978844,
       level: 'ALL',
       message: '02-07 13:52:59.082   411   551 D DataRouter: read usb data message:D' },
     { timestamp: 1518007978844,
       level: 'ALL',
       message: '02-07 13:52:59.082   411   551 D DataRouter: Before the usb select' },
     { timestamp: 1518007978845,
       level: 'ALL',
       message: '02-07 13:52:59.082   411   551 D DataRouter: After the usb select' },
     { timestamp: 1518007978845,
       level: 'ALL',
       message: '02-07 13:52:59.082   411   551 D DataRouter: read usb data[len:1]' },
     { timestamp: 1518007978845,
       level: 'ALL',
       message: '02-07 13:52:59.082   411   551 D DataRouter: read usb data message:?' },
     { timestamp: 1518007978845,
       level: 'ALL',
       message: '02-07 13:52:59.082   411   551 D DataRouter: Before the usb select' },
     { timestamp: 1518007978846,
       level: 'ALL',
       message: '02-07 13:52:59.082   411   551 D DataRouter: After the usb select' },
     { timestamp: 1518007978846,
       level: 'ALL',
       message: '02-07 13:52:59.082   411   551 D DataRouter: read usb data[len:1]' },
     { timestamp: 1518007978846,
       level: 'ALL',
       message: '02-07 13:52:59.082   411   551 D DataRouter: read usb data message:' },
     { timestamp: 1518007978846,
       level: 'ALL',
       message: '02-07 13:52:59.082   411   551 D DataRouter: Before the usb select' },
     { timestamp: 1518007978848,
       level: 'ALL',
       message: '02-07 13:52:59.082   411  1998 D DataRouter: write [32] bytes of data to USB fd[10]' },
     { timestamp: 1518007978931,
       level: 'ALL',
       message: '02-07 13:52:59.162  1507 12151 I DeviceScanner: [MDNS] Received response from "ChromecastPointvoucher" (5fd04ff4b4ce7bb547f78da108db8491) with result "0 No change"' },
     { timestamp: 1518007979765,
       level: 'ALL',
       message: '02-07 13:52:59.992  1778  2182 V AlarmManager: Expired Alarm result :8' },
     { timestamp: 1518007979766,
       level: 'ALL',
       message: '02-07 13:52:59.992  2347  2347 D KeyguardUpdateMonitor: received broadcast android.intent.action.TIME_TICK' },
     { timestamp: 1518007979766,
       level: 'ALL',
       message: '02-07 13:52:59.992  2347  2347 I PERF    : received broadcast android.intent.action.TIME_TICK' },
     { timestamp: 1518007979766,
       level: 'ALL',
       message: '02-07 13:52:59.992  2347  2347 D KeyguardUpdateMonitor: handleTimeUpdate' },
     ... 3318 more items ],
  sessionId: '664044b9-48d6-4b36-a678-ad2c7f287191' }
