2018-02-27T13:06:20.395Z - info: Test execution started
2018-02-27T13:06:20.396Z - info: Got following options to run{"testName":"Go To Profile","UDID":"cd21ccc5","port":4012,"systemPort":8212,"bpPort":6012,"desCaps":{"testName":"Go To Profile","testFileName":"GoToProfile","groupTest":false,"desiredCapabilities":{"platformName":"Android","deviceName":"Android","appPackage":"com.pointvoucher.playlondonpv","appActivity":"com.unity3d.player.UnityPlayerActivity","fullReset":false,"noReset":true,"newCommandTimeout":120000,"skipUnlock":true},"parameters":{}}}
2018-02-27T13:06:20.454Z - info: Trying to connect to openSTF with serial number cd21ccc5
2018-02-27T13:06:20.502Z - info: executing command adb connect  localhost:7409
2018-02-27T13:06:20.508Z - info: /home/trixo/Downloads/appium-1.8.0-beta3/build/lib/main.js -p 4012 -bp6012  --log-timestamp --log /home/trixo/Code/javaRewrite/log4012.txt
2018-02-27T13:06:20.508Z - info: Trying to create appium Server on port: 4012
2018-02-27T13:06:22.700Z - info: Appium server created on port: 4012
2018-02-27T13:06:40.676Z - info: Play london profile test
2018-02-27T13:06:40.709Z - info: Looking for image on screen:If on screen then app Loaded,Logout state true with 20 repeats 
2018-02-27T13:06:40.709Z - info: Running delay for : 4000
2018-02-27T13:06:44.715Z - info: Running delay for : 2000
2018-02-27T13:06:47.811Z - info: Running delay for : 2000
2018-02-27T13:06:50.666Z - info: Running delay for : 2000
2018-02-27T13:06:53.471Z - info: Running delay for : 2000
2018-02-27T13:06:56.176Z - info: Running delay for : 2000
2018-02-27T13:06:59.059Z - info: Running delay for : 2000
2018-02-27T13:07:01.811Z - info: Running delay for : 2000
2018-02-27T13:07:05.422Z - info: Found image on screen: If on screen then app Loaded,Logout state true
2018-02-27T13:07:05.422Z - info: Running click event : Click Login button with 5repets
2018-02-27T13:07:05.422Z - info: Looking for image on screen:Click Login button with 5 repeats 
2018-02-27T13:07:05.422Z - info: Running delay for : 2000
2018-02-27T13:07:07.425Z - info: Running delay for : 0
2018-02-27T13:07:08.834Z - info: Found image on screen: Click Login button
2018-02-27T13:07:08.978Z - info: clicked on : Click Login button with following coordinates x=484 y=27
2018-02-27T13:07:08.979Z - info: Running click event : Click Email Login button with 5repets
2018-02-27T13:07:08.979Z - info: Looking for image on screen:Click Email Login button with 5 repeats 
2018-02-27T13:07:08.979Z - info: Running delay for : 2000
2018-02-27T13:07:10.982Z - info: Running delay for : 0
2018-02-27T13:07:12.171Z - info: Found image on screen: Click Email Login button
2018-02-27T13:07:12.310Z - info: clicked on : Click Email Login button with following coordinates x=153.5 y=811
2018-02-27T13:07:12.310Z - info: Running click event : Click Yes age button with 5repets
2018-02-27T13:07:12.311Z - info: Looking for image on screen:Click Yes age button with 5 repeats 
2018-02-27T13:07:12.311Z - info: Running delay for : 2000
2018-02-27T13:07:14.313Z - info: Running delay for : 0
2018-02-27T13:07:15.237Z - info: Found image on screen: Click Yes age button
2018-02-27T13:07:15.376Z - info: clicked on : Click Yes age button with following coordinates x=273.5 y=585
2018-02-27T13:07:15.377Z - info: Running click event : Click on Enter Email field with 5repets
2018-02-27T13:07:15.377Z - info: Looking for image on screen:Click on Enter Email field with 5 repeats 
2018-02-27T13:07:15.377Z - info: Running delay for : 2000
2018-02-27T13:07:17.379Z - info: Running delay for : 0
2018-02-27T13:07:18.121Z - info: Found image on screen: Click on Enter Email field
2018-02-27T13:07:18.271Z - info: clicked on : Click on Enter Email field with following coordinates x=272.5 y=457
2018-02-27T13:07:23.450Z - info: Running clear keyboard (click on x0y0
2018-02-27T13:07:23.592Z - info: Keyboard cleared
2018-02-27T13:07:23.592Z - info: Running click event : Next email with 5repets
2018-02-27T13:07:23.592Z - info: Looking for image on screen:Next email with 5 repeats 
2018-02-27T13:07:23.592Z - info: Running delay for : 500
2018-02-27T13:07:24.093Z - info: Running delay for : 0
2018-02-27T13:07:24.878Z - info: Found image on screen: Next email
2018-02-27T13:07:25.017Z - info: clicked on : Next email with following coordinates x=401 y=593
2018-02-27T13:07:25.017Z - info: Running click event : Click on Enter Password field with 5repets
2018-02-27T13:07:25.017Z - info: Looking for image on screen:Click on Enter Password field with 5 repeats 
2018-02-27T13:07:25.018Z - info: Running delay for : 2000
2018-02-27T13:07:27.020Z - info: Running delay for : 0
2018-02-27T13:07:27.755Z - info: Found image on screen: Click on Enter Password field
2018-02-27T13:07:27.918Z - info: clicked on : Click on Enter Password field with following coordinates x=269 y=464.5
2018-02-27T13:07:31.903Z - info: Running clear keyboard (click on x0y0
2018-02-27T13:07:32.049Z - info: Keyboard cleared
2018-02-27T13:07:32.049Z - info: Running click event : Next password with 5repets
2018-02-27T13:07:32.049Z - info: Looking for image on screen:Next password with 5 repeats 
2018-02-27T13:07:32.049Z - info: Running delay for : 100
2018-02-27T13:07:32.150Z - info: Running delay for : 0
2018-02-27T13:07:32.875Z - info: Found image on screen: Next password
2018-02-27T13:07:33.009Z - info: clicked on : Next password with following coordinates x=401 y=655
2018-02-27T13:07:33.009Z - info: Looking for image on screen:If 0 coins then looged in with 20 repeats 
2018-02-27T13:07:33.009Z - info: Running delay for : 1000
2018-02-27T13:07:34.011Z - info: Running delay for : 0
2018-02-27T13:07:35.215Z - info: Running delay for : 0
2018-02-27T13:07:36.870Z - info: Found image on screen: If 0 coins then looged in
2018-02-27T13:07:36.870Z - info: Running click event : coins button  with 5repets
2018-02-27T13:07:36.871Z - info: Looking for image on screen:coins button  with 5 repeats 
2018-02-27T13:07:36.871Z - info: Running delay for : 0
2018-02-27T13:07:36.873Z - info: Running delay for : 0
2018-02-27T13:07:38.174Z - info: Found image on screen: coins button 
2018-02-27T13:07:38.306Z - info: clicked on : coins button  with following coordinates x=485.5 y=27.5
2018-02-27T13:07:38.306Z - info: Running click event : My Account button  with 10repets
2018-02-27T13:07:38.306Z - info: Looking for image on screen:My Account button  with 10 repeats 
2018-02-27T13:07:38.306Z - info: Running delay for : 2000
2018-02-27T13:07:40.309Z - info: Running delay for : 0
2018-02-27T13:07:41.367Z - info: Found image on screen: My Account button 
2018-02-27T13:07:41.492Z - info: clicked on : My Account button  with following coordinates x=452.5 y=671
2018-02-27T13:07:41.492Z - info: Looking for image on screen:profile webview openned with 20 repeats 
2018-02-27T13:07:41.493Z - info: Running delay for : 1000
2018-02-27T13:07:42.493Z - info: Running delay for : 0
2018-02-27T13:07:43.389Z - info: Running delay for : 0
2018-02-27T13:07:44.434Z - info: Running delay for : 0
2018-02-27T13:07:45.618Z - info: Running delay for : 0
2018-02-27T13:07:46.904Z - info: Running delay for : 0
2018-02-27T13:07:48.113Z - info: Running delay for : 0
2018-02-27T13:07:49.295Z - info: Running delay for : 0
2018-02-27T13:07:50.470Z - info: Found image on screen: profile webview openned
2018-02-27T13:07:50.471Z - info: ERROR[MyERr]: TEST FINISHED WITH ERROR: TypeError: fnScrollAndFindOnce(...).catch is not a function
2018-02-27T13:07:50.489Z - info: Disconnected localhost:7409=> open STF 
2018-02-27T13:20:13.634Z - info: Appium on close  null
