2018-02-26T15:30:02.130Z - info: Test execution started
2018-02-26T15:30:02.130Z - info: Got following options to run{"testName":"Play London Shop","UDID":"cd21ccc5","port":4009,"systemPort":8209,"bpPort":6009,"desCaps":{"testName":"Play London Shop","testFileName":"PlayLondonShop","groupTest":false,"desiredCapabilities":{"platformName":"Android","deviceName":"Android","appPackage":"com.pointvoucher.playlondonpv","appActivity":"com.unity3d.player.UnityPlayerActivity","fullReset":false,"noReset":true,"newCommandTimeout":120000,"skipUnlock":true},"parameters":{}}}
2018-02-26T15:30:02.241Z - info: Trying to connect to openSTF with serial number cd21ccc5
2018-02-26T15:30:02.290Z - info: executing command adb connect  localhost:7401
2018-02-26T15:30:02.299Z - info: /home/trixo/Downloads/appium-1.8.0-beta3/build/lib/main.js -p 4009 -bp6009  --log-timestamp --log /home/trixo/Code/javaRewrite/log4009.txt
2018-02-26T15:30:02.299Z - info: Trying to create appium Server on port: 4009
2018-02-26T15:30:04.728Z - info: Appium server created on port: 4009
2018-02-26T15:30:19.499Z - info: Play london shop test
2018-02-26T15:30:19.565Z - info: Looking for image on screen:If on screen then app Loaded,Logout state true with 20 repeats 
2018-02-26T15:30:19.565Z - info: Running delay for : 4000
2018-02-26T15:30:23.571Z - info: Running delay for : 2000
2018-02-26T15:30:26.266Z - info: Running delay for : 2000
2018-02-26T15:30:28.862Z - info: Running delay for : 2000
2018-02-26T15:30:31.525Z - info: Running delay for : 2000
2018-02-26T15:30:34.131Z - info: Running delay for : 2000
2018-02-26T15:30:37.323Z - info: Found image on screen: If on screen then app Loaded,Logout state true
2018-02-26T15:30:37.323Z - info: Running click event : Click Login button with 5repets
2018-02-26T15:30:37.323Z - info: Looking for image on screen:Click Login button with 5 repeats 
2018-02-26T15:30:37.323Z - info: Running delay for : 2000
2018-02-26T15:30:39.326Z - info: Running delay for : 0
2018-02-26T15:30:40.513Z - info: Found image on screen: Click Login button
2018-02-26T15:30:40.650Z - info: clicked on : Click Login button with following coordinates x=483 y=27.5
2018-02-26T15:30:40.650Z - info: Running click event : Click Email Login button with 5repets
2018-02-26T15:30:40.651Z - info: Looking for image on screen:Click Email Login button with 5 repeats 
2018-02-26T15:30:40.651Z - info: Running delay for : 2000
2018-02-26T15:30:42.653Z - info: Running delay for : 0
2018-02-26T15:30:43.618Z - info: Found image on screen: Click Email Login button
2018-02-26T15:30:43.741Z - info: clicked on : Click Email Login button with following coordinates x=152 y=812
2018-02-26T15:30:43.742Z - info: Running click event : Click Yes age button with 5repets
2018-02-26T15:30:43.742Z - info: Looking for image on screen:Click Yes age button with 5 repeats 
2018-02-26T15:30:43.742Z - info: Running delay for : 2000
2018-02-26T15:30:45.744Z - info: Running delay for : 0
2018-02-26T15:30:46.528Z - info: Found image on screen: Click Yes age button
2018-02-26T15:30:46.658Z - info: clicked on : Click Yes age button with following coordinates x=271 y=585
2018-02-26T15:30:46.658Z - info: Running click event : Click on Enter Email field with 5repets
2018-02-26T15:30:46.658Z - info: Looking for image on screen:Click on Enter Email field with 5 repeats 
2018-02-26T15:30:46.658Z - info: Running delay for : 2000
2018-02-26T15:30:48.661Z - info: Running delay for : 0
2018-02-26T15:30:49.270Z - info: Found image on screen: Click on Enter Email field
2018-02-26T15:30:49.415Z - info: clicked on : Click on Enter Email field with following coordinates x=272 y=456.5
2018-02-26T15:30:53.603Z - info: Running clear keyboard (click on x0y0
2018-02-26T15:30:53.753Z - info: Keyboard cleared
2018-02-26T15:30:53.754Z - info: Running click event : Next email with 5repets
2018-02-26T15:30:53.754Z - info: Looking for image on screen:Next email with 5 repeats 
2018-02-26T15:30:53.754Z - info: Running delay for : 500
2018-02-26T15:30:54.255Z - info: Running delay for : 0
2018-02-26T15:30:55.026Z - info: Found image on screen: Next email
2018-02-26T15:30:55.163Z - info: clicked on : Next email with following coordinates x=401 y=597.5
2018-02-26T15:30:55.163Z - info: Running click event : Click on Enter Password field with 5repets
2018-02-26T15:30:55.163Z - info: Looking for image on screen:Click on Enter Password field with 5 repeats 
2018-02-26T15:30:55.163Z - info: Running delay for : 2000
2018-02-26T15:30:57.165Z - info: Running delay for : 0
2018-02-26T15:30:57.932Z - info: Found image on screen: Click on Enter Password field
2018-02-26T15:30:58.094Z - info: clicked on : Click on Enter Password field with following coordinates x=270 y=462
2018-02-26T15:31:02.148Z - info: Running clear keyboard (click on x0y0
2018-02-26T15:31:02.279Z - info: Keyboard cleared
2018-02-26T15:31:02.279Z - info: Running click event : Next password with 5repets
2018-02-26T15:31:02.279Z - info: Looking for image on screen:Next password with 5 repeats 
2018-02-26T15:31:02.279Z - info: Running delay for : 100
2018-02-26T15:31:02.380Z - info: Running delay for : 0
2018-02-26T15:31:03.121Z - info: Found image on screen: Next password
2018-02-26T15:31:03.255Z - info: clicked on : Next password with following coordinates x=399 y=657.5
2018-02-26T15:31:03.255Z - info: Looking for image on screen:If 0 coins then looged in with 20 repeats 
2018-02-26T15:31:03.255Z - info: Running delay for : 1000
2018-02-26T15:31:04.257Z - info: Running delay for : 0
2018-02-26T15:31:05.908Z - info: Running delay for : 0
2018-02-26T15:31:07.183Z - info: Running delay for : 0
2018-02-26T15:31:08.417Z - info: Running delay for : 0
2018-02-26T15:31:09.619Z - info: Running delay for : 0
2018-02-26T15:31:10.892Z - info: Running delay for : 0
2018-02-26T15:31:12.101Z - info: Running delay for : 0
2018-02-26T15:31:13.344Z - info: Running delay for : 0
2018-02-26T15:31:14.575Z - info: Running delay for : 0
2018-02-26T15:31:15.949Z - info: Running delay for : 0
2018-02-26T15:31:17.173Z - info: Running delay for : 0
2018-02-26T15:31:18.496Z - info: Running delay for : 0
2018-02-26T15:31:19.723Z - info: Running delay for : 0
2018-02-26T15:31:20.930Z - info: Running delay for : 0
2018-02-26T15:31:22.143Z - info: Running delay for : 0
2018-02-26T15:31:23.475Z - info: Running delay for : 0
2018-02-26T15:31:24.721Z - info: Running delay for : 0
2018-02-26T15:31:26.059Z - info: Running delay for : 0
2018-02-26T15:31:27.475Z - info: Running delay for : 0
2018-02-26T15:31:29.126Z - info: Running delay for : 0
2018-02-26T15:31:30.752Z - info: Looking for image on screen #20
2018-02-26T15:31:30.753Z - info: ERROR[MyERr]: TEST FINISHED WITH ERROR: Object not found : If 0 coins then looged in
2018-02-26T15:31:30.789Z - info: Disconnected localhost:7401=> open STF 
2018-02-26T15:38:05.229Z - info: Appium on close  null
2018-02-26T15:38:05.854Z - info: Disconnected localhost:7401=> open STF 
2018-02-26T15:38:05.854Z - info: Disconnected localhost:7401=> open STF 
2018-02-26T15:38:05.856Z - info: Disconnected localhost:7401=> open STF 
2018-02-26T15:38:05.857Z - info: Disconnected localhost:7401=> open STF 
2018-02-27T10:31:38.639Z - info: Test execution started
2018-02-27T10:31:38.640Z - info: Got following options to run{"testName":"Go To Profile","UDID":"cd21ccc5","port":4009,"systemPort":8209,"bpPort":6009,"desCaps":{"testName":"Go To Profile","testFileName":"GoToProfile","groupTest":false,"desiredCapabilities":{"platformName":"Android","deviceName":"Android","appPackage":"com.pointvoucher.playlondonpv","appActivity":"com.unity3d.player.UnityPlayerActivity","fullReset":false,"noReset":true,"newCommandTimeout":120000,"skipUnlock":true},"parameters":{}}}
2018-02-27T10:31:38.701Z - info: Trying to connect to openSTF with serial number cd21ccc5
2018-02-27T10:31:38.756Z - info: executing command adb connect  localhost:7401
2018-02-27T10:31:38.764Z - info: /home/trixo/Downloads/appium-1.8.0-beta3/build/lib/main.js -p 4009 -bp6009  --log-timestamp --log /home/trixo/Code/javaRewrite/log4009.txt
2018-02-27T10:31:38.764Z - info: Trying to create appium Server on port: 4009
2018-02-27T10:31:41.189Z - info: Appium server created on port: 4009
2018-02-27T10:31:58.001Z - info: Play london profile test
2018-02-27T10:31:58.031Z - info: Looking for image on screen:If on screen then app Loaded,Logout state true with 20 repeats 
2018-02-27T10:31:58.032Z - info: Running delay for : 4000
2018-02-27T10:32:02.034Z - info: Running delay for : 2000
2018-02-27T10:32:04.778Z - info: Running delay for : 2000
2018-02-27T10:32:07.388Z - info: Running delay for : 2000
2018-02-27T10:32:10.111Z - info: Running delay for : 2000
2018-02-27T10:32:12.715Z - info: Running delay for : 2000
2018-02-27T10:32:16.016Z - info: Found image on screen: If on screen then app Loaded,Logout state true
2018-02-27T10:32:16.017Z - info: Running click event : Click Login button with 5repets
2018-02-27T10:32:16.017Z - info: Looking for image on screen:Click Login button with 5 repeats 
2018-02-27T10:32:16.017Z - info: Running delay for : 2000
2018-02-27T10:32:18.020Z - info: Running delay for : 0
2018-02-27T10:32:19.212Z - info: Found image on screen: Click Login button
2018-02-27T10:32:19.371Z - info: clicked on : Click Login button with following coordinates x=484 y=27
2018-02-27T10:32:19.371Z - info: Running click event : Click Email Login button with 5repets
2018-02-27T10:32:19.371Z - info: Looking for image on screen:Click Email Login button with 5 repeats 
2018-02-27T10:32:19.371Z - info: Running delay for : 2000
2018-02-27T10:32:21.373Z - info: Running delay for : 0
2018-02-27T10:32:22.579Z - info: Found image on screen: Click Email Login button
2018-02-27T10:32:22.736Z - info: clicked on : Click Email Login button with following coordinates x=153.5 y=811
2018-02-27T10:32:22.736Z - info: Running click event : Click Yes age button with 5repets
2018-02-27T10:32:22.736Z - info: Looking for image on screen:Click Yes age button with 5 repeats 
2018-02-27T10:32:22.736Z - info: Running delay for : 2000
2018-02-27T10:32:24.739Z - info: Running delay for : 0
2018-02-27T10:32:25.658Z - info: Found image on screen: Click Yes age button
2018-02-27T10:32:25.792Z - info: clicked on : Click Yes age button with following coordinates x=273.5 y=585
2018-02-27T10:32:25.792Z - info: Running click event : Click on Enter Email field with 5repets
2018-02-27T10:32:25.792Z - info: Looking for image on screen:Click on Enter Email field with 5 repeats 
2018-02-27T10:32:25.792Z - info: Running delay for : 2000
2018-02-27T10:32:27.795Z - info: Running delay for : 0
2018-02-27T10:32:28.527Z - info: Found image on screen: Click on Enter Email field
2018-02-27T10:32:28.714Z - info: clicked on : Click on Enter Email field with following coordinates x=272.5 y=457
2018-02-27T10:32:33.781Z - info: Running clear keyboard (click on x0y0
2018-02-27T10:32:33.925Z - info: Keyboard cleared
2018-02-27T10:32:33.925Z - info: Running click event : Next email with 5repets
2018-02-27T10:32:33.926Z - info: Looking for image on screen:Next email with 5 repeats 
2018-02-27T10:32:33.926Z - info: Running delay for : 500
2018-02-27T10:32:34.427Z - info: Running delay for : 0
2018-02-27T10:32:35.254Z - info: Found image on screen: Next email
2018-02-27T10:32:35.386Z - info: clicked on : Next email with following coordinates x=401 y=593
2018-02-27T10:32:35.386Z - info: Running click event : Click on Enter Password field with 5repets
2018-02-27T10:32:35.386Z - info: Looking for image on screen:Click on Enter Password field with 5 repeats 
2018-02-27T10:32:35.386Z - info: Running delay for : 2000
2018-02-27T10:32:37.387Z - info: Running delay for : 0
2018-02-27T10:32:38.104Z - info: Found image on screen: Click on Enter Password field
2018-02-27T10:32:38.258Z - info: clicked on : Click on Enter Password field with following coordinates x=269 y=464.5
2018-02-27T10:32:42.295Z - info: Running clear keyboard (click on x0y0
2018-02-27T10:32:42.440Z - info: Keyboard cleared
2018-02-27T10:32:42.440Z - info: Running click event : Next password with 5repets
2018-02-27T10:32:42.440Z - info: Looking for image on screen:Next password with 5 repeats 
2018-02-27T10:32:42.440Z - info: Running delay for : 100
2018-02-27T10:32:42.540Z - info: Running delay for : 0
2018-02-27T10:32:43.254Z - info: Found image on screen: Next password
2018-02-27T10:32:43.387Z - info: clicked on : Next password with following coordinates x=401 y=655
2018-02-27T10:32:43.387Z - info: Looking for image on screen:If 0 coins then looged in with 20 repeats 
2018-02-27T10:32:43.387Z - info: Running delay for : 1000
2018-02-27T10:32:44.388Z - info: Running delay for : 0
2018-02-27T10:32:45.947Z - info: Running delay for : 0
2018-02-27T10:32:47.320Z - info: Found image on screen: If 0 coins then looged in
2018-02-27T10:32:47.320Z - info: Running click event : coins button  with 5repets
2018-02-27T10:32:47.321Z - info: Looking for image on screen:coins button  with 5 repeats 
2018-02-27T10:32:47.321Z - info: Running delay for : 0
2018-02-27T10:32:47.321Z - info: Running delay for : 0
2018-02-27T10:32:48.572Z - info: Found image on screen: coins button 
2018-02-27T10:32:48.716Z - info: clicked on : coins button  with following coordinates x=485.5 y=27.5
2018-02-27T10:32:48.716Z - info: Running click event : My Account button  with 5repets
2018-02-27T10:32:48.716Z - info: Looking for image on screen:My Account button  with 5 repeats 
2018-02-27T10:32:48.716Z - info: Running delay for : 5000
2018-02-27T10:32:53.718Z - info: Running delay for : 0
2018-02-27T10:32:54.740Z - info: Found image on screen: My Account button 
2018-02-27T10:32:54.872Z - info: clicked on : My Account button  with following coordinates x=452.5 y=671
2018-02-27T10:32:54.872Z - info: Looking for image on screen:profile webview openned with 20 repeats 
2018-02-27T10:32:54.872Z - info: Running delay for : 1000
2018-02-27T10:32:55.874Z - info: Running delay for : 0
2018-02-27T10:32:56.720Z - info: Running delay for : 0
2018-02-27T10:32:57.984Z - info: Running delay for : 0
2018-02-27T10:32:59.157Z - info: Running delay for : 0
2018-02-27T10:33:00.392Z - info: Running delay for : 0
2018-02-27T10:33:01.765Z - info: Running delay for : 0
2018-02-27T10:33:02.882Z - info: Running delay for : 0
2018-02-27T10:33:04.271Z - info: Found image on screen: profile webview openned
2018-02-27T10:33:04.665Z - info: ERROR[MyERr]: TEST FINISHED WITH ERROR: Error: An unknown server-side error occurred while processing the command.
2018-02-27T10:33:04.685Z - info: Disconnected localhost:7401=> open STF 
2018-02-27T10:34:58.494Z - info: Appium on close  null
2018-02-27T12:52:11.967Z - info: Test execution started
2018-02-27T12:52:11.968Z - info: Got following options to run{"testName":"Go To Profile","UDID":"cd21ccc5","port":4009,"systemPort":8209,"bpPort":6009,"desCaps":{"testName":"Go To Profile","testFileName":"GoToProfile","groupTest":false,"desiredCapabilities":{"platformName":"Android","deviceName":"Android","appPackage":"com.pointvoucher.playlondonpv","appActivity":"com.unity3d.player.UnityPlayerActivity","fullReset":false,"noReset":true,"newCommandTimeout":120000,"skipUnlock":true},"parameters":{}}}
2018-02-27T12:52:12.023Z - info: Trying to connect to openSTF with serial number cd21ccc5
2018-02-27T12:52:12.080Z - info: executing command adb connect  localhost:7401
2018-02-27T12:52:12.089Z - info: /home/trixo/Downloads/appium-1.8.0-beta3/build/lib/main.js -p 4009 -bp6009  --log-timestamp --log /home/trixo/Code/javaRewrite/log4009.txt
2018-02-27T12:52:12.089Z - info: Trying to create appium Server on port: 4009
2018-02-27T12:52:14.221Z - info: Appium server created on port: 4009
2018-02-27T12:52:30.469Z - info: Play london profile test
2018-02-27T12:52:30.502Z - info: Looking for image on screen:If on screen then app Loaded,Logout state true with 20 repeats 
2018-02-27T12:52:30.503Z - info: Running delay for : 4000
2018-02-27T12:52:34.509Z - info: Running delay for : 2000
2018-02-27T12:52:37.347Z - info: Running delay for : 2000
2018-02-27T12:52:40.064Z - info: Running delay for : 2000
2018-02-27T12:52:42.843Z - info: Running delay for : 2000
2018-02-27T12:52:45.641Z - info: Running delay for : 2000
2018-02-27T12:52:48.340Z - info: Running delay for : 2000
2018-02-27T12:52:52.091Z - info: Found image on screen: If on screen then app Loaded,Logout state true
2018-02-27T12:52:52.092Z - info: Running click event : Click Login button with 5repets
2018-02-27T12:52:52.092Z - info: Looking for image on screen:Click Login button with 5 repeats 
2018-02-27T12:52:52.092Z - info: Running delay for : 2000
2018-02-27T12:52:54.094Z - info: Running delay for : 0
2018-02-27T12:52:55.536Z - info: Found image on screen: Click Login button
2018-02-27T12:52:55.694Z - info: clicked on : Click Login button with following coordinates x=484 y=27
2018-02-27T12:52:55.694Z - info: Running click event : Click Email Login button with 5repets
2018-02-27T12:52:55.694Z - info: Looking for image on screen:Click Email Login button with 5 repeats 
2018-02-27T12:52:55.694Z - info: Running delay for : 2000
2018-02-27T12:52:57.696Z - info: Running delay for : 0
2018-02-27T12:52:58.941Z - info: Found image on screen: Click Email Login button
2018-02-27T12:52:59.101Z - info: clicked on : Click Email Login button with following coordinates x=153.5 y=811
2018-02-27T12:52:59.101Z - info: Running click event : Click Yes age button with 5repets
2018-02-27T12:52:59.102Z - info: Looking for image on screen:Click Yes age button with 5 repeats 
2018-02-27T12:52:59.102Z - info: Running delay for : 2000
2018-02-27T12:53:01.104Z - info: Running delay for : 0
2018-02-27T12:53:02.110Z - info: Found image on screen: Click Yes age button
2018-02-27T12:53:02.278Z - info: clicked on : Click Yes age button with following coordinates x=273.5 y=585
2018-02-27T12:53:02.278Z - info: Running click event : Click on Enter Email field with 5repets
2018-02-27T12:53:02.278Z - info: Looking for image on screen:Click on Enter Email field with 5 repeats 
2018-02-27T12:53:02.278Z - info: Running delay for : 2000
2018-02-27T12:53:04.281Z - info: Running delay for : 0
2018-02-27T12:53:05.087Z - info: Found image on screen: Click on Enter Email field
2018-02-27T12:53:05.242Z - info: clicked on : Click on Enter Email field with following coordinates x=272.5 y=457
2018-02-27T12:53:10.337Z - info: Running clear keyboard (click on x0y0
2018-02-27T12:53:10.524Z - info: Keyboard cleared
2018-02-27T12:53:10.525Z - info: Running click event : Next email with 5repets
2018-02-27T12:53:10.525Z - info: Looking for image on screen:Next email with 5 repeats 
2018-02-27T12:53:10.525Z - info: Running delay for : 500
2018-02-27T12:53:11.026Z - info: Running delay for : 0
2018-02-27T12:53:11.817Z - info: Found image on screen: Next email
2018-02-27T12:53:11.954Z - info: clicked on : Next email with following coordinates x=401 y=593
2018-02-27T12:53:11.954Z - info: Running click event : Click on Enter Password field with 5repets
2018-02-27T12:53:11.954Z - info: Looking for image on screen:Click on Enter Password field with 5 repeats 
2018-02-27T12:53:11.954Z - info: Running delay for : 2000
2018-02-27T12:53:13.956Z - info: Running delay for : 0
2018-02-27T12:53:14.726Z - info: Found image on screen: Click on Enter Password field
2018-02-27T12:53:14.891Z - info: clicked on : Click on Enter Password field with following coordinates x=269 y=464.5
2018-02-27T12:53:19.225Z - info: Running clear keyboard (click on x0y0
2018-02-27T12:53:19.420Z - info: Keyboard cleared
2018-02-27T12:53:19.420Z - info: Running click event : Next password with 5repets
2018-02-27T12:53:19.420Z - info: Looking for image on screen:Next password with 5 repeats 
2018-02-27T12:53:19.420Z - info: Running delay for : 100
2018-02-27T12:53:19.522Z - info: Running delay for : 0
2018-02-27T12:53:20.304Z - info: Found image on screen: Next password
2018-02-27T12:53:20.438Z - info: clicked on : Next password with following coordinates x=401 y=655
2018-02-27T12:53:20.438Z - info: Looking for image on screen:If 0 coins then looged in with 20 repeats 
2018-02-27T12:53:20.439Z - info: Running delay for : 1000
2018-02-27T12:53:21.440Z - info: Running delay for : 0
2018-02-27T12:53:22.764Z - info: Running delay for : 0
2018-02-27T12:53:24.304Z - info: Found image on screen: If 0 coins then looged in
2018-02-27T12:53:24.304Z - info: Running click event : coins button  with 5repets
2018-02-27T12:53:24.304Z - info: Looking for image on screen:coins button  with 5 repeats 
2018-02-27T12:53:24.304Z - info: Running delay for : 0
2018-02-27T12:53:24.305Z - info: Running delay for : 0
2018-02-27T12:53:25.596Z - info: Found image on screen: coins button 
2018-02-27T12:53:25.728Z - info: clicked on : coins button  with following coordinates x=485.5 y=27.5
2018-02-27T12:53:25.728Z - info: Running click event : My Account button  with 10repets
2018-02-27T12:53:25.728Z - info: Looking for image on screen:My Account button  with 10 repeats 
2018-02-27T12:53:25.728Z - info: Running delay for : 2000
2018-02-27T12:53:27.731Z - info: Running delay for : 0
2018-02-27T12:53:28.778Z - info: Found image on screen: My Account button 
2018-02-27T12:53:28.915Z - info: clicked on : My Account button  with following coordinates x=452.5 y=671
2018-02-27T12:53:28.915Z - info: Looking for image on screen:profile webview openned with 20 repeats 
2018-02-27T12:53:28.915Z - info: Running delay for : 1000
2018-02-27T12:53:29.917Z - info: Running delay for : 0
2018-02-27T12:53:30.781Z - info: Running delay for : 0
2018-02-27T12:53:31.866Z - info: Running delay for : 0
2018-02-27T12:53:33.394Z - info: Running delay for : 0
2018-02-27T12:53:34.664Z - info: Running delay for : 0
2018-02-27T12:53:35.859Z - info: Running delay for : 0
2018-02-27T12:53:36.965Z - info: Running delay for : 0
2018-02-27T12:53:38.305Z - info: Found image on screen: profile webview openned
2018-02-27T12:53:38.305Z - info: ERROR[MyERr]: TEST FINISHED WITH ERROR: Error: scrollAmount is Too Big
2018-02-27T12:53:38.327Z - info: Disconnected localhost:7401=> open STF 
2018-02-27T13:20:13.658Z - info: Appium on close  null
