2018-03-05T12:49:20.641Z - info: Test execution started
2018-03-05T12:49:20.642Z - info: Got following options to run{"testName":"Clean Install","UDID":"cd21ccc5","port":4001,"systemPort":8201,"bpPort":6001,"desCaps":{"testName":"Clean Install","testFileName":"CleanInstall","groupTest":false,"desiredCapabilities":{"automationName":"uiautomator2","platformName":"Android","deviceName":"Android","appPackage":"com.gorro.nothing","appActivity":"com.gorro.nothing.NothingActivity","fullReset":false,"noReset":true,"newCommandTimeout":120000,"skipUnlock":true,"androidInstallTimeout":150000},"parameters":{"appPackage":"com.pointvoucher.playlondonpv","activityName":"com.unity3d.player.UnityPlayerActivity","apkFileName":"pl"}}}
2018-03-05T12:49:20.660Z - info: Trying to connect to openSTF with serial number cd21ccc5
2018-03-05T12:49:20.707Z - info: executing command adb connect  localhost:7413
2018-03-05T12:49:20.714Z - info: /home/trixo/Downloads/appium-1.8.0-beta3/build/lib/main.js -p 4001 -bp6001  --log-timestamp --log /home/trixo/Code/javaRewrite/log4001.txt
2018-03-05T12:49:20.714Z - info: Trying to create appium Server on port: 4001
2018-03-05T12:49:22.883Z - info: Appium server created on port: 4001
2018-03-05T12:49:40.186Z - info: Disconnected localhost:7413=> open STF 
2018-03-05T12:49:40.187Z - info: Disconnected localhost:7413=> open STF 
2018-03-05T12:49:40.324Z - info: ERROR[MyERr]: TEST FINISHED WITH ERROR: Error: An unknown server-side error occurred while processing the command. Original error: Error executing adbExec. Original error: 'Command '/home/trixo/Android/Sdk/platform-tools/adb -P 5037 -s localhost\:7413 forward tcp\:8200 tcp\:6790' exited with code 1'; Stderr: 'error: device 'localhost:7413' not found'; Code: '1'
2018-03-05T12:49:40.331Z - info: You are not owner localhost:7413 => open STF 
2018-03-05T12:49:50.300Z - info: Appium on close  null
2018-03-05T13:19:38.608Z - info: Test execution started
2018-03-05T13:19:38.609Z - info: Got following options to run{"testName":"Clean Install","UDID":"cd21ccc5","port":4001,"systemPort":8201,"bpPort":6001,"desCaps":{"testName":"Clean Install","testFileName":"CleanInstall","groupTest":false,"desiredCapabilities":{"automationName":"uiautomator2","platformName":"Android","deviceName":"Android","appPackage":"com.gorro.nothing","appActivity":"com.gorro.nothing.NothingActivity","fullReset":false,"noReset":true,"newCommandTimeout":120000,"skipUnlock":true,"androidInstallTimeout":150000},"parameters":{"appPackage":"com.pointvoucher.playlondonpv","activityName":"com.unity3d.player.UnityPlayerActivity","apkFileName":"pl"}}}
2018-03-05T13:19:38.626Z - info: Trying to connect to openSTF with serial number cd21ccc5
2018-03-05T13:19:38.676Z - info: executing command adb connect  localhost:7413
2018-03-05T13:19:38.683Z - info: /home/trixo/Downloads/appium-1.8.0-beta3/build/lib/main.js -p 4001 -bp6001  --log-timestamp --log /home/trixo/Code/javaRewrite/log4001.txt
2018-03-05T13:19:38.683Z - info: Trying to create appium Server on port: 4001
2018-03-05T13:19:40.805Z - info: Appium server created on port: 4001
2018-03-05T13:20:08.836Z - info: Running clean Install test with following paramters, appPackage: com.pointvoucher.playlondonpv activityName: com.unity3d.player.UnityPlayerActivity apkFile: /home/trixo/Code/javaRewrite/Tests/CleanInstall/apk/pl.apk
2018-03-05T13:20:10.524Z - info: App exists in device => trying to remove
2018-03-05T13:20:16.301Z - info: App removed
2018-03-05T13:20:16.301Z - info: Installing app to device /home/trixo/Code/javaRewrite/Tests/CleanInstall/apk/pl.apk
2018-03-05T13:21:07.120Z - info: starting package : com.pointvoucher.playlondonpv with activity name: com.unity3d.player.UnityPlayerActivity
2018-03-05T13:21:10.757Z - info: Running fnPermission with value: true
2018-03-05T13:21:14.158Z - info: Running click event : Close intro Video  with 20repets
2018-03-05T13:21:14.158Z - info: Looking for image on screen:Close intro Video  with 20 repeats 
2018-03-05T13:21:14.158Z - info: Running delay for : 30000
2018-03-05T13:21:44.183Z - info: Running delay for : 0
2018-03-05T13:21:45.623Z - info: Found image on screen: Close intro Video 
2018-03-05T13:21:45.777Z - info: clicked on : Close intro Video  with following coordinates x=507 y=32
2018-03-05T13:21:45.778Z - info: Looking for image on screen:Check if message is there If its there Test Completed with 20 repeats 
2018-03-05T13:21:45.778Z - info: Running delay for : 6000
2018-03-05T13:21:51.780Z - info: Running delay for : 2000
2018-03-05T13:21:55.159Z - info: Running delay for : 2000
2018-03-05T13:21:58.451Z - info: Running delay for : 2000
2018-03-05T13:22:02.127Z - info: Running delay for : 2000
2018-03-05T13:22:05.366Z - info: Running delay for : 2000
2018-03-05T13:22:08.412Z - info: Running delay for : 2000
2018-03-05T13:22:11.278Z - info: Found image on screen: Check if message is there If its there Test Completed
2018-03-05T13:22:11.278Z - info: Test:Clean Install[FINISHED]
2018-03-05T13:22:11.278Z - info: Running delay for : 10000
2018-03-05T13:22:21.310Z - info: Disconnected localhost:7413=> open STF 
2018-03-05T13:57:24.659Z - info: Appium on close  null
2018-03-05T13:57:24.678Z - info: You are not owner of localhost:7413 => open STF 
2018-03-05T13:57:24.679Z - info: You are not owner of localhost:7413 => open STF 
2018-03-05T14:13:54.740Z - info: Test execution started
2018-03-05T14:13:54.741Z - info: Got following options to run{"testName":"Go To Profile","UDID":"cd21ccc5","port":4001,"systemPort":8201,"bpPort":6001,"desCaps":{"testName":"Go To Profile","testFileName":"GoToProfile","groupTest":false,"desiredCapabilities":{"platformName":"Android","deviceName":"Android","appPackage":"com.pointvoucher.playlondonpv","appActivity":"com.unity3d.player.UnityPlayerActivity","fullReset":false,"noReset":true,"newCommandTimeout":120000,"skipUnlock":true},"parameters":{}}}
2018-03-05T14:13:54.830Z - info: Trying to connect to openSTF with serial number cd21ccc5
2018-03-05T14:13:54.884Z - info: executing command adb connect  localhost:7429
2018-03-05T14:13:54.892Z - info: /home/trixo/Downloads/appium-1.8.0-beta3/build/lib/main.js -p 4001 -bp6001  --log-timestamp --log /home/trixo/Code/javaRewrite/log4001.txt
2018-03-05T14:13:54.892Z - info: Trying to create appium Server on port: 4001
2018-03-05T14:13:57.041Z - info: Appium server created on port: 4001
2018-03-05T14:14:12.810Z - info: Play london profile test
2018-03-05T14:14:12.840Z - info: Looking for image on screen:If on screen then app Loaded,Logout state true with 20 repeats 
2018-03-05T14:14:12.841Z - info: Running delay for : 4000
2018-03-05T14:14:16.846Z - info: Running delay for : 2000
2018-03-05T14:14:17.932Z - info: Disconnected localhost:7429=> open STF 
2018-03-05T14:14:17.933Z - info: Disconnected localhost:7429=> open STF 
2018-03-05T14:14:17.966Z - info: Appium on close  null
2018-03-05T14:14:18.852Z - info: Running delay for : 2000
2018-03-05T14:14:20.862Z - info: Running delay for : 2000
2018-03-05T14:14:22.867Z - info: Running delay for : 2000
2018-03-05T14:14:24.872Z - info: Running delay for : 2000
2018-03-05T14:14:26.877Z - info: Running delay for : 2000
2018-03-05T14:14:28.882Z - info: Running delay for : 2000
2018-03-05T14:14:30.886Z - info: Running delay for : 2000
2018-03-05T14:14:32.892Z - info: Running delay for : 2000
2018-03-05T14:14:34.897Z - info: Running delay for : 2000
2018-03-05T14:14:36.902Z - info: Running delay for : 2000
2018-03-05T14:14:38.907Z - info: Running delay for : 2000
2018-03-05T14:14:40.912Z - info: Running delay for : 2000
2018-03-05T14:14:42.916Z - info: Running delay for : 2000
2018-03-05T14:14:44.920Z - info: Running delay for : 2000
2018-03-05T14:14:46.926Z - info: Running delay for : 2000
2018-03-05T14:14:48.930Z - info: Running delay for : 2000
2018-03-05T14:14:50.934Z - info: Running delay for : 2000
2018-03-05T14:14:52.939Z - info: Running delay for : 2000
2018-03-05T14:14:54.943Z - info: Running delay for : 2000
2018-03-05T14:14:56.948Z - info: Looking for image on screen #20
2018-03-05T14:14:56.949Z - info: ERROR[MyERr]: TEST FINISHED WITH ERROR: Object not found : If on screen then app Loaded,Logout state true
2018-03-05T14:14:56.956Z - info: You are not owner of localhost:7429 => open STF 
2018-03-05T14:43:14.961Z - info: Test execution started
2018-03-05T14:43:14.961Z - info: Got following options to run{"testName":"Clean Install","UDID":"cd21ccc5","port":4001,"systemPort":8201,"bpPort":6001,"desCaps":{"testName":"Clean Install","testFileName":"CleanInstall","groupTest":false,"desiredCapabilities":{"automationName":"uiautomator2","platformName":"Android","deviceName":"Android","appPackage":"com.gorro.nothing","appActivity":"com.gorro.nothing.NothingActivity","fullReset":false,"noReset":true,"newCommandTimeout":120000,"skipUnlock":true,"androidInstallTimeout":150000},"parameters":{"appPackage":"com.pointvoucher.playlondonpv","activityName":"com.unity3d.player.UnityPlayerActivity","apkFileName":"pl"}}}
2018-03-05T14:43:14.980Z - info: Trying to connect to openSTF with serial number cd21ccc5
2018-03-05T14:43:15.037Z - info: executing command adb connect  localhost:7437
2018-03-05T14:43:15.044Z - info: /home/trixo/Downloads/appium-1.8.0-beta3/build/lib/main.js -p 4001 -bp6001  --log-timestamp --log /home/trixo/Code/javaRewrite/log4001.txt
2018-03-05T14:43:15.044Z - info: Trying to create appium Server on port: 4001
2018-03-05T14:43:17.295Z - info: Appium server created on port: 4001
2018-03-05T14:43:43.863Z - info: Running clean Install test with following paramters, appPackage: com.pointvoucher.playlondonpv activityName: com.unity3d.player.UnityPlayerActivity apkFile: /home/trixo/Code/javaRewrite/Tests/CleanInstall/apk/pl.apk
2018-03-05T14:43:45.526Z - info: App exists in device => trying to remove
2018-03-05T14:43:51.259Z - info: App removed
2018-03-05T14:43:51.260Z - info: Installing app to device /home/trixo/Code/javaRewrite/Tests/CleanInstall/apk/pl.apk
2018-03-05T14:44:42.654Z - info: starting package : com.pointvoucher.playlondonpv with activity name: com.unity3d.player.UnityPlayerActivity
2018-03-05T14:44:46.420Z - info: Running fnPermission with value: true
2018-03-05T14:44:49.813Z - info: Running click event : Close intro Video  with 20repets
2018-03-05T14:44:49.814Z - info: Looking for image on screen:Close intro Video  with 20 repeats 
2018-03-05T14:44:49.814Z - info: Running delay for : 30000
2018-03-05T14:45:19.820Z - info: Running delay for : 0
2018-03-05T14:45:21.327Z - info: Found image on screen: Close intro Video 
2018-03-05T14:45:21.489Z - info: clicked on : Close intro Video  with following coordinates x=507 y=32
2018-03-05T14:45:21.490Z - info: Looking for image on screen:Check if message is there If its there Test Completed with 20 repeats 
2018-03-05T14:45:21.490Z - info: Running delay for : 6000
2018-03-05T14:45:27.491Z - info: Running delay for : 2000
2018-03-05T14:45:30.933Z - info: Running delay for : 2000
2018-03-05T14:45:34.307Z - info: Running delay for : 2000
2018-03-05T14:45:37.988Z - info: Running delay for : 2000
2018-03-05T14:45:41.233Z - info: Running delay for : 2000
2018-03-05T14:45:44.288Z - info: Running delay for : 2000
2018-03-05T14:45:47.178Z - info: Found image on screen: Check if message is there If its there Test Completed
2018-03-05T14:45:47.178Z - info: Test:Clean Install[FINISHED]
2018-03-05T14:45:47.178Z - info: Running delay for : 10000
2018-03-05T14:45:57.208Z - info: Disconnected localhost:7437=> open STF 
2018-03-05T14:50:13.421Z - info: Appium on close  null
2018-03-05T14:50:21.257Z - info: Test execution started
2018-03-05T14:50:21.257Z - info: Got following options to run{"testName":"Clean Install","UDID":"cd21ccc5","port":4001,"systemPort":8201,"bpPort":6001,"desCaps":{"testName":"Clean Install","testFileName":"CleanInstall","groupTest":false,"desiredCapabilities":{"automationName":"uiautomator2","platformName":"Android","deviceName":"Android","appPackage":"com.gorro.nothing","appActivity":"com.gorro.nothing.NothingActivity","fullReset":false,"noReset":true,"newCommandTimeout":120000,"skipUnlock":true,"androidInstallTimeout":150000},"parameters":{"appPackage":"com.pointvoucher.playlondonpv","activityName":"com.unity3d.player.UnityPlayerActivity","apkFileName":"pl"}}}
2018-03-05T14:50:21.275Z - info: Trying to connect to openSTF with serial number cd21ccc5
2018-03-05T14:50:21.324Z - info: executing command adb connect  localhost:7437
2018-03-05T14:50:21.332Z - info: /home/trixo/Downloads/appium-1.8.0-beta3/build/lib/main.js -p 4001 -bp6001  --log-timestamp --log /home/trixo/Code/javaRewrite/log4001.txt
2018-03-05T14:50:21.332Z - info: Trying to create appium Server on port: 4001
2018-03-05T14:50:23.553Z - info: Appium server created on port: 4001
2018-03-05T14:50:51.535Z - info: Running clean Install test with following paramters, appPackage: com.pointvoucher.playlondonpv activityName: com.unity3d.player.UnityPlayerActivity apkFile: /home/trixo/Code/javaRewrite/Tests/CleanInstall/apk/pl.apk
2018-03-05T14:50:53.218Z - info: App exists in device => trying to remove
2018-03-05T14:50:59.135Z - info: App removed
2018-03-05T14:50:59.135Z - info: Installing app to device /home/trixo/Code/javaRewrite/Tests/CleanInstall/apk/pl.apk
2018-03-05T14:51:47.783Z - info: starting package : com.pointvoucher.playlondonpv with activity name: com.unity3d.player.UnityPlayerActivity
2018-03-05T14:51:51.669Z - info: Running fnPermission with value: true
2018-03-05T14:51:55.096Z - info: Running click event : Close intro Video  with 20repets
2018-03-05T14:51:55.097Z - info: Looking for image on screen:Close intro Video  with 20 repeats 
2018-03-05T14:51:55.097Z - info: Running delay for : 30000
2018-03-05T14:52:25.122Z - info: Running delay for : 0
2018-03-05T14:52:27.143Z - info: Found image on screen: Close intro Video 
2018-03-05T14:52:27.316Z - info: clicked on : Close intro Video  with following coordinates x=507 y=32
2018-03-05T14:52:27.317Z - info: Looking for image on screen:Check if message is there If its there Test Completed with 20 repeats 
2018-03-05T14:52:27.317Z - info: Running delay for : 6000
2018-03-05T14:52:33.319Z - info: Running delay for : 2000
2018-03-05T14:52:37.425Z - info: Running delay for : 2000
2018-03-05T14:52:40.672Z - info: Running delay for : 2000
2018-03-05T14:52:44.351Z - info: Running delay for : 2000
2018-03-05T14:52:47.504Z - info: Running delay for : 2000
2018-03-05T14:52:50.580Z - info: Running delay for : 2000
2018-03-05T14:52:53.459Z - info: Found image on screen: Check if message is there If its there Test Completed
2018-03-05T14:52:53.459Z - info: Test:Clean Install[FINISHED]
2018-03-05T14:52:53.459Z - info: Running delay for : 10000
2018-03-05T14:53:03.486Z - info: Disconnected localhost:7437=> open STF 
2018-03-05T14:57:14.198Z - info: Appium on close  null
2018-03-05T14:57:40.278Z - info: Test execution started
2018-03-05T14:57:40.279Z - info: Got following options to run{"testName":"Clean Install","UDID":"cd21ccc5","port":4001,"systemPort":8201,"bpPort":6001,"desCaps":{"testName":"Clean Install","testFileName":"CleanInstall","groupTest":false,"desiredCapabilities":{"automationName":"uiautomator2","platformName":"Android","deviceName":"Android","appPackage":"com.gorro.nothing","appActivity":"com.gorro.nothing.NothingActivity","fullReset":false,"noReset":true,"newCommandTimeout":120000,"skipUnlock":true,"androidInstallTimeout":150000},"parameters":{"appPackage":"com.pointvoucher.playlondonpv","activityName":"com.unity3d.player.UnityPlayerActivity","apkFileName":"pl"}}}
2018-03-05T14:57:40.297Z - info: Trying to connect to openSTF with serial number cd21ccc5
2018-03-05T14:57:40.348Z - info: executing command adb connect  localhost:7437
2018-03-05T14:57:40.355Z - info: /home/trixo/Downloads/appium-1.8.0-beta3/build/lib/main.js -p 4001 -bp6001  --log-timestamp --log /home/trixo/Code/javaRewrite/log4001.txt
2018-03-05T14:57:40.355Z - info: Trying to create appium Server on port: 4001
2018-03-05T14:57:42.636Z - info: Appium server created on port: 4001
2018-03-05T14:58:40.299Z - info: ERROR[MyERr]: TEST FINISHED WITH ERROR: Error: An unknown server-side error occurred while processing the command. Original error: Could not proxy command to remote server. Original error: Error: read ECONNRESET
2018-03-05T14:58:40.318Z - info: Disconnected localhost:7437=> open STF 
2018-03-05T14:59:56.242Z - info: You are not owner of localhost:7437 => open STF 
2018-03-05T14:59:56.244Z - info: You are not owner of localhost:7437 => open STF 
2018-03-05T14:59:56.244Z - info: Appium on close  null
2018-03-05T15:00:06.412Z - info: Test execution started
2018-03-05T15:00:06.412Z - info: Got following options to run{"testName":"Clean Install","UDID":"cd21ccc5","port":4001,"systemPort":8201,"bpPort":6001,"desCaps":{"testName":"Clean Install","testFileName":"CleanInstall","groupTest":false,"desiredCapabilities":{"automationName":"uiautomator2","platformName":"Android","deviceName":"Android","appPackage":"com.gorro.nothing","appActivity":"com.gorro.nothing.NothingActivity","fullReset":false,"noReset":true,"newCommandTimeout":120000,"skipUnlock":true,"androidInstallTimeout":150000},"parameters":{"appPackage":"com.pointvoucher.playlondonpv","activityName":"com.unity3d.player.UnityPlayerActivity","apkFileName":"pl"}}}
2018-03-05T15:00:06.430Z - info: Trying to connect to openSTF with serial number cd21ccc5
2018-03-05T15:00:06.480Z - info: executing command adb connect  localhost:7437
2018-03-05T15:00:06.487Z - info: /home/trixo/Downloads/appium-1.8.0-beta3/build/lib/main.js -p 4001 -bp6001  --log-timestamp --log /home/trixo/Code/javaRewrite/log4001.txt
2018-03-05T15:00:06.487Z - info: Trying to create appium Server on port: 4001
2018-03-05T15:00:08.766Z - info: Appium server created on port: 4001
2018-03-05T15:00:36.951Z - info: Running clean Install test with following paramters, appPackage: com.pointvoucher.playlondonpv activityName: com.unity3d.player.UnityPlayerActivity apkFile: /home/trixo/Code/javaRewrite/Tests/CleanInstall/apk/pl.apk
2018-03-05T15:00:38.641Z - info: App exists in device => trying to remove
2018-03-05T15:00:44.558Z - info: App removed
2018-03-05T15:00:44.558Z - info: Installing app to device /home/trixo/Code/javaRewrite/Tests/CleanInstall/apk/pl.apk
2018-03-05T15:01:35.796Z - info: starting package : com.pointvoucher.playlondonpv with activity name: com.unity3d.player.UnityPlayerActivity
2018-03-05T15:01:40.122Z - info: Running fnPermission with value: true
2018-03-05T15:01:43.482Z - info: Running click event : Close intro Video  with 20repets
2018-03-05T15:01:43.482Z - info: Looking for image on screen:Close intro Video  with 20 repeats 
2018-03-05T15:01:43.482Z - info: Running delay for : 30000
2018-03-05T15:02:13.499Z - info: Running delay for : 0
2018-03-05T15:02:16.381Z - info: Found image on screen: Close intro Video 
2018-03-05T15:02:16.565Z - info: clicked on : Close intro Video  with following coordinates x=507 y=32
2018-03-05T15:02:16.565Z - info: Looking for image on screen:Check if message is there If its there Test Completed with 20 repeats 
2018-03-05T15:02:16.566Z - info: Running delay for : 6000
2018-03-05T15:02:22.567Z - info: Running delay for : 2000
2018-03-05T15:02:26.442Z - info: Running delay for : 2000
2018-03-05T15:02:30.094Z - info: Running delay for : 2000
2018-03-05T15:02:34.209Z - info: Running delay for : 2000
2018-03-05T15:02:38.089Z - info: Running delay for : 2000
2018-03-05T15:02:41.530Z - info: Running delay for : 2000
2018-03-05T15:02:45.317Z - info: Running delay for : 2000
2018-03-05T15:02:48.435Z - info: Found image on screen: Check if message is there If its there Test Completed
2018-03-05T15:02:48.436Z - info: Test:Clean Install[FINISHED]
2018-03-05T15:02:48.436Z - info: Running delay for : 10000
2018-03-05T15:02:58.466Z - info: Disconnected localhost:7437=> open STF 
2018-03-05T15:14:44.878Z - info: Appium on close  null
2018-03-05T15:14:44.899Z - info: You are not owner of localhost:7437 => open STF 
2018-03-05T15:14:44.900Z - info: You are not owner of localhost:7437 => open STF 
2018-03-05T15:14:52.864Z - info: Test execution started
2018-03-05T15:14:52.865Z - info: Got following options to run{"testName":"Clean Install","UDID":"cd21ccc5","port":4001,"systemPort":8201,"bpPort":6001,"desCaps":{"testName":"Clean Install","testFileName":"CleanInstall","groupTest":false,"desiredCapabilities":{"automationName":"uiautomator2","platformName":"Android","deviceName":"Android","appPackage":"com.gorro.nothing","appActivity":"com.gorro.nothing.NothingActivity","fullReset":false,"noReset":true,"newCommandTimeout":120000,"skipUnlock":true,"androidInstallTimeout":150000},"parameters":{"appPackage":"com.pointvoucher.playlondonpv","activityName":"com.unity3d.player.UnityPlayerActivity","apkFileName":"pl"}}}
2018-03-05T15:14:52.882Z - info: Trying to connect to openSTF with serial number cd21ccc5
2018-03-05T15:14:52.930Z - info: executing command adb connect  localhost:7437
2018-03-05T15:14:52.938Z - info: /home/trixo/Downloads/appium-1.8.0-beta3/build/lib/main.js -p 4001 -bp6001  --log-timestamp --log /home/trixo/Code/javaRewrite/log4001.txt
2018-03-05T15:14:52.938Z - info: Trying to create appium Server on port: 4001
2018-03-05T15:14:55.138Z - info: Appium server created on port: 4001
2018-03-05T15:15:22.610Z - info: Running clean Install test with following paramters, appPackage: com.pointvoucher.playlondonpv activityName: com.unity3d.player.UnityPlayerActivity apkFile: /home/trixo/Code/javaRewrite/Tests/CleanInstall/apk/pl.apk
2018-03-05T15:15:24.271Z - info: App exists in device => trying to remove
2018-03-05T15:15:30.203Z - info: App removed
2018-03-05T15:15:30.203Z - info: Installing app to device /home/trixo/Code/javaRewrite/Tests/CleanInstall/apk/pl.apk
2018-03-05T15:16:20.943Z - info: starting package : com.pointvoucher.playlondonpv with activity name: com.unity3d.player.UnityPlayerActivity
2018-03-05T15:16:25.212Z - info: Running fnPermission with value: true
2018-03-05T15:16:28.584Z - info: Running click event : Close intro Video  with 20repets
2018-03-05T15:16:28.584Z - info: Looking for image on screen:Close intro Video  with 20 repeats 
2018-03-05T15:16:28.584Z - info: Running delay for : 30000
2018-03-05T15:16:58.611Z - info: Running delay for : 0
2018-03-05T15:17:01.129Z - info: Found image on screen: Close intro Video 
2018-03-05T15:17:01.354Z - info: clicked on : Close intro Video  with following coordinates x=507 y=32
2018-03-05T15:17:01.354Z - info: Looking for image on screen:Check if message is there If its there Test Completed with 20 repeats 
2018-03-05T15:17:01.354Z - info: Running delay for : 6000
2018-03-05T15:17:07.356Z - info: Running delay for : 2000
2018-03-05T15:17:11.280Z - info: Running delay for : 2000
2018-03-05T15:17:14.943Z - info: Running delay for : 2000
2018-03-05T15:17:19.064Z - info: Running delay for : 2000
2018-03-05T15:17:23.083Z - info: Running delay for : 2000
2018-03-05T15:17:26.491Z - info: Running delay for : 2000
2018-03-05T15:17:28.854Z - info: Running delay for : 2000
2018-03-05T15:17:32.162Z - info: Found image on screen: Check if message is there If its there Test Completed
2018-03-05T15:17:32.162Z - info: Test:Clean Install[FINISHED]
2018-03-05T15:17:32.162Z - info: Running delay for : 10000
2018-03-05T15:17:42.194Z - info: Disconnected localhost:7437=> open STF 
2018-03-05T15:22:26.323Z - info: Appium on close  null
2018-03-05T15:22:35.318Z - info: Test execution started
2018-03-05T15:22:35.318Z - info: Got following options to run{"testName":"Clean Install","UDID":"cd21ccc5","port":4001,"systemPort":8201,"bpPort":6001,"desCaps":{"testName":"Clean Install","testFileName":"CleanInstall","groupTest":false,"desiredCapabilities":{"automationName":"uiautomator2","platformName":"Android","deviceName":"Android","appPackage":"com.gorro.nothing","appActivity":"com.gorro.nothing.NothingActivity","fullReset":false,"noReset":true,"newCommandTimeout":120000,"skipUnlock":true,"androidInstallTimeout":150000},"parameters":{"appPackage":"com.pointvoucher.playlondonpv","activityName":"com.unity3d.player.UnityPlayerActivity","apkFileName":"pl"}}}
2018-03-05T15:22:35.336Z - info: Trying to connect to openSTF with serial number cd21ccc5
2018-03-05T15:22:35.381Z - info: executing command adb connect  localhost:7437
2018-03-05T15:22:35.390Z - info: /home/trixo/Downloads/appium-1.8.0-beta3/build/lib/main.js -p 4001 -bp6001  --log-timestamp --log /home/trixo/Code/javaRewrite/log4001.txt
2018-03-05T15:22:35.390Z - info: Trying to create appium Server on port: 4001
2018-03-05T15:22:37.728Z - info: Appium server created on port: 4001
2018-03-05T15:23:21.479Z - info: Running clean Install test with following paramters, appPackage: com.pointvoucher.playlondonpv activityName: com.unity3d.player.UnityPlayerActivity apkFile: /home/trixo/Code/javaRewrite/Tests/CleanInstall/apk/pl.apk
2018-03-05T15:23:23.351Z - info: App exists in device => trying to remove
2018-03-05T15:23:31.356Z - info: App removed
2018-03-05T15:23:31.356Z - info: Installing app to device /home/trixo/Code/javaRewrite/Tests/CleanInstall/apk/pl.apk
2018-03-05T15:24:31.303Z - info: starting package : com.pointvoucher.playlondonpv with activity name: com.unity3d.player.UnityPlayerActivity
2018-03-05T15:24:35.522Z - info: Running fnPermission with value: true
2018-03-05T15:24:38.990Z - info: Running click event : Close intro Video  with 20repets
2018-03-05T15:24:38.991Z - info: Looking for image on screen:Close intro Video  with 20 repeats 
2018-03-05T15:24:38.991Z - info: Running delay for : 30000
2018-03-05T15:25:08.999Z - info: Running delay for : 0
2018-03-05T15:25:11.532Z - info: Found image on screen: Close intro Video 
2018-03-05T15:25:11.709Z - info: clicked on : Close intro Video  with following coordinates x=507 y=32
2018-03-05T15:25:11.709Z - info: Looking for image on screen:Check if message is there If its there Test Completed with 20 repeats 
2018-03-05T15:25:11.710Z - info: Running delay for : 6000
2018-03-05T15:25:17.711Z - info: Running delay for : 2000
2018-03-05T15:25:21.742Z - info: Running delay for : 2000
2018-03-05T15:25:25.430Z - info: Running delay for : 2000
2018-03-05T15:25:29.475Z - info: Running delay for : 2000
2018-03-05T15:25:33.303Z - info: Running delay for : 2000
2018-03-05T15:25:36.628Z - info: Running delay for : 2000
2018-03-05T15:25:39.019Z - info: Running delay for : 2000
2018-03-05T15:25:42.259Z - info: Found image on screen: Check if message is there If its there Test Completed
2018-03-05T15:25:42.259Z - info: Test:Clean Install[FINISHED]
2018-03-05T15:25:42.259Z - info: Running delay for : 10000
2018-03-05T15:25:52.289Z - info: Disconnected localhost:7437=> open STF 
2018-03-05T15:28:22.287Z - info: Appium on close  null
2018-03-05T15:28:22.311Z - info: Disconnected localhost:7437=> open STF 
2018-03-05T15:28:22.312Z - info: Disconnected localhost:7437=> open STF 
2018-03-05T15:28:32.014Z - info: Test execution started
2018-03-05T15:28:32.015Z - info: Got following options to run{"testName":"Clean Install","UDID":"cd21ccc5","port":4001,"systemPort":8201,"bpPort":6001,"desCaps":{"testName":"Clean Install","testFileName":"CleanInstall","groupTest":false,"desiredCapabilities":{"automationName":"uiautomator2","platformName":"Android","deviceName":"Android","appPackage":"com.gorro.nothing","appActivity":"com.gorro.nothing.NothingActivity","fullReset":false,"noReset":true,"newCommandTimeout":120000,"skipUnlock":true,"androidInstallTimeout":150000},"parameters":{"appPackage":"com.pointvoucher.playlondonpv","activityName":"com.unity3d.player.UnityPlayerActivity","apkFileName":"pl"}}}
2018-03-05T15:28:32.032Z - info: Trying to connect to openSTF with serial number cd21ccc5
2018-03-05T15:28:32.080Z - info: executing command adb connect  localhost:7437
2018-03-05T15:28:32.087Z - info: /home/trixo/Downloads/appium-1.8.0-beta3/build/lib/main.js -p 4001 -bp6001  --log-timestamp --log /home/trixo/Code/javaRewrite/log4001.txt
2018-03-05T15:28:32.087Z - info: Trying to create appium Server on port: 4001
2018-03-05T15:28:34.165Z - info: Appium server created on port: 4001
2018-03-05T15:28:36.232Z - info: ERROR[MyERr]: TEST FINISHED WITH ERROR: Error: An unknown server-side error occurred while processing the command. Original error: Error executing adbExec. Original error: 'Command '/home/trixo/Android/Sdk/platform-tools/adb -P 5037 -s localhost\:7437 shell wm density' exited with code 1'; Stderr: 'error: device 'localhost:7437' not found'; Code: '1'
2018-03-05T15:28:36.239Z - info: You are not owner of localhost:7437 => open STF 
2018-03-05T15:32:39.736Z - info: You are not owner of localhost:7437 => open STF 
2018-03-05T15:32:39.736Z - info: Appium on close  null
2018-03-05T15:32:39.737Z - info: You are not owner of localhost:7437 => open STF 
2018-03-05T15:32:48.403Z - info: Test execution started
2018-03-05T15:32:48.405Z - info: Got following options to run{"testName":"Clean Install","UDID":"cd21ccc5","port":4001,"systemPort":8201,"bpPort":6001,"desCaps":{"testName":"Clean Install","testFileName":"CleanInstall","groupTest":false,"desiredCapabilities":{"automationName":"uiautomator2","platformName":"Android","deviceName":"Android","appPackage":"com.gorro.nothing","appActivity":"com.gorro.nothing.NothingActivity","fullReset":false,"noReset":true,"newCommandTimeout":120000,"skipUnlock":true,"androidInstallTimeout":150000},"parameters":{"appPackage":"com.pointvoucher.playlondonpv","activityName":"com.unity3d.player.UnityPlayerActivity","apkFileName":"pl"}}}
2018-03-05T15:32:48.427Z - info: Trying to connect to openSTF with serial number cd21ccc5
2018-03-05T15:32:48.480Z - info: executing command adb connect  localhost:7437
2018-03-05T15:32:48.492Z - info: /home/trixo/Downloads/appium-1.8.0-beta3/build/lib/main.js -p 4001 -bp6001  --log-timestamp --log /home/trixo/Code/javaRewrite/log4001.txt
2018-03-05T15:32:48.492Z - info: Trying to create appium Server on port: 4001
2018-03-05T15:32:51.029Z - info: Appium server created on port: 4001
2018-03-05T15:33:17.530Z - info: Running clean Install test with following paramters, appPackage: com.pointvoucher.playlondonpv activityName: com.unity3d.player.UnityPlayerActivity apkFile: /home/trixo/Code/javaRewrite/Tests/CleanInstall/apk/pl.apk
2018-03-05T15:33:19.143Z - info: App exists in device => trying to remove
2018-03-05T15:33:24.966Z - info: App removed
2018-03-05T15:33:24.966Z - info: Installing app to device /home/trixo/Code/javaRewrite/Tests/CleanInstall/apk/pl.apk
2018-03-05T15:34:21.383Z - info: starting package : com.pointvoucher.playlondonpv with activity name: com.unity3d.player.UnityPlayerActivity
2018-03-05T15:34:25.581Z - info: Running fnPermission with value: true
2018-03-05T15:34:29.007Z - info: Running click event : Close intro Video  with 20repets
2018-03-05T15:34:29.007Z - info: Looking for image on screen:Close intro Video  with 20 repeats 
2018-03-05T15:34:29.008Z - info: Running delay for : 30000
2018-03-05T15:34:59.035Z - info: Running delay for : 0
2018-03-05T15:35:01.319Z - info: Found image on screen: Close intro Video 
2018-03-05T15:35:01.480Z - info: clicked on : Close intro Video  with following coordinates x=507 y=32
2018-03-05T15:35:01.480Z - info: Looking for image on screen:Check if message is there If its there Test Completed with 20 repeats 
2018-03-05T15:35:01.480Z - info: Running delay for : 6000
2018-03-05T15:35:07.483Z - info: Running delay for : 2000
2018-03-05T15:35:12.215Z - info: Running delay for : 2000
2018-03-05T15:35:15.804Z - info: Running delay for : 2000
2018-03-05T15:35:20.314Z - info: Running delay for : 2000
2018-03-05T15:35:23.842Z - info: Running delay for : 2000
2018-03-05T15:35:27.131Z - info: Running delay for : 2000
2018-03-05T15:35:30.242Z - info: Found image on screen: Check if message is there If its there Test Completed
2018-03-05T15:35:30.242Z - info: Test:Clean Install[FINISHED]
2018-03-05T15:35:30.242Z - info: Running delay for : 10000
2018-03-05T15:35:40.273Z - info: Disconnected localhost:7437=> open STF 
2018-03-05T15:46:59.485Z - info: You are not owner of localhost:7437 => open STF 
2018-03-05T15:46:59.495Z - info: Appium on close  null
2018-03-05T15:46:59.504Z - info: You are not owner of localhost:7437 => open STF 
2018-03-05T15:47:08.759Z - info: Test execution started
2018-03-05T15:47:08.760Z - info: Got following options to run{"testName":"Clean Install","UDID":"cd21ccc5","port":4001,"systemPort":8201,"bpPort":6001,"desCaps":{"testName":"Clean Install","testFileName":"CleanInstall","groupTest":false,"desiredCapabilities":{"automationName":"uiautomator2","platformName":"Android","deviceName":"Android","appPackage":"com.gorro.nothing","appActivity":"com.gorro.nothing.NothingActivity","fullReset":false,"noReset":true,"newCommandTimeout":120000,"skipUnlock":true,"androidInstallTimeout":150000},"parameters":{"appPackage":"com.pointvoucher.playlondonpv","activityName":"com.unity3d.player.UnityPlayerActivity","apkFileName":"pl"}}}
2018-03-05T15:47:08.777Z - info: Trying to connect to openSTF with serial number cd21ccc5
2018-03-05T15:47:08.827Z - info: executing command adb connect  localhost:7437
2018-03-05T15:47:08.836Z - info: /home/trixo/Downloads/appium-1.8.0-beta3/build/lib/main.js -p 4001 -bp6001  --log-timestamp --log /home/trixo/Code/javaRewrite/log4001.txt
2018-03-05T15:47:08.836Z - info: Trying to create appium Server on port: 4001
2018-03-05T15:47:10.970Z - info: Appium server created on port: 4001
2018-03-05T15:47:57.950Z - info: Running clean Install test with following paramters, appPackage: com.pointvoucher.playlondonpv activityName: com.unity3d.player.UnityPlayerActivity apkFile: /home/trixo/Code/javaRewrite/Tests/CleanInstall/apk/pl.apk
2018-03-05T15:48:00.075Z - info: App exists in device => trying to remove
2018-03-05T15:48:14.576Z - info: App removed
2018-03-05T15:48:14.577Z - info: Installing app to device /home/trixo/Code/javaRewrite/Tests/CleanInstall/apk/pl.apk
2018-03-05T15:54:11.757Z - info: starting package : com.pointvoucher.playlondonpv with activity name: com.unity3d.player.UnityPlayerActivity
2018-03-05T15:54:16.044Z - info: Running fnPermission with value: true
2018-03-05T15:54:19.467Z - info: Running click event : Close intro Video  with 20repets
2018-03-05T15:54:19.468Z - info: Looking for image on screen:Close intro Video  with 20 repeats 
2018-03-05T15:54:19.468Z - info: Running delay for : 30000
2018-03-05T15:54:49.481Z - info: Running delay for : 0
2018-03-05T15:54:51.879Z - info: Found image on screen: Close intro Video 
2018-03-05T15:54:52.098Z - info: clicked on : Close intro Video  with following coordinates x=507 y=32
2018-03-05T15:54:52.098Z - info: Looking for image on screen:Check if message is there If its there Test Completed with 20 repeats 
2018-03-05T15:54:52.098Z - info: Running delay for : 6000
2018-03-05T15:54:58.099Z - info: Running delay for : 2000
2018-03-05T15:55:02.342Z - info: Running delay for : 2000
2018-03-05T15:55:06.051Z - info: Running delay for : 2000
2018-03-05T15:55:10.233Z - info: Running delay for : 2000
2018-03-05T15:55:13.810Z - info: Running delay for : 2000
2018-03-05T15:55:17.470Z - info: Running delay for : 2000
2018-03-05T15:55:20.568Z - info: Found image on screen: Check if message is there If its there Test Completed
2018-03-05T15:55:20.568Z - info: Test:Clean Install[FINISHED]
2018-03-05T15:55:20.568Z - info: Running delay for : 10000
2018-03-05T15:55:30.595Z - info: Disconnected localhost:7437=> open STF 
2018-03-05T16:07:01.534Z - info: You are not owner of localhost:7437 => open STF 
2018-03-05T16:07:01.539Z - info: Appium on close  null
2018-03-05T16:07:01.549Z - info: You are not owner of localhost:7437 => open STF 
2018-03-06T09:42:11.244Z - info: Test execution started
2018-03-06T09:42:11.245Z - info: Got following options to run{"testName":"Clean Install","UDID":"cd21ccc5","port":4001,"systemPort":8201,"bpPort":6001,"desCaps":{"testName":"Clean Install","testFileName":"CleanInstall","groupTest":false,"desiredCapabilities":{"automationName":"uiautomator2","platformName":"Android","deviceName":"Android","appPackage":"com.gorro.nothing","appActivity":"com.gorro.nothing.NothingActivity","fullReset":false,"noReset":true,"newCommandTimeout":120000,"skipUnlock":true,"androidInstallTimeout":150000},"parameters":{"appPackage":"com.pointvoucher.playlondonpv","activityName":"com.unity3d.player.UnityPlayerActivity","apkFileName":"pl"}}}
2018-03-06T09:42:11.505Z - info: Trying to connect to openSTF with serial number cd21ccc5
2018-03-06T09:42:11.652Z - info: executing command adb connect  localhost:7401
2018-03-06T09:42:11.659Z - info: /home/trixo/Downloads/appium-1.8.0-beta3/build/lib/main.js -p 4001 -bp6001  --log-timestamp --log /home/trixo/Code/javaRewrite/log4001.txt
2018-03-06T09:42:11.659Z - info: Trying to create appium Server on port: 4001
2018-03-06T09:43:06.998Z - info: Appium server created on port: 4001
2018-03-06T09:43:38.750Z - info: Running clean Install test with following paramters, appPackage: com.pointvoucher.playlondonpv activityName: com.unity3d.player.UnityPlayerActivity apkFile: /home/trixo/Code/javaRewrite/Tests/CleanInstall/apk/pl.apk
2018-03-06T09:43:40.372Z - info: App exists in device => trying to remove
2018-03-06T09:43:46.223Z - info: App removed
2018-03-06T09:43:46.224Z - info: Installing app to device /home/trixo/Code/javaRewrite/Tests/CleanInstall/apk/pl.apk
2018-03-06T09:44:34.544Z - info: starting package : com.pointvoucher.playlondonpv with activity name: com.unity3d.player.UnityPlayerActivity
2018-03-06T09:44:38.866Z - info: Running fnPermission with value: true
2018-03-06T09:44:40.253Z - info: Running click event : Close intro Video  with 20repets
2018-03-06T09:44:40.254Z - info: Looking for image on screen:Close intro Video  with 20 repeats 
2018-03-06T09:44:40.254Z - info: Running delay for : 30000
2018-03-06T09:45:10.261Z - info: Running delay for : 0
2018-03-06T09:45:10.283Z - info: Running delay for : 0
2018-03-06T09:45:10.292Z - info: Running delay for : 0
2018-03-06T09:45:10.300Z - info: Running delay for : 0
2018-03-06T09:45:10.308Z - info: Running delay for : 0
2018-03-06T09:45:10.315Z - info: Running delay for : 0
2018-03-06T09:45:10.323Z - info: Running delay for : 0
2018-03-06T09:45:10.331Z - info: Running delay for : 0
2018-03-06T09:45:10.338Z - info: Running delay for : 0
2018-03-06T09:45:10.345Z - info: Running delay for : 0
2018-03-06T09:45:10.353Z - info: Running delay for : 0
2018-03-06T09:45:10.361Z - info: Running delay for : 0
2018-03-06T09:45:10.368Z - info: Running delay for : 0
2018-03-06T09:45:10.375Z - info: Running delay for : 0
2018-03-06T09:45:10.381Z - info: Running delay for : 0
2018-03-06T09:45:10.388Z - info: Running delay for : 0
2018-03-06T09:45:10.394Z - info: Running delay for : 0
2018-03-06T09:45:10.400Z - info: Running delay for : 0
2018-03-06T09:45:10.409Z - info: Running delay for : 0
2018-03-06T09:45:10.417Z - info: Running delay for : 0
2018-03-06T09:45:10.425Z - info: Looking for image on screen #20
2018-03-06T09:45:10.425Z - info: ERROR[MyERr]: TEST FINISHED WITH ERROR: Object not found : Close intro Video 
2018-03-06T09:45:10.435Z - info: You are not owner of localhost:7401 => open STF 
2018-03-06T09:47:27.494Z - info: Appium on close  null
2018-03-06T09:47:27.495Z - info: You are not owner of localhost:7401 => open STF 
2018-03-06T09:47:27.496Z - info: You are not owner of localhost:7401 => open STF 
2018-03-06T09:48:32.921Z - info: Test execution started
2018-03-06T09:48:32.922Z - info: Got following options to run{"testName":"Clean Install","UDID":"cd21ccc5","port":4001,"systemPort":8201,"bpPort":6001,"desCaps":{"testName":"Clean Install","testFileName":"CleanInstall","groupTest":false,"desiredCapabilities":{"automationName":"uiautomator2","platformName":"Android","deviceName":"Android","appPackage":"com.gorro.nothing","appActivity":"com.gorro.nothing.NothingActivity","fullReset":false,"noReset":true,"newCommandTimeout":120000,"skipUnlock":true,"androidInstallTimeout":150000},"parameters":{"appPackage":"com.pointvoucher.playlondonpv","activityName":"com.unity3d.player.UnityPlayerActivity","apkFileName":"pl"}}}
2018-03-06T09:48:32.940Z - info: Trying to connect to openSTF with serial number cd21ccc5
2018-03-06T09:48:32.990Z - info: executing command adb connect  localhost:7417
2018-03-06T09:48:32.998Z - info: /home/trixo/Downloads/appium-1.8.0-beta3/build/lib/main.js -p 4001 -bp6001  --log-timestamp --log /home/trixo/Code/javaRewrite/log4001.txt
2018-03-06T09:48:32.998Z - info: Trying to create appium Server on port: 4001
2018-03-06T09:48:35.176Z - info: Appium server created on port: 4001
2018-03-06T09:48:41.944Z - info: ERROR[MyERr]: TEST FINISHED WITH ERROR: Error: An unknown server-side error occurred while processing the command. Original error: Error finding if app is installed. Original error: No device connected, cannot run adb shell command 'pm list packages io.appium.uiautomator2.server.test'
2018-03-06T09:48:41.952Z - info: You are not owner of localhost:7417 => open STF 
2018-03-06T09:49:24.394Z - info: Appium on close  null
2018-03-06T09:56:36.842Z - info: Test execution started
2018-03-06T09:56:36.842Z - info: Got following options to run{"testName":"Clean Install","UDID":"cd21ccc5","port":4001,"systemPort":8201,"bpPort":6001,"desCaps":{"testName":"Clean Install","testFileName":"CleanInstall","groupTest":false,"desiredCapabilities":{"automationName":"uiautomator2","platformName":"Android","deviceName":"Android","appPackage":"com.gorro.nothing","appActivity":"com.gorro.nothing.NothingActivity","fullReset":false,"noReset":true,"newCommandTimeout":120000,"skipUnlock":true,"androidInstallTimeout":150000},"parameters":{"appPackage":"com.pointvoucher.playlondonpv","activityName":"com.unity3d.player.UnityPlayerActivity","apkFileName":"pl"}}}
2018-03-06T09:56:36.860Z - info: Trying to connect to openSTF with serial number cd21ccc5
2018-03-06T09:56:36.909Z - info: executing command adb connect  localhost:7425
2018-03-06T09:56:36.917Z - info: /home/trixo/Downloads/appium-1.8.0-beta3/build/lib/main.js -p 4001 -bp6001  --log-timestamp --log /home/trixo/Code/javaRewrite/log4001.txt
2018-03-06T09:56:36.917Z - info: Trying to create appium Server on port: 4001
2018-03-06T09:56:38.206Z - info: Appium on close  null
2018-03-06T09:56:38.230Z - info: Disconnected localhost:7425=> open STF 
2018-03-06T09:56:38.231Z - info: Disconnected undefined=> open STF 
2018-03-06T11:26:35.364Z - info: Test execution started
2018-03-06T11:26:35.364Z - info: Got following options to run{"testName":"Clean Install","UDID":"cd21ccc5","port":4001,"systemPort":8201,"bpPort":6001,"desCaps":{"testName":"Clean Install","testFileName":"CleanInstall","groupTest":false,"desiredCapabilities":{"automationName":"uiautomator2","platformName":"Android","deviceName":"Android","appPackage":"com.gorro.nothing","appActivity":"com.gorro.nothing.NothingActivity","fullReset":false,"noReset":true,"newCommandTimeout":120000,"skipUnlock":true,"androidInstallTimeout":150000},"parameters":[{"appPackage":"com.pointvoucher.playlondonpv","activityName":"com.unity3d.player.UnityPlayerActivity","apkFileName":"pl"}]}}
2018-03-06T11:26:35.382Z - info: Trying to connect to openSTF with serial number cd21ccc5
2018-03-06T11:26:35.430Z - info: executing command adb connect  localhost:7433
2018-03-06T11:26:35.438Z - info: /home/trixo/Downloads/appium-1.8.0-beta3/build/lib/main.js -p 4001 -bp6001  --log-timestamp --log /home/trixo/Code/javaRewrite/log4001.txt
2018-03-06T11:26:35.438Z - info: Trying to create appium Server on port: 4001
2018-03-06T11:26:36.031Z - info: Appium on close  null
2018-03-06T11:26:36.050Z - info: Disconnected localhost:7433=> open STF 
2018-03-06T11:27:38.120Z - info: Test execution started
2018-03-06T11:27:38.121Z - info: Got following options to run{"testName":"Clean Install","UDID":"cd21ccc5","port":4001,"systemPort":8201,"bpPort":6001,"desCaps":{"testName":"Clean Install","testFileName":"CleanInstall","groupTest":false,"desiredCapabilities":{"automationName":"uiautomator2","platformName":"Android","deviceName":"Android","appPackage":"com.gorro.nothing","appActivity":"com.gorro.nothing.NothingActivity","fullReset":false,"noReset":true,"newCommandTimeout":120000,"skipUnlock":true,"androidInstallTimeout":150000},"parameters":[{"appPackage":"com.pointvoucher.playlondonpv","activityName":"com.unity3d.player.UnityPlayerActivity","apkFileName":"pl"},{"appPackage":"com.pointvoucher.playlondonpv","activityName":"com.unity3d.player.UnityPlayerActivity","apkFileName":"pl"}]}}
2018-03-06T11:27:38.138Z - info: Trying to connect to openSTF with serial number cd21ccc5
2018-03-06T11:27:38.187Z - info: executing command adb connect  localhost:7433
2018-03-06T11:27:38.195Z - info: /home/trixo/Downloads/appium-1.8.0-beta3/build/lib/main.js -p 4001 -bp6001  --log-timestamp --log /home/trixo/Code/javaRewrite/log4001.txt
2018-03-06T11:27:38.195Z - info: Trying to create appium Server on port: 4001
2018-03-06T11:27:38.774Z - info: Appium on close  null
2018-03-06T11:27:38.789Z - info: Disconnected localhost:7433=> open STF 
2018-03-06T11:28:17.905Z - info: Test execution started
2018-03-06T11:28:17.906Z - info: Got following options to run{"testName":"Clean Install","UDID":"cd21ccc5","port":4001,"systemPort":8201,"bpPort":6001,"desCaps":{"testName":"Clean Install","testFileName":"CleanInstall","groupTest":false,"desiredCapabilities":{"automationName":"uiautomator2","platformName":"Android","deviceName":"Android","appPackage":"com.gorro.nothing","appActivity":"com.gorro.nothing.NothingActivity","fullReset":false,"noReset":true,"newCommandTimeout":120000,"skipUnlock":true,"androidInstallTimeout":150000},"parameters":{"appPackage":"com.pointvoucher.playlondonpv","activityName":"com.unity3d.player.UnityPlayerActivity","apkFileName":"pl"}}}
2018-03-06T11:28:17.923Z - info: Trying to connect to openSTF with serial number cd21ccc5
2018-03-06T11:28:17.971Z - info: executing command adb connect  localhost:7433
2018-03-06T11:28:17.978Z - info: /home/trixo/Downloads/appium-1.8.0-beta3/build/lib/main.js -p 4001 -bp6001  --log-timestamp --log /home/trixo/Code/javaRewrite/log4001.txt
2018-03-06T11:28:17.978Z - info: Trying to create appium Server on port: 4001
2018-03-06T11:28:18.526Z - info: Appium on close  null
2018-03-06T11:28:18.541Z - info: Disconnected localhost:7433=> open STF 
2018-03-06T11:28:45.477Z - info: Test execution started
2018-03-06T11:28:45.477Z - info: Got following options to run{"testName":"Clean Install","UDID":"cd21ccc5","port":4001,"systemPort":8201,"bpPort":6001,"desCaps":{"testName":"Clean Install","testFileName":"CleanInstall","groupTest":false,"desiredCapabilities":{"automationName":"uiautomator2","platformName":"Android","deviceName":"Android","appPackage":"com.gorro.nothing","appActivity":"com.gorro.nothing.NothingActivity","fullReset":false,"noReset":true,"newCommandTimeout":120000,"skipUnlock":true,"androidInstallTimeout":150000},"parameters":{"appPackage":"com.pointvoucher.playlondonpv","activityName":"com.unity3d.player.UnityPlayerActivity","apkFileName":"pl"}}}
2018-03-06T11:28:45.495Z - info: Trying to connect to openSTF with serial number cd21ccc5
2018-03-06T11:28:45.543Z - info: executing command adb connect  localhost:7433
2018-03-06T11:28:45.551Z - info: /home/trixo/Downloads/appium-1.8.0-beta3/build/lib/main.js -p 4001 -bp6001  --log-timestamp --log /home/trixo/Code/javaRewrite/log4001.txt
2018-03-06T11:28:45.551Z - info: Trying to create appium Server on port: 4001
2018-03-06T11:28:47.695Z - info: Appium server created on port: 4001
2018-03-06T11:29:14.470Z - info: Running clean Install test with following paramters, appPackage: com.pointvoucher.playlondonpv activityName: com.unity3d.player.UnityPlayerActivity apkFile: /home/trixo/Code/javaRewrite/Tests/CleanInstall/apk/pl.apk
2018-03-06T11:29:16.103Z - info: App does not exist in device 
2018-03-06T11:29:16.103Z - info: Installing app to device /home/trixo/Code/javaRewrite/Tests/CleanInstall/apk/pl.apk
2018-03-06T11:30:01.564Z - info: starting package : com.pointvoucher.playlondonpv with activity name: com.unity3d.player.UnityPlayerActivity
2018-03-06T11:30:05.696Z - info: Running fnPermission with value: true
2018-03-06T11:30:09.059Z - info: Running click event : Close intro Video  with 20repets
2018-03-06T11:30:09.059Z - info: Looking for image on screen:Close intro Video  with 20 repeats 
2018-03-06T11:30:09.059Z - info: Running delay for : 30000
2018-03-06T11:30:39.068Z - info: Running delay for : 0
2018-03-06T11:30:40.760Z - info: Found image on screen: Close intro Video 
2018-03-06T11:30:40.918Z - info: clicked on : Close intro Video  with following coordinates x=507 y=32
2018-03-06T11:30:40.919Z - info: Looking for image on screen:Check if message is there If its there Test Completed with 20 repeats 
2018-03-06T11:30:40.919Z - info: Running delay for : 6000
2018-03-06T11:30:46.920Z - info: Running delay for : 2000
2018-03-06T11:30:50.437Z - info: Running delay for : 2000
2018-03-06T11:30:53.759Z - info: Running delay for : 2000
2018-03-06T11:30:57.527Z - info: Running delay for : 2000
2018-03-06T11:31:00.914Z - info: Running delay for : 2000
2018-03-06T11:31:03.959Z - info: Running delay for : 2000
2018-03-06T11:31:06.912Z - info: Found image on screen: Check if message is there If its there Test Completed
2018-03-06T11:31:06.912Z - info: Test:Clean Install[FINISHED]
2018-03-06T11:31:06.912Z - info: Running delay for : 10000
2018-03-06T11:31:16.942Z - info: Disconnected localhost:7433=> open STF 
2018-03-06T11:32:10.142Z - info: You are not owner of localhost:7433 => open STF 
2018-03-06T11:32:10.143Z - info: You are not owner of localhost:7433 => open STF 
2018-03-06T11:32:10.144Z - info: Appium on close  null
2018-03-06T11:32:18.454Z - info: Test execution started
2018-03-06T11:32:18.455Z - info: Got following options to run{"testName":"Clean Install","UDID":"cd21ccc5","port":4001,"systemPort":8201,"bpPort":6001,"desCaps":{"testName":"Clean Install","testFileName":"CleanInstall","groupTest":false,"desiredCapabilities":{"automationName":"uiautomator2","platformName":"Android","deviceName":"Android","appPackage":"com.gorro.nothing","appActivity":"com.gorro.nothing.NothingActivity","fullReset":false,"noReset":true,"newCommandTimeout":120000,"skipUnlock":true,"androidInstallTimeout":150000},"parameters":{"appPackage":"com.pointvoucher.playlondonpv","activityName":"com.unity3d.player.UnityPlayerActivity","apkFileName":"pl"}}}
2018-03-06T11:32:18.472Z - info: Trying to connect to openSTF with serial number cd21ccc5
2018-03-06T11:32:18.527Z - info: executing command adb connect  localhost:7433
2018-03-06T11:32:18.533Z - info: /home/trixo/Downloads/appium-1.8.0-beta3/build/lib/main.js -p 4001 -bp6001  --log-timestamp --log /home/trixo/Code/javaRewrite/log4001.txt
2018-03-06T11:32:18.533Z - info: Trying to create appium Server on port: 4001
2018-03-06T11:32:20.752Z - info: Appium server created on port: 4001
2018-03-06T11:32:40.543Z - info: Disconnected localhost:7433=> open STF 
2018-03-06T11:32:40.544Z - info: Disconnected localhost:7433=> open STF 
