2018-02-26T15:27:46.788Z - info: Test execution started
2018-02-26T15:27:46.789Z - info: Got following options to run{"testName":"Play London Shop","UDID":"cd21ccc5","port":4008,"systemPort":8208,"bpPort":6008,"desCaps":{"testName":"Play London Shop","testFileName":"PlayLondonShop","groupTest":false,"desiredCapabilities":{"platformName":"Android","deviceName":"Android","appPackage":"com.pointvoucher.playlondonpv","appActivity":"com.unity3d.player.UnityPlayerActivity","fullReset":false,"noReset":true,"newCommandTimeout":120000,"skipUnlock":true},"parameters":{}}}
2018-02-26T15:27:46.900Z - info: Trying to connect to openSTF with serial number cd21ccc5
2018-02-26T15:27:46.949Z - info: executing command adb connect  localhost:7401
2018-02-26T15:27:46.958Z - info: /home/trixo/Downloads/appium-1.8.0-beta3/build/lib/main.js -p 4008 -bp6008  --log-timestamp --log /home/trixo/Code/javaRewrite/log4008.txt
2018-02-26T15:27:46.958Z - info: Trying to create appium Server on port: 4008
2018-02-26T15:27:49.168Z - info: Appium server created on port: 4008
2018-02-26T15:28:04.336Z - info: Play london shop test
2018-02-26T15:28:04.366Z - info: Looking for image on screen:If on screen then app Loaded,Logout state true with 20 repeats 
2018-02-26T15:28:04.366Z - info: Running delay for : 4000
2018-02-26T15:28:08.374Z - info: Running delay for : 2000
2018-02-26T15:28:11.087Z - info: Running delay for : 2000
2018-02-26T15:28:13.666Z - info: Running delay for : 2000
2018-02-26T15:28:16.311Z - info: Running delay for : 2000
2018-02-26T15:28:18.946Z - info: Running delay for : 2000
2018-02-26T15:28:22.060Z - info: Running delay for : 2000
2018-02-26T15:28:25.086Z - info: Running delay for : 2000
2018-02-26T15:28:28.073Z - info: Running delay for : 2000
2018-02-26T15:28:31.385Z - info: Running delay for : 2000
2018-02-26T15:28:34.670Z - info: Running delay for : 2000
2018-02-26T15:28:38.414Z - info: Running delay for : 2000
2018-02-26T15:28:41.218Z - info: Running delay for : 2000
2018-02-26T15:28:45.262Z - info: Found image on screen: If on screen then app Loaded,Logout state true
2018-02-26T15:28:45.262Z - info: Running click event : Click Login button with 5repets
2018-02-26T15:28:45.262Z - info: Looking for image on screen:Click Login button with 5 repeats 
2018-02-26T15:28:45.262Z - info: Running delay for : 2000
2018-02-26T15:28:47.265Z - info: Running delay for : 0
2018-02-26T15:28:49.264Z - info: Found image on screen: Click Login button
2018-02-26T15:28:49.409Z - info: clicked on : Click Login button with following coordinates x=477 y=29.5
2018-02-26T15:28:49.410Z - info: Running click event : Click Email Login button with 5repets
2018-02-26T15:28:49.410Z - info: Looking for image on screen:Click Email Login button with 5 repeats 
2018-02-26T15:28:49.410Z - info: Running delay for : 2000
2018-02-26T15:28:51.412Z - info: Running delay for : 0
2018-02-26T15:28:52.496Z - info: Found image on screen: Click Email Login button
2018-02-26T15:28:52.629Z - info: clicked on : Click Email Login button with following coordinates x=151 y=812
2018-02-26T15:28:52.629Z - info: Running click event : Click Yes age button with 5repets
2018-02-26T15:28:52.629Z - info: Looking for image on screen:Click Yes age button with 5 repeats 
2018-02-26T15:28:52.629Z - info: Running delay for : 2000
2018-02-26T15:28:54.632Z - info: Running delay for : 0
2018-02-26T15:28:55.381Z - info: Found image on screen: Click Yes age button
2018-02-26T15:28:55.522Z - info: clicked on : Click Yes age button with following coordinates x=271 y=585
2018-02-26T15:28:55.522Z - info: Running click event : Click on Enter Email field with 5repets
2018-02-26T15:28:55.522Z - info: Looking for image on screen:Click on Enter Email field with 5 repeats 
2018-02-26T15:28:55.522Z - info: Running delay for : 2000
2018-02-26T15:28:57.525Z - info: Running delay for : 0
2018-02-26T15:28:58.129Z - info: Found image on screen: Click on Enter Email field
2018-02-26T15:28:58.328Z - info: clicked on : Click on Enter Email field with following coordinates x=272 y=456.5
2018-02-26T15:29:02.522Z - info: Running clear keyboard (click on x0y0
2018-02-26T15:29:02.656Z - info: Keyboard cleared
2018-02-26T15:29:02.656Z - info: Running click event : Next email with 5repets
2018-02-26T15:29:02.656Z - info: Looking for image on screen:Next email with 5 repeats 
2018-02-26T15:29:02.656Z - info: Running delay for : 500
2018-02-26T15:29:03.158Z - info: Running delay for : 0
2018-02-26T15:29:03.841Z - info: Found image on screen: Next email
2018-02-26T15:29:03.986Z - info: clicked on : Next email with following coordinates x=401 y=597.5
2018-02-26T15:29:03.986Z - info: Running click event : Click on Enter Password field with 5repets
2018-02-26T15:29:03.987Z - info: Looking for image on screen:Click on Enter Password field with 5 repeats 
2018-02-26T15:29:03.987Z - info: Running delay for : 2000
2018-02-26T15:29:05.989Z - info: Running delay for : 0
2018-02-26T15:29:06.784Z - info: Found image on screen: Click on Enter Password field
2018-02-26T15:29:06.939Z - info: clicked on : Click on Enter Password field with following coordinates x=270 y=462
2018-02-26T15:29:11.309Z - info: Running clear keyboard (click on x0y0
2018-02-26T15:29:11.451Z - info: Keyboard cleared
2018-02-26T15:29:11.451Z - info: Running click event : Next password with 5repets
2018-02-26T15:29:11.451Z - info: Looking for image on screen:Next password with 5 repeats 
2018-02-26T15:29:11.451Z - info: Running delay for : 100
2018-02-26T15:29:11.551Z - info: Running delay for : 0
2018-02-26T15:29:12.280Z - info: Found image on screen: Next password
2018-02-26T15:29:12.412Z - info: clicked on : Next password with following coordinates x=399 y=657.5
2018-02-26T15:29:12.412Z - info: Looking for image on screen:If 0 coins then looged in with 20 repeats 
2018-02-26T15:29:12.412Z - info: Running delay for : 1000
2018-02-26T15:29:13.414Z - info: Running delay for : 0
2018-02-26T15:29:16.462Z - info: Found image on screen: If 0 coins then looged in
2018-02-26T15:29:16.463Z - info: Running click event : back arrow button  with 5repets
2018-02-26T15:29:16.463Z - info: Looking for image on screen:back arrow button  with 5 repeats 
2018-02-26T15:29:16.464Z - info: Running delay for : 500
2018-02-26T15:29:16.965Z - info: Running delay for : 0
2018-02-26T15:29:19.568Z - info: Running delay for : 0
2018-02-26T15:29:22.439Z - info: Running delay for : 0
2018-02-26T15:29:25.210Z - info: Running delay for : 0
2018-02-26T15:29:28.077Z - info: Running delay for : 0
2018-02-26T15:29:30.758Z - info: Looking for image on screen #5
2018-02-26T15:29:30.758Z - info: ERROR[MyERr]: TEST FINISHED WITH ERROR: Object not found : back arrow button 
2018-02-26T15:29:30.802Z - info: Disconnected localhost:7401=> open STF 
2018-02-26T15:38:05.229Z - info: Appium on close  null
2018-02-26T15:38:05.855Z - info: Disconnected localhost:7401=> open STF 
2018-02-26T15:38:05.855Z - info: Disconnected localhost:7401=> open STF 
2018-02-26T15:38:05.857Z - info: Disconnected localhost:7401=> open STF 
2018-02-26T15:38:05.857Z - info: Disconnected localhost:7401=> open STF 
2018-02-27T10:28:39.548Z - info: Test execution started
2018-02-27T10:28:39.549Z - info: Got following options to run{"testName":"Go To Profile","UDID":"cd21ccc5","port":4008,"systemPort":8208,"bpPort":6008,"desCaps":{"testName":"Go To Profile","testFileName":"GoToProfile","groupTest":false,"desiredCapabilities":{"platformName":"Android","deviceName":"Android","appPackage":"com.pointvoucher.playlondonpv","appActivity":"com.unity3d.player.UnityPlayerActivity","fullReset":false,"noReset":true,"newCommandTimeout":120000,"skipUnlock":true},"parameters":{}}}
2018-02-27T10:28:39.609Z - info: Trying to connect to openSTF with serial number cd21ccc5
2018-02-27T10:28:39.658Z - info: executing command adb connect  localhost:7401
2018-02-27T10:28:39.666Z - info: /home/trixo/Downloads/appium-1.8.0-beta3/build/lib/main.js -p 4008 -bp6008  --log-timestamp --log /home/trixo/Code/javaRewrite/log4008.txt
2018-02-27T10:28:39.666Z - info: Trying to create appium Server on port: 4008
2018-02-27T10:28:42.017Z - info: Appium server created on port: 4008
2018-02-27T10:28:58.526Z - info: Play london profile test
2018-02-27T10:28:58.561Z - info: Looking for image on screen:If on screen then app Loaded,Logout state true with 20 repeats 
2018-02-27T10:28:58.561Z - info: Running delay for : 4000
2018-02-27T10:29:02.567Z - info: Running delay for : 2000
2018-02-27T10:29:05.564Z - info: Running delay for : 2000
2018-02-27T10:29:08.481Z - info: Running delay for : 2000
2018-02-27T10:29:11.268Z - info: Running delay for : 2000
2018-02-27T10:29:14.012Z - info: Running delay for : 2000
2018-02-27T10:29:16.832Z - info: Running delay for : 2000
2018-02-27T10:29:20.109Z - info: Found image on screen: If on screen then app Loaded,Logout state true
2018-02-27T10:29:20.109Z - info: Running click event : Click Login button with 5repets
2018-02-27T10:29:20.109Z - info: Looking for image on screen:Click Login button with 5 repeats 
2018-02-27T10:29:20.109Z - info: Running delay for : 2000
2018-02-27T10:29:22.112Z - info: Running delay for : 0
2018-02-27T10:29:23.520Z - info: Found image on screen: Click Login button
2018-02-27T10:29:23.672Z - info: clicked on : Click Login button with following coordinates x=484 y=27
2018-02-27T10:29:23.672Z - info: Running click event : Click Email Login button with 5repets
2018-02-27T10:29:23.672Z - info: Looking for image on screen:Click Email Login button with 5 repeats 
2018-02-27T10:29:23.672Z - info: Running delay for : 2000
2018-02-27T10:29:25.674Z - info: Running delay for : 0
2018-02-27T10:29:26.953Z - info: Found image on screen: Click Email Login button
2018-02-27T10:29:27.098Z - info: clicked on : Click Email Login button with following coordinates x=153.5 y=811
2018-02-27T10:29:27.098Z - info: Running click event : Click Yes age button with 5repets
2018-02-27T10:29:27.098Z - info: Looking for image on screen:Click Yes age button with 5 repeats 
2018-02-27T10:29:27.098Z - info: Running delay for : 2000
2018-02-27T10:29:29.099Z - info: Running delay for : 0
2018-02-27T10:29:29.989Z - info: Found image on screen: Click Yes age button
2018-02-27T10:29:30.121Z - info: clicked on : Click Yes age button with following coordinates x=273.5 y=585
2018-02-27T10:29:30.122Z - info: Running click event : Click on Enter Email field with 5repets
2018-02-27T10:29:30.122Z - info: Looking for image on screen:Click on Enter Email field with 5 repeats 
2018-02-27T10:29:30.122Z - info: Running delay for : 2000
2018-02-27T10:29:32.124Z - info: Running delay for : 0
2018-02-27T10:29:32.852Z - info: Found image on screen: Click on Enter Email field
2018-02-27T10:29:33.031Z - info: clicked on : Click on Enter Email field with following coordinates x=272.5 y=457
2018-02-27T10:29:38.135Z - info: Running clear keyboard (click on x0y0
2018-02-27T10:29:38.284Z - info: Keyboard cleared
2018-02-27T10:29:38.284Z - info: Running click event : Next email with 5repets
2018-02-27T10:29:38.284Z - info: Looking for image on screen:Next email with 5 repeats 
2018-02-27T10:29:38.285Z - info: Running delay for : 500
2018-02-27T10:29:38.786Z - info: Running delay for : 0
2018-02-27T10:29:39.590Z - info: Found image on screen: Next email
2018-02-27T10:29:39.733Z - info: clicked on : Next email with following coordinates x=401 y=593
2018-02-27T10:29:39.733Z - info: Running click event : Click on Enter Password field with 5repets
2018-02-27T10:29:39.733Z - info: Looking for image on screen:Click on Enter Password field with 5 repeats 
2018-02-27T10:29:39.733Z - info: Running delay for : 2000
2018-02-27T10:29:41.736Z - info: Running delay for : 0
2018-02-27T10:29:42.461Z - info: Found image on screen: Click on Enter Password field
2018-02-27T10:29:42.616Z - info: clicked on : Click on Enter Password field with following coordinates x=269 y=464.5
2018-02-27T10:29:46.652Z - info: Running clear keyboard (click on x0y0
2018-02-27T10:29:46.785Z - info: Keyboard cleared
2018-02-27T10:29:46.785Z - info: Running click event : Next password with 5repets
2018-02-27T10:29:46.785Z - info: Looking for image on screen:Next password with 5 repeats 
2018-02-27T10:29:46.785Z - info: Running delay for : 100
2018-02-27T10:29:46.887Z - info: Running delay for : 0
2018-02-27T10:29:47.629Z - info: Found image on screen: Next password
2018-02-27T10:29:47.763Z - info: clicked on : Next password with following coordinates x=401 y=655
2018-02-27T10:29:47.763Z - info: Looking for image on screen:If 0 coins then looged in with 20 repeats 
2018-02-27T10:29:47.763Z - info: Running delay for : 1000
2018-02-27T10:29:48.764Z - info: Running delay for : 0
2018-02-27T10:29:50.331Z - info: Found image on screen: If 0 coins then looged in
2018-02-27T10:29:50.331Z - info: Running click event : coins button  with 5repets
2018-02-27T10:29:50.331Z - info: Looking for image on screen:coins button  with 5 repeats 
2018-02-27T10:29:50.331Z - info: Running delay for : 0
2018-02-27T10:29:50.333Z - info: Running delay for : 0
2018-02-27T10:29:51.922Z - info: Found image on screen: coins button 
2018-02-27T10:29:52.059Z - info: clicked on : coins button  with following coordinates x=485.5 y=27.5
2018-02-27T10:29:52.059Z - info: Running click event : My Account button  with 5repets
2018-02-27T10:29:52.059Z - info: Looking for image on screen:My Account button  with 5 repeats 
2018-02-27T10:29:52.059Z - info: Running delay for : 5000
2018-02-27T10:29:57.059Z - info: Running delay for : 0
2018-02-27T10:29:58.099Z - info: Found image on screen: My Account button 
2018-02-27T10:29:58.230Z - info: clicked on : My Account button  with following coordinates x=452.5 y=671
2018-02-27T10:29:58.230Z - info: Looking for image on screen:profile webview openned with 20 repeats 
2018-02-27T10:29:58.230Z - info: Running delay for : 1000
2018-02-27T10:29:59.231Z - info: Running delay for : 0
2018-02-27T10:30:00.133Z - info: Running delay for : 0
2018-02-27T10:30:01.439Z - info: Running delay for : 0
2018-02-27T10:30:02.561Z - info: Running delay for : 0
2018-02-27T10:30:03.619Z - info: Running delay for : 0
2018-02-27T10:30:04.979Z - info: Running delay for : 0
2018-02-27T10:30:06.226Z - info: Running delay for : 0
2018-02-27T10:30:07.506Z - info: Found image on screen: profile webview openned
2018-02-27T10:30:07.642Z - info: ERROR[MyERr]: TEST FINISHED WITH ERROR: Error: selector needs to be typeof `string`
2018-02-27T10:30:07.664Z - info: Disconnected localhost:7401=> open STF 
2018-02-27T10:34:58.503Z - info: Appium on close  null
2018-02-27T10:55:19.916Z - info: Test execution started
2018-02-27T10:55:19.917Z - info: Got following options to run{"testName":"Go To Profile","UDID":"cd21ccc5","port":4008,"systemPort":8208,"bpPort":6008,"desCaps":{"testName":"Go To Profile","testFileName":"GoToProfile","groupTest":false,"desiredCapabilities":{"platformName":"Android","deviceName":"Android","appPackage":"com.pointvoucher.playlondonpv","appActivity":"com.unity3d.player.UnityPlayerActivity","fullReset":false,"noReset":true,"newCommandTimeout":120000,"skipUnlock":true},"parameters":{}}}
2018-02-27T10:55:19.971Z - info: Trying to connect to openSTF with serial number cd21ccc5
2018-02-27T10:55:20.017Z - info: executing command adb connect  localhost:7401
2018-02-27T10:55:20.025Z - info: /home/trixo/Downloads/appium-1.8.0-beta3/build/lib/main.js -p 4008 -bp6008  --log-timestamp --log /home/trixo/Code/javaRewrite/log4008.txt
2018-02-27T10:55:20.025Z - info: Trying to create appium Server on port: 4008
2018-02-27T10:55:22.174Z - info: Appium server created on port: 4008
2018-02-27T10:55:39.349Z - info: Play london profile test
2018-02-27T10:55:39.380Z - info: Looking for image on screen:If on screen then app Loaded,Logout state true with 20 repeats 
2018-02-27T10:55:39.381Z - info: Running delay for : 4000
2018-02-27T10:55:43.387Z - info: Running delay for : 2000
2018-02-27T10:55:46.264Z - info: Running delay for : 2000
2018-02-27T10:55:49.111Z - info: Running delay for : 2000
2018-02-27T10:55:51.859Z - info: Running delay for : 2000
2018-02-27T10:55:54.776Z - info: Running delay for : 2000
2018-02-27T10:55:57.648Z - info: Running delay for : 2000
2018-02-27T10:56:00.894Z - info: Found image on screen: If on screen then app Loaded,Logout state true
2018-02-27T10:56:00.894Z - info: Running click event : Click Login button with 5repets
2018-02-27T10:56:00.894Z - info: Looking for image on screen:Click Login button with 5 repeats 
2018-02-27T10:56:00.894Z - info: Running delay for : 2000
2018-02-27T10:56:02.896Z - info: Running delay for : 0
2018-02-27T10:56:04.350Z - info: Found image on screen: Click Login button
2018-02-27T10:56:04.493Z - info: clicked on : Click Login button with following coordinates x=484 y=27
2018-02-27T10:56:04.493Z - info: Running click event : Click Email Login button with 5repets
2018-02-27T10:56:04.493Z - info: Looking for image on screen:Click Email Login button with 5 repeats 
2018-02-27T10:56:04.493Z - info: Running delay for : 2000
2018-02-27T10:56:06.496Z - info: Running delay for : 0
2018-02-27T10:56:07.771Z - info: Found image on screen: Click Email Login button
2018-02-27T10:56:07.901Z - info: clicked on : Click Email Login button with following coordinates x=153.5 y=811
2018-02-27T10:56:07.902Z - info: Running click event : Click Yes age button with 5repets
2018-02-27T10:56:07.902Z - info: Looking for image on screen:Click Yes age button with 5 repeats 
2018-02-27T10:56:07.902Z - info: Running delay for : 2000
2018-02-27T10:56:09.905Z - info: Running delay for : 0
2018-02-27T10:56:10.798Z - info: Found image on screen: Click Yes age button
2018-02-27T10:56:10.924Z - info: clicked on : Click Yes age button with following coordinates x=273.5 y=585
2018-02-27T10:56:10.924Z - info: Running click event : Click on Enter Email field with 5repets
2018-02-27T10:56:10.924Z - info: Looking for image on screen:Click on Enter Email field with 5 repeats 
2018-02-27T10:56:10.924Z - info: Running delay for : 2000
2018-02-27T10:56:12.926Z - info: Running delay for : 0
2018-02-27T10:56:13.731Z - info: Found image on screen: Click on Enter Email field
2018-02-27T10:56:13.928Z - info: clicked on : Click on Enter Email field with following coordinates x=272.5 y=457
2018-02-27T10:56:18.950Z - info: Running clear keyboard (click on x0y0
2018-02-27T10:56:19.123Z - info: Keyboard cleared
2018-02-27T10:56:19.123Z - info: Running click event : Next email with 5repets
2018-02-27T10:56:19.124Z - info: Looking for image on screen:Next email with 5 repeats 
2018-02-27T10:56:19.124Z - info: Running delay for : 500
2018-02-27T10:56:19.625Z - info: Running delay for : 0
2018-02-27T10:56:20.455Z - info: Found image on screen: Next email
2018-02-27T10:56:20.590Z - info: clicked on : Next email with following coordinates x=401 y=593
2018-02-27T10:56:20.591Z - info: Running click event : Click on Enter Password field with 5repets
2018-02-27T10:56:20.591Z - info: Looking for image on screen:Click on Enter Password field with 5 repeats 
2018-02-27T10:56:20.591Z - info: Running delay for : 2000
2018-02-27T10:56:22.594Z - info: Running delay for : 0
2018-02-27T10:56:23.348Z - info: Found image on screen: Click on Enter Password field
2018-02-27T10:56:23.498Z - info: clicked on : Click on Enter Password field with following coordinates x=269 y=464.5
2018-02-27T10:56:27.047Z - info: Running clear keyboard (click on x0y0
2018-02-27T10:56:27.187Z - info: Keyboard cleared
2018-02-27T10:56:27.188Z - info: Running click event : Next password with 5repets
2018-02-27T10:56:27.188Z - info: Looking for image on screen:Next password with 5 repeats 
2018-02-27T10:56:27.188Z - info: Running delay for : 100
2018-02-27T10:56:27.289Z - info: Running delay for : 0
2018-02-27T10:56:27.984Z - info: Found image on screen: Next password
2018-02-27T10:56:28.117Z - info: clicked on : Next password with following coordinates x=401 y=655
2018-02-27T10:56:28.117Z - info: Looking for image on screen:If 0 coins then looged in with 20 repeats 
2018-02-27T10:56:28.117Z - info: Running delay for : 1000
2018-02-27T10:56:29.118Z - info: Running delay for : 0
2018-02-27T10:56:30.416Z - info: Found image on screen: If 0 coins then looged in
2018-02-27T10:56:30.417Z - info: Running click event : coins button  with 5repets
2018-02-27T10:56:30.417Z - info: Looking for image on screen:coins button  with 5 repeats 
2018-02-27T10:56:30.417Z - info: Running delay for : 0
2018-02-27T10:56:30.418Z - info: Running delay for : 0
2018-02-27T10:56:32.007Z - info: Found image on screen: coins button 
2018-02-27T10:56:32.157Z - info: clicked on : coins button  with following coordinates x=485.5 y=27.5
2018-02-27T10:56:32.157Z - info: Running click event : My Account button  with 10repets
2018-02-27T10:56:32.157Z - info: Looking for image on screen:My Account button  with 10 repeats 
2018-02-27T10:56:32.157Z - info: Running delay for : 2000
2018-02-27T10:56:34.160Z - info: Running delay for : 0
2018-02-27T10:56:35.207Z - info: Found image on screen: My Account button 
2018-02-27T10:56:35.341Z - info: clicked on : My Account button  with following coordinates x=452.5 y=671
2018-02-27T10:56:35.341Z - info: Looking for image on screen:profile webview openned with 20 repeats 
2018-02-27T10:56:35.341Z - info: Running delay for : 1000
2018-02-27T10:56:36.343Z - info: Running delay for : 0
2018-02-27T10:56:37.206Z - info: Running delay for : 0
2018-02-27T10:56:38.632Z - info: Running delay for : 0
2018-02-27T10:56:39.940Z - info: Running delay for : 0
2018-02-27T10:56:41.145Z - info: Running delay for : 0
2018-02-27T10:56:42.441Z - info: Running delay for : 0
2018-02-27T10:56:43.520Z - info: Found image on screen: profile webview openned
2018-02-27T10:56:43.716Z - info: ERROR[MyERr]: TEST FINISHED WITH ERROR: Error: An unknown server-side error occurred while processing the command.
2018-02-27T10:56:43.734Z - info: Disconnected localhost:7401=> open STF 
2018-02-27T10:58:07.481Z - info: Appium on close  null
2018-02-27T10:58:07.498Z - info: You are not owner localhost:7401 => open STF 
2018-02-27T10:58:07.511Z - info: You are not owner localhost:7401 => open STF 
