2018-02-26T15:37:54.149Z - info: Test execution started
2018-02-26T15:37:54.150Z - info: Got following options to run{"testName":"Play London Shop","UDID":"cd21ccc5","port":4011,"systemPort":8211,"bpPort":6011,"desCaps":{"testName":"Play London Shop","testFileName":"PlayLondonShop","groupTest":false,"desiredCapabilities":{"platformName":"Android","deviceName":"Android","appPackage":"com.pointvoucher.playlondonpv","appActivity":"com.unity3d.player.UnityPlayerActivity","fullReset":false,"noReset":true,"newCommandTimeout":120000,"skipUnlock":true},"parameters":{}}}
2018-02-26T15:37:55.429Z - info: Trying to connect to openSTF with serial number cd21ccc5
2018-02-26T15:37:56.527Z - info: You are not owner undefined => open STF 
2018-02-27T13:04:28.763Z - info: Test execution started
2018-02-27T13:04:28.764Z - info: Got following options to run{"testName":"Go To Profile","UDID":"cd21ccc5","port":4011,"systemPort":8211,"bpPort":6011,"desCaps":{"testName":"Go To Profile","testFileName":"GoToProfile","groupTest":false,"desiredCapabilities":{"platformName":"Android","deviceName":"Android","appPackage":"com.pointvoucher.playlondonpv","appActivity":"com.unity3d.player.UnityPlayerActivity","fullReset":false,"noReset":true,"newCommandTimeout":120000,"skipUnlock":true},"parameters":{}}}
2018-02-27T13:04:28.819Z - info: Trying to connect to openSTF with serial number cd21ccc5
2018-02-27T13:04:28.874Z - info: executing command adb connect  localhost:7409
2018-02-27T13:04:28.880Z - info: /home/trixo/Downloads/appium-1.8.0-beta3/build/lib/main.js -p 4011 -bp6011  --log-timestamp --log /home/trixo/Code/javaRewrite/log4011.txt
2018-02-27T13:04:28.881Z - info: Trying to create appium Server on port: 4011
2018-02-27T13:04:31.007Z - info: Appium server created on port: 4011
2018-02-27T13:04:48.058Z - info: Play london profile test
2018-02-27T13:04:48.090Z - info: Looking for image on screen:If on screen then app Loaded,Logout state true with 20 repeats 
2018-02-27T13:04:48.090Z - info: Running delay for : 4000
2018-02-27T13:04:52.092Z - info: Running delay for : 2000
2018-02-27T13:04:54.916Z - info: Running delay for : 2000
2018-02-27T13:04:57.644Z - info: Running delay for : 2000
2018-02-27T13:05:00.269Z - info: Running delay for : 2000
2018-02-27T13:05:02.853Z - info: Running delay for : 2000
2018-02-27T13:05:05.513Z - info: Running delay for : 2000
2018-02-27T13:05:08.805Z - info: Found image on screen: If on screen then app Loaded,Logout state true
2018-02-27T13:05:08.805Z - info: Running click event : Click Login button with 5repets
2018-02-27T13:05:08.805Z - info: Looking for image on screen:Click Login button with 5 repeats 
2018-02-27T13:05:08.805Z - info: Running delay for : 2000
2018-02-27T13:05:10.808Z - info: Running delay for : 0
2018-02-27T13:05:11.959Z - info: Found image on screen: Click Login button
2018-02-27T13:05:12.149Z - info: clicked on : Click Login button with following coordinates x=484 y=27
2018-02-27T13:05:12.150Z - info: Running click event : Click Email Login button with 5repets
2018-02-27T13:05:12.150Z - info: Looking for image on screen:Click Email Login button with 5 repeats 
2018-02-27T13:05:12.150Z - info: Running delay for : 2000
2018-02-27T13:05:14.153Z - info: Running delay for : 0
2018-02-27T13:05:15.119Z - info: Found image on screen: Click Email Login button
2018-02-27T13:05:15.244Z - info: clicked on : Click Email Login button with following coordinates x=153.5 y=811
2018-02-27T13:05:15.244Z - info: Running click event : Click Yes age button with 5repets
2018-02-27T13:05:15.244Z - info: Looking for image on screen:Click Yes age button with 5 repeats 
2018-02-27T13:05:15.244Z - info: Running delay for : 2000
2018-02-27T13:05:17.246Z - info: Running delay for : 0
2018-02-27T13:05:18.069Z - info: Found image on screen: Click Yes age button
2018-02-27T13:05:18.215Z - info: clicked on : Click Yes age button with following coordinates x=273.5 y=585
2018-02-27T13:05:18.215Z - info: Running click event : Click on Enter Email field with 5repets
2018-02-27T13:05:18.215Z - info: Looking for image on screen:Click on Enter Email field with 5 repeats 
2018-02-27T13:05:18.216Z - info: Running delay for : 2000
2018-02-27T13:05:20.218Z - info: Running delay for : 0
2018-02-27T13:05:20.832Z - info: Found image on screen: Click on Enter Email field
2018-02-27T13:05:21.008Z - info: clicked on : Click on Enter Email field with following coordinates x=272.5 y=457
2018-02-27T13:05:25.592Z - info: Running clear keyboard (click on x0y0
2018-02-27T13:05:25.728Z - info: Keyboard cleared
2018-02-27T13:05:25.728Z - info: Running click event : Next email with 5repets
2018-02-27T13:05:25.728Z - info: Looking for image on screen:Next email with 5 repeats 
2018-02-27T13:05:25.728Z - info: Running delay for : 500
2018-02-27T13:05:26.230Z - info: Running delay for : 0
2018-02-27T13:05:26.878Z - info: Found image on screen: Next email
2018-02-27T13:05:27.003Z - info: clicked on : Next email with following coordinates x=401 y=593
2018-02-27T13:05:27.003Z - info: Running click event : Click on Enter Password field with 5repets
2018-02-27T13:05:27.003Z - info: Looking for image on screen:Click on Enter Password field with 5 repeats 
2018-02-27T13:05:27.003Z - info: Running delay for : 2000
2018-02-27T13:05:29.005Z - info: Running delay for : 0
2018-02-27T13:05:29.612Z - info: Found image on screen: Click on Enter Password field
2018-02-27T13:05:29.742Z - info: clicked on : Click on Enter Password field with following coordinates x=269 y=464.5
2018-02-27T13:05:33.631Z - info: Running clear keyboard (click on x0y0
2018-02-27T13:05:33.754Z - info: Keyboard cleared
2018-02-27T13:05:33.754Z - info: Running click event : Next password with 5repets
2018-02-27T13:05:33.754Z - info: Looking for image on screen:Next password with 5 repeats 
2018-02-27T13:05:33.754Z - info: Running delay for : 100
2018-02-27T13:05:33.855Z - info: Running delay for : 0
2018-02-27T13:05:34.476Z - info: Found image on screen: Next password
2018-02-27T13:05:34.621Z - info: clicked on : Next password with following coordinates x=401 y=655
2018-02-27T13:05:34.622Z - info: Looking for image on screen:If 0 coins then looged in with 20 repeats 
2018-02-27T13:05:34.622Z - info: Running delay for : 1000
2018-02-27T13:05:35.623Z - info: Running delay for : 0
2018-02-27T13:05:37.112Z - info: Found image on screen: If 0 coins then looged in
2018-02-27T13:05:37.113Z - info: Running click event : coins button  with 5repets
2018-02-27T13:05:37.113Z - info: Looking for image on screen:coins button  with 5 repeats 
2018-02-27T13:05:37.113Z - info: Running delay for : 0
2018-02-27T13:05:37.114Z - info: Running delay for : 0
2018-02-27T13:05:38.608Z - info: Found image on screen: coins button 
2018-02-27T13:05:38.758Z - info: clicked on : coins button  with following coordinates x=485.5 y=27.5
2018-02-27T13:05:38.759Z - info: Running click event : My Account button  with 10repets
2018-02-27T13:05:38.759Z - info: Looking for image on screen:My Account button  with 10 repeats 
2018-02-27T13:05:38.759Z - info: Running delay for : 2000
2018-02-27T13:05:40.762Z - info: Running delay for : 0
2018-02-27T13:05:42.079Z - info: Running delay for : 0
2018-02-27T13:05:43.318Z - info: Running delay for : 0
2018-02-27T13:05:44.579Z - info: Running delay for : 0
2018-02-27T13:05:45.851Z - info: Running delay for : 0
2018-02-27T13:05:47.180Z - info: Running delay for : 0
2018-02-27T13:05:48.509Z - info: Running delay for : 0
2018-02-27T13:05:49.785Z - info: Running delay for : 0
2018-02-27T13:05:51.065Z - info: Running delay for : 0
2018-02-27T13:05:52.392Z - info: Running delay for : 0
2018-02-27T13:05:53.706Z - info: Looking for image on screen #10
2018-02-27T13:05:53.707Z - info: ERROR[MyERr]: TEST FINISHED WITH ERROR: Object not found : My Account button 
2018-02-27T13:05:53.726Z - info: Disconnected localhost:7409=> open STF 
2018-02-27T13:20:13.636Z - info: Appium on close  null
