2018-02-27T13:15:04.622Z - info: Test execution started
2018-02-27T13:15:04.623Z - info: Got following options to run{"testName":"Go To Profile","UDID":"cd21ccc5","port":4013,"systemPort":8213,"bpPort":6013,"desCaps":{"testName":"Go To Profile","testFileName":"GoToProfile","groupTest":false,"desiredCapabilities":{"platformName":"Android","deviceName":"Android","appPackage":"com.pointvoucher.playlondonpv","appActivity":"com.unity3d.player.UnityPlayerActivity","fullReset":false,"noReset":true,"newCommandTimeout":120000,"skipUnlock":true},"parameters":{}}}
2018-02-27T13:15:04.678Z - info: Trying to connect to openSTF with serial number cd21ccc5
2018-02-27T13:15:04.724Z - info: executing command adb connect  localhost:7409
2018-02-27T13:15:04.730Z - info: /home/trixo/Downloads/appium-1.8.0-beta3/build/lib/main.js -p 4013 -bp6013  --log-timestamp --log /home/trixo/Code/javaRewrite/log4013.txt
2018-02-27T13:15:04.731Z - info: Trying to create appium Server on port: 4013
2018-02-27T13:15:07.033Z - info: Appium server created on port: 4013
2018-02-27T13:15:22.671Z - info: Play london profile test
2018-02-27T13:15:22.699Z - info: Looking for image on screen:If on screen then app Loaded,Logout state true with 20 repeats 
2018-02-27T13:15:22.699Z - info: Running delay for : 4000
2018-02-27T13:15:26.704Z - info: Running delay for : 2000
2018-02-27T13:15:29.482Z - info: Running delay for : 2000
2018-02-27T13:15:32.085Z - info: Running delay for : 2000
2018-02-27T13:15:34.704Z - info: Running delay for : 2000
2018-02-27T13:15:37.348Z - info: Running delay for : 2000
2018-02-27T13:15:40.336Z - info: Running delay for : 2000
2018-02-27T13:15:43.280Z - info: Running delay for : 2000
2018-02-27T13:15:46.236Z - info: Running delay for : 2000
2018-02-27T13:15:49.575Z - info: Running delay for : 2000
2018-02-27T13:15:52.434Z - info: Running delay for : 2000
2018-02-27T13:15:55.705Z - info: Running delay for : 2000
2018-02-27T13:15:59.820Z - info: Found image on screen: If on screen then app Loaded,Logout state true
2018-02-27T13:15:59.821Z - info: Running click event : Click Login button with 5repets
2018-02-27T13:15:59.821Z - info: Looking for image on screen:Click Login button with 5 repeats 
2018-02-27T13:15:59.821Z - info: Running delay for : 2000
2018-02-27T13:16:01.823Z - info: Running delay for : 0
2018-02-27T13:16:03.982Z - info: Found image on screen: Click Login button
2018-02-27T13:16:04.145Z - info: clicked on : Click Login button with following coordinates x=478 y=29
2018-02-27T13:16:04.145Z - info: Running click event : Click Email Login button with 5repets
2018-02-27T13:16:04.145Z - info: Looking for image on screen:Click Email Login button with 5 repeats 
2018-02-27T13:16:04.145Z - info: Running delay for : 2000
2018-02-27T13:16:06.147Z - info: Running delay for : 0
2018-02-27T13:16:07.088Z - info: Found image on screen: Click Email Login button
2018-02-27T13:16:07.221Z - info: clicked on : Click Email Login button with following coordinates x=153.5 y=811
2018-02-27T13:16:07.221Z - info: Running click event : Click Yes age button with 5repets
2018-02-27T13:16:07.221Z - info: Looking for image on screen:Click Yes age button with 5 repeats 
2018-02-27T13:16:07.221Z - info: Running delay for : 2000
2018-02-27T13:16:09.224Z - info: Running delay for : 0
2018-02-27T13:16:09.981Z - info: Found image on screen: Click Yes age button
2018-02-27T13:16:10.103Z - info: clicked on : Click Yes age button with following coordinates x=273.5 y=585
2018-02-27T13:16:10.103Z - info: Running click event : Click on Enter Email field with 5repets
2018-02-27T13:16:10.103Z - info: Looking for image on screen:Click on Enter Email field with 5 repeats 
2018-02-27T13:16:10.103Z - info: Running delay for : 2000
2018-02-27T13:16:12.106Z - info: Running delay for : 0
2018-02-27T13:16:12.764Z - info: Found image on screen: Click on Enter Email field
2018-02-27T13:16:13.009Z - info: clicked on : Click on Enter Email field with following coordinates x=272.5 y=457
2018-02-27T13:16:17.498Z - info: Running clear keyboard (click on x0y0
2018-02-27T13:16:17.631Z - info: Keyboard cleared
2018-02-27T13:16:17.631Z - info: Running click event : Next email with 5repets
2018-02-27T13:16:17.631Z - info: Looking for image on screen:Next email with 5 repeats 
2018-02-27T13:16:17.632Z - info: Running delay for : 500
2018-02-27T13:16:18.133Z - info: Running delay for : 0
2018-02-27T13:16:19.043Z - info: Found image on screen: Next email
2018-02-27T13:16:19.180Z - info: clicked on : Next email with following coordinates x=401 y=593
2018-02-27T13:16:19.180Z - info: Running click event : Click on Enter Password field with 5repets
2018-02-27T13:16:19.180Z - info: Looking for image on screen:Click on Enter Password field with 5 repeats 
2018-02-27T13:16:19.180Z - info: Running delay for : 2000
2018-02-27T13:16:21.182Z - info: Running delay for : 0
2018-02-27T13:16:21.947Z - info: Found image on screen: Click on Enter Password field
2018-02-27T13:16:22.127Z - info: clicked on : Click on Enter Password field with following coordinates x=269 y=464.5
2018-02-27T13:16:26.411Z - info: Running clear keyboard (click on x0y0
2018-02-27T13:16:26.548Z - info: Keyboard cleared
2018-02-27T13:16:26.549Z - info: Running click event : Next password with 5repets
2018-02-27T13:16:26.549Z - info: Looking for image on screen:Next password with 5 repeats 
2018-02-27T13:16:26.549Z - info: Running delay for : 100
2018-02-27T13:16:26.649Z - info: Running delay for : 0
2018-02-27T13:16:27.474Z - info: Found image on screen: Next password
2018-02-27T13:16:27.612Z - info: clicked on : Next password with following coordinates x=401 y=655
2018-02-27T13:16:27.614Z - info: Looking for image on screen:If 0 coins then looged in with 20 repeats 
2018-02-27T13:16:27.614Z - info: Running delay for : 1000
2018-02-27T13:16:28.615Z - info: Running delay for : 0
2018-02-27T13:16:31.694Z - info: Found image on screen: If 0 coins then looged in
2018-02-27T13:16:31.695Z - info: Running click event : coins button  with 5repets
2018-02-27T13:16:31.695Z - info: Looking for image on screen:coins button  with 5 repeats 
2018-02-27T13:16:31.695Z - info: Running delay for : 0
2018-02-27T13:16:31.696Z - info: Running delay for : 0
2018-02-27T13:16:34.351Z - info: Found image on screen: coins button 
2018-02-27T13:16:34.482Z - info: clicked on : coins button  with following coordinates x=479.5 y=30.5
2018-02-27T13:16:34.482Z - info: Running click event : My Account button  with 10repets
2018-02-27T13:16:34.483Z - info: Looking for image on screen:My Account button  with 10 repeats 
2018-02-27T13:16:34.483Z - info: Running delay for : 2000
2018-02-27T13:16:36.484Z - info: Running delay for : 0
2018-02-27T13:16:37.620Z - info: Found image on screen: My Account button 
2018-02-27T13:16:37.755Z - info: clicked on : My Account button  with following coordinates x=452.5 y=671
2018-02-27T13:16:37.755Z - info: Looking for image on screen:profile webview openned with 20 repeats 
2018-02-27T13:16:37.755Z - info: Running delay for : 1000
2018-02-27T13:16:38.756Z - info: Running delay for : 0
2018-02-27T13:16:39.753Z - info: Running delay for : 0
2018-02-27T13:16:40.600Z - info: Running delay for : 0
2018-02-27T13:16:41.935Z - info: Running delay for : 0
2018-02-27T13:16:43.321Z - info: Running delay for : 0
2018-02-27T13:16:44.451Z - info: Running delay for : 0
2018-02-27T13:16:45.767Z - info: Running delay for : 0
2018-02-27T13:16:47.289Z - info: Found image on screen: profile webview openned
2018-02-27T13:16:47.289Z - info: ERROR[MyERr]: TEST FINISHED WITH ERROR: Error: Repeat
2018-02-27T13:16:47.309Z - info: Disconnected localhost:7409=> open STF 
2018-02-27T13:20:13.627Z - info: Appium on close  null
