2018-03-05T13:27:25.453Z - info: Test execution started
2018-03-05T13:27:25.454Z - info: Got following options to run{"testName":"Play London Shop","UDID":"cd21ccc5","port":4004,"systemPort":8204,"bpPort":6004,"desCaps":{"testName":"Play London Shop","testFileName":"PlayLondonShop","groupTest":false,"desiredCapabilities":{"platformName":"Android","deviceName":"Android","appPackage":"com.pointvoucher.playlondonpv","appActivity":"com.unity3d.player.UnityPlayerActivity","fullReset":false,"noReset":true,"newCommandTimeout":120000,"skipUnlock":true},"parameters":{}}}
2018-03-05T13:27:25.564Z - info: Trying to connect to openSTF with serial number cd21ccc5
2018-03-05T13:27:25.614Z - info: executing command adb connect  localhost:7413
2018-03-05T13:27:25.620Z - info: /home/trixo/Downloads/appium-1.8.0-beta3/build/lib/main.js -p 4004 -bp6004  --log-timestamp --log /home/trixo/Code/javaRewrite/log4004.txt
2018-03-05T13:27:25.621Z - info: Trying to create appium Server on port: 4004
2018-03-05T13:27:27.810Z - info: Appium server created on port: 4004
2018-03-05T13:27:51.733Z - info: Play london shop test
2018-03-05T13:27:51.768Z - info: Looking for image on screen:If on screen then app Loaded,Logout state true with 20 repeats 
2018-03-05T13:27:51.768Z - info: Running delay for : 4000
2018-03-05T13:27:55.773Z - info: Running delay for : 2000
2018-03-05T13:28:00.413Z - info: Running delay for : 2000
2018-03-05T13:28:03.637Z - info: Running delay for : 2000
2018-03-05T13:28:06.817Z - info: Running delay for : 2000
2018-03-05T13:28:09.968Z - info: Running delay for : 2000
2018-03-05T13:28:12.941Z - info: Running delay for : 2000
2018-03-05T13:28:16.087Z - info: Running delay for : 2000
2018-03-05T13:28:19.116Z - info: Running delay for : 2000
2018-03-05T13:28:22.031Z - info: Running delay for : 2000
2018-03-05T13:28:25.556Z - info: Found image on screen: If on screen then app Loaded,Logout state true
2018-03-05T13:28:25.557Z - info: Running click event : Click Login button with 5repets
2018-03-05T13:28:25.557Z - info: Looking for image on screen:Click Login button with 5 repeats 
2018-03-05T13:28:25.557Z - info: Running delay for : 2000
2018-03-05T13:28:27.559Z - info: Running delay for : 0
2018-03-05T13:28:29.465Z - info: Found image on screen: Click Login button
2018-03-05T13:28:29.783Z - info: clicked on : Click Login button with following coordinates x=483 y=27.5
2018-03-05T13:28:29.783Z - info: Running click event : Click Email Login button with 5repets
2018-03-05T13:28:29.783Z - info: Looking for image on screen:Click Email Login button with 5 repeats 
2018-03-05T13:28:29.783Z - info: Running delay for : 2000
2018-03-05T13:28:31.785Z - info: Running delay for : 0
2018-03-05T13:28:33.150Z - info: Found image on screen: Click Email Login button
2018-03-05T13:28:33.284Z - info: clicked on : Click Email Login button with following coordinates x=155 y=812
2018-03-05T13:28:33.284Z - info: Running click event : Click Yes age button with 5repets
2018-03-05T13:28:33.285Z - info: Looking for image on screen:Click Yes age button with 5 repeats 
2018-03-05T13:28:33.285Z - info: Running delay for : 2000
2018-03-05T13:28:35.287Z - info: Running delay for : 0
2018-03-05T13:28:37.091Z - info: Running delay for : 0
2018-03-05T13:28:38.290Z - info: Found image on screen: Click Yes age button
2018-03-05T13:28:38.421Z - info: clicked on : Click Yes age button with following coordinates x=271 y=585
2018-03-05T13:28:38.421Z - info: Running click event : Click on Enter Email field with 5repets
2018-03-05T13:28:38.421Z - info: Looking for image on screen:Click on Enter Email field with 5 repeats 
2018-03-05T13:28:38.421Z - info: Running delay for : 2000
2018-03-05T13:28:40.423Z - info: Running delay for : 0
2018-03-05T13:28:41.297Z - info: Found image on screen: Click on Enter Email field
2018-03-05T13:28:41.695Z - info: clicked on : Click on Enter Email field with following coordinates x=272 y=456.5
2018-03-05T13:28:48.083Z - info: Running clear keyboard (click on x0y0
2018-03-05T13:28:48.311Z - info: Keyboard cleared
2018-03-05T13:28:48.311Z - info: Running click event : Next email with 5repets
2018-03-05T13:28:48.311Z - info: Looking for image on screen:Next email with 5 repeats 
2018-03-05T13:28:48.311Z - info: Running delay for : 500
2018-03-05T13:28:48.813Z - info: Running delay for : 0
2018-03-05T13:28:49.748Z - info: Found image on screen: Next email
2018-03-05T13:28:49.885Z - info: clicked on : Next email with following coordinates x=401 y=597.5
2018-03-05T13:28:49.885Z - info: Running click event : Click on Enter Password field with 5repets
2018-03-05T13:28:49.886Z - info: Looking for image on screen:Click on Enter Password field with 5 repeats 
2018-03-05T13:28:49.886Z - info: Running delay for : 2000
2018-03-05T13:28:51.888Z - info: Running delay for : 0
2018-03-05T13:28:52.913Z - info: Found image on screen: Click on Enter Password field
2018-03-05T13:28:53.118Z - info: clicked on : Click on Enter Password field with following coordinates x=270 y=462
2018-03-05T13:28:58.123Z - info: Running clear keyboard (click on x0y0
2018-03-05T13:28:58.280Z - info: Keyboard cleared
2018-03-05T13:28:58.280Z - info: Running click event : Next password with 5repets
2018-03-05T13:28:58.280Z - info: Looking for image on screen:Next password with 5 repeats 
2018-03-05T13:28:58.280Z - info: Running delay for : 100
2018-03-05T13:28:58.381Z - info: Running delay for : 0
2018-03-05T13:28:59.436Z - info: Found image on screen: Next password
2018-03-05T13:28:59.578Z - info: clicked on : Next password with following coordinates x=399 y=657.5
2018-03-05T13:28:59.578Z - info: Looking for image on screen:If 0 coins then looged in with 20 repeats 
2018-03-05T13:28:59.578Z - info: Running delay for : 1000
2018-03-05T13:29:00.579Z - info: Running delay for : 0
2018-03-05T13:29:01.606Z - info: Running delay for : 0
2018-03-05T13:29:03.670Z - info: Found image on screen: If 0 coins then looged in
2018-03-05T13:29:03.670Z - info: Running click event : back arrow button  with 5repets
2018-03-05T13:29:03.670Z - info: Looking for image on screen:back arrow button  with 5 repeats 
2018-03-05T13:29:03.670Z - info: Running delay for : 500
2018-03-05T13:29:04.171Z - info: Running delay for : 0
2018-03-05T13:29:06.592Z - info: Found image on screen: back arrow button 
2018-03-05T13:29:06.753Z - info: clicked on : back arrow button  with following coordinates x=64 y=35
2018-03-05T13:29:06.753Z - info: Running click event : Voucher shop button  with 10repets
2018-03-05T13:29:06.753Z - info: Looking for image on screen:Voucher shop button  with 10 repeats 
2018-03-05T13:29:06.753Z - info: Running delay for : 5000
2018-03-05T13:29:11.754Z - info: Running delay for : 0
2018-03-05T13:29:14.418Z - info: Running delay for : 0
2018-03-05T13:29:16.739Z - info: Running delay for : 0
2018-03-05T13:29:18.557Z - info: Running delay for : 0
2018-03-05T13:29:20.275Z - info: Running delay for : 0
2018-03-05T13:29:23.667Z - info: Found image on screen: Voucher shop button 
2018-03-05T13:29:23.807Z - info: clicked on : Voucher shop button  with following coordinates x=193 y=912
2018-03-05T13:29:23.808Z - info: Looking for image on screen:Voucher shop openned with 20 repeats 
2018-03-05T13:29:23.808Z - info: Running delay for : 1000
2018-03-05T13:29:24.810Z - info: Running delay for : 0
2018-03-05T13:29:25.820Z - info: Running delay for : 0
2018-03-05T13:29:26.855Z - info: Running delay for : 0
2018-03-05T13:29:28.104Z - info: Running delay for : 0
2018-03-05T13:29:29.328Z - info: Running delay for : 0
2018-03-05T13:29:32.043Z - info: Found image on screen: Voucher shop openned
2018-03-05T13:29:32.043Z - info: Running click event : close voucher shop with 5repets
2018-03-05T13:29:32.043Z - info: Looking for image on screen:close voucher shop with 5 repeats 
2018-03-05T13:29:32.043Z - info: Running delay for : 500
2018-03-05T13:29:32.543Z - info: Running delay for : 0
2018-03-05T13:29:34.587Z - info: Found image on screen: close voucher shop
2018-03-05T13:29:34.834Z - info: clicked on : close voucher shop with following coordinates x=509 y=31.5
2018-03-05T13:29:34.834Z - info: Looking for image on screen:check if we are in hub with 20 repeats 
2018-03-05T13:29:34.835Z - info: Running delay for : 1000
2018-03-05T13:29:35.836Z - info: Running delay for : 0
2018-03-05T13:29:39.102Z - info: Found image on screen: check if we are in hub
2018-03-05T13:29:39.102Z - info: Running click event :  on coins with 5repets
2018-03-05T13:29:39.102Z - info: Looking for image on screen: on coins with 5 repeats 
2018-03-05T13:29:39.102Z - info: Running delay for : 500
2018-03-05T13:29:39.604Z - info: Running delay for : 0
2018-03-05T13:29:42.927Z - info: Found image on screen:  on coins
2018-03-05T13:29:43.060Z - info: clicked on :  on coins with following coordinates x=488 y=30
2018-03-05T13:29:43.061Z - info: Running click event : LEts go button with 5repets
2018-03-05T13:29:43.061Z - info: Looking for image on screen:LEts go button with 5 repeats 
2018-03-05T13:29:43.061Z - info: Running delay for : 500
2018-03-05T13:29:43.562Z - info: Running delay for : 0
2018-03-05T13:29:44.878Z - info: Found image on screen: LEts go button
2018-03-05T13:29:45.015Z - info: clicked on : LEts go button with following coordinates x=453 y=508.5
2018-03-05T13:29:45.016Z - info: Looking for image on screen:voucher shop openned with 20 repeats 
2018-03-05T13:29:45.016Z - info: Running delay for : 1000
2018-03-05T13:29:46.017Z - info: Running delay for : 0
2018-03-05T13:29:46.865Z - info: Running delay for : 0
2018-03-05T13:29:47.813Z - info: Running delay for : 0
2018-03-05T13:29:48.975Z - info: Running delay for : 0
2018-03-05T13:29:50.554Z - info: Found image on screen: voucher shop openned
2018-03-05T13:29:50.554Z - info: Running click event : close voucher shop  with 5repets
2018-03-05T13:29:50.555Z - info: Looking for image on screen:close voucher shop  with 5 repeats 
2018-03-05T13:29:50.555Z - info: Running delay for : 500
2018-03-05T13:29:51.055Z - info: Running delay for : 0
2018-03-05T13:29:53.699Z - info: Found image on screen: close voucher shop 
2018-03-05T13:29:53.969Z - info: clicked on : close voucher shop  with following coordinates x=509 y=31.5
2018-03-05T13:29:53.969Z - info: Looking for image on screen:are we in your vouchers with 20 repeats 
2018-03-05T13:29:53.970Z - info: Running delay for : 1000
2018-03-05T13:29:54.971Z - info: Running delay for : 0
2018-03-05T13:29:56.267Z - info: Found image on screen: are we in your vouchers
2018-03-05T13:29:56.267Z - info: Running click event :  x Button   with 5repets
2018-03-05T13:29:56.267Z - info: Looking for image on screen: x Button   with 5 repeats 
2018-03-05T13:29:56.267Z - info: Running delay for : 5000
2018-03-05T13:30:01.268Z - info: Running delay for : 0
2018-03-05T13:30:02.600Z - info: Found image on screen:  x Button  
2018-03-05T13:30:02.734Z - info: clicked on :  x Button   with following coordinates x=519 y=77
2018-03-05T13:30:02.734Z - info: Running click event : Settings Button  with 5repets
2018-03-05T13:30:02.734Z - info: Looking for image on screen:Settings Button  with 5 repeats 
2018-03-05T13:30:02.734Z - info: Running delay for : 500
2018-03-05T13:30:03.236Z - info: Running delay for : 0
2018-03-05T13:30:05.916Z - info: Found image on screen: Settings Button 
2018-03-05T13:30:06.050Z - info: clicked on : Settings Button  with following coordinates x=56.5 y=903.5
2018-03-05T13:30:06.050Z - info: Running click event : Logout Button  with 5repets
2018-03-05T13:30:06.050Z - info: Looking for image on screen:Logout Button  with 5 repeats 
2018-03-05T13:30:06.050Z - info: Running delay for : 500
2018-03-05T13:30:06.551Z - info: Running delay for : 0
2018-03-05T13:30:07.523Z - info: Found image on screen: Logout Button 
2018-03-05T13:30:07.655Z - info: clicked on : Logout Button  with following coordinates x=437 y=210
2018-03-05T13:30:07.655Z - info: Running click event : Big Ok Logout button  with 5repets
2018-03-05T13:30:07.655Z - info: Looking for image on screen:Big Ok Logout button  with 5 repeats 
2018-03-05T13:30:07.655Z - info: Running delay for : 500
2018-03-05T13:30:08.155Z - info: Running delay for : 0
2018-03-05T13:30:10.349Z - info: Running delay for : 0
2018-03-05T13:30:11.968Z - info: Found image on screen: Big Ok Logout button 
2018-03-05T13:30:12.099Z - info: clicked on : Big Ok Logout button  with following coordinates x=269.5 y=638
2018-03-05T13:30:12.100Z - info: Running click event :  x Button   with 10repets
2018-03-05T13:30:12.100Z - info: Looking for image on screen: x Button   with 10 repeats 
2018-03-05T13:30:12.100Z - info: Running delay for : 2000
2018-03-05T13:30:14.102Z - info: Running delay for : 0
2018-03-05T13:30:15.162Z - info: Found image on screen:  x Button  
2018-03-05T13:30:15.299Z - info: clicked on :  x Button   with following coordinates x=514 y=46
2018-03-05T13:30:15.300Z - info: Looking for image on screen:Logout status correct with 20 repeats 
2018-03-05T13:30:15.300Z - info: Running delay for : 6000
2018-03-05T13:30:21.303Z - info: Running delay for : 2000
2018-03-05T13:30:27.039Z - info: Found image on screen: Logout status correct
2018-03-05T13:30:27.039Z - info: Test:Play London Shop[FINISHED]
2018-03-05T13:30:27.058Z - info: Disconnected localhost:7413=> open STF 
2018-03-05T13:57:24.659Z - info: Appium on close  null
2018-03-05T13:57:24.675Z - info: You are not owner of localhost:7413 => open STF 
2018-03-05T13:57:24.676Z - info: You are not owner of localhost:7413 => open STF 
2018-03-05T14:49:07.736Z - info: Test execution started
2018-03-05T14:49:07.737Z - info: Got following options to run{"testName":"Play London Shop","UDID":"cd21ccc5","port":4004,"systemPort":8204,"bpPort":6004,"desCaps":{"testName":"Play London Shop","testFileName":"PlayLondonShop","groupTest":false,"desiredCapabilities":{"platformName":"Android","deviceName":"Android","appPackage":"com.pointvoucher.playlondonpv","appActivity":"com.unity3d.player.UnityPlayerActivity","fullReset":false,"noReset":true,"newCommandTimeout":120000,"skipUnlock":true},"parameters":{}}}
2018-03-05T14:49:07.851Z - info: Trying to connect to openSTF with serial number cd21ccc5
2018-03-05T14:49:07.898Z - info: executing command adb connect  localhost:7437
2018-03-05T14:49:07.904Z - info: /home/trixo/Downloads/appium-1.8.0-beta3/build/lib/main.js -p 4004 -bp6004  --log-timestamp --log /home/trixo/Code/javaRewrite/log4004.txt
2018-03-05T14:49:07.904Z - info: Trying to create appium Server on port: 4004
2018-03-05T14:49:10.104Z - info: Appium server created on port: 4004
2018-03-05T14:49:29.815Z - info: Play london shop test
2018-03-05T14:49:29.841Z - info: Looking for image on screen:If on screen then app Loaded,Logout state true with 20 repeats 
2018-03-05T14:49:29.842Z - info: Running delay for : 4000
2018-03-05T14:49:33.847Z - info: Running delay for : 2000
2018-03-05T14:49:37.125Z - info: Running delay for : 2000
2018-03-05T14:49:40.103Z - info: Running delay for : 2000
2018-03-05T14:49:43.087Z - info: Running delay for : 2000
2018-03-05T14:49:45.858Z - info: Running delay for : 2000
2018-03-05T14:49:49.202Z - info: Running delay for : 2000
2018-03-05T14:49:52.257Z - info: Running delay for : 2000
2018-03-05T14:49:55.001Z - info: Running delay for : 2000
2018-03-05T14:49:58.353Z - info: Found image on screen: If on screen then app Loaded,Logout state true
2018-03-05T14:49:58.353Z - info: Running click event : Click Login button with 5repets
2018-03-05T14:49:58.353Z - info: Looking for image on screen:Click Login button with 5 repeats 
2018-03-05T14:49:58.353Z - info: Running delay for : 2000
2018-03-05T14:50:00.355Z - info: Running delay for : 0
2018-03-05T14:50:01.711Z - info: Found image on screen: Click Login button
2018-03-05T14:50:01.877Z - info: clicked on : Click Login button with following coordinates x=483 y=27.5
2018-03-05T14:50:01.878Z - info: Running click event : Click Email Login button with 5repets
2018-03-05T14:50:01.878Z - info: Looking for image on screen:Click Email Login button with 5 repeats 
2018-03-05T14:50:01.878Z - info: Running delay for : 2000
2018-03-05T14:50:03.881Z - info: Running delay for : 0
2018-03-05T14:50:05.105Z - info: Running delay for : 0
2018-03-05T14:50:06.411Z - info: Running delay for : 0
2018-03-05T14:50:07.605Z - info: Running delay for : 0
2018-03-05T14:50:08.750Z - info: Running delay for : 0
2018-03-05T14:50:09.888Z - info: Looking for image on screen #5
2018-03-05T14:50:09.889Z - info: ERROR[MyERr]: TEST FINISHED WITH ERROR: Object not found : Click Email Login button
2018-03-05T14:50:09.909Z - info: Disconnected localhost:7437=> open STF 
2018-03-05T14:50:18.433Z - info: Appium on close  null
2018-03-05T14:56:09.325Z - info: Test execution started
2018-03-05T14:56:09.325Z - info: Got following options to run{"testName":"Play London Shop","UDID":"cd21ccc5","port":4004,"systemPort":8204,"bpPort":6004,"desCaps":{"testName":"Play London Shop","testFileName":"PlayLondonShop","groupTest":false,"desiredCapabilities":{"platformName":"Android","deviceName":"Android","appPackage":"com.pointvoucher.playlondonpv","appActivity":"com.unity3d.player.UnityPlayerActivity","fullReset":false,"noReset":true,"newCommandTimeout":120000,"skipUnlock":true},"parameters":{}}}
2018-03-05T14:56:09.438Z - info: Trying to connect to openSTF with serial number cd21ccc5
2018-03-05T14:56:09.483Z - info: executing command adb connect  localhost:7437
2018-03-05T14:56:09.490Z - info: /home/trixo/Downloads/appium-1.8.0-beta3/build/lib/main.js -p 4004 -bp6004  --log-timestamp --log /home/trixo/Code/javaRewrite/log4004.txt
2018-03-05T14:56:09.490Z - info: Trying to create appium Server on port: 4004
2018-03-05T14:56:11.834Z - info: Appium server created on port: 4004
2018-03-05T14:56:29.626Z - info: Play london shop test
2018-03-05T14:56:29.666Z - info: Looking for image on screen:If on screen then app Loaded,Logout state true with 20 repeats 
2018-03-05T14:56:29.667Z - info: Running delay for : 4000
2018-03-05T14:56:33.673Z - info: Running delay for : 2000
2018-03-05T14:56:36.361Z - info: Running delay for : 2000
2018-03-05T14:56:39.009Z - info: Running delay for : 2000
2018-03-05T14:56:41.908Z - info: Running delay for : 2000
2018-03-05T14:56:44.843Z - info: Running delay for : 2000
2018-03-05T14:56:47.699Z - info: Running delay for : 2000
2018-03-05T14:56:50.691Z - info: Found image on screen: If on screen then app Loaded,Logout state true
2018-03-05T14:56:50.691Z - info: Running click event : Click Login button with 5repets
2018-03-05T14:56:50.691Z - info: Looking for image on screen:Click Login button with 5 repeats 
2018-03-05T14:56:50.691Z - info: Running delay for : 2000
2018-03-05T14:56:52.694Z - info: Running delay for : 0
2018-03-05T14:56:53.852Z - info: Found image on screen: Click Login button
2018-03-05T14:56:54.021Z - info: clicked on : Click Login button with following coordinates x=483 y=27.5
2018-03-05T14:56:54.021Z - info: Running click event : Click Email Login button with 5repets
2018-03-05T14:56:54.021Z - info: Looking for image on screen:Click Email Login button with 5 repeats 
2018-03-05T14:56:54.021Z - info: Running delay for : 2000
2018-03-05T14:56:56.024Z - info: Running delay for : 0
2018-03-05T14:56:57.161Z - info: Running delay for : 0
2018-03-05T14:56:58.363Z - info: Running delay for : 0
2018-03-05T14:56:59.634Z - info: Running delay for : 0
2018-03-05T14:57:00.920Z - info: Running delay for : 0
2018-03-05T14:57:02.096Z - info: Looking for image on screen #5
2018-03-05T14:57:02.096Z - info: ERROR[MyERr]: TEST FINISHED WITH ERROR: Object not found : Click Email Login button
2018-03-05T14:57:02.117Z - info: Disconnected localhost:7437=> open STF 
2018-03-05T14:57:14.180Z - info: Appium on close  null
2018-03-05T14:57:14.218Z - info: Disconnected localhost:7437=> open STF 
2018-03-05T14:57:14.219Z - info: Disconnected localhost:7437=> open STF 
2018-03-05T15:07:52.566Z - info: Test execution started
2018-03-05T15:07:52.567Z - info: Got following options to run{"testName":"Play London Shop","UDID":"cd21ccc5","port":4004,"systemPort":8204,"bpPort":6004,"desCaps":{"testName":"Play London Shop","testFileName":"PlayLondonShop","groupTest":false,"desiredCapabilities":{"platformName":"Android","deviceName":"Android","appPackage":"com.pointvoucher.playlondonpv","appActivity":"com.unity3d.player.UnityPlayerActivity","fullReset":false,"noReset":true,"newCommandTimeout":120000,"skipUnlock":true},"parameters":{}}}
2018-03-05T15:07:52.696Z - info: Trying to connect to openSTF with serial number cd21ccc5
2018-03-05T15:07:52.750Z - info: executing command adb connect  localhost:7437
2018-03-05T15:07:52.757Z - info: /home/trixo/Downloads/appium-1.8.0-beta3/build/lib/main.js -p 4004 -bp6004  --log-timestamp --log /home/trixo/Code/javaRewrite/log4004.txt
2018-03-05T15:07:52.758Z - info: Trying to create appium Server on port: 4004
2018-03-05T15:07:55.063Z - info: Appium server created on port: 4004
2018-03-05T15:08:23.116Z - info: Play london shop test
2018-03-05T15:08:23.174Z - info: Looking for image on screen:If on screen then app Loaded,Logout state true with 20 repeats 
2018-03-05T15:08:23.174Z - info: Running delay for : 4000
2018-03-05T15:08:27.180Z - info: Running delay for : 2000
2018-03-05T15:08:32.020Z - info: Running delay for : 2000
2018-03-05T15:08:35.104Z - info: Running delay for : 2000
2018-03-05T15:08:38.166Z - info: Running delay for : 2000
2018-03-05T15:08:41.495Z - info: Running delay for : 2000
2018-03-05T15:08:44.815Z - info: Running delay for : 2000
2018-03-05T15:08:47.800Z - info: Running delay for : 2000
2018-03-05T15:08:51.546Z - info: Running delay for : 2000
2018-03-05T15:08:55.003Z - info: Running delay for : 2000
2018-03-05T15:08:58.458Z - info: Running delay for : 2000
2018-03-05T15:09:01.661Z - info: Running delay for : 2000
2018-03-05T15:09:06.138Z - info: Found image on screen: If on screen then app Loaded,Logout state true
2018-03-05T15:09:06.139Z - info: Running click event : Click Login button with 5repets
2018-03-05T15:09:06.139Z - info: Looking for image on screen:Click Login button with 5 repeats 
2018-03-05T15:09:06.139Z - info: Running delay for : 2000
2018-03-05T15:09:08.141Z - info: Running delay for : 0
2018-03-05T15:09:10.444Z - info: Found image on screen: Click Login button
2018-03-05T15:09:10.768Z - info: clicked on : Click Login button with following coordinates x=483 y=27.5
2018-03-05T15:09:10.768Z - info: Running click event : Click Email Login button with 5repets
2018-03-05T15:09:10.768Z - info: Looking for image on screen:Click Email Login button with 5 repeats 
2018-03-05T15:09:10.768Z - info: Running delay for : 2000
2018-03-05T15:09:12.770Z - info: Running delay for : 0
2018-03-05T15:09:15.184Z - info: Found image on screen: Click Email Login button
2018-03-05T15:09:15.320Z - info: clicked on : Click Email Login button with following coordinates x=154 y=812
2018-03-05T15:09:15.320Z - info: Running click event : Click Yes age button with 5repets
2018-03-05T15:09:15.320Z - info: Looking for image on screen:Click Yes age button with 5 repeats 
2018-03-05T15:09:15.320Z - info: Running delay for : 2000
2018-03-05T15:09:17.323Z - info: Running delay for : 0
2018-03-05T15:09:18.658Z - info: Found image on screen: Click Yes age button
2018-03-05T15:09:18.822Z - info: clicked on : Click Yes age button with following coordinates x=271 y=585
2018-03-05T15:09:18.822Z - info: Running click event : Click on Enter Email field with 5repets
2018-03-05T15:09:18.822Z - info: Looking for image on screen:Click on Enter Email field with 5 repeats 
2018-03-05T15:09:18.823Z - info: Running delay for : 2000
2018-03-05T15:09:20.824Z - info: Running delay for : 0
2018-03-05T15:09:22.155Z - info: Found image on screen: Click on Enter Email field
2018-03-05T15:09:22.506Z - info: clicked on : Click on Enter Email field with following coordinates x=272 y=456.5
2018-03-05T15:09:29.202Z - info: Running clear keyboard (click on x0y0
2018-03-05T15:09:29.357Z - info: Keyboard cleared
2018-03-05T15:09:29.357Z - info: Running click event : Next email with 5repets
2018-03-05T15:09:29.357Z - info: Looking for image on screen:Next email with 5 repeats 
2018-03-05T15:09:29.358Z - info: Running delay for : 500
2018-03-05T15:09:29.859Z - info: Running delay for : 0
2018-03-05T15:09:31.338Z - info: Found image on screen: Next email
2018-03-05T15:09:31.494Z - info: clicked on : Next email with following coordinates x=401 y=598.5
2018-03-05T15:09:31.495Z - info: Running click event : Click on Enter Password field with 5repets
2018-03-05T15:09:31.495Z - info: Looking for image on screen:Click on Enter Password field with 5 repeats 
2018-03-05T15:09:31.495Z - info: Running delay for : 2000
2018-03-05T15:09:33.497Z - info: Running delay for : 0
2018-03-05T15:09:34.693Z - info: Found image on screen: Click on Enter Password field
2018-03-05T15:09:34.885Z - info: clicked on : Click on Enter Password field with following coordinates x=270 y=462
2018-03-05T15:09:40.343Z - info: Running clear keyboard (click on x0y0
2018-03-05T15:09:40.506Z - info: Keyboard cleared
2018-03-05T15:09:40.507Z - info: Running click event : Next password with 5repets
2018-03-05T15:09:40.507Z - info: Looking for image on screen:Next password with 5 repeats 
2018-03-05T15:09:40.507Z - info: Running delay for : 100
2018-03-05T15:09:40.608Z - info: Running delay for : 0
2018-03-05T15:09:41.874Z - info: Found image on screen: Next password
2018-03-05T15:09:42.019Z - info: clicked on : Next password with following coordinates x=399 y=657.5
2018-03-05T15:09:42.020Z - info: Looking for image on screen:If 0 coins then looged in with 20 repeats 
2018-03-05T15:09:42.020Z - info: Running delay for : 1000
2018-03-05T15:09:43.021Z - info: Running delay for : 0
2018-03-05T15:09:44.244Z - info: Running delay for : 0
2018-03-05T15:09:46.427Z - info: Found image on screen: If 0 coins then looged in
2018-03-05T15:09:46.427Z - info: Running click event : back arrow button  with 5repets
2018-03-05T15:09:46.427Z - info: Looking for image on screen:back arrow button  with 5 repeats 
2018-03-05T15:09:46.427Z - info: Running delay for : 500
2018-03-05T15:09:46.927Z - info: Running delay for : 0
2018-03-05T15:09:48.653Z - info: Found image on screen: back arrow button 
2018-03-05T15:09:48.791Z - info: clicked on : back arrow button  with following coordinates x=64 y=35
2018-03-05T15:09:48.791Z - info: Running click event : Voucher shop button  with 10repets
2018-03-05T15:09:48.791Z - info: Looking for image on screen:Voucher shop button  with 10 repeats 
2018-03-05T15:09:48.791Z - info: Running delay for : 5000
2018-03-05T15:09:53.794Z - info: Running delay for : 0
2018-03-05T15:09:55.992Z - info: Running delay for : 0
2018-03-05T15:09:58.117Z - info: Running delay for : 0
2018-03-05T15:09:59.798Z - info: Running delay for : 0
2018-03-05T15:10:02.116Z - info: Running delay for : 0
2018-03-05T15:10:06.065Z - info: Found image on screen: Voucher shop button 
2018-03-05T15:10:06.215Z - info: clicked on : Voucher shop button  with following coordinates x=193 y=912
2018-03-05T15:10:06.215Z - info: Looking for image on screen:Voucher shop openned with 20 repeats 
2018-03-05T15:10:06.215Z - info: Running delay for : 1000
2018-03-05T15:10:07.217Z - info: Running delay for : 0
2018-03-05T15:10:08.576Z - info: Running delay for : 0
2018-03-05T15:10:09.973Z - info: Running delay for : 0
2018-03-05T15:10:11.343Z - info: Running delay for : 0
2018-03-05T15:10:14.100Z - info: Found image on screen: Voucher shop openned
2018-03-05T15:10:14.100Z - info: Running click event : close voucher shop with 5repets
2018-03-05T15:10:14.100Z - info: Looking for image on screen:close voucher shop with 5 repeats 
2018-03-05T15:10:14.100Z - info: Running delay for : 500
2018-03-05T15:10:14.600Z - info: Running delay for : 0
2018-03-05T15:10:17.388Z - info: Found image on screen: close voucher shop
2018-03-05T15:10:17.557Z - info: clicked on : close voucher shop with following coordinates x=509 y=31.5
2018-03-05T15:10:17.557Z - info: Looking for image on screen:check if we are in hub with 20 repeats 
2018-03-05T15:10:17.557Z - info: Running delay for : 1000
2018-03-05T15:10:18.558Z - info: Running delay for : 0
2018-03-05T15:10:22.713Z - info: Found image on screen: check if we are in hub
2018-03-05T15:10:22.713Z - info: Running click event :  on coins with 5repets
2018-03-05T15:10:22.713Z - info: Looking for image on screen: on coins with 5 repeats 
2018-03-05T15:10:22.713Z - info: Running delay for : 500
2018-03-05T15:10:23.215Z - info: Running delay for : 0
2018-03-05T15:10:27.343Z - info: Found image on screen:  on coins
2018-03-05T15:10:27.563Z - info: clicked on :  on coins with following coordinates x=488 y=30
2018-03-05T15:10:27.563Z - info: Running click event : LEts go button with 5repets
2018-03-05T15:10:27.563Z - info: Looking for image on screen:LEts go button with 5 repeats 
2018-03-05T15:10:27.563Z - info: Running delay for : 500
2018-03-05T15:10:28.065Z - info: Running delay for : 0
2018-03-05T15:10:29.618Z - info: Found image on screen: LEts go button
2018-03-05T15:10:29.773Z - info: clicked on : LEts go button with following coordinates x=454 y=508.5
2018-03-05T15:10:29.773Z - info: Looking for image on screen:voucher shop openned with 20 repeats 
2018-03-05T15:10:29.773Z - info: Running delay for : 1000
2018-03-05T15:10:30.774Z - info: Running delay for : 0
2018-03-05T15:10:32.075Z - info: Running delay for : 0
2018-03-05T15:10:33.693Z - info: Found image on screen: voucher shop openned
2018-03-05T15:10:33.693Z - info: Running click event : close voucher shop  with 5repets
2018-03-05T15:10:33.693Z - info: Looking for image on screen:close voucher shop  with 5 repeats 
2018-03-05T15:10:33.694Z - info: Running delay for : 500
2018-03-05T15:10:34.195Z - info: Running delay for : 0
2018-03-05T15:10:36.722Z - info: Found image on screen: close voucher shop 
2018-03-05T15:10:36.889Z - info: clicked on : close voucher shop  with following coordinates x=509 y=31.5
2018-03-05T15:10:36.889Z - info: Looking for image on screen:are we in your vouchers with 20 repeats 
2018-03-05T15:10:36.889Z - info: Running delay for : 1000
2018-03-05T15:10:37.891Z - info: Running delay for : 0
2018-03-05T15:10:39.643Z - info: Found image on screen: are we in your vouchers
2018-03-05T15:10:39.643Z - info: Running click event :  x Button   with 5repets
2018-03-05T15:10:39.643Z - info: Looking for image on screen: x Button   with 5 repeats 
2018-03-05T15:10:39.643Z - info: Running delay for : 5000
2018-03-05T15:10:44.645Z - info: Running delay for : 0
2018-03-05T15:10:46.371Z - info: Found image on screen:  x Button  
2018-03-05T15:10:46.524Z - info: clicked on :  x Button   with following coordinates x=519 y=77
2018-03-05T15:10:46.524Z - info: Running click event : Settings Button  with 5repets
2018-03-05T15:10:46.524Z - info: Looking for image on screen:Settings Button  with 5 repeats 
2018-03-05T15:10:46.524Z - info: Running delay for : 500
2018-03-05T15:10:47.024Z - info: Running delay for : 0
2018-03-05T15:10:51.096Z - info: Found image on screen: Settings Button 
2018-03-05T15:10:51.239Z - info: clicked on : Settings Button  with following coordinates x=56.5 y=903.5
2018-03-05T15:10:51.239Z - info: Running click event : Logout Button  with 5repets
2018-03-05T15:10:51.239Z - info: Looking for image on screen:Logout Button  with 5 repeats 
2018-03-05T15:10:51.239Z - info: Running delay for : 500
2018-03-05T15:10:51.741Z - info: Running delay for : 0
2018-03-05T15:10:53.272Z - info: Found image on screen: Logout Button 
2018-03-05T15:10:53.404Z - info: clicked on : Logout Button  with following coordinates x=437 y=210
2018-03-05T15:10:53.404Z - info: Running click event : Big Ok Logout button  with 5repets
2018-03-05T15:10:53.404Z - info: Looking for image on screen:Big Ok Logout button  with 5 repeats 
2018-03-05T15:10:53.404Z - info: Running delay for : 500
2018-03-05T15:10:53.904Z - info: Running delay for : 0
2018-03-05T15:10:57.296Z - info: Running delay for : 0
2018-03-05T15:10:59.602Z - info: Running delay for : 0
2018-03-05T15:11:01.842Z - info: Running delay for : 0
2018-03-05T15:11:04.109Z - info: Found image on screen: Big Ok Logout button 
2018-03-05T15:11:04.256Z - info: clicked on : Big Ok Logout button  with following coordinates x=269.5 y=638
2018-03-05T15:11:04.257Z - info: Running click event :  x Button   with 10repets
2018-03-05T15:11:04.257Z - info: Looking for image on screen: x Button   with 10 repeats 
2018-03-05T15:11:04.257Z - info: Running delay for : 2000
2018-03-05T15:11:06.259Z - info: Running delay for : 0
2018-03-05T15:11:07.783Z - info: Found image on screen:  x Button  
2018-03-05T15:11:07.911Z - info: clicked on :  x Button   with following coordinates x=514 y=46
2018-03-05T15:11:07.912Z - info: Looking for image on screen:Logout status correct with 20 repeats 
2018-03-05T15:11:07.912Z - info: Running delay for : 6000
2018-03-05T15:11:13.914Z - info: Running delay for : 2000
2018-03-05T15:11:19.911Z - info: Found image on screen: Logout status correct
2018-03-05T15:11:19.912Z - info: Test:Play London Shop[FINISHED]
2018-03-05T15:11:19.930Z - info: Disconnected localhost:7437=> open STF 
2018-03-05T15:14:44.880Z - info: You are not owner of localhost:7437 => open STF 
2018-03-05T15:14:44.883Z - info: Appium on close  null
2018-03-05T15:14:44.886Z - info: You are not owner of localhost:7437 => open STF 
2018-03-05T15:21:10.093Z - info: Test execution started
2018-03-05T15:21:10.093Z - info: Got following options to run{"testName":"Play London Shop","UDID":"cd21ccc5","port":4004,"systemPort":8204,"bpPort":6004,"desCaps":{"testName":"Play London Shop","testFileName":"PlayLondonShop","groupTest":false,"desiredCapabilities":{"platformName":"Android","deviceName":"Android","appPackage":"com.pointvoucher.playlondonpv","appActivity":"com.unity3d.player.UnityPlayerActivity","fullReset":false,"noReset":true,"newCommandTimeout":120000,"skipUnlock":true},"parameters":{}}}
2018-03-05T15:21:10.204Z - info: Trying to connect to openSTF with serial number cd21ccc5
2018-03-05T15:21:10.252Z - info: executing command adb connect  localhost:7437
2018-03-05T15:21:10.260Z - info: /home/trixo/Downloads/appium-1.8.0-beta3/build/lib/main.js -p 4004 -bp6004  --log-timestamp --log /home/trixo/Code/javaRewrite/log4004.txt
2018-03-05T15:21:10.260Z - info: Trying to create appium Server on port: 4004
2018-03-05T15:21:12.417Z - info: Appium server created on port: 4004
2018-03-05T15:21:33.491Z - info: Play london shop test
2018-03-05T15:21:33.549Z - info: Looking for image on screen:If on screen then app Loaded,Logout state true with 20 repeats 
2018-03-05T15:21:33.549Z - info: Running delay for : 4000
2018-03-05T15:21:37.554Z - info: Running delay for : 2000
2018-03-05T15:21:42.740Z - info: Running delay for : 2000
2018-03-05T15:21:45.950Z - info: Running delay for : 2000
2018-03-05T15:21:49.108Z - info: Running delay for : 2000
2018-03-05T15:21:52.274Z - info: Running delay for : 2000
2018-03-05T15:21:55.314Z - info: Running delay for : 2000
2018-03-05T15:21:58.531Z - info: Running delay for : 2000
2018-03-05T15:22:02.117Z - info: Running delay for : 2000
2018-03-05T15:22:05.530Z - info: Running delay for : 2000
2018-03-05T15:22:08.769Z - info: Running delay for : 2000
2018-03-05T15:22:11.715Z - info: Running delay for : 2000
2018-03-05T15:22:15.138Z - info: Found image on screen: If on screen then app Loaded,Logout state true
2018-03-05T15:22:15.139Z - info: Running click event : Click Login button with 5repets
2018-03-05T15:22:15.139Z - info: Looking for image on screen:Click Login button with 5 repeats 
2018-03-05T15:22:15.139Z - info: Running delay for : 2000
2018-03-05T15:22:17.141Z - info: Running delay for : 0
2018-03-05T15:22:18.968Z - info: Found image on screen: Click Login button
2018-03-05T15:22:19.445Z - info: clicked on : Click Login button with following coordinates x=483 y=27.5
2018-03-05T15:22:19.445Z - info: Running click event : Click Email Login button with 5repets
2018-03-05T15:22:19.445Z - info: Looking for image on screen:Click Email Login button with 5 repeats 
2018-03-05T15:22:19.445Z - info: Running delay for : 2000
2018-03-05T15:22:21.447Z - info: Running delay for : 0
2018-03-05T15:22:22.909Z - info: Running delay for : 0
2018-03-05T15:22:24.822Z - info: Running delay for : 0
2018-03-05T15:22:26.350Z - info: You are not owner of localhost:7437 => open STF 
2018-03-05T15:22:26.351Z - info: You are not owner of localhost:7437 => open STF 
2018-03-05T15:22:26.388Z - info: Running delay for : 0
2018-03-05T15:22:26.393Z - info: Running delay for : 0
2018-03-05T15:22:26.397Z - info: Looking for image on screen #5
2018-03-05T15:22:26.397Z - info: ERROR[MyERr]: TEST FINISHED WITH ERROR: Object not found : Click Email Login button
2018-03-05T15:22:26.407Z - info: You are not owner of localhost:7437 => open STF 
2018-03-05T15:22:31.413Z - info: Appium on close  null
2018-03-05T15:41:00.657Z - info: Test execution started
2018-03-05T15:41:00.657Z - info: Got following options to run{"testName":"Play London Shop","UDID":"cd21ccc5","port":4004,"systemPort":8204,"bpPort":6004,"desCaps":{"testName":"Play London Shop","testFileName":"PlayLondonShop","groupTest":false,"desiredCapabilities":{"platformName":"Android","deviceName":"Android","appPackage":"com.pointvoucher.playlondonpv","appActivity":"com.unity3d.player.UnityPlayerActivity","fullReset":false,"noReset":true,"newCommandTimeout":120000,"skipUnlock":true},"parameters":{}}}
2018-03-05T15:41:00.767Z - info: Trying to connect to openSTF with serial number cd21ccc5
2018-03-05T15:41:00.812Z - info: executing command adb connect  localhost:7437
2018-03-05T15:41:00.819Z - info: /home/trixo/Downloads/appium-1.8.0-beta3/build/lib/main.js -p 4004 -bp6004  --log-timestamp --log /home/trixo/Code/javaRewrite/log4004.txt
2018-03-05T15:41:00.819Z - info: Trying to create appium Server on port: 4004
2018-03-05T15:41:02.973Z - info: Appium server created on port: 4004
2018-03-05T15:41:40.980Z - info: Play london shop test
2018-03-05T15:41:41.032Z - info: Looking for image on screen:If on screen then app Loaded,Logout state true with 20 repeats 
2018-03-05T15:41:41.032Z - info: Running delay for : 4000
2018-03-05T15:41:45.035Z - info: Running delay for : 2000
2018-03-05T15:41:50.546Z - info: Running delay for : 2000
2018-03-05T15:41:53.664Z - info: Running delay for : 2000
2018-03-05T15:41:56.827Z - info: Running delay for : 2000
2018-03-05T15:42:00.208Z - info: Running delay for : 2000
2018-03-05T15:42:03.186Z - info: Running delay for : 2000
2018-03-05T15:42:06.098Z - info: Running delay for : 2000
2018-03-05T15:42:09.227Z - info: Running delay for : 2000
2018-03-05T15:42:12.542Z - info: Running delay for : 2000
2018-03-05T15:42:15.727Z - info: Running delay for : 2000
2018-03-05T15:42:18.682Z - info: Running delay for : 2000
2018-03-05T15:42:22.781Z - info: Found image on screen: If on screen then app Loaded,Logout state true
2018-03-05T15:42:22.781Z - info: Running click event : Click Login button with 5repets
2018-03-05T15:42:22.781Z - info: Looking for image on screen:Click Login button with 5 repeats 
2018-03-05T15:42:22.781Z - info: Running delay for : 2000
2018-03-05T15:42:24.784Z - info: Running delay for : 0
2018-03-05T15:42:27.164Z - info: Found image on screen: Click Login button
2018-03-05T15:42:27.580Z - info: clicked on : Click Login button with following coordinates x=483 y=27.5
2018-03-05T15:42:27.580Z - info: Running click event : Click Email Login button with 5repets
2018-03-05T15:42:27.580Z - info: Looking for image on screen:Click Email Login button with 5 repeats 
2018-03-05T15:42:27.581Z - info: Running delay for : 2000
2018-03-05T15:42:29.583Z - info: Running delay for : 0
2018-03-05T15:42:31.535Z - info: Found image on screen: Click Email Login button
2018-03-05T15:42:31.706Z - info: clicked on : Click Email Login button with following coordinates x=154 y=812
2018-03-05T15:42:31.707Z - info: Running click event : Click Yes age button with 5repets
2018-03-05T15:42:31.707Z - info: Looking for image on screen:Click Yes age button with 5 repeats 
2018-03-05T15:42:31.707Z - info: Running delay for : 2000
2018-03-05T15:42:33.707Z - info: Running delay for : 0
2018-03-05T15:42:35.055Z - info: Found image on screen: Click Yes age button
2018-03-05T15:42:35.209Z - info: clicked on : Click Yes age button with following coordinates x=271 y=585
2018-03-05T15:42:35.209Z - info: Running click event : Click on Enter Email field with 5repets
2018-03-05T15:42:35.209Z - info: Looking for image on screen:Click on Enter Email field with 5 repeats 
2018-03-05T15:42:35.209Z - info: Running delay for : 2000
2018-03-05T15:42:37.211Z - info: Running delay for : 0
2018-03-05T15:42:38.176Z - info: Found image on screen: Click on Enter Email field
2018-03-05T15:42:38.325Z - info: clicked on : Click on Enter Email field with following coordinates x=272 y=456.5
2018-03-05T15:42:45.685Z - info: Running clear keyboard (click on x0y0
2018-03-05T15:42:45.852Z - info: Keyboard cleared
2018-03-05T15:42:45.852Z - info: Running click event : Next email with 5repets
2018-03-05T15:42:45.852Z - info: Looking for image on screen:Next email with 5 repeats 
2018-03-05T15:42:45.852Z - info: Running delay for : 500
2018-03-05T15:42:46.354Z - info: Running delay for : 0
2018-03-05T15:42:47.809Z - info: Found image on screen: Next email
2018-03-05T15:42:47.976Z - info: clicked on : Next email with following coordinates x=401 y=598.5
2018-03-05T15:42:47.976Z - info: Running click event : Click on Enter Password field with 5repets
2018-03-05T15:42:47.976Z - info: Looking for image on screen:Click on Enter Password field with 5 repeats 
2018-03-05T15:42:47.976Z - info: Running delay for : 2000
2018-03-05T15:42:49.979Z - info: Running delay for : 0
2018-03-05T15:42:50.984Z - info: Found image on screen: Click on Enter Password field
2018-03-05T15:42:51.169Z - info: clicked on : Click on Enter Password field with following coordinates x=270 y=462
2018-03-05T15:42:56.680Z - info: Running clear keyboard (click on x0y0
2018-03-05T15:42:56.859Z - info: Keyboard cleared
2018-03-05T15:42:56.860Z - info: Running click event : Next password with 5repets
2018-03-05T15:42:56.860Z - info: Looking for image on screen:Next password with 5 repeats 
2018-03-05T15:42:56.860Z - info: Running delay for : 100
2018-03-05T15:42:56.960Z - info: Running delay for : 0
2018-03-05T15:42:58.247Z - info: Found image on screen: Next password
2018-03-05T15:42:58.407Z - info: clicked on : Next password with following coordinates x=399 y=657.5
2018-03-05T15:42:58.408Z - info: Looking for image on screen:If 0 coins then looged in with 20 repeats 
2018-03-05T15:42:58.408Z - info: Running delay for : 1000
2018-03-05T15:42:59.409Z - info: Running delay for : 0
2018-03-05T15:43:00.733Z - info: Running delay for : 0
2018-03-05T15:43:03.261Z - info: Found image on screen: If 0 coins then looged in
2018-03-05T15:43:03.261Z - info: Running click event : back arrow button  with 5repets
2018-03-05T15:43:03.261Z - info: Looking for image on screen:back arrow button  with 5 repeats 
2018-03-05T15:43:03.261Z - info: Running delay for : 500
2018-03-05T15:43:03.761Z - info: Running delay for : 0
2018-03-05T15:43:05.940Z - info: Found image on screen: back arrow button 
2018-03-05T15:43:06.084Z - info: clicked on : back arrow button  with following coordinates x=64 y=35
2018-03-05T15:43:06.085Z - info: Running click event : Voucher shop button  with 10repets
2018-03-05T15:43:06.085Z - info: Looking for image on screen:Voucher shop button  with 10 repeats 
2018-03-05T15:43:06.085Z - info: Running delay for : 5000
2018-03-05T15:43:11.086Z - info: Running delay for : 0
2018-03-05T15:43:15.145Z - info: Running delay for : 0
2018-03-05T15:43:17.962Z - info: Running delay for : 0
2018-03-05T15:43:19.989Z - info: Running delay for : 0
2018-03-05T15:43:21.677Z - info: Running delay for : 0
2018-03-05T15:43:22.738Z - info: Running delay for : 0
2018-03-05T15:43:26.412Z - info: Found image on screen: Voucher shop button 
2018-03-05T15:43:26.551Z - info: clicked on : Voucher shop button  with following coordinates x=193 y=912
2018-03-05T15:43:26.551Z - info: Looking for image on screen:Voucher shop openned with 20 repeats 
2018-03-05T15:43:26.551Z - info: Running delay for : 1000
2018-03-05T15:43:27.552Z - info: Running delay for : 0
2018-03-05T15:43:29.356Z - info: Running delay for : 0
2018-03-05T15:43:31.308Z - info: Running delay for : 0
2018-03-05T15:43:33.045Z - info: Running delay for : 0
2018-03-05T15:43:36.375Z - info: Found image on screen: Voucher shop openned
2018-03-05T15:43:36.375Z - info: Running click event : close voucher shop with 5repets
2018-03-05T15:43:36.375Z - info: Looking for image on screen:close voucher shop with 5 repeats 
2018-03-05T15:43:36.375Z - info: Running delay for : 500
2018-03-05T15:43:36.876Z - info: Running delay for : 0
2018-03-05T15:43:39.500Z - info: Found image on screen: close voucher shop
2018-03-05T15:43:39.675Z - info: clicked on : close voucher shop with following coordinates x=509 y=31.5
2018-03-05T15:43:39.675Z - info: Looking for image on screen:check if we are in hub with 20 repeats 
2018-03-05T15:43:39.675Z - info: Running delay for : 1000
2018-03-05T15:43:40.677Z - info: Running delay for : 0
2018-03-05T15:43:44.847Z - info: Found image on screen: check if we are in hub
2018-03-05T15:43:44.847Z - info: Running click event :  on coins with 5repets
2018-03-05T15:43:44.847Z - info: Looking for image on screen: on coins with 5 repeats 
2018-03-05T15:43:44.847Z - info: Running delay for : 500
2018-03-05T15:43:45.349Z - info: Running delay for : 0
2018-03-05T15:43:48.962Z - info: Found image on screen:  on coins
2018-03-05T15:43:49.120Z - info: clicked on :  on coins with following coordinates x=488 y=30
2018-03-05T15:43:49.120Z - info: Running click event : LEts go button with 5repets
2018-03-05T15:43:49.120Z - info: Looking for image on screen:LEts go button with 5 repeats 
2018-03-05T15:43:49.120Z - info: Running delay for : 500
2018-03-05T15:43:49.620Z - info: Running delay for : 0
2018-03-05T15:43:51.581Z - info: Found image on screen: LEts go button
2018-03-05T15:43:51.741Z - info: clicked on : LEts go button with following coordinates x=453 y=508.5
2018-03-05T15:43:51.742Z - info: Looking for image on screen:voucher shop openned with 20 repeats 
2018-03-05T15:43:51.742Z - info: Running delay for : 1000
2018-03-05T15:43:52.743Z - info: Running delay for : 0
2018-03-05T15:43:54.032Z - info: Running delay for : 0
2018-03-05T15:43:56.517Z - info: Found image on screen: voucher shop openned
2018-03-05T15:43:56.517Z - info: Running click event : close voucher shop  with 5repets
2018-03-05T15:43:56.517Z - info: Looking for image on screen:close voucher shop  with 5 repeats 
2018-03-05T15:43:56.517Z - info: Running delay for : 500
2018-03-05T15:43:57.017Z - info: Running delay for : 0
2018-03-05T15:44:00.953Z - info: Found image on screen: close voucher shop 
2018-03-05T15:44:01.183Z - info: clicked on : close voucher shop  with following coordinates x=509 y=31.5
2018-03-05T15:44:01.184Z - info: Looking for image on screen:are we in your vouchers with 20 repeats 
2018-03-05T15:44:01.184Z - info: Running delay for : 1000
2018-03-05T15:44:02.186Z - info: Running delay for : 0
2018-03-05T15:44:03.555Z - info: Found image on screen: are we in your vouchers
2018-03-05T15:44:03.555Z - info: Running click event :  x Button   with 5repets
2018-03-05T15:44:03.555Z - info: Looking for image on screen: x Button   with 5 repeats 
2018-03-05T15:44:03.555Z - info: Running delay for : 5000
2018-03-05T15:44:08.555Z - info: Running delay for : 0
2018-03-05T15:44:10.243Z - info: Found image on screen:  x Button  
2018-03-05T15:44:10.389Z - info: clicked on :  x Button   with following coordinates x=519 y=77
2018-03-05T15:44:10.389Z - info: Running click event : Settings Button  with 5repets
2018-03-05T15:44:10.389Z - info: Looking for image on screen:Settings Button  with 5 repeats 
2018-03-05T15:44:10.390Z - info: Running delay for : 500
2018-03-05T15:44:10.891Z - info: Running delay for : 0
2018-03-05T15:44:15.372Z - info: Found image on screen: Settings Button 
2018-03-05T15:44:15.525Z - info: clicked on : Settings Button  with following coordinates x=56.5 y=903.5
2018-03-05T15:44:15.525Z - info: Running click event : Logout Button  with 5repets
2018-03-05T15:44:15.525Z - info: Looking for image on screen:Logout Button  with 5 repeats 
2018-03-05T15:44:15.525Z - info: Running delay for : 500
2018-03-05T15:44:16.027Z - info: Running delay for : 0
2018-03-05T15:44:17.304Z - info: Found image on screen: Logout Button 
2018-03-05T15:44:17.435Z - info: clicked on : Logout Button  with following coordinates x=437 y=210
2018-03-05T15:44:17.435Z - info: Running click event : Big Ok Logout button  with 5repets
2018-03-05T15:44:17.435Z - info: Looking for image on screen:Big Ok Logout button  with 5 repeats 
2018-03-05T15:44:17.435Z - info: Running delay for : 500
2018-03-05T15:44:17.937Z - info: Running delay for : 0
2018-03-05T15:44:21.537Z - info: Running delay for : 0
2018-03-05T15:44:24.104Z - info: Running delay for : 0
2018-03-05T15:44:26.253Z - info: Found image on screen: Big Ok Logout button 
2018-03-05T15:44:26.419Z - info: clicked on : Big Ok Logout button  with following coordinates x=269.5 y=638
2018-03-05T15:44:26.419Z - info: Running click event :  x Button   with 10repets
2018-03-05T15:44:26.419Z - info: Looking for image on screen: x Button   with 10 repeats 
2018-03-05T15:44:26.419Z - info: Running delay for : 2000
2018-03-05T15:44:28.421Z - info: Running delay for : 0
2018-03-05T15:44:30.468Z - info: Running delay for : 0
2018-03-05T15:44:31.723Z - info: Found image on screen:  x Button  
2018-03-05T15:44:31.859Z - info: clicked on :  x Button   with following coordinates x=514 y=46
2018-03-05T15:44:31.860Z - info: Looking for image on screen:Logout status correct with 20 repeats 
2018-03-05T15:44:31.860Z - info: Running delay for : 6000
2018-03-05T15:44:37.862Z - info: Running delay for : 2000
2018-03-05T15:44:44.930Z - info: Found image on screen: Logout status correct
2018-03-05T15:44:44.930Z - info: Test:Play London Shop[FINISHED]
2018-03-05T15:44:44.947Z - info: Disconnected localhost:7437=> open STF 
2018-03-05T15:46:59.494Z - info: Appium on close  null
2018-03-05T15:46:59.503Z - info: You are not owner of localhost:7437 => open STF 
2018-03-05T15:46:59.505Z - info: You are not owner of localhost:7437 => open STF 
2018-03-05T16:00:19.158Z - info: Test execution started
2018-03-05T16:00:19.159Z - info: Got following options to run{"testName":"Play London Shop","UDID":"cd21ccc5","port":4004,"systemPort":8204,"bpPort":6004,"desCaps":{"testName":"Play London Shop","testFileName":"PlayLondonShop","groupTest":false,"desiredCapabilities":{"platformName":"Android","deviceName":"Android","appPackage":"com.pointvoucher.playlondonpv","appActivity":"com.unity3d.player.UnityPlayerActivity","fullReset":false,"noReset":true,"newCommandTimeout":120000,"skipUnlock":true},"parameters":{}}}
2018-03-05T16:00:19.266Z - info: Trying to connect to openSTF with serial number cd21ccc5
2018-03-05T16:00:19.313Z - info: executing command adb connect  localhost:7437
2018-03-05T16:00:19.320Z - info: /home/trixo/Downloads/appium-1.8.0-beta3/build/lib/main.js -p 4004 -bp6004  --log-timestamp --log /home/trixo/Code/javaRewrite/log4004.txt
2018-03-05T16:00:19.320Z - info: Trying to create appium Server on port: 4004
2018-03-05T16:00:21.385Z - info: Appium server created on port: 4004
2018-03-05T16:00:49.218Z - info: Play london shop test
2018-03-05T16:00:49.259Z - info: Looking for image on screen:If on screen then app Loaded,Logout state true with 20 repeats 
2018-03-05T16:00:49.259Z - info: Running delay for : 4000
2018-03-05T16:00:53.266Z - info: Running delay for : 2000
2018-03-05T16:00:58.143Z - info: Running delay for : 2000
2018-03-05T16:01:01.515Z - info: Running delay for : 2000
2018-03-05T16:01:04.777Z - info: Running delay for : 2000
2018-03-05T16:01:07.800Z - info: Running delay for : 2000
2018-03-05T16:01:10.850Z - info: Running delay for : 2000
2018-03-05T16:01:13.781Z - info: Running delay for : 2000
2018-03-05T16:01:16.957Z - info: Running delay for : 2000
2018-03-05T16:01:20.052Z - info: Running delay for : 2000
2018-03-05T16:01:23.387Z - info: Running delay for : 2000
2018-03-05T16:01:27.072Z - info: Found image on screen: If on screen then app Loaded,Logout state true
2018-03-05T16:01:27.072Z - info: Running click event : Click Login button with 5repets
2018-03-05T16:01:27.072Z - info: Looking for image on screen:Click Login button with 5 repeats 
2018-03-05T16:01:27.072Z - info: Running delay for : 2000
2018-03-05T16:01:29.074Z - info: Running delay for : 0
2018-03-05T16:01:31.205Z - info: Found image on screen: Click Login button
2018-03-05T16:01:31.517Z - info: clicked on : Click Login button with following coordinates x=483 y=27.5
2018-03-05T16:01:31.517Z - info: Running click event : Click Email Login button with 5repets
2018-03-05T16:01:31.517Z - info: Looking for image on screen:Click Email Login button with 5 repeats 
2018-03-05T16:01:31.517Z - info: Running delay for : 2000
2018-03-05T16:01:33.519Z - info: Running delay for : 0
2018-03-05T16:01:34.969Z - info: Found image on screen: Click Email Login button
2018-03-05T16:01:35.103Z - info: clicked on : Click Email Login button with following coordinates x=155 y=812
2018-03-05T16:01:35.103Z - info: Running click event : Click Yes age button with 5repets
2018-03-05T16:01:35.104Z - info: Looking for image on screen:Click Yes age button with 5 repeats 
2018-03-05T16:01:35.104Z - info: Running delay for : 2000
2018-03-05T16:01:37.107Z - info: Running delay for : 0
2018-03-05T16:01:38.178Z - info: Found image on screen: Click Yes age button
2018-03-05T16:01:38.335Z - info: clicked on : Click Yes age button with following coordinates x=271 y=585
2018-03-05T16:01:38.335Z - info: Running click event : Click on Enter Email field with 5repets
2018-03-05T16:01:38.335Z - info: Looking for image on screen:Click on Enter Email field with 5 repeats 
2018-03-05T16:01:38.336Z - info: Running delay for : 2000
2018-03-05T16:01:40.338Z - info: Running delay for : 0
2018-03-05T16:01:41.222Z - info: Found image on screen: Click on Enter Email field
2018-03-05T16:01:41.852Z - info: clicked on : Click on Enter Email field with following coordinates x=272 y=456.5
2018-03-05T16:01:48.600Z - info: Running clear keyboard (click on x0y0
2018-03-05T16:01:48.783Z - info: Keyboard cleared
2018-03-05T16:01:48.784Z - info: Running click event : Next email with 5repets
2018-03-05T16:01:48.784Z - info: Looking for image on screen:Next email with 5 repeats 
2018-03-05T16:01:48.784Z - info: Running delay for : 500
2018-03-05T16:01:49.285Z - info: Running delay for : 0
2018-03-05T16:01:50.288Z - info: Found image on screen: Next email
2018-03-05T16:01:50.431Z - info: clicked on : Next email with following coordinates x=401 y=597.5
2018-03-05T16:01:50.431Z - info: Running click event : Click on Enter Password field with 5repets
2018-03-05T16:01:50.431Z - info: Looking for image on screen:Click on Enter Password field with 5 repeats 
2018-03-05T16:01:50.431Z - info: Running delay for : 2000
2018-03-05T16:01:52.432Z - info: Running delay for : 0
2018-03-05T16:01:53.447Z - info: Found image on screen: Click on Enter Password field
2018-03-05T16:01:53.653Z - info: clicked on : Click on Enter Password field with following coordinates x=270 y=462
2018-03-05T16:01:58.402Z - info: Running clear keyboard (click on x0y0
2018-03-05T16:01:58.551Z - info: Keyboard cleared
2018-03-05T16:01:58.551Z - info: Running click event : Next password with 5repets
2018-03-05T16:01:58.552Z - info: Looking for image on screen:Next password with 5 repeats 
2018-03-05T16:01:58.552Z - info: Running delay for : 100
2018-03-05T16:01:58.652Z - info: Running delay for : 0
2018-03-05T16:01:59.563Z - info: Found image on screen: Next password
2018-03-05T16:01:59.728Z - info: clicked on : Next password with following coordinates x=399 y=657.5
2018-03-05T16:01:59.728Z - info: Looking for image on screen:If 0 coins then looged in with 20 repeats 
2018-03-05T16:01:59.728Z - info: Running delay for : 1000
2018-03-05T16:02:00.729Z - info: Running delay for : 0
2018-03-05T16:02:02.782Z - info: Found image on screen: If 0 coins then looged in
2018-03-05T16:02:02.783Z - info: Running click event : back arrow button  with 5repets
2018-03-05T16:02:02.784Z - info: Looking for image on screen:back arrow button  with 5 repeats 
2018-03-05T16:02:02.784Z - info: Running delay for : 500
2018-03-05T16:02:03.285Z - info: Running delay for : 0
2018-03-05T16:02:05.460Z - info: Found image on screen: back arrow button 
2018-03-05T16:02:05.600Z - info: clicked on : back arrow button  with following coordinates x=64 y=35
2018-03-05T16:02:05.600Z - info: Running click event : Voucher shop button  with 10repets
2018-03-05T16:02:05.600Z - info: Looking for image on screen:Voucher shop button  with 10 repeats 
2018-03-05T16:02:05.601Z - info: Running delay for : 5000
2018-03-05T16:02:10.601Z - info: Running delay for : 0
2018-03-05T16:02:13.180Z - info: Running delay for : 0
2018-03-05T16:02:15.488Z - info: Running delay for : 0
2018-03-05T16:02:17.350Z - info: Running delay for : 0
2018-03-05T16:02:19.083Z - info: Running delay for : 0
2018-03-05T16:02:22.422Z - info: Found image on screen: Voucher shop button 
2018-03-05T16:02:22.564Z - info: clicked on : Voucher shop button  with following coordinates x=193 y=912
2018-03-05T16:02:22.564Z - info: Looking for image on screen:Voucher shop openned with 20 repeats 
2018-03-05T16:02:22.564Z - info: Running delay for : 1000
2018-03-05T16:02:23.566Z - info: Running delay for : 0
2018-03-05T16:02:24.442Z - info: Running delay for : 0
2018-03-05T16:02:25.618Z - info: Running delay for : 0
2018-03-05T16:02:26.590Z - info: Running delay for : 0
2018-03-05T16:02:27.963Z - info: Running delay for : 0
2018-03-05T16:02:30.759Z - info: Found image on screen: Voucher shop openned
2018-03-05T16:02:30.759Z - info: Running click event : close voucher shop with 5repets
2018-03-05T16:02:30.759Z - info: Looking for image on screen:close voucher shop with 5 repeats 
2018-03-05T16:02:30.759Z - info: Running delay for : 500
2018-03-05T16:02:31.259Z - info: Running delay for : 0
2018-03-05T16:02:33.329Z - info: Found image on screen: close voucher shop
2018-03-05T16:02:33.698Z - info: clicked on : close voucher shop with following coordinates x=509 y=31.5
2018-03-05T16:02:33.698Z - info: Looking for image on screen:check if we are in hub with 20 repeats 
2018-03-05T16:02:33.698Z - info: Running delay for : 1000
2018-03-05T16:02:34.699Z - info: Running delay for : 0
2018-03-05T16:02:38.003Z - info: Found image on screen: check if we are in hub
2018-03-05T16:02:38.003Z - info: Running click event :  on coins with 5repets
2018-03-05T16:02:38.003Z - info: Looking for image on screen: on coins with 5 repeats 
2018-03-05T16:02:38.003Z - info: Running delay for : 500
2018-03-05T16:02:38.504Z - info: Running delay for : 0
2018-03-05T16:02:41.884Z - info: Found image on screen:  on coins
2018-03-05T16:02:42.023Z - info: clicked on :  on coins with following coordinates x=488 y=30
2018-03-05T16:02:42.023Z - info: Running click event : LEts go button with 5repets
2018-03-05T16:02:42.023Z - info: Looking for image on screen:LEts go button with 5 repeats 
2018-03-05T16:02:42.023Z - info: Running delay for : 500
2018-03-05T16:02:42.524Z - info: Running delay for : 0
2018-03-05T16:02:43.826Z - info: Found image on screen: LEts go button
2018-03-05T16:02:43.956Z - info: clicked on : LEts go button with following coordinates x=453 y=508.5
2018-03-05T16:02:43.956Z - info: Looking for image on screen:voucher shop openned with 20 repeats 
2018-03-05T16:02:43.957Z - info: Running delay for : 1000
2018-03-05T16:02:44.958Z - info: Running delay for : 0
2018-03-05T16:02:46.046Z - info: Running delay for : 0
2018-03-05T16:02:47.190Z - info: Found image on screen: voucher shop openned
2018-03-05T16:02:47.190Z - info: Running click event : close voucher shop  with 5repets
2018-03-05T16:02:47.190Z - info: Looking for image on screen:close voucher shop  with 5 repeats 
2018-03-05T16:02:47.191Z - info: Running delay for : 500
2018-03-05T16:02:47.691Z - info: Running delay for : 0
2018-03-05T16:02:50.014Z - info: Found image on screen: close voucher shop 
2018-03-05T16:02:50.169Z - info: clicked on : close voucher shop  with following coordinates x=509 y=31.5
2018-03-05T16:02:50.169Z - info: Looking for image on screen:are we in your vouchers with 20 repeats 
2018-03-05T16:02:50.170Z - info: Running delay for : 1000
2018-03-05T16:02:51.172Z - info: Running delay for : 0
2018-03-05T16:02:52.317Z - info: Found image on screen: are we in your vouchers
2018-03-05T16:02:52.317Z - info: Running click event :  x Button   with 5repets
2018-03-05T16:02:52.317Z - info: Looking for image on screen: x Button   with 5 repeats 
2018-03-05T16:02:52.317Z - info: Running delay for : 5000
2018-03-05T16:02:57.317Z - info: Running delay for : 0
2018-03-05T16:02:58.508Z - info: Found image on screen:  x Button  
2018-03-05T16:02:58.640Z - info: clicked on :  x Button   with following coordinates x=519 y=77
2018-03-05T16:02:58.641Z - info: Running click event : Settings Button  with 5repets
2018-03-05T16:02:58.641Z - info: Looking for image on screen:Settings Button  with 5 repeats 
2018-03-05T16:02:58.641Z - info: Running delay for : 500
2018-03-05T16:02:59.142Z - info: Running delay for : 0
2018-03-05T16:03:02.557Z - info: Found image on screen: Settings Button 
2018-03-05T16:03:02.691Z - info: clicked on : Settings Button  with following coordinates x=56.5 y=903.5
2018-03-05T16:03:02.691Z - info: Running click event : Logout Button  with 5repets
2018-03-05T16:03:02.691Z - info: Looking for image on screen:Logout Button  with 5 repeats 
2018-03-05T16:03:02.691Z - info: Running delay for : 500
2018-03-05T16:03:03.193Z - info: Running delay for : 0
2018-03-05T16:03:04.156Z - info: Found image on screen: Logout Button 
2018-03-05T16:03:04.278Z - info: clicked on : Logout Button  with following coordinates x=437 y=210
2018-03-05T16:03:04.278Z - info: Running click event : Big Ok Logout button  with 5repets
2018-03-05T16:03:04.278Z - info: Looking for image on screen:Big Ok Logout button  with 5 repeats 
2018-03-05T16:03:04.278Z - info: Running delay for : 500
2018-03-05T16:03:04.779Z - info: Running delay for : 0
2018-03-05T16:03:07.016Z - info: Running delay for : 0
2018-03-05T16:03:08.525Z - info: Found image on screen: Big Ok Logout button 
2018-03-05T16:03:08.667Z - info: clicked on : Big Ok Logout button  with following coordinates x=269.5 y=638
2018-03-05T16:03:08.667Z - info: Running click event :  x Button   with 10repets
2018-03-05T16:03:08.668Z - info: Looking for image on screen: x Button   with 10 repeats 
2018-03-05T16:03:08.668Z - info: Running delay for : 2000
2018-03-05T16:03:10.668Z - info: Running delay for : 0
2018-03-05T16:03:11.654Z - info: Found image on screen:  x Button  
2018-03-05T16:03:11.782Z - info: clicked on :  x Button   with following coordinates x=514 y=46
2018-03-05T16:03:11.782Z - info: Looking for image on screen:Logout status correct with 20 repeats 
2018-03-05T16:03:11.783Z - info: Running delay for : 6000
2018-03-05T16:03:17.785Z - info: Running delay for : 2000
2018-03-05T16:03:22.667Z - info: Found image on screen: Logout status correct
2018-03-05T16:03:22.667Z - info: Test:Play London Shop[FINISHED]
2018-03-05T16:03:22.685Z - info: Disconnected localhost:7437=> open STF 
2018-03-05T16:07:01.544Z - info: Appium on close  null
2018-03-05T16:07:01.561Z - info: You are not owner of localhost:7437 => open STF 
2018-03-05T16:07:01.561Z - info: You are not owner of localhost:7437 => open STF 
