2018-02-27T13:17:55.156Z - info: Test execution started
2018-02-27T13:17:55.157Z - info: Got following options to run{"testName":"Go To Profile","UDID":"cd21ccc5","port":4014,"systemPort":8214,"bpPort":6014,"desCaps":{"testName":"Go To Profile","testFileName":"GoToProfile","groupTest":false,"desiredCapabilities":{"platformName":"Android","deviceName":"Android","appPackage":"com.pointvoucher.playlondonpv","appActivity":"com.unity3d.player.UnityPlayerActivity","fullReset":false,"noReset":true,"newCommandTimeout":120000,"skipUnlock":true},"parameters":{}}}
2018-02-27T13:17:55.213Z - info: Trying to connect to openSTF with serial number cd21ccc5
2018-02-27T13:17:55.261Z - info: executing command adb connect  localhost:7409
2018-02-27T13:17:55.268Z - info: /home/trixo/Downloads/appium-1.8.0-beta3/build/lib/main.js -p 4014 -bp6014  --log-timestamp --log /home/trixo/Code/javaRewrite/log4014.txt
2018-02-27T13:17:55.268Z - info: Trying to create appium Server on port: 4014
2018-02-27T13:17:57.392Z - info: Appium server created on port: 4014
2018-02-27T13:18:13.972Z - info: Play london profile test
2018-02-27T13:18:14.004Z - info: Looking for image on screen:If on screen then app Loaded,Logout state true with 20 repeats 
2018-02-27T13:18:14.004Z - info: Running delay for : 4000
2018-02-27T13:18:18.010Z - info: Running delay for : 2000
2018-02-27T13:18:20.900Z - info: Running delay for : 2000
2018-02-27T13:18:23.772Z - info: Running delay for : 2000
2018-02-27T13:18:26.466Z - info: Running delay for : 2000
2018-02-27T13:18:29.171Z - info: Running delay for : 2000
2018-02-27T13:18:32.011Z - info: Running delay for : 2000
2018-02-27T13:18:34.810Z - info: Running delay for : 2000
2018-02-27T13:18:38.327Z - info: Found image on screen: If on screen then app Loaded,Logout state true
2018-02-27T13:18:38.327Z - info: Running click event : Click Login button with 5repets
2018-02-27T13:18:38.327Z - info: Looking for image on screen:Click Login button with 5 repeats 
2018-02-27T13:18:38.327Z - info: Running delay for : 2000
2018-02-27T13:18:40.328Z - info: Running delay for : 0
2018-02-27T13:18:41.802Z - info: Found image on screen: Click Login button
2018-02-27T13:18:41.945Z - info: clicked on : Click Login button with following coordinates x=484 y=27
2018-02-27T13:18:41.946Z - info: Running click event : Click Email Login button with 5repets
2018-02-27T13:18:41.946Z - info: Looking for image on screen:Click Email Login button with 5 repeats 
2018-02-27T13:18:41.946Z - info: Running delay for : 2000
2018-02-27T13:18:43.948Z - info: Running delay for : 0
2018-02-27T13:18:45.235Z - info: Found image on screen: Click Email Login button
2018-02-27T13:18:45.382Z - info: clicked on : Click Email Login button with following coordinates x=153.5 y=811
2018-02-27T13:18:45.382Z - info: Running click event : Click Yes age button with 5repets
2018-02-27T13:18:45.382Z - info: Looking for image on screen:Click Yes age button with 5 repeats 
2018-02-27T13:18:45.382Z - info: Running delay for : 2000
2018-02-27T13:18:47.385Z - info: Running delay for : 0
2018-02-27T13:18:48.312Z - info: Found image on screen: Click Yes age button
2018-02-27T13:18:48.458Z - info: clicked on : Click Yes age button with following coordinates x=273.5 y=585
2018-02-27T13:18:48.458Z - info: Running click event : Click on Enter Email field with 5repets
2018-02-27T13:18:48.458Z - info: Looking for image on screen:Click on Enter Email field with 5 repeats 
2018-02-27T13:18:48.458Z - info: Running delay for : 2000
2018-02-27T13:18:50.461Z - info: Running delay for : 0
2018-02-27T13:18:51.234Z - info: Found image on screen: Click on Enter Email field
2018-02-27T13:18:51.434Z - info: clicked on : Click on Enter Email field with following coordinates x=272.5 y=457
2018-02-27T13:18:56.525Z - info: Running clear keyboard (click on x0y0
2018-02-27T13:18:56.671Z - info: Keyboard cleared
2018-02-27T13:18:56.671Z - info: Running click event : Next email with 5repets
2018-02-27T13:18:56.671Z - info: Looking for image on screen:Next email with 5 repeats 
2018-02-27T13:18:56.672Z - info: Running delay for : 500
2018-02-27T13:18:57.172Z - info: Running delay for : 0
2018-02-27T13:18:57.966Z - info: Found image on screen: Next email
2018-02-27T13:18:58.101Z - info: clicked on : Next email with following coordinates x=401 y=593
2018-02-27T13:18:58.101Z - info: Running click event : Click on Enter Password field with 5repets
2018-02-27T13:18:58.102Z - info: Looking for image on screen:Click on Enter Password field with 5 repeats 
2018-02-27T13:18:58.102Z - info: Running delay for : 2000
2018-02-27T13:19:00.104Z - info: Running delay for : 0
2018-02-27T13:19:00.835Z - info: Found image on screen: Click on Enter Password field
2018-02-27T13:19:00.993Z - info: clicked on : Click on Enter Password field with following coordinates x=269 y=464.5
2018-02-27T13:19:05.333Z - info: Running clear keyboard (click on x0y0
2018-02-27T13:19:05.480Z - info: Keyboard cleared
2018-02-27T13:19:05.480Z - info: Running click event : Next password with 5repets
2018-02-27T13:19:05.480Z - info: Looking for image on screen:Next password with 5 repeats 
2018-02-27T13:19:05.480Z - info: Running delay for : 100
2018-02-27T13:19:05.581Z - info: Running delay for : 0
2018-02-27T13:19:06.300Z - info: Found image on screen: Next password
2018-02-27T13:19:06.436Z - info: clicked on : Next password with following coordinates x=401 y=655
2018-02-27T13:19:06.437Z - info: Looking for image on screen:If 0 coins then looged in with 20 repeats 
2018-02-27T13:19:06.437Z - info: Running delay for : 1000
2018-02-27T13:19:07.439Z - info: Running delay for : 0
2018-02-27T13:19:08.704Z - info: Found image on screen: If 0 coins then looged in
2018-02-27T13:19:08.704Z - info: Running click event : coins button  with 5repets
2018-02-27T13:19:08.704Z - info: Looking for image on screen:coins button  with 5 repeats 
2018-02-27T13:19:08.704Z - info: Running delay for : 0
2018-02-27T13:19:08.706Z - info: Running delay for : 0
2018-02-27T13:19:10.285Z - info: Found image on screen: coins button 
2018-02-27T13:19:10.439Z - info: clicked on : coins button  with following coordinates x=485.5 y=27.5
2018-02-27T13:19:10.439Z - info: Running click event : My Account button  with 10repets
2018-02-27T13:19:10.439Z - info: Looking for image on screen:My Account button  with 10 repeats 
2018-02-27T13:19:10.440Z - info: Running delay for : 2000
2018-02-27T13:19:12.442Z - info: Running delay for : 0
2018-02-27T13:19:13.511Z - info: Found image on screen: My Account button 
2018-02-27T13:19:13.643Z - info: clicked on : My Account button  with following coordinates x=452.5 y=671
2018-02-27T13:19:13.643Z - info: Looking for image on screen:profile webview openned with 20 repeats 
2018-02-27T13:19:13.643Z - info: Running delay for : 1000
2018-02-27T13:19:14.645Z - info: Running delay for : 0
2018-02-27T13:19:15.532Z - info: Running delay for : 0
2018-02-27T13:19:16.597Z - info: Running delay for : 0
2018-02-27T13:19:17.803Z - info: Running delay for : 0
2018-02-27T13:19:18.811Z - info: Running delay for : 0
2018-02-27T13:19:20.270Z - info: Running delay for : 0
2018-02-27T13:19:21.748Z - info: Running delay for : 0
2018-02-27T13:19:23.184Z - info: Found image on screen: profile webview openned
