2018-02-26T15:34:15.980Z - info: Test execution started
2018-02-26T15:34:15.981Z - info: Got following options to run{"testName":"Play London Shop","UDID":"cd21ccc5","port":4010,"systemPort":8210,"bpPort":6010,"desCaps":{"testName":"Play London Shop","testFileName":"PlayLondonShop","groupTest":false,"desiredCapabilities":{"platformName":"Android","deviceName":"Android","appPackage":"com.pointvoucher.playlondonpv","appActivity":"com.unity3d.player.UnityPlayerActivity","fullReset":false,"noReset":true,"newCommandTimeout":120000,"skipUnlock":true},"parameters":{}}}
2018-02-26T15:34:16.109Z - info: Trying to connect to openSTF with serial number cd21ccc5
2018-02-26T15:34:16.157Z - info: executing command adb connect  localhost:7401
2018-02-26T15:34:16.167Z - info: /home/trixo/Downloads/appium-1.8.0-beta3/build/lib/main.js -p 4010 -bp6010  --log-timestamp --log /home/trixo/Code/javaRewrite/log4010.txt
2018-02-26T15:34:16.167Z - info: Trying to create appium Server on port: 4010
2018-02-26T15:34:41.830Z - info: Appium server created on port: 4010
2018-02-26T15:35:00.141Z - info: Play london shop test
2018-02-26T15:35:00.170Z - info: Looking for image on screen:If on screen then app Loaded,Logout state true with 20 repeats 
2018-02-26T15:35:00.170Z - info: Running delay for : 4000
2018-02-26T15:35:04.173Z - info: Running delay for : 2000
2018-02-26T15:35:07.369Z - info: Running delay for : 2000
2018-02-26T15:35:10.167Z - info: Running delay for : 2000
2018-02-26T15:35:12.806Z - info: Running delay for : 2000
2018-02-26T15:35:15.408Z - info: Running delay for : 2000
2018-02-26T15:35:18.061Z - info: Running delay for : 2000
2018-02-26T15:35:21.367Z - info: Found image on screen: If on screen then app Loaded,Logout state true
2018-02-26T15:35:21.368Z - info: Running click event : Click Login button with 5repets
2018-02-26T15:35:21.368Z - info: Looking for image on screen:Click Login button with 5 repeats 
2018-02-26T15:35:21.368Z - info: Running delay for : 2000
2018-02-26T15:35:23.370Z - info: Running delay for : 0
2018-02-26T15:35:24.491Z - info: Found image on screen: Click Login button
2018-02-26T15:35:24.747Z - info: clicked on : Click Login button with following coordinates x=483 y=27.5
2018-02-26T15:35:24.750Z - info: Running click event : Click Email Login button with 5repets
2018-02-26T15:35:24.750Z - info: Looking for image on screen:Click Email Login button with 5 repeats 
2018-02-26T15:35:24.750Z - info: Running delay for : 2000
2018-02-26T15:35:26.753Z - info: Running delay for : 0
2018-02-26T15:35:27.750Z - info: Found image on screen: Click Email Login button
2018-02-26T15:35:27.876Z - info: clicked on : Click Email Login button with following coordinates x=152 y=812
2018-02-26T15:35:27.876Z - info: Running click event : Click Yes age button with 5repets
2018-02-26T15:35:27.876Z - info: Looking for image on screen:Click Yes age button with 5 repeats 
2018-02-26T15:35:27.876Z - info: Running delay for : 2000
2018-02-26T15:35:29.878Z - info: Running delay for : 0
2018-02-26T15:35:30.620Z - info: Found image on screen: Click Yes age button
2018-02-26T15:35:30.747Z - info: clicked on : Click Yes age button with following coordinates x=271 y=585
2018-02-26T15:35:30.747Z - info: Running click event : Click on Enter Email field with 5repets
2018-02-26T15:35:30.747Z - info: Looking for image on screen:Click on Enter Email field with 5 repeats 
2018-02-26T15:35:30.747Z - info: Running delay for : 2000
2018-02-26T15:35:32.749Z - info: Running delay for : 0
2018-02-26T15:35:33.368Z - info: Found image on screen: Click on Enter Email field
2018-02-26T15:35:33.536Z - info: clicked on : Click on Enter Email field with following coordinates x=272 y=456.5
2018-02-26T15:35:38.020Z - info: Running clear keyboard (click on x0y0
2018-02-26T15:35:38.158Z - info: Keyboard cleared
2018-02-26T15:35:38.158Z - info: Running click event : Next email with 5repets
2018-02-26T15:35:38.158Z - info: Looking for image on screen:Next email with 5 repeats 
2018-02-26T15:35:38.158Z - info: Running delay for : 500
2018-02-26T15:35:38.660Z - info: Running delay for : 0
2018-02-26T15:35:39.374Z - info: Found image on screen: Next email
2018-02-26T15:35:39.505Z - info: clicked on : Next email with following coordinates x=401 y=597.5
2018-02-26T15:35:39.505Z - info: Running click event : Click on Enter Password field with 5repets
2018-02-26T15:35:39.505Z - info: Looking for image on screen:Click on Enter Password field with 5 repeats 
2018-02-26T15:35:39.506Z - info: Running delay for : 2000
2018-02-26T15:35:41.508Z - info: Running delay for : 0
2018-02-26T15:35:42.143Z - info: Found image on screen: Click on Enter Password field
2018-02-26T15:35:42.333Z - info: clicked on : Click on Enter Password field with following coordinates x=270 y=462
2018-02-26T15:35:46.097Z - info: Running clear keyboard (click on x0y0
2018-02-26T15:35:46.235Z - info: Keyboard cleared
2018-02-26T15:35:46.235Z - info: Running click event : Next password with 5repets
2018-02-26T15:35:46.235Z - info: Looking for image on screen:Next password with 5 repeats 
2018-02-26T15:35:46.235Z - info: Running delay for : 100
2018-02-26T15:35:46.334Z - info: Running delay for : 0
2018-02-26T15:35:47.137Z - info: Found image on screen: Next password
2018-02-26T15:35:47.275Z - info: clicked on : Next password with following coordinates x=399 y=657.5
2018-02-26T15:35:47.276Z - info: Looking for image on screen:If 0 coins then looged in with 20 repeats 
2018-02-26T15:35:47.276Z - info: Running delay for : 1000
2018-02-26T15:35:48.277Z - info: Running delay for : 0
2018-02-26T15:35:49.618Z - info: Running delay for : 0
2018-02-26T15:35:51.175Z - info: Running delay for : 0
2018-02-26T15:35:52.440Z - info: Running delay for : 0
2018-02-26T15:35:53.669Z - info: Running delay for : 0
2018-02-26T15:35:54.857Z - info: Running delay for : 0
2018-02-26T15:35:56.062Z - info: Running delay for : 0
2018-02-26T15:35:57.409Z - info: Running delay for : 0
2018-02-26T15:35:58.621Z - info: Running delay for : 0
2018-02-26T15:35:59.901Z - info: Running delay for : 0
2018-02-26T15:36:01.234Z - info: Running delay for : 0
2018-02-26T15:36:02.510Z - info: Running delay for : 0
2018-02-26T15:36:03.734Z - info: Running delay for : 0
2018-02-26T15:36:04.915Z - info: Running delay for : 0
2018-02-26T15:36:06.309Z - info: Running delay for : 0
2018-02-26T15:36:07.529Z - info: Running delay for : 0
2018-02-26T15:36:08.842Z - info: Running delay for : 0
2018-02-26T15:36:10.057Z - info: Running delay for : 0
2018-02-26T15:36:11.330Z - info: Running delay for : 0
2018-02-26T15:36:12.609Z - info: Running delay for : 0
2018-02-26T15:36:13.903Z - info: Looking for image on screen #20
2018-02-26T15:36:13.941Z - info: ERROR[MyERr]: TEST FINISHED WITH ERROR: Object not found : If 0 coins then looged in
2018-02-26T15:36:14.257Z - info: Disconnected localhost:7401=> open STF 
2018-02-26T15:38:05.237Z - info: Appium on close  null
2018-02-26T15:38:05.851Z - info: Disconnected localhost:7401=> open STF 
2018-02-26T15:38:05.851Z - info: Disconnected localhost:7401=> open STF 
2018-02-26T15:38:05.855Z - info: Disconnected localhost:7401=> open STF 
2018-02-26T15:38:05.856Z - info: Disconnected localhost:7401=> open STF 
2018-02-27T10:34:51.727Z - info: Test execution started
2018-02-27T10:34:51.728Z - info: Got following options to run{"testName":"Go To Profile","UDID":"cd21ccc5","port":4010,"systemPort":8210,"bpPort":6010,"desCaps":{"testName":"Go To Profile","testFileName":"GoToProfile","groupTest":false,"desiredCapabilities":{"platformName":"Android","deviceName":"Android","appPackage":"com.pointvoucher.playlondonpv","appActivity":"com.unity3d.player.UnityPlayerActivity","fullReset":false,"noReset":true,"newCommandTimeout":120000,"skipUnlock":true},"parameters":{}}}
2018-02-27T10:34:51.783Z - info: Trying to connect to openSTF with serial number cd21ccc5
2018-02-27T10:34:51.830Z - info: executing command adb connect  localhost:7401
2018-02-27T10:34:51.838Z - info: /home/trixo/Downloads/appium-1.8.0-beta3/build/lib/main.js -p 4010 -bp6010  --log-timestamp --log /home/trixo/Code/javaRewrite/log4010.txt
2018-02-27T10:34:51.838Z - info: Trying to create appium Server on port: 4010
2018-02-27T10:34:53.972Z - info: Appium server created on port: 4010
2018-02-27T10:34:58.716Z - info: ERROR[MyERr]: TEST FINISHED WITH ERROR: Error: An unknown server-side error occurred while processing the command. Original error: Error getting device platform version. Original error: Error executing adbExec. Original error: 'Command '/home/trixo/Android/Sdk/platform-tools/adb -P 5037 -s localhost\:7401 shell getprop ro.build.version.release' exited with code 1'; Stderr: 'error: device 'localhost:7401' not found'; Code: '1'
2018-02-27T10:34:58.723Z - info: You are not owner localhost:7401 => open STF 
2018-02-27T10:35:08.698Z - info: Appium on close  null
2018-02-27T12:54:35.614Z - info: Test execution started
2018-02-27T12:54:35.614Z - info: Got following options to run{"testName":"Go To Profile","UDID":"cd21ccc5","port":4010,"systemPort":8210,"bpPort":6010,"desCaps":{"testName":"Go To Profile","testFileName":"GoToProfile","groupTest":false,"desiredCapabilities":{"platformName":"Android","deviceName":"Android","appPackage":"com.pointvoucher.playlondonpv","appActivity":"com.unity3d.player.UnityPlayerActivity","fullReset":false,"noReset":true,"newCommandTimeout":120000,"skipUnlock":true},"parameters":{}}}
2018-02-27T12:54:35.670Z - info: Trying to connect to openSTF with serial number cd21ccc5
2018-02-27T12:54:35.718Z - info: executing command adb connect  localhost:7401
2018-02-27T12:54:35.727Z - info: /home/trixo/Downloads/appium-1.8.0-beta3/build/lib/main.js -p 4010 -bp6010  --log-timestamp --log /home/trixo/Code/javaRewrite/log4010.txt
2018-02-27T12:54:35.727Z - info: Trying to create appium Server on port: 4010
2018-02-27T12:54:37.842Z - info: Appium server created on port: 4010
2018-02-27T12:54:56.364Z - info: Play london profile test
2018-02-27T12:54:56.396Z - info: Looking for image on screen:If on screen then app Loaded,Logout state true with 20 repeats 
2018-02-27T12:54:56.396Z - info: Running delay for : 4000
2018-02-27T12:55:00.403Z - info: Running delay for : 2000
2018-02-27T12:55:03.401Z - info: Running delay for : 2000
2018-02-27T12:55:06.295Z - info: Running delay for : 2000
2018-02-27T12:55:09.035Z - info: Running delay for : 2000
2018-02-27T12:55:11.768Z - info: Running delay for : 2000
2018-02-27T12:55:14.633Z - info: Running delay for : 2000
2018-02-27T12:55:17.321Z - info: Running delay for : 2000
2018-02-27T12:55:20.914Z - info: Found image on screen: If on screen then app Loaded,Logout state true
2018-02-27T12:55:20.914Z - info: Running click event : Click Login button with 5repets
2018-02-27T12:55:20.914Z - info: Looking for image on screen:Click Login button with 5 repeats 
2018-02-27T12:55:20.915Z - info: Running delay for : 2000
2018-02-27T12:55:22.916Z - info: Running delay for : 0
2018-02-27T12:55:24.277Z - info: Found image on screen: Click Login button
2018-02-27T12:55:24.433Z - info: clicked on : Click Login button with following coordinates x=484 y=27
2018-02-27T12:55:24.433Z - info: Running click event : Click Email Login button with 5repets
2018-02-27T12:55:24.433Z - info: Looking for image on screen:Click Email Login button with 5 repeats 
2018-02-27T12:55:24.433Z - info: Running delay for : 2000
2018-02-27T12:55:26.435Z - info: Running delay for : 0
2018-02-27T12:55:27.685Z - info: Found image on screen: Click Email Login button
2018-02-27T12:55:27.818Z - info: clicked on : Click Email Login button with following coordinates x=153.5 y=811
2018-02-27T12:55:27.818Z - info: Running click event : Click Yes age button with 5repets
2018-02-27T12:55:27.818Z - info: Looking for image on screen:Click Yes age button with 5 repeats 
2018-02-27T12:55:27.818Z - info: Running delay for : 2000
2018-02-27T12:55:29.821Z - info: Running delay for : 0
2018-02-27T12:55:30.747Z - info: Found image on screen: Click Yes age button
2018-02-27T12:55:30.882Z - info: clicked on : Click Yes age button with following coordinates x=273.5 y=585
2018-02-27T12:55:30.882Z - info: Running click event : Click on Enter Email field with 5repets
2018-02-27T12:55:30.882Z - info: Looking for image on screen:Click on Enter Email field with 5 repeats 
2018-02-27T12:55:30.882Z - info: Running delay for : 2000
2018-02-27T12:55:32.885Z - info: Running delay for : 0
2018-02-27T12:55:33.612Z - info: Found image on screen: Click on Enter Email field
2018-02-27T12:55:33.813Z - info: clicked on : Click on Enter Email field with following coordinates x=272.5 y=457
2018-02-27T12:55:39.207Z - info: Running clear keyboard (click on x0y0
2018-02-27T12:55:39.370Z - info: Keyboard cleared
2018-02-27T12:55:39.370Z - info: Running click event : Next email with 5repets
2018-02-27T12:55:39.371Z - info: Looking for image on screen:Next email with 5 repeats 
2018-02-27T12:55:39.371Z - info: Running delay for : 500
2018-02-27T12:55:39.872Z - info: Running delay for : 0
2018-02-27T12:55:40.690Z - info: Found image on screen: Next email
2018-02-27T12:55:40.827Z - info: clicked on : Next email with following coordinates x=401 y=593
2018-02-27T12:55:40.828Z - info: Running click event : Click on Enter Password field with 5repets
2018-02-27T12:55:40.828Z - info: Looking for image on screen:Click on Enter Password field with 5 repeats 
2018-02-27T12:55:40.828Z - info: Running delay for : 2000
2018-02-27T12:55:42.831Z - info: Running delay for : 0
2018-02-27T12:55:43.551Z - info: Found image on screen: Click on Enter Password field
2018-02-27T12:55:43.695Z - info: clicked on : Click on Enter Password field with following coordinates x=269 y=464.5
2018-02-27T12:55:47.687Z - info: Running clear keyboard (click on x0y0
2018-02-27T12:55:47.831Z - info: Keyboard cleared
2018-02-27T12:55:47.831Z - info: Running click event : Next password with 5repets
2018-02-27T12:55:47.831Z - info: Looking for image on screen:Next password with 5 repeats 
2018-02-27T12:55:47.831Z - info: Running delay for : 100
2018-02-27T12:55:47.932Z - info: Running delay for : 0
2018-02-27T12:55:48.747Z - info: Found image on screen: Next password
2018-02-27T12:55:48.880Z - info: clicked on : Next password with following coordinates x=401 y=655
2018-02-27T12:55:48.880Z - info: Looking for image on screen:If 0 coins then looged in with 20 repeats 
2018-02-27T12:55:48.880Z - info: Running delay for : 1000
2018-02-27T12:55:49.882Z - info: Running delay for : 0
2018-02-27T12:55:51.440Z - info: Found image on screen: If 0 coins then looged in
2018-02-27T12:55:51.441Z - info: Running click event : coins button  with 5repets
2018-02-27T12:55:51.441Z - info: Looking for image on screen:coins button  with 5 repeats 
2018-02-27T12:55:51.441Z - info: Running delay for : 0
2018-02-27T12:55:51.442Z - info: Running delay for : 0
2018-02-27T12:55:52.917Z - info: Found image on screen: coins button 
2018-02-27T12:55:53.049Z - info: clicked on : coins button  with following coordinates x=485.5 y=27.5
2018-02-27T12:55:53.049Z - info: Running click event : My Account button  with 10repets
2018-02-27T12:55:53.049Z - info: Looking for image on screen:My Account button  with 10 repeats 
2018-02-27T12:55:53.049Z - info: Running delay for : 2000
2018-02-27T12:55:55.052Z - info: Running delay for : 0
2018-02-27T12:55:56.086Z - info: Found image on screen: My Account button 
2018-02-27T12:55:56.217Z - info: clicked on : My Account button  with following coordinates x=452.5 y=671
2018-02-27T12:55:56.218Z - info: Looking for image on screen:profile webview openned with 20 repeats 
2018-02-27T12:55:56.218Z - info: Running delay for : 1000
2018-02-27T12:55:57.219Z - info: Running delay for : 0
2018-02-27T12:55:58.054Z - info: Running delay for : 0
2018-02-27T12:55:59.215Z - info: Running delay for : 0
2018-02-27T12:56:00.497Z - info: Running delay for : 0
2018-02-27T12:56:01.839Z - info: Running delay for : 0
2018-02-27T12:56:03.215Z - info: Running delay for : 0
2018-02-27T12:56:04.285Z - info: Running delay for : 0
2018-02-27T12:56:05.604Z - info: Found image on screen: profile webview openned
2018-02-27T12:56:05.605Z - info: ERROR[MyERr]: TEST FINISHED WITH ERROR: Error: Keep it up
2018-02-27T12:56:05.623Z - info: Disconnected localhost:7401=> open STF 
2018-02-27T13:20:13.652Z - info: Appium on close  null
