2018-03-08 13:22:53:389 - info: [Appium] Welcome to Appium v1.8.0-beta3
2018-03-08 13:22:53:390 - info: [Appium] Non-default server args:
2018-03-08 13:22:53:391 - info: [Appium]   port: 4002
2018-03-08 13:22:53:391 - info: [Appium]   bootstrapPort: 6002
2018-03-08 13:22:53:391 - info: [Appium]   log: /home/trixo/Code/javaRewrite/logs/1054_CleanInstall_cd21ccc5/Appium.log
2018-03-08 13:22:53:391 - info: [Appium]   logTimestamp: true
2018-03-08 13:22:53:409 - info: [Appium] Appium REST http interface listener started on 0.0.0.0:4002
2018-03-08 13:22:53:440 - info: [HTTP] --> POST /wd/hub/session {"desiredCapabilities":{"javascriptEnabled":true,"locationContextEnabled":true,"handlesAlerts":true,"rotatable":true,"platformName":"Android","deviceName":"Android","appPackage":"com.gorro.nothing","appActivity":"com.gorro.nothing.NothingActivity","fullReset":false,"noReset":true,"newCommandTimeout":120000,"skipUnlock":true,"androidInstallTimeout":150000,"systemPort":8202,"udid":"localhost:7401","requestOrigins":{"url":"http://webdriver.io","version":"4.10.2","name":"webdriverio"}}}
2018-03-08 13:22:53:442 - info: [debug] [MJSONWP] Calling AppiumDriver.createSession() with args: [{"javascriptEnabled":true,"locationContextEnabled":true,"handlesAlerts":true,"rotatable":true,"platformName":"Android","deviceName":"Android","appPackage":"com.gorro.nothing","appActivity":"com.gorro.nothing.NothingActivity","fullReset":false,"noReset":true,"newCommandTimeout":120000,"skipUnlock":true,"androidInstallTimeout":150000,"systemPort":8202,"udid":"localhost:7401","requestOrigins":{"url":"http://webdriver.io","version":"4.10.2","name":"webdriverio"}},null,null]
2018-03-08 13:22:53:443 - info: [debug] [BaseDriver] Event 'newSessionRequested' logged at 1520515373443 (14:22:53 GMT+0100 (CET))
2018-03-08 13:22:53:445 - info: [Appium] Creating new AndroidDriver (v1.40.1) session
2018-03-08 13:22:53:445 - info: [Appium] Capabilities:
2018-03-08 13:22:53:445 - info: [Appium]   javascriptEnabled: true
2018-03-08 13:22:53:445 - info: [Appium]   locationContextEnabled: true
2018-03-08 13:22:53:445 - info: [Appium]   handlesAlerts: true
2018-03-08 13:22:53:446 - info: [Appium]   rotatable: true
2018-03-08 13:22:53:446 - info: [Appium]   platformName: Android
2018-03-08 13:22:53:446 - info: [Appium]   deviceName: Android
2018-03-08 13:22:53:446 - info: [Appium]   appPackage: com.gorro.nothing
2018-03-08 13:22:53:446 - info: [Appium]   appActivity: com.gorro.nothing.NothingActivity
2018-03-08 13:22:53:446 - info: [Appium]   fullReset: false
2018-03-08 13:22:53:446 - info: [Appium]   noReset: true
2018-03-08 13:22:53:447 - info: [Appium]   newCommandTimeout: 120000
2018-03-08 13:22:53:447 - info: [Appium]   skipUnlock: true
2018-03-08 13:22:53:447 - info: [Appium]   androidInstallTimeout: 150000
2018-03-08 13:22:53:447 - info: [Appium]   systemPort: 8202
2018-03-08 13:22:53:447 - info: [Appium]   udid: localhost:7401
2018-03-08 13:22:53:447 - info: [Appium]   requestOrigins: {
2018-03-08 13:22:53:448 - info: [Appium]     url: http://webdriver.io
2018-03-08 13:22:53:448 - info: [Appium]     version: 4.10.2
2018-03-08 13:22:53:448 - info: [Appium]     name: webdriverio
2018-03-08 13:22:53:448 - info: [Appium]   }
2018-03-08 13:22:53:452 - info: [debug] [BaseDriver] 
2018-03-08 13:22:53:453 - info: [debug] [BaseDriver] Creating session with MJSONWP desired capabilities: {"javascriptEnabled":true,"...
2018-03-08 13:22:53:458 - warn: [BaseDriver] The following capabilities were provided, but are not recognized by appium: javascriptEnabled, locationContextEnabled, handlesAlerts, rotatable, systemPort, requestOrigins.
2018-03-08 13:22:53:459 - info: [BaseDriver] Session created with session id: b21fc1c0-46a1-40e3-aee2-f00a780d0307
2018-03-08 13:22:53:460 - info: [debug] [AndroidDriver] Getting Java version
2018-03-08 13:22:53:508 - info: [AndroidDriver] Java version is: 1.8.0_151
2018-03-08 13:22:53:511 - info: [ADB] Checking whether adb is present
2018-03-08 13:22:53:518 - info: [ADB] Found 2 'build-tools' folders under '/home/trixo/Android/Sdk' (newest first):
2018-03-08 13:22:53:518 - info: [ADB]     /home/trixo/Android/Sdk/build-tools/27.0.3
2018-03-08 13:22:53:518 - info: [ADB]     /home/trixo/Android/Sdk/build-tools/25.0.0
2018-03-08 13:22:53:519 - info: [ADB] Using adb from /home/trixo/Android/Sdk/platform-tools/adb
2018-03-08 13:22:53:519 - info: [AndroidDriver] Retrieving device list
2018-03-08 13:22:53:520 - info: [debug] [ADB] Trying to find a connected android device
2018-03-08 13:22:53:520 - info: [debug] [ADB] Getting connected devices...
2018-03-08 13:22:53:529 - info: [debug] [ADB] 2 device(s) connected
2018-03-08 13:22:53:530 - info: [AndroidDriver] Using device: localhost:7401
2018-03-08 13:22:53:530 - info: [ADB] Checking whether adb is present
2018-03-08 13:22:53:531 - info: [ADB] Using adb from /home/trixo/Android/Sdk/platform-tools/adb
2018-03-08 13:22:53:531 - info: [debug] [ADB] Setting device id to localhost:7401
2018-03-08 13:22:53:532 - info: [AndroidDriver] App file was not listed, instead we're going to run com.gorro.nothing directly on the device
2018-03-08 13:22:53:532 - info: [debug] [AndroidDriver] Checking whether package is present on the device
2018-03-08 13:22:53:532 - info: [debug] [ADB] Getting connected devices...
2018-03-08 13:22:53:543 - info: [debug] [ADB] 2 device(s) connected
2018-03-08 13:22:53:544 - info: [debug] [ADB] Running '/home/trixo/Android/Sdk/platform-tools/adb' with args: ["-P",5037,"-s","localhost:7401","shell","pm","list","packages","com.gorro.nothing"]
2018-03-08 13:22:55:279 - info: [AndroidDriver] Starting Android session
2018-03-08 13:22:55:280 - info: [debug] [ADB] Running '/home/trixo/Android/Sdk/platform-tools/adb' with args: ["-P",5037,"-s","localhost:7401","wait-for-device"]
2018-03-08 13:22:55:290 - info: [debug] [ADB] Getting connected devices...
2018-03-08 13:22:55:297 - info: [debug] [ADB] 2 device(s) connected
2018-03-08 13:22:55:298 - info: [debug] [ADB] Running '/home/trixo/Android/Sdk/platform-tools/adb' with args: ["-P",5037,"-s","localhost:7401","shell","echo","ping"]
2018-03-08 13:22:55:324 - info: [debug] [AndroidDriver] Pushing settings apk to device...
2018-03-08 13:22:55:325 - info: [debug] [ADB] Getting install status for io.appium.settings
2018-03-08 13:22:55:325 - info: [debug] [ADB] Getting connected devices...
2018-03-08 13:22:55:334 - info: [debug] [ADB] 2 device(s) connected
2018-03-08 13:22:55:334 - info: [debug] [ADB] Running '/home/trixo/Android/Sdk/platform-tools/adb' with args: ["-P",5037,"-s","localhost:7401","shell","pm","list","packages","io.appium.settings"]
2018-03-08 13:22:57:163 - info: [debug] [ADB] App is installed
2018-03-08 13:22:57:164 - info: [debug] [ADB] Getting package info for io.appium.settings
2018-03-08 13:22:57:165 - info: [debug] [ADB] Getting connected devices...
2018-03-08 13:22:57:176 - info: [debug] [ADB] 2 device(s) connected
2018-03-08 13:22:57:177 - info: [debug] [ADB] Running '/home/trixo/Android/Sdk/platform-tools/adb' with args: ["-P",5037,"-s","localhost:7401","shell","dumpsys","package","io.appium.settings"]
2018-03-08 13:22:57:315 - info: [ADB] Checking whether aapt is present
2018-03-08 13:22:57:318 - info: [ADB] Using aapt from /home/trixo/Android/Sdk/build-tools/27.0.3/aapt
2018-03-08 13:22:57:331 - info: [debug] [ADB] The installed 'io.appium.settings' package does not require upgrade ('2.3.0' >= '2.3.0')
2018-03-08 13:22:57:331 - info: [debug] [ADB] Getting connected devices...
2018-03-08 13:22:57:339 - info: [debug] [ADB] 2 device(s) connected
2018-03-08 13:22:57:339 - info: [debug] [ADB] Running '/home/trixo/Android/Sdk/platform-tools/adb' with args: ["-P",5037,"-s","localhost:7401","shell","ps"]
2018-03-08 13:22:57:538 - info: [debug] [AndroidDriver] io.appium.settings is already running. There is no need to reset its permissions.
2018-03-08 13:22:57:539 - info: [debug] [ADB] Getting connected devices...
2018-03-08 13:22:57:550 - info: [debug] [ADB] 2 device(s) connected
2018-03-08 13:22:57:550 - info: [debug] [ADB] Running '/home/trixo/Android/Sdk/platform-tools/adb' with args: ["-P",5037,"-s","localhost:7401","shell","getprop","ro.build.version.sdk"]
2018-03-08 13:22:57:595 - info: [debug] [ADB] Current device property 'ro.build.version.sdk': 23
2018-03-08 13:22:57:595 - info: [debug] [ADB] Device API level: 23
2018-03-08 13:22:57:596 - info: [debug] [ADB] Getting connected devices...
2018-03-08 13:22:57:603 - info: [debug] [ADB] 2 device(s) connected
2018-03-08 13:22:57:604 - info: [debug] [ADB] Running '/home/trixo/Android/Sdk/platform-tools/adb' with args: ["-P",5037,"-s","localhost:7401","shell","appops","set","io.appium.settings","android:mock_location","allow"]
2018-03-08 13:22:59:496 - warn: [AndroidDriver] setDeviceLanguageCountry requires language or country.
2018-03-08 13:22:59:497 - warn: [AndroidDriver] Got language: 'null' and country: 'null'
2018-03-08 13:22:59:499 - info: [debug] [Logcat] Starting logcat capture
2018-03-08 13:22:59:564 - info: [debug] [AndroidDriver] Pushing unlock helper app to device...
2018-03-08 13:22:59:564 - info: [debug] [ADB] Getting install status for io.appium.unlock
2018-03-08 13:22:59:564 - info: [debug] [ADB] Getting connected devices...
2018-03-08 13:22:59:572 - info: [debug] [ADB] 2 device(s) connected
2018-03-08 13:22:59:573 - info: [debug] [ADB] Running '/home/trixo/Android/Sdk/platform-tools/adb' with args: ["-P",5037,"-s","localhost:7401","shell","pm","list","packages","io.appium.unlock"]
2018-03-08 13:23:01:439 - info: [debug] [ADB] App is installed
2018-03-08 13:23:01:439 - info: [debug] [ADB] Getting package info for io.appium.unlock
2018-03-08 13:23:01:440 - info: [debug] [ADB] Getting connected devices...
2018-03-08 13:23:01:450 - info: [debug] [ADB] 2 device(s) connected
2018-03-08 13:23:01:451 - info: [debug] [ADB] Running '/home/trixo/Android/Sdk/platform-tools/adb' with args: ["-P",5037,"-s","localhost:7401","shell","dumpsys","package","io.appium.unlock"]
2018-03-08 13:23:01:542 - info: [ADB] Checking whether aapt is present
2018-03-08 13:23:01:544 - info: [ADB] Using aapt from /home/trixo/Android/Sdk/build-tools/27.0.3/aapt
2018-03-08 13:23:01:555 - info: [debug] [ADB] The installed 'io.appium.unlock' package does not require upgrade ('2.0.0' >= '2.0.0')
2018-03-08 13:23:01:556 - info: [ADB] Getting device platform version
2018-03-08 13:23:01:557 - info: [debug] [ADB] Getting connected devices...
2018-03-08 13:23:01:565 - info: [debug] [ADB] 2 device(s) connected
2018-03-08 13:23:01:565 - info: [debug] [ADB] Running '/home/trixo/Android/Sdk/platform-tools/adb' with args: ["-P",5037,"-s","localhost:7401","shell","getprop","ro.build.version.release"]
2018-03-08 13:23:01:631 - info: [debug] [ADB] Current device property 'ro.build.version.release': 6.0.1
2018-03-08 13:23:01:631 - info: [debug] [ADB] Getting connected devices...
2018-03-08 13:23:01:639 - info: [debug] [ADB] 2 device(s) connected
2018-03-08 13:23:01:640 - info: [debug] [ADB] Running '/home/trixo/Android/Sdk/platform-tools/adb' with args: ["-P",5037,"-s","localhost:7401","shell","wm","size"]
2018-03-08 13:23:03:445 - info: [debug] [ADB] Getting connected devices...
2018-03-08 13:23:03:456 - info: [debug] [ADB] 2 device(s) connected
2018-03-08 13:23:03:456 - info: [debug] [ADB] Running '/home/trixo/Android/Sdk/platform-tools/adb' with args: ["-P",5037,"-s","localhost:7401","shell","getprop","ro.product.model"]
2018-03-08 13:23:03:596 - info: [debug] [ADB] Current device property 'ro.product.model': SM-A300FU
2018-03-08 13:23:03:596 - info: [debug] [ADB] Getting connected devices...
2018-03-08 13:23:03:604 - info: [debug] [ADB] 2 device(s) connected
2018-03-08 13:23:03:604 - info: [debug] [ADB] Running '/home/trixo/Android/Sdk/platform-tools/adb' with args: ["-P",5037,"-s","localhost:7401","shell","getprop","ro.product.manufacturer"]
2018-03-08 13:23:03:668 - info: [debug] [ADB] Current device property 'ro.product.manufacturer': samsung
2018-03-08 13:23:03:669 - warn: [AndroidDriver] No app sent in, not parsing package/activity
2018-03-08 13:23:03:669 - info: [debug] [AndroidDriver] No app capability. Assuming it is already on the device
2018-03-08 13:23:03:670 - info: [debug] [AndroidBootstrap] Watching for bootstrap disconnect
2018-03-08 13:23:03:671 - info: [debug] [ADB] Forwarding system: 6002 to device: 4724
2018-03-08 13:23:03:671 - info: [debug] [ADB] Running '/home/trixo/Android/Sdk/platform-tools/adb' with args: ["-P",5037,"-s","localhost:7401","forward","tcp:6002","tcp:4724"]
2018-03-08 13:23:03:678 - info: [debug] [UiAutomator] Starting UiAutomator
2018-03-08 13:23:03:678 - info: [debug] [UiAutomator] Moving to state 'starting'
2018-03-08 13:23:03:679 - info: [debug] [UiAutomator] Parsing uiautomator jar
2018-03-08 13:23:03:679 - info: [debug] [UiAutomator] Found jar name: 'AppiumBootstrap.jar'
2018-03-08 13:23:03:679 - info: [debug] [ADB] Running '/home/trixo/Android/Sdk/platform-tools/adb' with args: ["-P",5037,"-s","localhost:7401","push","/home/trixo/Downloads/appium-1.8.0-beta3/node_modules/appium-android-bootstrap/bootstrap/bin/AppiumBootstrap.jar","/data/local/tmp/"]
2018-03-08 13:23:04:967 - error: [Logcat] Logcat terminated with code 0, signal null
2018-03-08 13:23:04:969 - info: [debug] [ADB] Running '/home/trixo/Android/Sdk/platform-tools/adb' with args: ["-P",5037,"-s","localhost:7401","forward","tcp:6002","tcp:4724"]
2018-03-08 13:23:04:977 - info: [debug] [ADB] Running '/home/trixo/Android/Sdk/platform-tools/adb' with args: ["-P",5037,"-s","localhost:7401","push","/home/trixo/Downloads/appium-1.8.0-beta3/node_modules/appium-android-bootstrap/bootstrap/bin/AppiumBootstrap.jar","/data/local/tmp/"]
2018-03-08 13:23:05:010 - error: [UiAutomator] Error: Error executing adbExec. Original error: 'Command '/home/trixo/Android/Sdk/platform-tools/adb -P 5037 -s localhost\:7401 push /home/trixo/Downloads/appium-1.8.0-beta3/node_modules/appium-android-bootstrap/bootstrap/bin/AppiumBootstrap.jar /data/local/tmp/' exited with code 1'; Stderr: ''; Code: '1'
    at ADB.execFunc$ (/home/trixo/Downloads/appium-1.8.0-beta3/node_modules/appium-adb/lib/tools/system-calls.js:317:13)
    at tryCatch (/home/trixo/Downloads/appium-1.8.0-beta3/node_modules/babel-runtime/regenerator/runtime.js:67:40)
    at GeneratorFunctionPrototype.invoke [as _invoke] (/home/trixo/Downloads/appium-1.8.0-beta3/node_modules/babel-runtime/regenerator/runtime.js:315:22)
    at GeneratorFunctionPrototype.prototype.(anonymous function) [as throw] (/home/trixo/Downloads/appium-1.8.0-beta3/node_modules/babel-runtime/regenerator/runtime.js:100:21)
    at GeneratorFunctionPrototype.invoke (/home/trixo/Downloads/appium-1.8.0-beta3/node_modules/babel-runtime/regenerator/runtime.js:136:37)
    at <anonymous>
 Error: Error executing adbExec. Original error: 'Command '/home/trixo/Android/Sdk/platform-tools/adb -P 5037 -s localhost\:7401 push /home/trixo/Downloads/appium-1.8.0-beta3/node_modules/appium-android-bootstrap/bootstrap/bin/AppiumBootstrap.jar /data/local/tmp/' exited with code 1'; Stderr: ''; Code: '1'
    at ADB.execFunc$ (/home/trixo/Downloads/appium-1.8.0-beta3/node_modules/appium-adb/lib/tools/system-calls.js:317:13)
    at tryCatch (/home/trixo/Downloads/appium-1.8.0-beta3/node_modules/babel-runtime/regenerator/runtime.js:67:40)
    at GeneratorFunctionPrototype.invoke [as _invoke] (/home/trixo/Downloads/appium-1.8.0-beta3/node_modules/babel-runtime/regenerator/runtime.js:315:22)
    at GeneratorFunctionPrototype.prototype.(anonymous function) [as throw] (/home/trixo/Downloads/appium-1.8.0-beta3/node_modules/babel-runtime/regenerator/runtime.js:100:21)
    at GeneratorFunctionPrototype.invoke (/home/trixo/Downloads/appium-1.8.0-beta3/node_modules/babel-runtime/regenerator/runtime.js:136:37)
    at <anonymous>
2018-03-08 13:23:05:023 - error: [AndroidBootstrap] Error: Error occured while starting AndroidBootstrap. Original error: Error: Error executing adbExec. Original error: 'Command '/home/trixo/Android/Sdk/platform-tools/adb -P 5037 -s localhost\:7401 push /home/trixo/Downloads/appium-1.8.0-beta3/node_modules/appium-android-bootstrap/bootstrap/bin/AppiumBootstrap.jar /data/local/tmp/' exited with code 1'; Stderr: ''; Code: '1'
    at Object.wrappedLogger.errorAndThrow (/home/trixo/Downloads/appium-1.8.0-beta3/node_modules/appium-support/lib/logging.js:69:13)
    at AndroidBootstrap.start$ (/home/trixo/Downloads/appium-1.8.0-beta3/node_modules/appium-android-bootstrap/lib/bootstrap.js:98:11)
    at tryCatch (/home/trixo/Downloads/appium-1.8.0-beta3/node_modules/babel-runtime/regenerator/runtime.js:67:40)
    at GeneratorFunctionPrototype.invoke [as _invoke] (/home/trixo/Downloads/appium-1.8.0-beta3/node_modules/babel-runtime/regenerator/runtime.js:315:22)
    at GeneratorFunctionPrototype.prototype.(anonymous function) [as throw] (/home/trixo/Downloads/appium-1.8.0-beta3/node_modules/babel-runtime/regenerator/runtime.js:100:21)
    at GeneratorFunctionPrototype.invoke (/home/trixo/Downloads/appium-1.8.0-beta3/node_modules/babel-runtime/regenerator/runtime.js:136:37)
    at <anonymous>
 Error: Error occured while starting AndroidBootstrap. Original error: Error: Error executing adbExec. Original error: 'Command '/home/trixo/Android/Sdk/platform-tools/adb -P 5037 -s localhost\:7401 push /home/trixo/Downloads/appium-1.8.0-beta3/node_modules/appium-android-bootstrap/bootstrap/bin/AppiumBootstrap.jar /data/local/tmp/' exited with code 1'; Stderr: ''; Code: '1'
    at Object.wrappedLogger.errorAndThrow (/home/trixo/Downloads/appium-1.8.0-beta3/node_modules/appium-support/lib/logging.js:69:13)
    at AndroidBootstrap.start$ (/home/trixo/Downloads/appium-1.8.0-beta3/node_modules/appium-android-bootstrap/lib/bootstrap.js:98:11)
    at tryCatch (/home/trixo/Downloads/appium-1.8.0-beta3/node_modules/babel-runtime/regenerator/runtime.js:67:40)
    at GeneratorFunctionPrototype.invoke [as _invoke] (/home/trixo/Downloads/appium-1.8.0-beta3/node_modules/babel-runtime/regenerator/runtime.js:315:22)
    at GeneratorFunctionPrototype.prototype.(anonymous function) [as throw] (/home/trixo/Downloads/appium-1.8.0-beta3/node_modules/babel-runtime/regenerator/runtime.js:100:21)
    at GeneratorFunctionPrototype.invoke (/home/trixo/Downloads/appium-1.8.0-beta3/node_modules/babel-runtime/regenerator/runtime.js:136:37)
    at <anonymous>
2018-03-08 13:23:05:024 - info: [debug] [AndroidDriver] Shutting down Android driver
2018-03-08 13:23:05:024 - info: [debug] [ADB] Getting connected devices...
2018-03-08 13:23:05:032 - info: [debug] [ADB] 0 device(s) connected
2018-03-08 13:23:05:033 - error: [MJSONWP] Encountered internal error running command: Error: Error occured while starting AndroidBootstrap. Original error: Error: Error executing adbExec. Original error: 'Command '/home/trixo/Android/Sdk/platform-tools/adb -P 5037 -s localhost\:7401 push /home/trixo/Downloads/appium-1.8.0-beta3/node_modules/appium-android-bootstrap/bootstrap/bin/AppiumBootstrap.jar /data/local/tmp/' exited with code 1'; Stderr: ''; Code: '1'
    at Object.wrappedLogger.errorAndThrow (/home/trixo/Downloads/appium-1.8.0-beta3/node_modules/appium-support/lib/logging.js:69:13)
    at AndroidBootstrap.start$ (/home/trixo/Downloads/appium-1.8.0-beta3/node_modules/appium-android-bootstrap/lib/bootstrap.js:98:11)
    at tryCatch (/home/trixo/Downloads/appium-1.8.0-beta3/node_modules/babel-runtime/regenerator/runtime.js:67:40)
    at GeneratorFunctionPrototype.invoke [as _invoke] (/home/trixo/Downloads/appium-1.8.0-beta3/node_modules/babel-runtime/regenerator/runtime.js:315:22)
    at GeneratorFunctionPrototype.prototype.(anonymous function) [as throw] (/home/trixo/Downloads/appium-1.8.0-beta3/node_modules/babel-runtime/regenerator/runtime.js:100:21)
    at GeneratorFunctionPrototype.invoke (/home/trixo/Downloads/appium-1.8.0-beta3/node_modules/babel-runtime/regenerator/runtime.js:136:37)
    at <anonymous>
2018-03-08 13:23:05:038 - info: [HTTP] <-- POST /wd/hub/session 500 11597 ms - 507 
2018-03-08 13:23:29:384 - info: [Appium] Received SIGINT - shutting down
