2018-03-08T12:04:14.215Z - info: Test execution started
2018-03-08T12:04:14.216Z - info: Got following options to run{"testID":1040,"testChildren":0,"testName":"Clean Install","UDID":"cd21ccc5","port":4002,"systemPort":8202,"bpPort":6002,"desCaps":{"testName":"Clean Install","testFileName":"CleanInstall","groupTest":false,"desiredCapabilities":{"platformName":"Android","deviceName":"Android","appPackage":"com.gorro.nothing","appActivity":"com.gorro.nothing.NothingActivity","fullReset":false,"noReset":true,"newCommandTimeout":120000,"skipUnlock":true,"androidInstallTimeout":150000},"parameters":{"appPackage":"com.pointvoucher.playlondonpv","activityName":"com.unity3d.player.UnityPlayerActivity","apkFileName":"pl"}},"outputDir":"/home/trixo/Code/javaRewrite/logs/1040_CleanInstall_cd21ccc5"}
2018-03-08T12:04:14.233Z - info: Trying to connect to openSTF with serial number cd21ccc5
2018-03-08T12:04:14.280Z - info: executing command adb connect  localhost:7429
2018-03-08T12:04:14.286Z - info: /home/trixo/Downloads/appium-1.8.0-beta3/build/lib/main.js -p 4002 -bp 6002  --log-timestamp --log /home/trixo/Code/javaRewrite/logs/1040_CleanInstall_cd21ccc5/Appium.log
2018-03-08T12:04:14.287Z - info: Trying to create appium Server on port: 4002
2018-03-08T12:04:16.420Z - info: Appium server created on port: 4002
2018-03-08T12:04:33.778Z - info: Running clean Install test with following paramters, appPackage: com.pointvoucher.playlondonpv activityName: com.unity3d.player.UnityPlayerActivity apkFile: /home/trixo/Code/javaRewrite/Tests/CleanInstall/apk/pl.apk
2018-03-08T12:04:35.528Z - info: App exists in device => trying to remove
2018-03-08T12:04:41.297Z - info: App removed
2018-03-08T12:04:41.298Z - info: Installing app to device /home/trixo/Code/javaRewrite/Tests/CleanInstall/apk/pl.apk
2018-03-08T12:05:34.469Z - info: starting package : com.pointvoucher.playlondonpv with activity name: com.unity3d.player.UnityPlayerActivity
2018-03-08T12:05:38.789Z - info: Running fnPermission with value: true
2018-03-08T12:05:42.161Z - info: Running click event : Close intro Video  with 20repets
2018-03-08T12:05:42.162Z - info: Looking for image on screen:Close intro Video  with 20 repeats 
2018-03-08T12:05:42.163Z - info: Running delay for : 30000
2018-03-08T12:06:12.189Z - info: Running delay for : 0
2018-03-08T12:06:15.421Z - info: Found image on screen: Close intro Video 
2018-03-08T12:06:15.733Z - info: clicked on : Close intro Video  with following coordinates x=507 y=32
2018-03-08T12:06:15.734Z - info: Looking for image on screen:Check if message is there If its there Test Completed with 20 repeats 
2018-03-08T12:06:15.734Z - info: Running delay for : 6000
2018-03-08T12:06:21.735Z - info: Running delay for : 2000
2018-03-08T12:06:26.221Z - info: Running delay for : 2000
2018-03-08T12:06:30.265Z - info: Running delay for : 2000
2018-03-08T12:06:34.675Z - info: Running delay for : 2000
2018-03-08T12:06:38.343Z - info: Running delay for : 2000
2018-03-08T12:06:41.846Z - info: Running delay for : 2000
2018-03-08T12:06:45.931Z - info: Running delay for : 2000
2018-03-08T12:06:49.498Z - info: Found image on screen: Check if message is there If its there Test Completed
2018-03-08T12:06:49.498Z - info: Test:Clean Install[FINISHED]
2018-03-08T12:06:49.498Z - info: Running delay for : 10000
2018-03-08T12:06:59.531Z - info: Disconnected localhost:7429=> open STF 
2018-03-08T12:08:13.385Z - info: Appium on close  null
2018-03-08T12:08:13.399Z - info: Disconnected localhost:7429=> open STF 
