2018-03-08 12:59:59:297 - info: [Appium] Welcome to Appium v1.8.0-beta3
2018-03-08 12:59:59:298 - info: [Appium] Non-default server args:
2018-03-08 12:59:59:299 - info: [Appium]   port: 4002
2018-03-08 12:59:59:299 - info: [Appium]   bootstrapPort: 6002
2018-03-08 12:59:59:299 - info: [Appium]   log: /home/trixo/Code/javaRewrite/logs/1049_CleanInstall_cd21ccc5/Appium.log
2018-03-08 12:59:59:299 - info: [Appium]   logTimestamp: true
2018-03-08 12:59:59:317 - info: [Appium] Appium REST http interface listener started on 0.0.0.0:4002
2018-03-08 12:59:59:347 - info: [HTTP] --> POST /wd/hub/session {"desiredCapabilities":{"javascriptEnabled":true,"locationContextEnabled":true,"handlesAlerts":true,"rotatable":true,"platformName":"Android","deviceName":"Android","appPackage":"com.gorro.nothing","appActivity":"com.gorro.nothing.NothingActivity","fullReset":false,"noReset":true,"newCommandTimeout":120000,"skipUnlock":true,"androidInstallTimeout":150000,"systemPort":8202,"udid":"localhost:7401","requestOrigins":{"url":"http://webdriver.io","version":"4.10.2","name":"webdriverio"}}}
2018-03-08 12:59:59:349 - info: [debug] [MJSONWP] Calling AppiumDriver.createSession() with args: [{"javascriptEnabled":true,"locationContextEnabled":true,"handlesAlerts":true,"rotatable":true,"platformName":"Android","deviceName":"Android","appPackage":"com.gorro.nothing","appActivity":"com.gorro.nothing.NothingActivity","fullReset":false,"noReset":true,"newCommandTimeout":120000,"skipUnlock":true,"androidInstallTimeout":150000,"systemPort":8202,"udid":"localhost:7401","requestOrigins":{"url":"http://webdriver.io","version":"4.10.2","name":"webdriverio"}},null,null]
2018-03-08 12:59:59:350 - info: [debug] [BaseDriver] Event 'newSessionRequested' logged at 1520513999350 (13:59:59 GMT+0100 (CET))
2018-03-08 12:59:59:352 - info: [Appium] Creating new AndroidDriver (v1.40.1) session
2018-03-08 12:59:59:352 - info: [Appium] Capabilities:
2018-03-08 12:59:59:353 - info: [Appium]   javascriptEnabled: true
2018-03-08 12:59:59:353 - info: [Appium]   locationContextEnabled: true
2018-03-08 12:59:59:353 - info: [Appium]   handlesAlerts: true
2018-03-08 12:59:59:353 - info: [Appium]   rotatable: true
2018-03-08 12:59:59:353 - info: [Appium]   platformName: Android
2018-03-08 12:59:59:353 - info: [Appium]   deviceName: Android
2018-03-08 12:59:59:354 - info: [Appium]   appPackage: com.gorro.nothing
2018-03-08 12:59:59:354 - info: [Appium]   appActivity: com.gorro.nothing.NothingActivity
2018-03-08 12:59:59:354 - info: [Appium]   fullReset: false
2018-03-08 12:59:59:354 - info: [Appium]   noReset: true
2018-03-08 12:59:59:354 - info: [Appium]   newCommandTimeout: 120000
2018-03-08 12:59:59:354 - info: [Appium]   skipUnlock: true
2018-03-08 12:59:59:354 - info: [Appium]   androidInstallTimeout: 150000
2018-03-08 12:59:59:355 - info: [Appium]   systemPort: 8202
2018-03-08 12:59:59:355 - info: [Appium]   udid: localhost:7401
2018-03-08 12:59:59:355 - info: [Appium]   requestOrigins: {
2018-03-08 12:59:59:355 - info: [Appium]     url: http://webdriver.io
2018-03-08 12:59:59:355 - info: [Appium]     version: 4.10.2
2018-03-08 12:59:59:355 - info: [Appium]     name: webdriverio
2018-03-08 12:59:59:356 - info: [Appium]   }
2018-03-08 12:59:59:362 - info: [debug] [BaseDriver] 
2018-03-08 12:59:59:362 - info: [debug] [BaseDriver] Creating session with MJSONWP desired capabilities: {"javascriptEnabled":true,"...
2018-03-08 12:59:59:370 - warn: [BaseDriver] The following capabilities were provided, but are not recognized by appium: javascriptEnabled, locationContextEnabled, handlesAlerts, rotatable, systemPort, requestOrigins.
2018-03-08 12:59:59:371 - info: [BaseDriver] Session created with session id: 861cb1a0-09fa-44fc-a06d-580e366874f8
2018-03-08 12:59:59:372 - info: [debug] [AndroidDriver] Getting Java version
2018-03-08 12:59:59:417 - info: [AndroidDriver] Java version is: 1.8.0_151
2018-03-08 12:59:59:420 - info: [ADB] Checking whether adb is present
2018-03-08 12:59:59:427 - info: [ADB] Found 2 'build-tools' folders under '/home/trixo/Android/Sdk' (newest first):
2018-03-08 12:59:59:427 - info: [ADB]     /home/trixo/Android/Sdk/build-tools/27.0.3
2018-03-08 12:59:59:427 - info: [ADB]     /home/trixo/Android/Sdk/build-tools/25.0.0
2018-03-08 12:59:59:428 - info: [ADB] Using adb from /home/trixo/Android/Sdk/platform-tools/adb
2018-03-08 12:59:59:428 - info: [AndroidDriver] Retrieving device list
2018-03-08 12:59:59:428 - info: [debug] [ADB] Trying to find a connected android device
2018-03-08 12:59:59:429 - info: [debug] [ADB] Getting connected devices...
2018-03-08 12:59:59:441 - info: [debug] [ADB] 2 device(s) connected
2018-03-08 12:59:59:441 - info: [AndroidDriver] Using device: localhost:7401
2018-03-08 12:59:59:442 - info: [ADB] Checking whether adb is present
2018-03-08 12:59:59:443 - info: [ADB] Using adb from /home/trixo/Android/Sdk/platform-tools/adb
2018-03-08 12:59:59:443 - info: [debug] [ADB] Setting device id to localhost:7401
2018-03-08 12:59:59:443 - info: [AndroidDriver] App file was not listed, instead we're going to run com.gorro.nothing directly on the device
2018-03-08 12:59:59:444 - info: [debug] [AndroidDriver] Checking whether package is present on the device
2018-03-08 12:59:59:444 - info: [debug] [ADB] Getting connected devices...
2018-03-08 12:59:59:452 - info: [debug] [ADB] 2 device(s) connected
2018-03-08 12:59:59:453 - info: [debug] [ADB] Running '/home/trixo/Android/Sdk/platform-tools/adb' with args: ["-P",5037,"-s","localhost:7401","shell","pm","list","packages","com.gorro.nothing"]
2018-03-08 13:00:01:600 - info: [AndroidDriver] Starting Android session
2018-03-08 13:00:01:604 - info: [debug] [ADB] Running '/home/trixo/Android/Sdk/platform-tools/adb' with args: ["-P",5037,"-s","localhost:7401","wait-for-device"]
2018-03-08 13:00:01:613 - info: [debug] [ADB] Getting connected devices...
2018-03-08 13:00:01:620 - info: [debug] [ADB] 2 device(s) connected
2018-03-08 13:00:01:621 - info: [debug] [ADB] Running '/home/trixo/Android/Sdk/platform-tools/adb' with args: ["-P",5037,"-s","localhost:7401","shell","echo","ping"]
2018-03-08 13:00:01:647 - info: [debug] [AndroidDriver] Pushing settings apk to device...
2018-03-08 13:00:01:649 - info: [debug] [ADB] Getting install status for io.appium.settings
2018-03-08 13:00:01:649 - info: [debug] [ADB] Getting connected devices...
2018-03-08 13:00:01:659 - info: [debug] [ADB] 2 device(s) connected
2018-03-08 13:00:01:659 - info: [debug] [ADB] Running '/home/trixo/Android/Sdk/platform-tools/adb' with args: ["-P",5037,"-s","localhost:7401","shell","pm","list","packages","io.appium.settings"]
2018-03-08 13:00:03:439 - info: [debug] [ADB] App is installed
2018-03-08 13:00:03:440 - info: [debug] [ADB] Getting package info for io.appium.settings
2018-03-08 13:00:03:441 - info: [debug] [ADB] Getting connected devices...
2018-03-08 13:00:03:452 - info: [debug] [ADB] 2 device(s) connected
2018-03-08 13:00:03:453 - info: [debug] [ADB] Running '/home/trixo/Android/Sdk/platform-tools/adb' with args: ["-P",5037,"-s","localhost:7401","shell","dumpsys","package","io.appium.settings"]
2018-03-08 13:00:03:556 - info: [ADB] Checking whether aapt is present
2018-03-08 13:00:03:558 - info: [ADB] Using aapt from /home/trixo/Android/Sdk/build-tools/27.0.3/aapt
2018-03-08 13:00:03:571 - info: [debug] [ADB] The installed 'io.appium.settings' package does not require upgrade ('2.3.0' >= '2.3.0')
2018-03-08 13:00:03:572 - info: [debug] [ADB] Getting connected devices...
2018-03-08 13:00:03:581 - info: [debug] [ADB] 2 device(s) connected
2018-03-08 13:00:03:581 - info: [debug] [ADB] Running '/home/trixo/Android/Sdk/platform-tools/adb' with args: ["-P",5037,"-s","localhost:7401","shell","ps"]
2018-03-08 13:00:03:849 - info: [debug] [AndroidDriver] io.appium.settings is already running. There is no need to reset its permissions.
2018-03-08 13:00:03:851 - info: [debug] [ADB] Getting connected devices...
2018-03-08 13:00:03:864 - info: [debug] [ADB] 2 device(s) connected
2018-03-08 13:00:03:864 - info: [debug] [ADB] Running '/home/trixo/Android/Sdk/platform-tools/adb' with args: ["-P",5037,"-s","localhost:7401","shell","getprop","ro.build.version.sdk"]
2018-03-08 13:00:03:921 - info: [debug] [ADB] Current device property 'ro.build.version.sdk': 23
2018-03-08 13:00:03:921 - info: [debug] [ADB] Device API level: 23
2018-03-08 13:00:03:922 - info: [debug] [ADB] Getting connected devices...
2018-03-08 13:00:03:932 - info: [debug] [ADB] 2 device(s) connected
2018-03-08 13:00:03:933 - info: [debug] [ADB] Running '/home/trixo/Android/Sdk/platform-tools/adb' with args: ["-P",5037,"-s","localhost:7401","shell","appops","set","io.appium.settings","android:mock_location","allow"]
2018-03-08 13:00:06:286 - warn: [AndroidDriver] setDeviceLanguageCountry requires language or country.
2018-03-08 13:00:06:287 - warn: [AndroidDriver] Got language: 'null' and country: 'null'
2018-03-08 13:00:06:288 - info: [debug] [Logcat] Starting logcat capture
2018-03-08 13:00:06:355 - info: [debug] [AndroidDriver] Pushing unlock helper app to device...
2018-03-08 13:00:06:356 - info: [debug] [ADB] Getting install status for io.appium.unlock
2018-03-08 13:00:06:356 - info: [debug] [ADB] Getting connected devices...
2018-03-08 13:00:06:365 - info: [debug] [ADB] 2 device(s) connected
2018-03-08 13:00:06:365 - info: [debug] [ADB] Running '/home/trixo/Android/Sdk/platform-tools/adb' with args: ["-P",5037,"-s","localhost:7401","shell","pm","list","packages","io.appium.unlock"]
2018-03-08 13:00:08:063 - info: [debug] [ADB] App is installed
2018-03-08 13:00:08:063 - info: [debug] [ADB] Getting package info for io.appium.unlock
2018-03-08 13:00:08:064 - info: [debug] [ADB] Getting connected devices...
2018-03-08 13:00:08:073 - info: [debug] [ADB] 2 device(s) connected
2018-03-08 13:00:08:077 - info: [debug] [ADB] Running '/home/trixo/Android/Sdk/platform-tools/adb' with args: ["-P",5037,"-s","localhost:7401","shell","dumpsys","package","io.appium.unlock"]
2018-03-08 13:00:08:145 - info: [ADB] Checking whether aapt is present
2018-03-08 13:00:08:146 - info: [ADB] Using aapt from /home/trixo/Android/Sdk/build-tools/27.0.3/aapt
2018-03-08 13:00:08:156 - info: [debug] [ADB] The installed 'io.appium.unlock' package does not require upgrade ('2.0.0' >= '2.0.0')
2018-03-08 13:00:08:157 - info: [ADB] Getting device platform version
2018-03-08 13:00:08:157 - info: [debug] [ADB] Getting connected devices...
2018-03-08 13:00:08:165 - info: [debug] [ADB] 2 device(s) connected
2018-03-08 13:00:08:166 - info: [debug] [ADB] Running '/home/trixo/Android/Sdk/platform-tools/adb' with args: ["-P",5037,"-s","localhost:7401","shell","getprop","ro.build.version.release"]
2018-03-08 13:00:08:220 - info: [debug] [ADB] Current device property 'ro.build.version.release': 6.0.1
2018-03-08 13:00:08:221 - info: [debug] [ADB] Getting connected devices...
2018-03-08 13:00:08:232 - info: [debug] [ADB] 2 device(s) connected
2018-03-08 13:00:08:233 - info: [debug] [ADB] Running '/home/trixo/Android/Sdk/platform-tools/adb' with args: ["-P",5037,"-s","localhost:7401","shell","wm","size"]
2018-03-08 13:00:10:062 - info: [debug] [ADB] Getting connected devices...
2018-03-08 13:00:10:071 - info: [debug] [ADB] 2 device(s) connected
2018-03-08 13:00:10:071 - info: [debug] [ADB] Running '/home/trixo/Android/Sdk/platform-tools/adb' with args: ["-P",5037,"-s","localhost:7401","shell","getprop","ro.product.model"]
2018-03-08 13:00:10:136 - info: [debug] [ADB] Current device property 'ro.product.model': SM-A300FU
2018-03-08 13:00:10:137 - info: [debug] [ADB] Getting connected devices...
2018-03-08 13:00:10:150 - info: [debug] [ADB] 2 device(s) connected
2018-03-08 13:00:10:150 - info: [debug] [ADB] Running '/home/trixo/Android/Sdk/platform-tools/adb' with args: ["-P",5037,"-s","localhost:7401","shell","getprop","ro.product.manufacturer"]
2018-03-08 13:00:10:215 - info: [debug] [ADB] Current device property 'ro.product.manufacturer': samsung
2018-03-08 13:00:10:217 - warn: [AndroidDriver] No app sent in, not parsing package/activity
2018-03-08 13:00:10:218 - info: [debug] [AndroidDriver] No app capability. Assuming it is already on the device
2018-03-08 13:00:10:219 - info: [debug] [AndroidBootstrap] Watching for bootstrap disconnect
2018-03-08 13:00:10:222 - info: [debug] [ADB] Forwarding system: 6002 to device: 4724
2018-03-08 13:00:10:223 - info: [debug] [ADB] Running '/home/trixo/Android/Sdk/platform-tools/adb' with args: ["-P",5037,"-s","localhost:7401","forward","tcp:6002","tcp:4724"]
2018-03-08 13:00:10:231 - info: [debug] [UiAutomator] Starting UiAutomator
2018-03-08 13:00:10:231 - info: [debug] [UiAutomator] Moving to state 'starting'
2018-03-08 13:00:10:232 - info: [debug] [UiAutomator] Parsing uiautomator jar
2018-03-08 13:00:10:232 - info: [debug] [UiAutomator] Found jar name: 'AppiumBootstrap.jar'
2018-03-08 13:00:10:232 - info: [debug] [ADB] Running '/home/trixo/Android/Sdk/platform-tools/adb' with args: ["-P",5037,"-s","localhost:7401","push","/home/trixo/Downloads/appium-1.8.0-beta3/node_modules/appium-android-bootstrap/bootstrap/bin/AppiumBootstrap.jar","/data/local/tmp/"]
2018-03-08 13:00:10:258 - info: [debug] [ADB] Attempting to kill all uiautomator processes
2018-03-08 13:00:10:259 - info: [debug] [ADB] Getting all processes with uiautomator
2018-03-08 13:00:10:259 - info: [debug] [ADB] Getting connected devices...
2018-03-08 13:00:10:269 - info: [debug] [ADB] 2 device(s) connected
2018-03-08 13:00:10:269 - info: [debug] [ADB] Running '/home/trixo/Android/Sdk/platform-tools/adb' with args: ["-P",5037,"-s","localhost:7401","shell","ps"]
2018-03-08 13:00:10:430 - info: [ADB] No uiautomator process found to kill, continuing...
2018-03-08 13:00:10:431 - info: [debug] [UiAutomator] Starting UIAutomator
2018-03-08 13:00:10:432 - info: [debug] [ADB] Creating ADB subprocess with args: ["-P",5037,"-s","localhost:7401","shell","uiautomator","runtest","AppiumBootstrap.jar","-c","io.appium.android.bootstrap.Bootstrap","-e","pkg","com.gorro.nothing","-e","disableAndroidWatchers",false,"-e","acceptSslCerts",false]
2018-03-08 13:00:12:392 - info: [debug] [UiAutomator] Moving to state 'online'
2018-03-08 13:00:12:394 - info: [AndroidBootstrap] Android bootstrap socket is now connected
2018-03-08 13:00:12:395 - info: [debug] [ADB] Device API level: 23
2018-03-08 13:00:12:395 - info: [debug] [ADB] Getting connected devices...
2018-03-08 13:00:12:401 - info: [debug] [AndroidBootstrap] [BOOTSTRAP LOG] [debug] Registered crash watchers.
2018-03-08 13:00:12:402 - info: [debug] [AndroidBootstrap] [BOOTSTRAP LOG] [debug] Client connected
2018-03-08 13:00:12:402 - info: [debug] [ADB] 2 device(s) connected
2018-03-08 13:00:12:402 - info: [debug] [ADB] Running '/home/trixo/Android/Sdk/platform-tools/adb' with args: ["-P",5037,"-s","localhost:7401","shell","am","start","-W","-n","com.gorro.nothing/com.gorro.nothing.NothingActivity","-S","-a","android.intent.action.MAIN","-c","android.intent.category.LAUNCHER","-f","0x10200000"]
2018-03-08 13:00:15:819 - info: [Appium] New AndroidDriver session created successfully, session 861cb1a0-09fa-44fc-a06d-580e366874f8 added to master session list
2018-03-08 13:00:15:821 - info: [debug] [BaseDriver] Event 'newSessionStarted' logged at 1520514015820 (14:00:15 GMT+0100 (CET))
2018-03-08 13:00:15:824 - info: [debug] [MJSONWP] Responding to client with driver.createSession() result: {"platform":"LINUX","webStorageEnabled":false,"takesScreenshot":true,"javascriptEnabled":true,"databaseEnabled":false,"networkConnectionEnabled":true,"locationContextEnabled":true,"warnings":{},"desired":{"javascriptEnabled":true,"locationContextEnabled":true,"handlesAlerts":true,"rotatable":true,"platformName":"Android","deviceName":"Android","appPackage":"com.gorro.nothing","appActivity":"com.gorro.nothing.NothingActivity","fullReset":false,"noReset":true,"newCommandTimeout":120000,"skipUnlock":true,"androidInstallTimeout":150000,"systemPort":8202,"udid":"localhost:7401","requestOrigins":{"url":"http://webdriver.io","version":"4.10.2","name":"webdriverio"}},"handlesAlerts":true,"rotatable":true,"platformName":"Android","deviceName":"localhost:7401","appPackage":"com.gorro.nothing","appActivity":"com.gorro.nothing.NothingActivity","fullReset":false,"noReset":true,"newCommandTimeout":120000,"skipUnlock":true,"androidInstallTimeout":150000,"systemPort":8202,"udid":"localhost:7401","requestOrigins":{"url":"h...
2018-03-08 13:00:15:832 - info: [HTTP] <-- POST /wd/hub/session 200 16483 ms - 1296 
2018-03-08 13:00:15:838 - info: [HTTP] --> GET /wd/hub/session/861cb1a0-09fa-44fc-a06d-580e366874f8/window/current/size {}
2018-03-08 13:00:15:839 - info: [debug] [MJSONWP] Calling AppiumDriver.getWindowSize() with args: ["current","861cb1a0-09fa-44fc-a06d-580e366874f8"]
2018-03-08 13:00:15:841 - info: [debug] [AndroidBootstrap] Sending command to android: {"cmd":"action","action":"getDeviceSize","params":{}}
2018-03-08 13:00:15:845 - info: [debug] [AndroidBootstrap] [BOOTSTRAP LOG] [debug] Got data from client: {"cmd":"action","action":"getDeviceSize","params":{}}
2018-03-08 13:00:15:845 - info: [debug] [AndroidBootstrap] [BOOTSTRAP LOG] [debug] Got command of type ACTION
2018-03-08 13:00:15:845 - info: [debug] [AndroidBootstrap] [BOOTSTRAP LOG] [debug] Got command action: getDeviceSize
2018-03-08 13:00:15:861 - info: [debug] [AndroidBootstrap] [BOOTSTRAP LOG] [debug] Returning result: {"status":0,"value":{"height":960,"width":540}}
2018-03-08 13:00:15:861 - info: [debug] [AndroidBootstrap] Received command result from bootstrap
2018-03-08 13:00:15:864 - info: [debug] [MJSONWP] Responding to client with driver.getWindowSize() result: {"height":960,"width":540}
2018-03-08 13:00:15:866 - info: [HTTP] <-- GET /wd/hub/session/861cb1a0-09fa-44fc-a06d-580e366874f8/window/current/size 200 26 ms - 98 
2018-03-08 13:00:15:870 - info: [HTTP] --> POST /wd/hub/session/861cb1a0-09fa-44fc-a06d-580e366874f8/appium/device/app_installed {"bundleId":"com.pointvoucher.playlondonpv"}
2018-03-08 13:00:15:873 - info: [debug] [MJSONWP] Calling AppiumDriver.isAppInstalled() with args: ["com.pointvoucher.playlondonpv","861cb1a0-09fa-44fc-a06d-580e366874f8"]
2018-03-08 13:00:15:874 - info: [debug] [ADB] Getting install status for com.pointvoucher.playlondonpv
2018-03-08 13:00:15:875 - info: [debug] [ADB] Getting connected devices...
2018-03-08 13:00:15:882 - info: [debug] [ADB] 2 device(s) connected
2018-03-08 13:00:15:882 - info: [debug] [ADB] Running '/home/trixo/Android/Sdk/platform-tools/adb' with args: ["-P",5037,"-s","localhost:7401","shell","pm","list","packages","com.pointvoucher.playlondonpv"]
2018-03-08 13:00:17:631 - info: [debug] [ADB] App is installed
2018-03-08 13:00:17:632 - info: [debug] [MJSONWP] Responding to client with driver.isAppInstalled() result: true
2018-03-08 13:00:17:635 - info: [HTTP] <-- POST /wd/hub/session/861cb1a0-09fa-44fc-a06d-580e366874f8/appium/device/app_installed 200 1763 ms - 76 
2018-03-08 13:00:17:638 - info: [HTTP] --> POST /wd/hub/session/861cb1a0-09fa-44fc-a06d-580e366874f8/appium/device/remove_app {"bundleId":"com.pointvoucher.playlondonpv"}
2018-03-08 13:00:17:638 - info: [debug] [MJSONWP] Calling AppiumDriver.removeApp() with args: ["com.pointvoucher.playlondonpv",null,null,null,"861cb1a0-09fa-44fc-a06d-580e366874f8"]
2018-03-08 13:00:17:640 - info: [debug] [ADB] Uninstalling com.pointvoucher.playlondonpv
2018-03-08 13:00:17:641 - info: [debug] [ADB] Getting install status for com.pointvoucher.playlondonpv
2018-03-08 13:00:17:641 - info: [debug] [ADB] Getting connected devices...
2018-03-08 13:00:17:647 - info: [debug] [ADB] 2 device(s) connected
2018-03-08 13:00:17:648 - info: [debug] [ADB] Running '/home/trixo/Android/Sdk/platform-tools/adb' with args: ["-P",5037,"-s","localhost:7401","shell","pm","list","packages","com.pointvoucher.playlondonpv"]
2018-03-08 13:00:19:368 - info: [debug] [ADB] App is installed
2018-03-08 13:00:19:370 - info: [debug] [ADB] Getting connected devices...
2018-03-08 13:00:19:381 - info: [debug] [ADB] 2 device(s) connected
2018-03-08 13:00:19:382 - info: [debug] [ADB] Running '/home/trixo/Android/Sdk/platform-tools/adb' with args: ["-P",5037,"-s","localhost:7401","shell","am","force-stop","com.pointvoucher.playlondonpv"]
2018-03-08 13:00:21:195 - info: [debug] [ADB] Running '/home/trixo/Android/Sdk/platform-tools/adb' with args: ["-P",5037,"-s","localhost:7401","uninstall","com.pointvoucher.playlondonpv"]
2018-03-08 13:00:23:790 - info: [debug] [ADB] 'adb uninstall com.pointvoucher.playlondonpv' command output: Success
2018-03-08 13:00:23:790 - info: [ADB] com.pointvoucher.playlondonpv was successfully uninstalled
2018-03-08 13:00:23:791 - info: [debug] [MJSONWP] Responding to client with driver.removeApp() result: true
2018-03-08 13:00:23:796 - info: [HTTP] <-- POST /wd/hub/session/861cb1a0-09fa-44fc-a06d-580e366874f8/appium/device/remove_app 200 6154 ms - 76 
2018-03-08 13:00:23:799 - info: [HTTP] --> POST /wd/hub/session/861cb1a0-09fa-44fc-a06d-580e366874f8/appium/device/install_app {"appPath":"/home/trixo/Code/javaRewrite/Tests/CleanInstall/apk/pl.apk"}
2018-03-08 13:00:23:799 - info: [debug] [MJSONWP] Calling AppiumDriver.installApp() with args: ["/home/trixo/Code/javaRewrite/Tests/CleanInstall/apk/pl.apk",null,null,null,"861cb1a0-09fa-44fc-a06d-580e366874f8"]
2018-03-08 13:00:23:800 - info: [BaseDriver] Using local app '/home/trixo/Code/javaRewrite/Tests/CleanInstall/apk/pl.apk'
2018-03-08 13:00:23:802 - info: [debug] [ADB] Running '/home/trixo/Android/Sdk/platform-tools/adb' with args: ["-P",5037,"-s","localhost:7401","install","-r","/home/trixo/Code/javaRewrite/Tests/CleanInstall/apk/pl.apk"]
2018-03-08 13:00:27:324 - info: [Appium] Received SIGINT - shutting down
2018-03-08 13:00:27:328 - error: [Logcat] Logcat terminated with code null, signal SIGINT
2018-03-08 13:00:27:329 - error: [UiAutomator] UiAutomator exited unexpectedly with code null, signal SIGINT
2018-03-08 13:00:27:329 - info: [debug] [UiAutomator] Moving to state 'stopped'
2018-03-08 13:00:27:341 - info: [debug] [AndroidDriver] Shutting down Android driver
2018-03-08 13:00:27:344 - info: [debug] [ADB] Running '/home/trixo/Android/Sdk/platform-tools/adb' with args: ["-P",5037,"-s","localhost:7401","install","-r","/home/trixo/Code/javaRewrite/Tests/CleanInstall/apk/pl.apk"]
2018-03-08 13:00:27:352 - info: [debug] [ADB] Getting connected devices...
2018-03-08 13:00:27:361 - warn: [Appium] Closing session, cause was 'UiAUtomator shut down unexpectedly'
2018-03-08 13:00:27:362 - info: [Appium] Removing session 861cb1a0-09fa-44fc-a06d-580e366874f8 from our master session list
2018-03-08 13:00:27:362 - info: [debug] [ADB] 1 device(s) connected
2018-03-08 13:00:27:363 - info: [debug] [ADB] Running '/home/trixo/Android/Sdk/platform-tools/adb' with args: ["-P",5037,"-s","localhost:7401","shell","am","force-stop","com.gorro.nothing"]
2018-03-08 13:00:27:371 - info: [debug] [ADB] Running '/home/trixo/Android/Sdk/platform-tools/adb' with args: ["-P",5037,"-s","localhost:7401","shell","am","force-stop","com.gorro.nothing"]
2018-03-08 13:00:35:420 - error: [MJSONWP] Encountered internal error running command: Error: Error executing adbExec. Original error: 'Command '/home/trixo/Android/Sdk/platform-tools/adb -P 5037 -s localhost\:7401 install -r /home/trixo/Code/javaRewrite/Tests/CleanInstall/apk/pl.apk' exited with code 255'; Stderr: 'error: device 'localhost:7401' not found
- waiting for device -'; Code: '255'
    at ADB.execFunc$ (/home/trixo/Downloads/appium-1.8.0-beta3/node_modules/appium-adb/lib/tools/system-calls.js:317:13)
    at tryCatch (/home/trixo/Downloads/appium-1.8.0-beta3/node_modules/babel-runtime/regenerator/runtime.js:67:40)
    at GeneratorFunctionPrototype.invoke [as _invoke] (/home/trixo/Downloads/appium-1.8.0-beta3/node_modules/babel-runtime/regenerator/runtime.js:315:22)
    at GeneratorFunctionPrototype.prototype.(anonymous function) [as throw] (/home/trixo/Downloads/appium-1.8.0-beta3/node_modules/babel-runtime/regenerator/runtime.js:100:21)
    at GeneratorFunctionPrototype.invoke (/home/trixo/Downloads/appium-1.8.0-beta3/node_modules/babel-runtime/regenerator/runtime.js:136:37)
    at <anonymous>
2018-03-08 13:00:35:421 - info: [HTTP] <-- POST /wd/hub/session/861cb1a0-09fa-44fc-a06d-580e366874f8/appium/device/install_app 500 11622 ms - 474 
2018-03-08 13:00:35:426 - info: [HTTP] --> DELETE /wd/hub/session/861cb1a0-09fa-44fc-a06d-580e366874f8 {}
2018-03-08 13:00:35:427 - info: [HTTP] <-- DELETE /wd/hub/session/861cb1a0-09fa-44fc-a06d-580e366874f8 404 2 ms - 131 
