2018-03-08T13:30:22.638Z - info: Test execution started
2018-03-08T13:30:22.639Z - info: Got following options to run{"testID":1055,"testChildren":3,"testName":"Play London Shop","UDID":"cd21ccc5","port":4005,"systemPort":8205,"bpPort":6005,"desCaps":{"testName":"Play London Shop","testFileName":"PlayLondonShop","groupTest":false,"desiredCapabilities":{"platformName":"Android","deviceName":"Android","appPackage":"com.pointvoucher.playlondonpv","appActivity":"com.unity3d.player.UnityPlayerActivity","fullReset":false,"noReset":true,"newCommandTimeout":120000,"skipUnlock":true},"parameters":{}},"outputDir":"/home/trixo/Code/javaRewrite/logs/1055_PlayLondonShop_cd21ccc5"}
2018-03-08T13:30:22.750Z - info: Trying to connect to openSTF with serial number cd21ccc5
2018-03-08T13:30:22.801Z - info: executing command adb connect  localhost:7401
2018-03-08T13:30:22.809Z - info: /home/trixo/Downloads/appium-1.8.0-beta3/build/lib/main.js -p 4005 -bp 6005  --log-timestamp --log /home/trixo/Code/javaRewrite/logs/1055_PlayLondonShop_cd21ccc5/Appium.log
2018-03-08T13:30:22.809Z - info: Trying to create appium Server on port: 4005
2018-03-08T13:30:24.995Z - info: Appium server created on port: 4005
2018-03-08T13:30:42.372Z - info: Play london shop test
2018-03-08T13:30:42.401Z - info: Looking for image on screen:If on screen then app Loaded,Logout state true with 20 repeats 
2018-03-08T13:30:42.401Z - info: Running delay for : 4000
2018-03-08T13:30:46.407Z - info: Running delay for : 2000
2018-03-08T13:30:49.263Z - info: Running delay for : 2000
2018-03-08T13:30:52.132Z - info: Running delay for : 2000
2018-03-08T13:30:55.007Z - info: Running delay for : 2000
2018-03-08T13:30:57.775Z - info: Running delay for : 2000
2018-03-08T13:31:00.541Z - info: Running delay for : 2000
2018-03-08T13:31:03.640Z - info: Running delay for : 2000
2018-03-08T13:31:07.240Z - info: Running delay for : 2000
2018-03-08T13:31:10.246Z - info: Running delay for : 2000
2018-03-08T13:31:14.663Z - info: Running delay for : 2000
2018-03-08T13:31:18.187Z - info: Running delay for : 2000
2018-03-08T13:31:23.118Z - info: Found image on screen: If on screen then app Loaded,Logout state true
2018-03-08T13:31:23.119Z - info: Running click event : Click Login button with 5repets
2018-03-08T13:31:23.119Z - info: Looking for image on screen:Click Login button with 5 repeats 
2018-03-08T13:31:23.119Z - info: Running delay for : 2000
2018-03-08T13:31:25.121Z - info: Running delay for : 0
2018-03-08T13:31:27.850Z - info: Found image on screen: Click Login button
2018-03-08T13:31:28.076Z - info: clicked on : Click Login button with following coordinates x=477 y=29.5
2018-03-08T13:31:28.077Z - info: Running click event : Click Email Login button with 5repets
2018-03-08T13:31:28.077Z - info: Looking for image on screen:Click Email Login button with 5 repeats 
2018-03-08T13:31:28.077Z - info: Running delay for : 2000
2018-03-08T13:31:30.080Z - info: Running delay for : 0
2018-03-08T13:31:31.322Z - info: Found image on screen: Click Email Login button
2018-03-08T13:31:31.467Z - info: clicked on : Click Email Login button with following coordinates x=151 y=812
2018-03-08T13:31:31.467Z - info: Running click event : Click Yes age button with 5repets
2018-03-08T13:31:31.467Z - info: Looking for image on screen:Click Yes age button with 5 repeats 
2018-03-08T13:31:31.467Z - info: Running delay for : 2000
2018-03-08T13:31:33.470Z - info: Running delay for : 0
2018-03-08T13:31:34.411Z - info: Found image on screen: Click Yes age button
2018-03-08T13:31:34.549Z - info: clicked on : Click Yes age button with following coordinates x=271 y=585
2018-03-08T13:31:34.549Z - info: Running click event : Click on Enter Email field with 5repets
2018-03-08T13:31:34.549Z - info: Looking for image on screen:Click on Enter Email field with 5 repeats 
2018-03-08T13:31:34.550Z - info: Running delay for : 2000
2018-03-08T13:31:36.552Z - info: Running delay for : 0
2018-03-08T13:31:37.330Z - info: Found image on screen: Click on Enter Email field
2018-03-08T13:31:37.569Z - info: clicked on : Click on Enter Email field with following coordinates x=272 y=456.5
2018-03-08T13:31:42.921Z - info: Running clear keyboard (click on x0y0
2018-03-08T13:31:43.078Z - info: Keyboard cleared
2018-03-08T13:31:43.078Z - info: Running click event : Next email with 5repets
2018-03-08T13:31:43.078Z - info: Looking for image on screen:Next email with 5 repeats 
2018-03-08T13:31:43.078Z - info: Running delay for : 500
2018-03-08T13:31:43.580Z - info: Running delay for : 0
2018-03-08T13:31:44.379Z - info: Found image on screen: Next email
2018-03-08T13:31:44.531Z - info: clicked on : Next email with following coordinates x=401 y=597.5
2018-03-08T13:31:44.531Z - info: Running click event : Click on Enter Password field with 5repets
2018-03-08T13:31:44.531Z - info: Looking for image on screen:Click on Enter Password field with 5 repeats 
2018-03-08T13:31:44.531Z - info: Running delay for : 2000
2018-03-08T13:31:46.533Z - info: Running delay for : 0
2018-03-08T13:31:47.328Z - info: Found image on screen: Click on Enter Password field
2018-03-08T13:31:47.487Z - info: clicked on : Click on Enter Password field with following coordinates x=270 y=462
2018-03-08T13:31:51.762Z - info: Running clear keyboard (click on x0y0
2018-03-08T13:31:51.941Z - info: Keyboard cleared
2018-03-08T13:31:51.941Z - info: Running click event : Next password with 5repets
2018-03-08T13:31:51.941Z - info: Looking for image on screen:Next password with 5 repeats 
2018-03-08T13:31:51.941Z - info: Running delay for : 100
2018-03-08T13:31:52.041Z - info: Running delay for : 0
2018-03-08T13:31:52.781Z - info: Found image on screen: Next password
2018-03-08T13:31:52.927Z - info: clicked on : Next password with following coordinates x=399 y=657.5
2018-03-08T13:31:52.927Z - info: Looking for image on screen:If 0 coins then looged in with 20 repeats 
2018-03-08T13:31:52.927Z - info: Running delay for : 1000
2018-03-08T13:31:53.928Z - info: Running delay for : 0
2018-03-08T13:31:56.659Z - info: Running delay for : 0
2018-03-08T13:31:59.601Z - info: Running delay for : 0
2018-03-08T13:32:02.708Z - info: Running delay for : 0
2018-03-08T13:32:05.756Z - info: Running delay for : 0
2018-03-08T13:32:08.820Z - info: Running delay for : 0
2018-03-08T13:32:11.729Z - info: Running delay for : 0
2018-03-08T13:32:14.752Z - info: Running delay for : 0
2018-03-08T13:32:17.582Z - info: Running delay for : 0
2018-03-08T13:32:20.501Z - info: Running delay for : 0
2018-03-08T13:32:23.317Z - info: Running delay for : 0
2018-03-08T13:32:26.234Z - info: Running delay for : 0
2018-03-08T13:32:29.125Z - info: Running delay for : 0
2018-03-08T13:32:31.937Z - info: Running delay for : 0
2018-03-08T13:32:34.965Z - info: Running delay for : 0
2018-03-08T13:32:37.866Z - info: Running delay for : 0
2018-03-08T13:32:40.848Z - info: Running delay for : 0
2018-03-08T13:32:43.773Z - info: Running delay for : 0
2018-03-08T13:32:46.681Z - info: Running delay for : 0
2018-03-08T13:32:49.513Z - info: Running delay for : 0
2018-03-08T13:32:52.460Z - info: Looking for image on screen #20
2018-03-08T13:32:52.461Z - info: ERROR[MyERr]: TEST FINISHED WITH ERROR: Object not found : If 0 coins then looged in
2018-03-08T13:32:52.481Z - info: Disconnected localhost:7401=> open STF 
