2018-03-08T13:14:34.056Z - info: Test execution started
2018-03-08T13:14:34.057Z - info: Got following options to run{"testID":1053,"testChildren":0,"testName":"Clean Install","UDID":"cd21ccc5","port":4002,"systemPort":8202,"bpPort":6002,"desCaps":{"testName":"Clean Install","testFileName":"CleanInstall","groupTest":false,"desiredCapabilities":{"platformName":"Android","deviceName":"Android","appPackage":"com.gorro.nothing","appActivity":"com.gorro.nothing.NothingActivity","fullReset":false,"noReset":true,"newCommandTimeout":120000,"skipUnlock":true,"androidInstallTimeout":150000},"parameters":{"appPackage":"com.pointvoucher.playlondonpv","activityName":"com.unity3d.player.UnityPlayerActivity","apkFileName":"pl"}},"outputDir":"/home/trixo/Code/javaRewrite/logs/1053_CleanInstall_cd21ccc5"}
2018-03-08T13:14:34.078Z - info: Trying to connect to openSTF with serial number cd21ccc5
2018-03-08T13:14:34.135Z - info: executing command adb connect  localhost:7401
2018-03-08T13:14:34.141Z - info: /home/trixo/Downloads/appium-1.8.0-beta3/build/lib/main.js -p 4002 -bp 6002  --log-timestamp --log /home/trixo/Code/javaRewrite/logs/1053_CleanInstall_cd21ccc5/Appium.log
2018-03-08T13:14:34.142Z - info: Trying to create appium Server on port: 4002
2018-03-08T13:14:36.502Z - info: Appium server created on port: 4002
2018-03-08T13:14:52.437Z - info: Running clean Install test with following paramters, appPackage: com.pointvoucher.playlondonpv activityName: com.unity3d.player.UnityPlayerActivity apkFile: /home/trixo/Code/javaRewrite/Tests/CleanInstall/apk/pl.apk
2018-03-08T13:14:54.255Z - info: App exists in device => trying to remove
2018-03-08T13:15:00.254Z - info: App removed
2018-03-08T13:15:00.255Z - info: Installing app to device /home/trixo/Code/javaRewrite/Tests/CleanInstall/apk/pl.apk
2018-03-08T13:15:52.293Z - info: starting package : com.pointvoucher.playlondonpv with activity name: com.unity3d.player.UnityPlayerActivity
2018-03-08T13:15:56.214Z - info: Running fnPermission with value: true
2018-03-08T13:15:59.557Z - info: Running click event : Close intro Video  with 20repets
2018-03-08T13:15:59.558Z - info: Looking for image on screen:Close intro Video  with 20 repeats 
2018-03-08T13:15:59.558Z - info: Running delay for : 30000
2018-03-08T13:16:29.578Z - info: Running delay for : 0
2018-03-08T13:16:32.220Z - info: Found image on screen: Close intro Video 
2018-03-08T13:16:32.484Z - info: clicked on : Close intro Video  with following coordinates x=507 y=32
2018-03-08T13:16:32.484Z - info: Looking for image on screen:Check if message is there If its there Test Completed with 20 repeats 
2018-03-08T13:16:32.484Z - info: Running delay for : 6000
2018-03-08T13:16:38.486Z - info: Running delay for : 2000
2018-03-08T13:16:42.480Z - info: Running delay for : 2000
2018-03-08T13:16:46.434Z - info: Running delay for : 2000
2018-03-08T13:16:50.960Z - info: Running delay for : 2000
2018-03-08T13:16:54.622Z - info: Running delay for : 2000
2018-03-08T13:16:58.185Z - info: Running delay for : 2000
2018-03-08T13:17:02.043Z - info: Found image on screen: Check if message is there If its there Test Completed
2018-03-08T13:17:02.043Z - info: Test:Clean Install[FINISHED]
2018-03-08T13:17:02.044Z - info: Running delay for : 10000
2018-03-08T13:17:12.074Z - info: Disconnected localhost:7401=> open STF 
2018-03-08T13:22:41.539Z - info: Appium on close  null
2018-03-08T13:22:41.556Z - info: You are not owner of localhost:7401 => open STF 
2018-03-08T13:22:41.556Z - info: You are not owner of localhost:7401 => open STF 
