2018-03-08 12:50:55:695 - info: [Appium] Welcome to Appium v1.8.0-beta3
2018-03-08 12:50:55:696 - info: [Appium] Non-default server args:
2018-03-08 12:50:55:697 - info: [Appium]   port: 4002
2018-03-08 12:50:55:697 - info: [Appium]   bootstrapPort: 6002
2018-03-08 12:50:55:697 - info: [Appium]   log: /home/trixo/Code/javaRewrite/logs/1047_CleanInstall_cd21ccc5/Appium.log
2018-03-08 12:50:55:697 - info: [Appium]   logTimestamp: true
2018-03-08 12:50:55:713 - info: [Appium] Appium REST http interface listener started on 0.0.0.0:4002
2018-03-08 12:50:55:741 - info: [HTTP] --> POST /wd/hub/session {"desiredCapabilities":{"javascriptEnabled":true,"locationContextEnabled":true,"handlesAlerts":true,"rotatable":true,"platformName":"Android","deviceName":"Android","appPackage":"com.gorro.nothing","appActivity":"com.gorro.nothing.NothingActivity","fullReset":false,"noReset":true,"newCommandTimeout":120000,"skipUnlock":true,"androidInstallTimeout":150000,"systemPort":8202,"udid":"localhost:7429","requestOrigins":{"url":"http://webdriver.io","version":"4.10.2","name":"webdriverio"}}}
2018-03-08 12:50:55:743 - info: [debug] [MJSONWP] Calling AppiumDriver.createSession() with args: [{"javascriptEnabled":true,"locationContextEnabled":true,"handlesAlerts":true,"rotatable":true,"platformName":"Android","deviceName":"Android","appPackage":"com.gorro.nothing","appActivity":"com.gorro.nothing.NothingActivity","fullReset":false,"noReset":true,"newCommandTimeout":120000,"skipUnlock":true,"androidInstallTimeout":150000,"systemPort":8202,"udid":"localhost:7429","requestOrigins":{"url":"http://webdriver.io","version":"4.10.2","name":"webdriverio"}},null,null]
2018-03-08 12:50:55:744 - info: [debug] [BaseDriver] Event 'newSessionRequested' logged at 1520513455744 (13:50:55 GMT+0100 (CET))
2018-03-08 12:50:55:746 - info: [Appium] Creating new AndroidDriver (v1.40.1) session
2018-03-08 12:50:55:746 - info: [Appium] Capabilities:
2018-03-08 12:50:55:746 - info: [Appium]   javascriptEnabled: true
2018-03-08 12:50:55:746 - info: [Appium]   locationContextEnabled: true
2018-03-08 12:50:55:746 - info: [Appium]   handlesAlerts: true
2018-03-08 12:50:55:747 - info: [Appium]   rotatable: true
2018-03-08 12:50:55:747 - info: [Appium]   platformName: Android
2018-03-08 12:50:55:747 - info: [Appium]   deviceName: Android
2018-03-08 12:50:55:747 - info: [Appium]   appPackage: com.gorro.nothing
2018-03-08 12:50:55:747 - info: [Appium]   appActivity: com.gorro.nothing.NothingActivity
2018-03-08 12:50:55:747 - info: [Appium]   fullReset: false
2018-03-08 12:50:55:747 - info: [Appium]   noReset: true
2018-03-08 12:50:55:748 - info: [Appium]   newCommandTimeout: 120000
2018-03-08 12:50:55:748 - info: [Appium]   skipUnlock: true
2018-03-08 12:50:55:748 - info: [Appium]   androidInstallTimeout: 150000
2018-03-08 12:50:55:748 - info: [Appium]   systemPort: 8202
2018-03-08 12:50:55:748 - info: [Appium]   udid: localhost:7429
2018-03-08 12:50:55:748 - info: [Appium]   requestOrigins: {
2018-03-08 12:50:55:748 - info: [Appium]     url: http://webdriver.io
2018-03-08 12:50:55:749 - info: [Appium]     version: 4.10.2
2018-03-08 12:50:55:749 - info: [Appium]     name: webdriverio
2018-03-08 12:50:55:749 - info: [Appium]   }
2018-03-08 12:50:55:753 - info: [debug] [BaseDriver] 
2018-03-08 12:50:55:753 - info: [debug] [BaseDriver] Creating session with MJSONWP desired capabilities: {"javascriptEnabled":true,"...
2018-03-08 12:50:55:758 - warn: [BaseDriver] The following capabilities were provided, but are not recognized by appium: javascriptEnabled, locationContextEnabled, handlesAlerts, rotatable, systemPort, requestOrigins.
2018-03-08 12:50:55:759 - info: [BaseDriver] Session created with session id: 2309cf16-611c-46f5-8032-4b64e3c7a80e
2018-03-08 12:50:55:759 - info: [debug] [AndroidDriver] Getting Java version
2018-03-08 12:50:56:085 - info: [AndroidDriver] Java version is: 1.8.0_151
2018-03-08 12:50:56:088 - info: [ADB] Checking whether adb is present
2018-03-08 12:50:56:094 - info: [ADB] Found 2 'build-tools' folders under '/home/trixo/Android/Sdk' (newest first):
2018-03-08 12:50:56:094 - info: [ADB]     /home/trixo/Android/Sdk/build-tools/27.0.3
2018-03-08 12:50:56:094 - info: [ADB]     /home/trixo/Android/Sdk/build-tools/25.0.0
2018-03-08 12:50:56:095 - info: [ADB] Using adb from /home/trixo/Android/Sdk/platform-tools/adb
2018-03-08 12:50:56:095 - info: [AndroidDriver] Retrieving device list
2018-03-08 12:50:56:096 - info: [debug] [ADB] Trying to find a connected android device
2018-03-08 12:50:56:096 - info: [debug] [ADB] Getting connected devices...
2018-03-08 12:50:56:105 - info: [debug] [ADB] 2 device(s) connected
2018-03-08 12:50:56:105 - info: [AndroidDriver] Using device: localhost:7429
2018-03-08 12:50:56:106 - info: [ADB] Checking whether adb is present
2018-03-08 12:50:56:107 - info: [ADB] Using adb from /home/trixo/Android/Sdk/platform-tools/adb
2018-03-08 12:50:56:107 - info: [debug] [ADB] Setting device id to localhost:7429
2018-03-08 12:50:56:107 - info: [AndroidDriver] App file was not listed, instead we're going to run com.gorro.nothing directly on the device
2018-03-08 12:50:56:108 - info: [debug] [AndroidDriver] Checking whether package is present on the device
2018-03-08 12:50:56:108 - info: [debug] [ADB] Getting connected devices...
2018-03-08 12:50:56:116 - info: [debug] [ADB] 2 device(s) connected
2018-03-08 12:50:56:118 - info: [debug] [ADB] Running '/home/trixo/Android/Sdk/platform-tools/adb' with args: ["-P",5037,"-s","localhost:7429","shell","pm","list","packages","com.gorro.nothing"]
2018-03-08 12:50:58:280 - info: [AndroidDriver] Starting Android session
2018-03-08 12:50:58:282 - info: [debug] [ADB] Running '/home/trixo/Android/Sdk/platform-tools/adb' with args: ["-P",5037,"-s","localhost:7429","wait-for-device"]
2018-03-08 12:50:58:296 - info: [debug] [ADB] Getting connected devices...
2018-03-08 12:50:58:304 - info: [debug] [ADB] 2 device(s) connected
2018-03-08 12:50:58:304 - info: [debug] [ADB] Running '/home/trixo/Android/Sdk/platform-tools/adb' with args: ["-P",5037,"-s","localhost:7429","shell","echo","ping"]
2018-03-08 12:50:58:335 - info: [debug] [AndroidDriver] Pushing settings apk to device...
2018-03-08 12:50:58:337 - info: [debug] [ADB] Getting install status for io.appium.settings
2018-03-08 12:50:58:338 - info: [debug] [ADB] Getting connected devices...
2018-03-08 12:50:58:347 - info: [debug] [ADB] 2 device(s) connected
2018-03-08 12:50:58:347 - info: [debug] [ADB] Running '/home/trixo/Android/Sdk/platform-tools/adb' with args: ["-P",5037,"-s","localhost:7429","shell","pm","list","packages","io.appium.settings"]
2018-03-08 12:50:59:983 - info: [debug] [ADB] App is installed
2018-03-08 12:50:59:984 - info: [debug] [ADB] Getting package info for io.appium.settings
2018-03-08 12:50:59:985 - info: [debug] [ADB] Getting connected devices...
2018-03-08 12:50:59:994 - info: [debug] [ADB] 2 device(s) connected
2018-03-08 12:50:59:994 - info: [debug] [ADB] Running '/home/trixo/Android/Sdk/platform-tools/adb' with args: ["-P",5037,"-s","localhost:7429","shell","dumpsys","package","io.appium.settings"]
2018-03-08 12:51:00:064 - info: [ADB] Checking whether aapt is present
2018-03-08 12:51:00:066 - info: [ADB] Using aapt from /home/trixo/Android/Sdk/build-tools/27.0.3/aapt
2018-03-08 12:51:00:079 - info: [debug] [ADB] The installed 'io.appium.settings' package does not require upgrade ('2.3.0' >= '2.3.0')
2018-03-08 12:51:00:080 - info: [debug] [ADB] Getting connected devices...
2018-03-08 12:51:00:088 - info: [debug] [ADB] 2 device(s) connected
2018-03-08 12:51:00:089 - info: [debug] [ADB] Running '/home/trixo/Android/Sdk/platform-tools/adb' with args: ["-P",5037,"-s","localhost:7429","shell","ps"]
2018-03-08 12:51:00:306 - info: [debug] [AndroidDriver] io.appium.settings is already running. There is no need to reset its permissions.
2018-03-08 12:51:00:309 - info: [debug] [ADB] Getting connected devices...
2018-03-08 12:51:00:318 - info: [debug] [ADB] 2 device(s) connected
2018-03-08 12:51:00:319 - info: [debug] [ADB] Running '/home/trixo/Android/Sdk/platform-tools/adb' with args: ["-P",5037,"-s","localhost:7429","shell","getprop","ro.build.version.sdk"]
2018-03-08 12:51:00:371 - info: [debug] [ADB] Current device property 'ro.build.version.sdk': 23
2018-03-08 12:51:00:372 - info: [debug] [ADB] Device API level: 23
2018-03-08 12:51:00:372 - info: [debug] [ADB] Getting connected devices...
2018-03-08 12:51:00:383 - info: [debug] [ADB] 2 device(s) connected
2018-03-08 12:51:00:384 - info: [debug] [ADB] Running '/home/trixo/Android/Sdk/platform-tools/adb' with args: ["-P",5037,"-s","localhost:7429","shell","appops","set","io.appium.settings","android:mock_location","allow"]
2018-03-08 12:51:02:247 - warn: [AndroidDriver] setDeviceLanguageCountry requires language or country.
2018-03-08 12:51:02:248 - warn: [AndroidDriver] Got language: 'null' and country: 'null'
2018-03-08 12:51:02:250 - info: [debug] [Logcat] Starting logcat capture
2018-03-08 12:51:02:313 - info: [debug] [AndroidDriver] Pushing unlock helper app to device...
2018-03-08 12:51:02:314 - info: [debug] [ADB] Getting install status for io.appium.unlock
2018-03-08 12:51:02:314 - info: [debug] [ADB] Getting connected devices...
2018-03-08 12:51:02:326 - info: [debug] [ADB] 2 device(s) connected
2018-03-08 12:51:02:326 - info: [debug] [ADB] Running '/home/trixo/Android/Sdk/platform-tools/adb' with args: ["-P",5037,"-s","localhost:7429","shell","pm","list","packages","io.appium.unlock"]
2018-03-08 12:51:04:374 - info: [debug] [ADB] App is installed
2018-03-08 12:51:04:375 - info: [debug] [ADB] Getting package info for io.appium.unlock
2018-03-08 12:51:04:376 - info: [debug] [ADB] Getting connected devices...
2018-03-08 12:51:04:387 - info: [debug] [ADB] 2 device(s) connected
2018-03-08 12:51:04:387 - info: [debug] [ADB] Running '/home/trixo/Android/Sdk/platform-tools/adb' with args: ["-P",5037,"-s","localhost:7429","shell","dumpsys","package","io.appium.unlock"]
2018-03-08 12:51:04:461 - info: [ADB] Checking whether aapt is present
2018-03-08 12:51:04:463 - info: [ADB] Using aapt from /home/trixo/Android/Sdk/build-tools/27.0.3/aapt
2018-03-08 12:51:04:473 - info: [debug] [ADB] The installed 'io.appium.unlock' package does not require upgrade ('2.0.0' >= '2.0.0')
2018-03-08 12:51:04:474 - info: [ADB] Getting device platform version
2018-03-08 12:51:04:474 - info: [debug] [ADB] Getting connected devices...
2018-03-08 12:51:04:483 - info: [debug] [ADB] 2 device(s) connected
2018-03-08 12:51:04:483 - info: [debug] [ADB] Running '/home/trixo/Android/Sdk/platform-tools/adb' with args: ["-P",5037,"-s","localhost:7429","shell","getprop","ro.build.version.release"]
2018-03-08 12:51:04:534 - info: [debug] [ADB] Current device property 'ro.build.version.release': 6.0.1
2018-03-08 12:51:04:535 - info: [debug] [ADB] Getting connected devices...
2018-03-08 12:51:04:546 - info: [debug] [ADB] 2 device(s) connected
2018-03-08 12:51:04:546 - info: [debug] [ADB] Running '/home/trixo/Android/Sdk/platform-tools/adb' with args: ["-P",5037,"-s","localhost:7429","shell","wm","size"]
2018-03-08 12:51:06:387 - info: [debug] [ADB] Getting connected devices...
2018-03-08 12:51:06:401 - info: [debug] [ADB] 2 device(s) connected
2018-03-08 12:51:06:401 - info: [debug] [ADB] Running '/home/trixo/Android/Sdk/platform-tools/adb' with args: ["-P",5037,"-s","localhost:7429","shell","getprop","ro.product.model"]
2018-03-08 12:51:06:476 - info: [debug] [ADB] Current device property 'ro.product.model': SM-A300FU
2018-03-08 12:51:06:477 - info: [debug] [ADB] Getting connected devices...
2018-03-08 12:51:06:491 - info: [debug] [ADB] 2 device(s) connected
2018-03-08 12:51:06:492 - info: [debug] [ADB] Running '/home/trixo/Android/Sdk/platform-tools/adb' with args: ["-P",5037,"-s","localhost:7429","shell","getprop","ro.product.manufacturer"]
2018-03-08 12:51:06:560 - info: [debug] [ADB] Current device property 'ro.product.manufacturer': samsung
2018-03-08 12:51:06:562 - warn: [AndroidDriver] No app sent in, not parsing package/activity
2018-03-08 12:51:06:572 - info: [debug] [AndroidDriver] No app capability. Assuming it is already on the device
2018-03-08 12:51:06:573 - info: [debug] [AndroidBootstrap] Watching for bootstrap disconnect
2018-03-08 12:51:06:575 - info: [debug] [ADB] Forwarding system: 6002 to device: 4724
2018-03-08 12:51:06:575 - info: [debug] [ADB] Running '/home/trixo/Android/Sdk/platform-tools/adb' with args: ["-P",5037,"-s","localhost:7429","forward","tcp:6002","tcp:4724"]
2018-03-08 12:51:06:583 - info: [debug] [UiAutomator] Starting UiAutomator
2018-03-08 12:51:06:583 - info: [debug] [UiAutomator] Moving to state 'starting'
2018-03-08 12:51:06:584 - info: [debug] [UiAutomator] Parsing uiautomator jar
2018-03-08 12:51:06:584 - info: [debug] [UiAutomator] Found jar name: 'AppiumBootstrap.jar'
2018-03-08 12:51:06:584 - info: [debug] [ADB] Running '/home/trixo/Android/Sdk/platform-tools/adb' with args: ["-P",5037,"-s","localhost:7429","push","/home/trixo/Downloads/appium-1.8.0-beta3/node_modules/appium-android-bootstrap/bootstrap/bin/AppiumBootstrap.jar","/data/local/tmp/"]
2018-03-08 12:51:08:537 - error: [Logcat] Logcat terminated with code 0, signal null
2018-03-08 12:51:08:538 - info: [debug] [ADB] Running '/home/trixo/Android/Sdk/platform-tools/adb' with args: ["-P",5037,"-s","localhost:7429","forward","tcp:6002","tcp:4724"]
2018-03-08 12:51:08:545 - info: [debug] [ADB] Running '/home/trixo/Android/Sdk/platform-tools/adb' with args: ["-P",5037,"-s","localhost:7429","push","/home/trixo/Downloads/appium-1.8.0-beta3/node_modules/appium-android-bootstrap/bootstrap/bin/AppiumBootstrap.jar","/data/local/tmp/"]
2018-03-08 12:51:08:723 - error: [UiAutomator] Error: Error executing adbExec. Original error: 'Command '/home/trixo/Android/Sdk/platform-tools/adb -P 5037 -s localhost\:7429 push /home/trixo/Downloads/appium-1.8.0-beta3/node_modules/appium-android-bootstrap/bootstrap/bin/AppiumBootstrap.jar /data/local/tmp/' exited with code 1'; Stderr: ''; Code: '1'
    at ADB.execFunc$ (/home/trixo/Downloads/appium-1.8.0-beta3/node_modules/appium-adb/lib/tools/system-calls.js:317:13)
    at tryCatch (/home/trixo/Downloads/appium-1.8.0-beta3/node_modules/babel-runtime/regenerator/runtime.js:67:40)
    at GeneratorFunctionPrototype.invoke [as _invoke] (/home/trixo/Downloads/appium-1.8.0-beta3/node_modules/babel-runtime/regenerator/runtime.js:315:22)
    at GeneratorFunctionPrototype.prototype.(anonymous function) [as throw] (/home/trixo/Downloads/appium-1.8.0-beta3/node_modules/babel-runtime/regenerator/runtime.js:100:21)
    at GeneratorFunctionPrototype.invoke (/home/trixo/Downloads/appium-1.8.0-beta3/node_modules/babel-runtime/regenerator/runtime.js:136:37)
    at <anonymous>
 Error: Error executing adbExec. Original error: 'Command '/home/trixo/Android/Sdk/platform-tools/adb -P 5037 -s localhost\:7429 push /home/trixo/Downloads/appium-1.8.0-beta3/node_modules/appium-android-bootstrap/bootstrap/bin/AppiumBootstrap.jar /data/local/tmp/' exited with code 1'; Stderr: ''; Code: '1'
    at ADB.execFunc$ (/home/trixo/Downloads/appium-1.8.0-beta3/node_modules/appium-adb/lib/tools/system-calls.js:317:13)
    at tryCatch (/home/trixo/Downloads/appium-1.8.0-beta3/node_modules/babel-runtime/regenerator/runtime.js:67:40)
    at GeneratorFunctionPrototype.invoke [as _invoke] (/home/trixo/Downloads/appium-1.8.0-beta3/node_modules/babel-runtime/regenerator/runtime.js:315:22)
    at GeneratorFunctionPrototype.prototype.(anonymous function) [as throw] (/home/trixo/Downloads/appium-1.8.0-beta3/node_modules/babel-runtime/regenerator/runtime.js:100:21)
    at GeneratorFunctionPrototype.invoke (/home/trixo/Downloads/appium-1.8.0-beta3/node_modules/babel-runtime/regenerator/runtime.js:136:37)
    at <anonymous>
2018-03-08 12:51:08:727 - error: [AndroidBootstrap] Error: Error occured while starting AndroidBootstrap. Original error: Error: Error executing adbExec. Original error: 'Command '/home/trixo/Android/Sdk/platform-tools/adb -P 5037 -s localhost\:7429 push /home/trixo/Downloads/appium-1.8.0-beta3/node_modules/appium-android-bootstrap/bootstrap/bin/AppiumBootstrap.jar /data/local/tmp/' exited with code 1'; Stderr: ''; Code: '1'
    at Object.wrappedLogger.errorAndThrow (/home/trixo/Downloads/appium-1.8.0-beta3/node_modules/appium-support/lib/logging.js:69:13)
    at AndroidBootstrap.start$ (/home/trixo/Downloads/appium-1.8.0-beta3/node_modules/appium-android-bootstrap/lib/bootstrap.js:98:11)
    at tryCatch (/home/trixo/Downloads/appium-1.8.0-beta3/node_modules/babel-runtime/regenerator/runtime.js:67:40)
    at GeneratorFunctionPrototype.invoke [as _invoke] (/home/trixo/Downloads/appium-1.8.0-beta3/node_modules/babel-runtime/regenerator/runtime.js:315:22)
    at GeneratorFunctionPrototype.prototype.(anonymous function) [as throw] (/home/trixo/Downloads/appium-1.8.0-beta3/node_modules/babel-runtime/regenerator/runtime.js:100:21)
    at GeneratorFunctionPrototype.invoke (/home/trixo/Downloads/appium-1.8.0-beta3/node_modules/babel-runtime/regenerator/runtime.js:136:37)
    at <anonymous>
 Error: Error occured while starting AndroidBootstrap. Original error: Error: Error executing adbExec. Original error: 'Command '/home/trixo/Android/Sdk/platform-tools/adb -P 5037 -s localhost\:7429 push /home/trixo/Downloads/appium-1.8.0-beta3/node_modules/appium-android-bootstrap/bootstrap/bin/AppiumBootstrap.jar /data/local/tmp/' exited with code 1'; Stderr: ''; Code: '1'
    at Object.wrappedLogger.errorAndThrow (/home/trixo/Downloads/appium-1.8.0-beta3/node_modules/appium-support/lib/logging.js:69:13)
    at AndroidBootstrap.start$ (/home/trixo/Downloads/appium-1.8.0-beta3/node_modules/appium-android-bootstrap/lib/bootstrap.js:98:11)
    at tryCatch (/home/trixo/Downloads/appium-1.8.0-beta3/node_modules/babel-runtime/regenerator/runtime.js:67:40)
    at GeneratorFunctionPrototype.invoke [as _invoke] (/home/trixo/Downloads/appium-1.8.0-beta3/node_modules/babel-runtime/regenerator/runtime.js:315:22)
    at GeneratorFunctionPrototype.prototype.(anonymous function) [as throw] (/home/trixo/Downloads/appium-1.8.0-beta3/node_modules/babel-runtime/regenerator/runtime.js:100:21)
    at GeneratorFunctionPrototype.invoke (/home/trixo/Downloads/appium-1.8.0-beta3/node_modules/babel-runtime/regenerator/runtime.js:136:37)
    at <anonymous>
2018-03-08 12:51:08:728 - info: [debug] [AndroidDriver] Shutting down Android driver
2018-03-08 12:51:08:728 - info: [debug] [ADB] Getting connected devices...
2018-03-08 12:51:08:736 - info: [debug] [ADB] 0 device(s) connected
2018-03-08 12:51:08:738 - error: [MJSONWP] Encountered internal error running command: Error: Error occured while starting AndroidBootstrap. Original error: Error: Error executing adbExec. Original error: 'Command '/home/trixo/Android/Sdk/platform-tools/adb -P 5037 -s localhost\:7429 push /home/trixo/Downloads/appium-1.8.0-beta3/node_modules/appium-android-bootstrap/bootstrap/bin/AppiumBootstrap.jar /data/local/tmp/' exited with code 1'; Stderr: ''; Code: '1'
    at Object.wrappedLogger.errorAndThrow (/home/trixo/Downloads/appium-1.8.0-beta3/node_modules/appium-support/lib/logging.js:69:13)
    at AndroidBootstrap.start$ (/home/trixo/Downloads/appium-1.8.0-beta3/node_modules/appium-android-bootstrap/lib/bootstrap.js:98:11)
    at tryCatch (/home/trixo/Downloads/appium-1.8.0-beta3/node_modules/babel-runtime/regenerator/runtime.js:67:40)
    at GeneratorFunctionPrototype.invoke [as _invoke] (/home/trixo/Downloads/appium-1.8.0-beta3/node_modules/babel-runtime/regenerator/runtime.js:315:22)
    at GeneratorFunctionPrototype.prototype.(anonymous function) [as throw] (/home/trixo/Downloads/appium-1.8.0-beta3/node_modules/babel-runtime/regenerator/runtime.js:100:21)
    at GeneratorFunctionPrototype.invoke (/home/trixo/Downloads/appium-1.8.0-beta3/node_modules/babel-runtime/regenerator/runtime.js:136:37)
    at <anonymous>
2018-03-08 12:51:08:743 - info: [HTTP] <-- POST /wd/hub/session 500 13000 ms - 507 
2018-03-08 12:53:23:423 - info: [Appium] Received SIGINT - shutting down
