2018-03-08T13:03:18.012Z - info: Test execution started
2018-03-08T13:03:18.012Z - info: Got following options to run{"testID":1051,"testChildren":0,"testName":"Clean Install","UDID":"cd21ccc5","port":4002,"systemPort":8202,"bpPort":6002,"desCaps":{"testName":"Clean Install","testFileName":"CleanInstall","groupTest":false,"desiredCapabilities":{"platformName":"Android","deviceName":"Android","appPackage":"com.gorro.nothing","appActivity":"com.gorro.nothing.NothingActivity","fullReset":false,"noReset":true,"newCommandTimeout":120000,"skipUnlock":true,"androidInstallTimeout":150000},"parameters":{"appPackage":"com.pointvoucher.playlondonpv","activityName":"com.unity3d.player.UnityPlayerActivity","apkFileName":"pl"}},"outputDir":"/home/trixo/Code/javaRewrite/logs/1051_CleanInstall_cd21ccc5"}
2018-03-08T13:03:18.031Z - info: Trying to connect to openSTF with serial number cd21ccc5
2018-03-08T13:03:18.084Z - info: executing command adb connect  localhost:7401
2018-03-08T13:03:18.092Z - info: /home/trixo/Downloads/appium-1.8.0-beta3/build/lib/main.js -p 4002 -bp 6002  --log-timestamp --log /home/trixo/Code/javaRewrite/logs/1051_CleanInstall_cd21ccc5/Appium.log
2018-03-08T13:03:18.092Z - info: Trying to create appium Server on port: 4002
2018-03-08T13:03:20.408Z - info: Appium server created on port: 4002
2018-03-08T13:03:35.605Z - info: Running clean Install test with following paramters, appPackage: com.pointvoucher.playlondonpv activityName: com.unity3d.player.UnityPlayerActivity apkFile: /home/trixo/Code/javaRewrite/Tests/CleanInstall/apk/pl.apk
2018-03-08T13:03:37.331Z - info: App does not exist in device 
2018-03-08T13:03:37.331Z - info: Installing app to device /home/trixo/Code/javaRewrite/Tests/CleanInstall/apk/pl.apk
2018-03-08T13:04:29.273Z - info: starting package : com.pointvoucher.playlondonpv with activity name: com.unity3d.player.UnityPlayerActivity
2018-03-08T13:04:33.180Z - info: Running fnPermission with value: true
2018-03-08T13:04:36.564Z - info: Running click event : Close intro Video  with 20repets
2018-03-08T13:04:36.564Z - info: Looking for image on screen:Close intro Video  with 20 repeats 
2018-03-08T13:04:36.564Z - info: Running delay for : 30000
2018-03-08T13:05:06.583Z - info: Running delay for : 0
2018-03-08T13:05:07.636Z - info: Found image on screen: Close intro Video 
2018-03-08T13:05:08.600Z - info: ERROR[MyERr]: TEST FINISHED WITH ERROR: TypeError: Cannot read property 'drawCircle' of undefined
2018-03-08T13:05:08.629Z - info: Disconnected localhost:7401=> open STF 
2018-03-08T13:07:03.972Z - info: You are not owner of localhost:7401 => open STF 
2018-03-08T13:07:03.973Z - info: You are not owner of localhost:7401 => open STF 
2018-03-08T13:07:03.975Z - info: Appium on close  null
