2018-03-08T12:21:15.609Z - info: Test execution started
2018-03-08T12:21:15.610Z - info: Got following options to run{"testID":1043,"testChildren":0,"testName":"Clean Install","UDID":"cd21ccc5","port":4002,"systemPort":8202,"bpPort":6002,"desCaps":{"testName":"Clean Install","testFileName":"CleanInstall","groupTest":false,"desiredCapabilities":{"platformName":"Android","deviceName":"Android","appPackage":"com.gorro.nothing","appActivity":"com.gorro.nothing.NothingActivity","fullReset":false,"noReset":true,"newCommandTimeout":120000,"skipUnlock":true,"androidInstallTimeout":150000},"parameters":{"appPackage":"com.pointvoucher.playlondonpv","activityName":"com.unity3d.player.UnityPlayerActivity","apkFileName":"pl"}},"outputDir":"/home/trixo/Code/javaRewrite/logs/1043_CleanInstall_cd21ccc5"}
2018-03-08T12:21:15.628Z - info: Trying to connect to openSTF with serial number cd21ccc5
2018-03-08T12:21:15.674Z - info: executing command adb connect  localhost:7429
2018-03-08T12:21:15.682Z - info: /home/trixo/Downloads/appium-1.8.0-beta3/build/lib/main.js -p 4002 -bp 6002  --log-timestamp --log /home/trixo/Code/javaRewrite/logs/1043_CleanInstall_cd21ccc5/Appium.log
2018-03-08T12:21:15.682Z - info: Trying to create appium Server on port: 4002
2018-03-08T12:21:17.835Z - info: Appium server created on port: 4002
2018-03-08T12:21:32.935Z - info: Running clean Install test with following paramters, appPackage: com.pointvoucher.playlondonpv activityName: com.unity3d.player.UnityPlayerActivity apkFile: /home/trixo/Code/javaRewrite/Tests/CleanInstall/apk/pl.apk
2018-03-08T12:21:34.698Z - info: App exists in device => trying to remove
2018-03-08T12:21:40.345Z - info: App removed
2018-03-08T12:21:40.345Z - info: Installing app to device /home/trixo/Code/javaRewrite/Tests/CleanInstall/apk/pl.apk
2018-03-08T12:22:35.584Z - info: starting package : com.pointvoucher.playlondonpv with activity name: com.unity3d.player.UnityPlayerActivity
2018-03-08T12:22:40.233Z - info: Running fnPermission with value: true
2018-03-08T12:22:43.525Z - info: Running click event : Close intro Video  with 20repets
2018-03-08T12:22:43.526Z - info: Looking for image on screen:Close intro Video  with 20 repeats 
2018-03-08T12:22:43.526Z - info: Running delay for : 30000
2018-03-08T12:23:13.541Z - info: Running delay for : 0
2018-03-08T12:23:14.768Z - info: Found image on screen: Close intro Video 
2018-03-08T12:23:14.962Z - info: clicked on : Close intro Video  with following coordinates x=507 y=32
2018-03-08T12:23:14.963Z - info: Looking for image on screen:Check if message is there If its there Test Completed with 20 repeats 
2018-03-08T12:23:14.963Z - info: Running delay for : 6000
2018-03-08T12:23:20.966Z - info: Running delay for : 2000
2018-03-08T12:23:25.088Z - info: Running delay for : 2000
2018-03-08T12:23:29.160Z - info: Running delay for : 2000
2018-03-08T12:23:33.695Z - info: Running delay for : 2000
2018-03-08T12:23:37.453Z - info: Running delay for : 2000
2018-03-08T12:23:40.879Z - info: Running delay for : 2000
2018-03-08T12:23:44.409Z - info: Found image on screen: Check if message is there If its there Test Completed
2018-03-08T12:23:44.409Z - info: Test:Clean Install[FINISHED]
2018-03-08T12:23:44.409Z - info: Running delay for : 10000
2018-03-08T12:23:54.435Z - info: Disconnected localhost:7429=> open STF 
2018-03-08T12:25:25.191Z - info: Appium on close  null
2018-03-08T12:25:25.209Z - info: Disconnected localhost:7429=> open STF 
2018-03-08T12:25:25.210Z - info: Disconnected localhost:7429=> open STF 
