2018-03-08T12:35:44.133Z - info: Test execution started
2018-03-08T12:35:44.133Z - info: Got following options to run{"testID":1045,"testChildren":3,"testName":"Play London Shop","UDID":"cd21ccc5","port":4005,"systemPort":8205,"bpPort":6005,"desCaps":{"testName":"Play London Shop","testFileName":"PlayLondonShop","groupTest":false,"desiredCapabilities":{"platformName":"Android","deviceName":"Android","appPackage":"com.pointvoucher.playlondonpv","appActivity":"com.unity3d.player.UnityPlayerActivity","fullReset":false,"noReset":true,"newCommandTimeout":120000,"skipUnlock":true},"parameters":{}},"outputDir":"/home/trixo/Code/javaRewrite/logs/1045_PlayLondonShop_cd21ccc5"}
2018-03-08T12:35:44.635Z - info: Trying to connect to openSTF with serial number cd21ccc5
2018-03-08T12:35:44.726Z - info: executing command adb connect  localhost:7429
2018-03-08T12:35:44.735Z - info: /home/trixo/Downloads/appium-1.8.0-beta3/build/lib/main.js -p 4005 -bp 6005  --log-timestamp --log /home/trixo/Code/javaRewrite/logs/1045_PlayLondonShop_cd21ccc5/Appium.log
2018-03-08T12:35:44.735Z - info: Trying to create appium Server on port: 4005
2018-03-08T12:35:46.983Z - info: Appium server created on port: 4005
2018-03-08T12:36:05.020Z - info: Play london shop test
2018-03-08T12:36:05.050Z - info: Looking for image on screen:If on screen then app Loaded,Logout state true with 20 repeats 
2018-03-08T12:36:05.050Z - info: Running delay for : 4000
2018-03-08T12:36:09.056Z - info: Running delay for : 2000
2018-03-08T12:36:12.042Z - info: Running delay for : 2000
2018-03-08T12:36:14.921Z - info: Running delay for : 2000
2018-03-08T12:36:17.615Z - info: Running delay for : 2000
2018-03-08T12:36:20.460Z - info: Running delay for : 2000
2018-03-08T12:36:23.377Z - info: Running delay for : 2000
2018-03-08T12:36:26.071Z - info: Running delay for : 2000
2018-03-08T12:36:29.369Z - info: Running delay for : 2000
2018-03-08T12:36:32.612Z - info: Running delay for : 2000
2018-03-08T12:36:35.781Z - info: Running delay for : 2000
2018-03-08T12:36:39.000Z - info: Running delay for : 2000
2018-03-08T12:36:42.211Z - info: Running delay for : 2000
2018-03-08T12:36:45.504Z - info: Running delay for : 2000
2018-03-08T12:36:48.667Z - info: Running delay for : 2000
2018-03-08T12:36:51.797Z - info: Running delay for : 2000
2018-03-08T12:36:55.053Z - info: Running delay for : 2000
2018-03-08T12:36:58.187Z - info: Running delay for : 2000
2018-03-08T12:37:01.411Z - info: Running delay for : 2000
2018-03-08T12:37:04.548Z - info: Running delay for : 2000
2018-03-08T12:37:07.725Z - info: Running delay for : 2000
2018-03-08T12:37:10.838Z - info: Looking for image on screen #20
2018-03-08T12:37:10.838Z - info: ERROR[MyERr]: TEST FINISHED WITH ERROR: Object not found : If on screen then app Loaded,Logout state true
2018-03-08T12:37:10.855Z - info: Disconnected localhost:7429=> open STF 
2018-03-08T12:47:43.989Z - info: Appium on close  null
2018-03-08T12:47:43.999Z - info: You are not owner of localhost:7429 => open STF 
2018-03-08T12:47:44.003Z - info: You are not owner of localhost:7429 => open STF 
