2018-03-08 11:47:09:661 - info: [Appium] Welcome to Appium v1.8.0-beta3
2018-03-08 11:47:09:662 - info: [Appium] Non-default server args:
2018-03-08 11:47:09:663 - info: [Appium]   port: 4002
2018-03-08 11:47:09:663 - info: [Appium]   bootstrapPort: 6002
2018-03-08 11:47:09:663 - info: [Appium]   log: /home/trixo/Code/javaRewrite/logs/1034_CleanInstall_cd21ccc5/Appium.log
2018-03-08 11:47:09:663 - info: [Appium]   logTimestamp: true
2018-03-08 11:47:09:681 - info: [Appium] Appium REST http interface listener started on 0.0.0.0:4002
2018-03-08 11:47:09:712 - info: [HTTP] --> POST /wd/hub/session {"desiredCapabilities":{"javascriptEnabled":true,"locationContextEnabled":true,"handlesAlerts":true,"rotatable":true,"platformName":"Android","deviceName":"Android","appPackage":"com.gorro.nothing","appActivity":"com.gorro.nothing.NothingActivity","fullReset":false,"noReset":true,"newCommandTimeout":120000,"skipUnlock":true,"androidInstallTimeout":150000,"systemPort":8202,"udid":"localhost:7429","requestOrigins":{"url":"http://webdriver.io","version":"4.10.2","name":"webdriverio"}}}
2018-03-08 11:47:09:714 - info: [debug] [MJSONWP] Calling AppiumDriver.createSession() with args: [{"javascriptEnabled":true,"locationContextEnabled":true,"handlesAlerts":true,"rotatable":true,"platformName":"Android","deviceName":"Android","appPackage":"com.gorro.nothing","appActivity":"com.gorro.nothing.NothingActivity","fullReset":false,"noReset":true,"newCommandTimeout":120000,"skipUnlock":true,"androidInstallTimeout":150000,"systemPort":8202,"udid":"localhost:7429","requestOrigins":{"url":"http://webdriver.io","version":"4.10.2","name":"webdriverio"}},null,null]
2018-03-08 11:47:09:716 - info: [debug] [BaseDriver] Event 'newSessionRequested' logged at 1520509629715 (12:47:09 GMT+0100 (CET))
2018-03-08 11:47:09:717 - info: [Appium] Creating new AndroidDriver (v1.40.1) session
2018-03-08 11:47:09:718 - info: [Appium] Capabilities:
2018-03-08 11:47:09:718 - info: [Appium]   javascriptEnabled: true
2018-03-08 11:47:09:718 - info: [Appium]   locationContextEnabled: true
2018-03-08 11:47:09:718 - info: [Appium]   handlesAlerts: true
2018-03-08 11:47:09:718 - info: [Appium]   rotatable: true
2018-03-08 11:47:09:718 - info: [Appium]   platformName: Android
2018-03-08 11:47:09:718 - info: [Appium]   deviceName: Android
2018-03-08 11:47:09:719 - info: [Appium]   appPackage: com.gorro.nothing
2018-03-08 11:47:09:719 - info: [Appium]   appActivity: com.gorro.nothing.NothingActivity
2018-03-08 11:47:09:719 - info: [Appium]   fullReset: false
2018-03-08 11:47:09:719 - info: [Appium]   noReset: true
2018-03-08 11:47:09:719 - info: [Appium]   newCommandTimeout: 120000
2018-03-08 11:47:09:719 - info: [Appium]   skipUnlock: true
2018-03-08 11:47:09:719 - info: [Appium]   androidInstallTimeout: 150000
2018-03-08 11:47:09:720 - info: [Appium]   systemPort: 8202
2018-03-08 11:47:09:720 - info: [Appium]   udid: localhost:7429
2018-03-08 11:47:09:720 - info: [Appium]   requestOrigins: {
2018-03-08 11:47:09:720 - info: [Appium]     url: http://webdriver.io
2018-03-08 11:47:09:720 - info: [Appium]     version: 4.10.2
2018-03-08 11:47:09:720 - info: [Appium]     name: webdriverio
2018-03-08 11:47:09:720 - info: [Appium]   }
2018-03-08 11:47:09:725 - info: [debug] [BaseDriver] 
2018-03-08 11:47:09:726 - info: [debug] [BaseDriver] Creating session with MJSONWP desired capabilities: {"javascriptEnabled":true,"...
2018-03-08 11:47:09:734 - warn: [BaseDriver] The following capabilities were provided, but are not recognized by appium: javascriptEnabled, locationContextEnabled, handlesAlerts, rotatable, systemPort, requestOrigins.
2018-03-08 11:47:09:735 - info: [BaseDriver] Session created with session id: 869297bc-80b1-4771-92a2-268a8705cbd9
2018-03-08 11:47:09:736 - info: [debug] [AndroidDriver] Getting Java version
2018-03-08 11:47:09:801 - info: [AndroidDriver] Java version is: 1.8.0_151
2018-03-08 11:47:09:803 - info: [ADB] Checking whether adb is present
2018-03-08 11:47:09:810 - info: [ADB] Found 2 'build-tools' folders under '/home/trixo/Android/Sdk' (newest first):
2018-03-08 11:47:09:810 - info: [ADB]     /home/trixo/Android/Sdk/build-tools/27.0.3
2018-03-08 11:47:09:811 - info: [ADB]     /home/trixo/Android/Sdk/build-tools/25.0.0
2018-03-08 11:47:09:812 - info: [ADB] Using adb from /home/trixo/Android/Sdk/platform-tools/adb
2018-03-08 11:47:09:812 - info: [AndroidDriver] Retrieving device list
2018-03-08 11:47:09:813 - info: [debug] [ADB] Trying to find a connected android device
2018-03-08 11:47:09:814 - info: [debug] [ADB] Getting connected devices...
2018-03-08 11:47:09:822 - info: [debug] [ADB] 2 device(s) connected
2018-03-08 11:47:09:822 - info: [AndroidDriver] Using device: localhost:7429
2018-03-08 11:47:09:823 - info: [ADB] Checking whether adb is present
2018-03-08 11:47:09:824 - info: [ADB] Using adb from /home/trixo/Android/Sdk/platform-tools/adb
2018-03-08 11:47:09:824 - info: [debug] [ADB] Setting device id to localhost:7429
2018-03-08 11:47:09:824 - info: [AndroidDriver] App file was not listed, instead we're going to run com.gorro.nothing directly on the device
2018-03-08 11:47:09:825 - info: [debug] [AndroidDriver] Checking whether package is present on the device
2018-03-08 11:47:09:825 - info: [debug] [ADB] Getting connected devices...
2018-03-08 11:47:09:833 - info: [debug] [ADB] 2 device(s) connected
2018-03-08 11:47:09:835 - info: [debug] [ADB] Running '/home/trixo/Android/Sdk/platform-tools/adb' with args: ["-P",5037,"-s","localhost:7429","shell","pm","list","packages","com.gorro.nothing"]
2018-03-08 11:47:11:529 - info: [AndroidDriver] Starting Android session
2018-03-08 11:47:11:530 - info: [debug] [ADB] Running '/home/trixo/Android/Sdk/platform-tools/adb' with args: ["-P",5037,"-s","localhost:7429","wait-for-device"]
2018-03-08 11:47:11:539 - info: [debug] [ADB] Getting connected devices...
2018-03-08 11:47:11:545 - info: [debug] [ADB] 2 device(s) connected
2018-03-08 11:47:11:546 - info: [debug] [ADB] Running '/home/trixo/Android/Sdk/platform-tools/adb' with args: ["-P",5037,"-s","localhost:7429","shell","echo","ping"]
2018-03-08 11:47:11:579 - info: [debug] [AndroidDriver] Pushing settings apk to device...
2018-03-08 11:47:11:580 - info: [debug] [ADB] Getting install status for io.appium.settings
2018-03-08 11:47:11:580 - info: [debug] [ADB] Getting connected devices...
2018-03-08 11:47:11:588 - info: [debug] [ADB] 2 device(s) connected
2018-03-08 11:47:11:588 - info: [debug] [ADB] Running '/home/trixo/Android/Sdk/platform-tools/adb' with args: ["-P",5037,"-s","localhost:7429","shell","pm","list","packages","io.appium.settings"]
2018-03-08 11:47:13:278 - info: [debug] [ADB] App is installed
2018-03-08 11:47:13:279 - info: [debug] [ADB] Getting package info for io.appium.settings
2018-03-08 11:47:13:279 - info: [debug] [ADB] Getting connected devices...
2018-03-08 11:47:13:290 - info: [debug] [ADB] 2 device(s) connected
2018-03-08 11:47:13:291 - info: [debug] [ADB] Running '/home/trixo/Android/Sdk/platform-tools/adb' with args: ["-P",5037,"-s","localhost:7429","shell","dumpsys","package","io.appium.settings"]
2018-03-08 11:47:13:381 - info: [ADB] Checking whether aapt is present
2018-03-08 11:47:13:382 - info: [ADB] Using aapt from /home/trixo/Android/Sdk/build-tools/27.0.3/aapt
2018-03-08 11:47:13:392 - info: [debug] [ADB] The installed 'io.appium.settings' package does not require upgrade ('2.3.0' >= '2.3.0')
2018-03-08 11:47:13:393 - info: [debug] [ADB] Getting connected devices...
2018-03-08 11:47:13:399 - info: [debug] [ADB] 2 device(s) connected
2018-03-08 11:47:13:400 - info: [debug] [ADB] Running '/home/trixo/Android/Sdk/platform-tools/adb' with args: ["-P",5037,"-s","localhost:7429","shell","ps"]
2018-03-08 11:47:13:626 - info: [debug] [AndroidDriver] io.appium.settings is already running. There is no need to reset its permissions.
2018-03-08 11:47:13:626 - info: [debug] [ADB] Getting connected devices...
2018-03-08 11:47:13:635 - info: [debug] [ADB] 2 device(s) connected
2018-03-08 11:47:13:635 - info: [debug] [ADB] Running '/home/trixo/Android/Sdk/platform-tools/adb' with args: ["-P",5037,"-s","localhost:7429","shell","getprop","ro.build.version.sdk"]
2018-03-08 11:47:13:691 - info: [debug] [ADB] Current device property 'ro.build.version.sdk': 23
2018-03-08 11:47:13:692 - info: [debug] [ADB] Device API level: 23
2018-03-08 11:47:13:692 - info: [debug] [ADB] Getting connected devices...
2018-03-08 11:47:13:699 - info: [debug] [ADB] 2 device(s) connected
2018-03-08 11:47:13:700 - info: [debug] [ADB] Running '/home/trixo/Android/Sdk/platform-tools/adb' with args: ["-P",5037,"-s","localhost:7429","shell","appops","set","io.appium.settings","android:mock_location","allow"]
2018-03-08 11:47:15:572 - warn: [AndroidDriver] setDeviceLanguageCountry requires language or country.
2018-03-08 11:47:15:572 - warn: [AndroidDriver] Got language: 'null' and country: 'null'
2018-03-08 11:47:15:574 - info: [debug] [Logcat] Starting logcat capture
2018-03-08 11:47:15:635 - info: [debug] [AndroidDriver] Pushing unlock helper app to device...
2018-03-08 11:47:15:636 - info: [debug] [ADB] Getting install status for io.appium.unlock
2018-03-08 11:47:15:636 - info: [debug] [ADB] Getting connected devices...
2018-03-08 11:47:15:644 - info: [debug] [ADB] 2 device(s) connected
2018-03-08 11:47:15:644 - info: [debug] [ADB] Running '/home/trixo/Android/Sdk/platform-tools/adb' with args: ["-P",5037,"-s","localhost:7429","shell","pm","list","packages","io.appium.unlock"]
2018-03-08 11:47:17:827 - info: [debug] [ADB] App is installed
2018-03-08 11:47:17:828 - info: [debug] [ADB] Getting package info for io.appium.unlock
2018-03-08 11:47:17:828 - info: [debug] [ADB] Getting connected devices...
2018-03-08 11:47:17:835 - info: [debug] [ADB] 2 device(s) connected
2018-03-08 11:47:17:835 - info: [debug] [ADB] Running '/home/trixo/Android/Sdk/platform-tools/adb' with args: ["-P",5037,"-s","localhost:7429","shell","dumpsys","package","io.appium.unlock"]
2018-03-08 11:47:17:910 - info: [ADB] Checking whether aapt is present
2018-03-08 11:47:17:912 - info: [ADB] Using aapt from /home/trixo/Android/Sdk/build-tools/27.0.3/aapt
2018-03-08 11:47:17:921 - info: [debug] [ADB] The installed 'io.appium.unlock' package does not require upgrade ('2.0.0' >= '2.0.0')
2018-03-08 11:47:17:922 - info: [ADB] Getting device platform version
2018-03-08 11:47:17:922 - info: [debug] [ADB] Getting connected devices...
2018-03-08 11:47:17:930 - info: [debug] [ADB] 2 device(s) connected
2018-03-08 11:47:17:931 - info: [debug] [ADB] Running '/home/trixo/Android/Sdk/platform-tools/adb' with args: ["-P",5037,"-s","localhost:7429","shell","getprop","ro.build.version.release"]
2018-03-08 11:47:17:986 - info: [debug] [ADB] Current device property 'ro.build.version.release': 6.0.1
2018-03-08 11:47:17:987 - info: [debug] [ADB] Getting connected devices...
2018-03-08 11:47:17:995 - info: [debug] [ADB] 2 device(s) connected
2018-03-08 11:47:17:996 - info: [debug] [ADB] Running '/home/trixo/Android/Sdk/platform-tools/adb' with args: ["-P",5037,"-s","localhost:7429","shell","wm","size"]
2018-03-08 11:47:20:033 - info: [debug] [ADB] Getting connected devices...
2018-03-08 11:47:20:041 - info: [debug] [ADB] 2 device(s) connected
2018-03-08 11:47:20:041 - info: [debug] [ADB] Running '/home/trixo/Android/Sdk/platform-tools/adb' with args: ["-P",5037,"-s","localhost:7429","shell","getprop","ro.product.model"]
2018-03-08 11:47:20:097 - info: [debug] [ADB] Current device property 'ro.product.model': SM-A300FU
2018-03-08 11:47:20:098 - info: [debug] [ADB] Getting connected devices...
2018-03-08 11:47:20:107 - info: [debug] [ADB] 2 device(s) connected
2018-03-08 11:47:20:107 - info: [debug] [ADB] Running '/home/trixo/Android/Sdk/platform-tools/adb' with args: ["-P",5037,"-s","localhost:7429","shell","getprop","ro.product.manufacturer"]
2018-03-08 11:47:20:160 - info: [debug] [ADB] Current device property 'ro.product.manufacturer': samsung
2018-03-08 11:47:20:162 - warn: [AndroidDriver] No app sent in, not parsing package/activity
2018-03-08 11:47:20:163 - info: [debug] [AndroidDriver] No app capability. Assuming it is already on the device
2018-03-08 11:47:20:164 - info: [debug] [AndroidBootstrap] Watching for bootstrap disconnect
2018-03-08 11:47:20:167 - info: [debug] [ADB] Forwarding system: 6002 to device: 4724
2018-03-08 11:47:20:167 - info: [debug] [ADB] Running '/home/trixo/Android/Sdk/platform-tools/adb' with args: ["-P",5037,"-s","localhost:7429","forward","tcp:6002","tcp:4724"]
2018-03-08 11:47:20:175 - info: [debug] [UiAutomator] Starting UiAutomator
2018-03-08 11:47:20:176 - info: [debug] [UiAutomator] Moving to state 'starting'
2018-03-08 11:47:20:176 - info: [debug] [UiAutomator] Parsing uiautomator jar
2018-03-08 11:47:20:177 - info: [debug] [UiAutomator] Found jar name: 'AppiumBootstrap.jar'
2018-03-08 11:47:20:177 - info: [debug] [ADB] Running '/home/trixo/Android/Sdk/platform-tools/adb' with args: ["-P",5037,"-s","localhost:7429","push","/home/trixo/Downloads/appium-1.8.0-beta3/node_modules/appium-android-bootstrap/bootstrap/bin/AppiumBootstrap.jar","/data/local/tmp/"]
2018-03-08 11:47:20:205 - info: [debug] [ADB] Attempting to kill all uiautomator processes
2018-03-08 11:47:20:206 - info: [debug] [ADB] Getting all processes with uiautomator
2018-03-08 11:47:20:206 - info: [debug] [ADB] Getting connected devices...
2018-03-08 11:47:20:216 - info: [debug] [ADB] 2 device(s) connected
2018-03-08 11:47:20:217 - info: [debug] [ADB] Running '/home/trixo/Android/Sdk/platform-tools/adb' with args: ["-P",5037,"-s","localhost:7429","shell","ps"]
2018-03-08 11:47:20:401 - info: [ADB] No uiautomator process found to kill, continuing...
2018-03-08 11:47:20:401 - info: [debug] [UiAutomator] Starting UIAutomator
2018-03-08 11:47:20:402 - info: [debug] [ADB] Creating ADB subprocess with args: ["-P",5037,"-s","localhost:7429","shell","uiautomator","runtest","AppiumBootstrap.jar","-c","io.appium.android.bootstrap.Bootstrap","-e","pkg","com.gorro.nothing","-e","disableAndroidWatchers",false,"-e","acceptSslCerts",false]
2018-03-08 11:47:22:728 - info: [debug] [UiAutomator] Moving to state 'online'
2018-03-08 11:47:22:732 - info: [debug] [AndroidBootstrap] [BOOTSTRAP LOG] [debug] Registered crash watchers.
2018-03-08 11:47:22:732 - info: [AndroidBootstrap] Android bootstrap socket is now connected
2018-03-08 11:47:22:733 - info: [debug] [ADB] Device API level: 23
2018-03-08 11:47:22:734 - info: [debug] [ADB] Getting connected devices...
2018-03-08 11:47:22:740 - info: [debug] [AndroidBootstrap] [BOOTSTRAP LOG] [debug] Client connected
2018-03-08 11:47:22:741 - info: [debug] [ADB] 2 device(s) connected
2018-03-08 11:47:22:741 - info: [debug] [ADB] Running '/home/trixo/Android/Sdk/platform-tools/adb' with args: ["-P",5037,"-s","localhost:7429","shell","am","start","-W","-n","com.gorro.nothing/com.gorro.nothing.NothingActivity","-S","-a","android.intent.action.MAIN","-c","android.intent.category.LAUNCHER","-f","0x10200000"]
2018-03-08 11:47:25:961 - info: [Appium] New AndroidDriver session created successfully, session 869297bc-80b1-4771-92a2-268a8705cbd9 added to master session list
2018-03-08 11:47:25:962 - info: [debug] [BaseDriver] Event 'newSessionStarted' logged at 1520509645961 (12:47:25 GMT+0100 (CET))
2018-03-08 11:47:25:963 - info: [debug] [MJSONWP] Responding to client with driver.createSession() result: {"platform":"LINUX","webStorageEnabled":false,"takesScreenshot":true,"javascriptEnabled":true,"databaseEnabled":false,"networkConnectionEnabled":true,"locationContextEnabled":true,"warnings":{},"desired":{"javascriptEnabled":true,"locationContextEnabled":true,"handlesAlerts":true,"rotatable":true,"platformName":"Android","deviceName":"Android","appPackage":"com.gorro.nothing","appActivity":"com.gorro.nothing.NothingActivity","fullReset":false,"noReset":true,"newCommandTimeout":120000,"skipUnlock":true,"androidInstallTimeout":150000,"systemPort":8202,"udid":"localhost:7429","requestOrigins":{"url":"http://webdriver.io","version":"4.10.2","name":"webdriverio"}},"handlesAlerts":true,"rotatable":true,"platformName":"Android","deviceName":"localhost:7429","appPackage":"com.gorro.nothing","appActivity":"com.gorro.nothing.NothingActivity","fullReset":false,"noReset":true,"newCommandTimeout":120000,"skipUnlock":true,"androidInstallTimeout":150000,"systemPort":8202,"udid":"localhost:7429","requestOrigins":{"url":"h...
2018-03-08 11:47:25:968 - info: [HTTP] <-- POST /wd/hub/session 200 16254 ms - 1296 
2018-03-08 11:47:25:972 - info: [HTTP] --> GET /wd/hub/session/869297bc-80b1-4771-92a2-268a8705cbd9/window/current/size {}
2018-03-08 11:47:25:973 - info: [debug] [MJSONWP] Calling AppiumDriver.getWindowSize() with args: ["current","869297bc-80b1-4771-92a2-268a8705cbd9"]
2018-03-08 11:47:25:975 - info: [debug] [AndroidBootstrap] Sending command to android: {"cmd":"action","action":"getDeviceSize","params":{}}
2018-03-08 11:47:25:978 - info: [debug] [AndroidBootstrap] [BOOTSTRAP LOG] [debug] Got data from client: {"cmd":"action","action":"getDeviceSize","params":{}}
2018-03-08 11:47:25:978 - info: [debug] [AndroidBootstrap] [BOOTSTRAP LOG] [debug] Got command of type ACTION
2018-03-08 11:47:25:978 - info: [debug] [AndroidBootstrap] [BOOTSTRAP LOG] [debug] Got command action: getDeviceSize
2018-03-08 11:47:25:996 - info: [debug] [AndroidBootstrap] [BOOTSTRAP LOG] [debug] Returning result: {"status":0,"value":{"height":960,"width":540}}
2018-03-08 11:47:25:996 - info: [debug] [AndroidBootstrap] Received command result from bootstrap
2018-03-08 11:47:25:997 - info: [debug] [MJSONWP] Responding to client with driver.getWindowSize() result: {"height":960,"width":540}
2018-03-08 11:47:25:999 - info: [HTTP] <-- GET /wd/hub/session/869297bc-80b1-4771-92a2-268a8705cbd9/window/current/size 200 26 ms - 98 
2018-03-08 11:47:26:002 - info: [HTTP] --> POST /wd/hub/session/869297bc-80b1-4771-92a2-268a8705cbd9/appium/device/app_installed {"bundleId":"com.pointvoucher.playlondonpv"}
2018-03-08 11:47:26:005 - info: [debug] [MJSONWP] Calling AppiumDriver.isAppInstalled() with args: ["com.pointvoucher.playlondonpv","869297bc-80b1-4771-92a2-268a8705cbd9"]
2018-03-08 11:47:26:005 - info: [debug] [ADB] Getting install status for com.pointvoucher.playlondonpv
2018-03-08 11:47:26:006 - info: [debug] [ADB] Getting connected devices...
2018-03-08 11:47:26:014 - info: [debug] [ADB] 2 device(s) connected
2018-03-08 11:47:26:015 - info: [debug] [ADB] Running '/home/trixo/Android/Sdk/platform-tools/adb' with args: ["-P",5037,"-s","localhost:7429","shell","pm","list","packages","com.pointvoucher.playlondonpv"]
2018-03-08 11:47:27:848 - info: [debug] [ADB] App is installed
2018-03-08 11:47:27:848 - info: [debug] [MJSONWP] Responding to client with driver.isAppInstalled() result: true
2018-03-08 11:47:27:849 - info: [HTTP] <-- POST /wd/hub/session/869297bc-80b1-4771-92a2-268a8705cbd9/appium/device/app_installed 200 1847 ms - 76 
2018-03-08 11:47:27:853 - info: [HTTP] --> POST /wd/hub/session/869297bc-80b1-4771-92a2-268a8705cbd9/appium/device/remove_app {"bundleId":"com.pointvoucher.playlondonpv"}
2018-03-08 11:47:27:854 - info: [debug] [MJSONWP] Calling AppiumDriver.removeApp() with args: ["com.pointvoucher.playlondonpv",null,null,null,"869297bc-80b1-4771-92a2-268a8705cbd9"]
2018-03-08 11:47:27:854 - info: [debug] [ADB] Uninstalling com.pointvoucher.playlondonpv
2018-03-08 11:47:27:855 - info: [debug] [ADB] Getting install status for com.pointvoucher.playlondonpv
2018-03-08 11:47:27:855 - info: [debug] [ADB] Getting connected devices...
2018-03-08 11:47:27:862 - info: [debug] [ADB] 2 device(s) connected
2018-03-08 11:47:27:862 - info: [debug] [ADB] Running '/home/trixo/Android/Sdk/platform-tools/adb' with args: ["-P",5037,"-s","localhost:7429","shell","pm","list","packages","com.pointvoucher.playlondonpv"]
2018-03-08 11:47:29:519 - info: [debug] [ADB] App is installed
2018-03-08 11:47:29:520 - info: [debug] [ADB] Getting connected devices...
2018-03-08 11:47:29:527 - info: [debug] [ADB] 2 device(s) connected
2018-03-08 11:47:29:527 - info: [debug] [ADB] Running '/home/trixo/Android/Sdk/platform-tools/adb' with args: ["-P",5037,"-s","localhost:7429","shell","am","force-stop","com.pointvoucher.playlondonpv"]
2018-03-08 11:47:31:355 - info: [debug] [ADB] Running '/home/trixo/Android/Sdk/platform-tools/adb' with args: ["-P",5037,"-s","localhost:7429","uninstall","com.pointvoucher.playlondonpv"]
2018-03-08 11:47:34:017 - info: [debug] [ADB] 'adb uninstall com.pointvoucher.playlondonpv' command output: Success
2018-03-08 11:47:34:017 - info: [ADB] com.pointvoucher.playlondonpv was successfully uninstalled
2018-03-08 11:47:34:018 - info: [debug] [MJSONWP] Responding to client with driver.removeApp() result: true
2018-03-08 11:47:34:019 - info: [HTTP] <-- POST /wd/hub/session/869297bc-80b1-4771-92a2-268a8705cbd9/appium/device/remove_app 200 6166 ms - 76 
2018-03-08 11:47:34:021 - info: [HTTP] --> POST /wd/hub/session/869297bc-80b1-4771-92a2-268a8705cbd9/appium/device/install_app {"appPath":"/home/trixo/Code/javaRewrite/Tests/CleanInstall/apk/pl.apk"}
2018-03-08 11:47:34:022 - info: [debug] [MJSONWP] Calling AppiumDriver.installApp() with args: ["/home/trixo/Code/javaRewrite/Tests/CleanInstall/apk/pl.apk",null,null,null,"869297bc-80b1-4771-92a2-268a8705cbd9"]
2018-03-08 11:47:34:023 - info: [BaseDriver] Using local app '/home/trixo/Code/javaRewrite/Tests/CleanInstall/apk/pl.apk'
2018-03-08 11:47:34:025 - info: [debug] [ADB] Running '/home/trixo/Android/Sdk/platform-tools/adb' with args: ["-P",5037,"-s","localhost:7429","install","-r","/home/trixo/Code/javaRewrite/Tests/CleanInstall/apk/pl.apk"]
2018-03-08 11:48:24:278 - info: [debug] [ADB] Install command stdout: [  0%] /data/local/tmp/pl.apk
[  0%] /data/local/tmp/pl.apk
[  0%] /data/local/tmp/pl.apk
[  0%] /data/local/tmp/pl.apk
[  0%] /data/local/tmp/pl.apk
[  0%] /data/local/tmp/pl.apk
[  0%] /data/local/tmp/pl.apk
[  0%] /data/local/tmp/pl.apk
[  0%] /data/local/tmp/pl.apk
[  0%] /data/local/tmp/pl.apk
[  0%] /data/local/tmp/pl.apk
[  0%] /data/local/tmp/pl.apk
[  0%] /data/local/tmp/pl.apk
[  0%] /data/local/tmp/pl.apk
[  0%] /data/local/tmp/pl.apk
[  1%] /data/local/tmp/pl.apk
[  1%] /data/local/tmp/pl.apk
[  1%] /data/local/tmp/pl.apk
[  1%] /data/local/tmp/pl.apk
[  1%] /data/local/tmp/pl.apk
[  1%] /data/local/tmp/pl.apk
[  1%] /data/local/tmp/pl.apk
[  1%] /data/local/tmp/pl.apk
[  1%] /data/local/tmp/pl.apk
[  1%] /data/local/tmp/pl.apk
[  1%] /data/local/tmp/pl.apk
[  1%] /data/local/tmp/pl.apk
[  1%] /data/local/tmp/pl.apk
[  1%] /data/local/tmp/pl.apk
[  1%] /data/local/tmp/pl.apk
[  2%] /data/local/tmp/pl.apk
[  2%] /data/local/tmp/pl.apk
[  2%] /data/local/tmp/pl.apk
[  2%] /data/local/tmp/pl.apk
[  2%] /data/local/tmp/pl.apk
[  2%] /data/local/tmp/pl.apk
[  2%] /data/local/tmp/pl.apk
[  2%] /data/local/tmp/pl.apk
[  2%] /data/local/tmp/pl.apk
[  2%] /data/local/tmp/pl.apk
[  2%] /data/local/tmp/pl.apk
[  2%] /data/local/tmp/pl.apk
[  2%] /data/local/tmp/pl.apk
[  2%] /data/local/tmp/pl.apk
[  2%] /data/local/tmp/pl.apk
[  3%] /data/local/tmp/pl.apk
[  3%] /data/local/tmp/pl.apk
[  3%] /data/local/tmp/pl.apk
[  3%] /data/local/tmp/pl.apk
[  3%] /data/local/tmp/pl.apk
[  3%] /data/local/tmp/pl.apk
[  3%] /data/local/tmp/pl.apk
[  3%] /data/local/tmp/pl.apk
[  3%] /data/local/tmp/pl.apk
[  3%] /data/local/tmp/pl.apk
[  3%] /data/local/tmp/pl.apk
[  3%] /data/local/tmp/pl.apk
[  3%] /data/local/tmp/pl.apk
[  3%] /data/local/tmp/pl.apk
[  3%] /data/local/tmp/pl.apk
[  4%] /data/local/tmp/pl.apk
[  4%] /data/local/tmp/pl.apk
[  4%] /data/local/tmp/pl.apk
[  4%] /data/local/tmp/pl.apk
[  4%] /data/local/tmp/pl.apk
[  4%] /data/local/tmp/pl.apk
[  4%] /data/local/tmp/pl.apk
[  4%] /data/local/tmp/pl.apk
[  4%] /data/local/tmp/pl.apk
[  4%] /data/local/tmp/pl.apk
[  4%] /data/local/tmp/pl.apk
[  4%] /data/local/tmp/pl.apk
[  4%] /data/local/tmp/pl.apk
[  4%] /data/local/tmp/pl.apk
[  4%] /data/local/tmp/pl.apk
[  5%] /data/local/tmp/pl.apk
[  5%] /data/local/tmp/pl.apk
[  5%] /data/local/tmp/pl.apk
[  5%] /data/local/tmp/pl.apk
[  5%] /data/local/tmp/pl.apk
[  5%] /data/local/tmp/pl.apk
[  5%] /data/local/tmp/pl.apk
[  5%] /data/local/tmp/pl.apk
[  5%] /data/local/tmp/pl.apk
[  5%] /data/local/tmp/pl.apk
[  5%] /data/local/tmp/pl.apk
[  5%] /data/local/tmp/pl.apk
[  5%] /data/local/tmp/pl.apk
[  5%] /data/local/tmp/pl.apk
[  5%] /data/local/tmp/pl.apk
[  6%] /data/local/tmp/pl.apk
[  6%] /data/local/tmp/pl.apk
[  6%] /data/local/tmp/pl.apk
[  6%] /data/local/tmp/pl.apk
[  6%] /data/local/tmp/pl.apk
[  6%] /data/local/tmp/pl.apk
[  6%] /data/local/tmp/pl.apk
[  6%] /data/local/tmp/pl.apk
[  6%] /data/local/tmp/pl.apk
[  6%] /data/local/tmp/pl.apk
[  6%] /data/local/tmp/pl.apk
[  6%] /data/local/tmp/pl.apk
[  6%] /data/local/tmp/pl.apk
[  6%] /data/local/tmp/pl.apk
[  6%] /data/local/tmp/pl.apk
[  7%] /data/local/tmp/pl.apk
[  7%] /data/local/tmp/pl.apk
[  7%] /data/local/tmp/pl.apk
[  7%] /data/local/tmp/pl.apk
[  7%] /data/local/tmp/pl.apk
[  7%] /data/local/tmp/pl.apk
[  7%] /data/local/tmp/pl.apk
[  7%] /data/local/tmp/pl.apk
[  7%] /data/local/tmp/pl.apk
[  7%] /data/local/tmp/pl.apk
[  7%] /data/local/tmp/pl.apk
[  7%] /data/local/tmp/pl.apk
[  7%] /data/local/tmp/pl.apk
[  7%] /data/local/tmp/pl.apk
[  7%] /data/local/tmp/pl.apk
[  8%] /data/local/tmp/pl.apk
[  8%] /data/local/tmp/pl.apk
[  8%] /data/local/tmp/pl.apk
[  8%] /data/local/tmp/pl.apk
[  8%] /data/local/tmp/pl.apk
[  8%] /data/local/tmp/pl.apk
[  8%] /data/local/tmp/pl.apk
[  8%] /data/local/tmp/pl.apk
[  8%] /data/local/tmp/pl.apk
[  8%] /data/local/tmp/pl.apk
[  8%] /data/local/tmp/pl.apk
[  8%] /data/local/tmp/pl.apk
[  8%] /data/local/tmp/pl.apk
[  8%] /data/local/tmp/pl.apk
[  8%] /data/local/tmp/pl.apk
[  9%] /data/local/tmp/pl.apk
[  9%] /data/local/tmp/pl.apk
[  9%] /data/local/tmp/pl.apk
[  9%] /data/local/tmp/pl.apk
[  9%] /data/local/tmp/pl.apk
[  9%] /data/local/tmp/pl.apk
[  9%] /data/local/tmp/pl.apk
[  9%] /data/local/tmp/pl.apk
[  9%] /data/local/tmp/pl.apk
[  9%] /data/local/tmp/pl.apk
[  9%] /data/local/tmp/pl.apk
[  9%] /data/local/tmp/pl.apk
[  9%] /data/local/tmp/pl.apk
[  9%] /data/local/tmp/pl.apk
[  9%] /data/local/tmp/pl.apk
[ 10%] /data/local/tmp/pl.apk
[ 10%] /data/local/tmp/pl.apk
[ 10%] /data/local/tmp/pl.apk
[ 10%] /data/local/tmp/pl.apk
[ 10%] /data/local/tmp/pl.apk
[ 10%] /data/local/tmp/pl.apk
[ 10%] /data/local/tmp/pl.apk
[ 10%] /data/local/tmp/pl.apk
[ 10%] /data/local/tmp/pl.apk
[ 10%] /data/local/tmp/pl.apk
[ 10%] /data/local/tmp/pl.apk
[ 10%] /data/local/tmp/pl.apk
[ 10%] /data/local/tmp/pl.apk
[ 10%] /data/local/tmp/pl.apk
[ 10%] /data/local/tmp/pl.apk
[ 11%] /data/local/tmp/pl.apk
[ 11%] /data/local/tmp/pl.apk
[ 11%] /data/local/tmp/pl.apk
[ 11%] /data/local/tmp/pl.apk
[ 11%] /data/local/tmp/pl.apk
[ 11%] /data/local/tmp/pl.apk
[ 11%] /data/local/tmp/pl.apk
[ 11%] /data/local/tmp/pl.apk
[ 11%] /data/local/tmp/pl.apk
[ 11%] /data/local/tmp/pl.apk
[ 11%] /data/local/tmp/pl.apk
[ 11%] /data/local/tmp/pl.apk
[ 11%] /data/local/tmp/pl.apk
[ 11%] /data/local/tmp/pl.apk
[ 11%] /data/local/tmp/pl.apk
[ 11%] /data/local/tmp/pl.apk
[ 12%] /data/local/tmp/pl.apk
[ 12%] /data/local/tmp/pl.apk
[ 12%] /data/local/tmp/pl.apk
[ 12%] /data/local/tmp/pl.apk
[ 12%] /data/local/tmp/pl.apk
[ 12%] /data/local/tmp/pl.apk
[ 12%] /data/local/tmp/pl.apk
[ 12%] /data/local/tmp/pl.apk
[ 12%] /data/local/tmp/pl.apk
[ 12%] /data/local/tmp/pl.apk
[ 12%] /data/local/tmp/pl.apk
[ 12%] /data/local/tmp/pl.apk
[ 12%] /data/local/tmp/pl.apk
[ 12%] /data/local/tmp/pl.apk
[ 12%] /data/local/tmp/pl.apk
[ 13%] /data/local/tmp/pl.apk
[ 13%] /data/local/tmp/pl.apk
[ 13%] /data/local/tmp/pl.apk
[ 13%] /data/local/tmp/pl.apk
[ 13%] /data/local/tmp/pl.apk
[ 13%] /data/local/tmp/pl.apk
[ 13%] /data/local/tmp/pl.apk
[ 13%] /data/local/tmp/pl.apk
[ 13%] /data/local/tmp/pl.apk
[ 13%] /data/local/tmp/pl.apk
[ 13%] /data/local/tmp/pl.apk
[ 13%] /data/local/tmp/pl.apk
[ 13%] /data/local/tmp/pl.apk
[ 13%] /data/local/tmp/pl.apk
[ 13%] /data/local/tmp/pl.apk
[ 14%] /data/local/tmp/pl.apk
[ 14%] /data/local/tmp/pl.apk
[ 14%] /data/local/tmp/pl.apk
[ 14%] /data/local/tmp/pl.apk
[ 14%] /data/local/tmp/pl.apk
[ 14%] /data/local/tmp/pl.apk
[ 14%] /data/local/tmp/pl.apk
[ 14%] /data/local/tmp/pl.apk
[ 14%] /data/local/tmp/pl.apk
[ 14%] /data/local/tmp/pl.apk
[ 14%] /data/local/tmp/pl.apk
[ 14%] /data/local/tmp/pl.apk
[ 14%] /data/local/tmp/pl.apk
[ 14%] /data/local/tmp/pl.apk
[ 14%] /data/local/tmp/pl.apk
[ 15%] /data/local/tmp/pl.apk
[ 15%] /data/local/tmp/pl.apk
[ 15%] /data/local/tmp/pl.apk
[ 15%] /data/local/tmp/pl.apk
[ 15%] /data/local/tmp/pl.apk
[ 15%] /data/local/tmp/pl.apk
[ 15%] /data/local/tmp/pl.apk
[ 15%] /data/local/tmp/pl.apk
[ 15%] /data/local/tmp/pl.apk
[ 15%] /data/local/tmp/pl.apk
[ 15%] /data/local/tmp/pl.apk
[ 15%] /data/local/tmp/pl.apk
[ 15%] /data/local/tmp/pl.apk
[ 15%] /data/local/tmp/pl.apk
[ 15%] /data/local/tmp/pl.apk
[ 16%] /data/local/tmp/pl.apk
[ 16%] /data/local/tmp/pl.apk
[ 16%] /data/local/tmp/pl.apk
[ 16%] /data/local/tmp/pl.apk
[ 16%] /data/local/tmp/pl.apk
[ 16%] /data/local/tmp/pl.apk
[ 16%] /data/local/tmp/pl.apk
[ 16%] /data/local/tmp/pl.apk
[ 16%] /data/local/tmp/pl.apk
[ 16%] /data/local/tmp/pl.apk
[ 16%] /data/local/tmp/pl.apk
[ 16%] /data/local/tmp/pl.apk
[ 16%] /data/local/tmp/pl.apk
[ 16%] /data/local/tmp/pl.apk
[ 16%] /data/local/tmp/pl.apk
[ 17%] /data/local/tmp/pl.apk
[ 17%] /data/local/tmp/pl.apk
[ 17%] /data/local/tmp/pl.apk
[ 17%] /data/local/tmp/pl.apk
[ 17%] /data/local/tmp/pl.apk
[ 17%] /data/local/tmp/pl.apk
[ 17%] /data/local/tmp/pl.apk
[ 17%] /data/local/tmp/pl.apk
[ 17%] /data/local/tmp/pl.apk
[ 17%] /data/local/tmp/pl.apk
[ 17%] /data/local/tmp/pl.apk
[ 17%] /data/local/tmp/pl.apk
[ 17%] /data/local/tmp/pl.apk
[ 17%] /data/local/tmp/pl.apk
[ 17%] /data/local/tmp/pl.apk
[ 18%] /data/local/tmp/pl.apk
[ 18%] /data/local/tmp/pl.apk
[ 18%] /data/local/tmp/pl.apk
[ 18%] /data/local/tmp/pl.apk
[ 18%] /data/local/tmp/pl.apk
[ 18%] /data/local/tmp/pl.apk
[ 18%] /data/local/tmp/pl.apk
[ 18%] /data/local/tmp/pl.apk
[ 18%] /data/local/tmp/pl.apk
[ 18%] /data/local/tmp/pl.apk
[ 18%] /data/local/tmp/pl.apk
[ 18%] /data/local/tmp/pl.apk
[ 18%] /data/local/tmp/pl.apk
[ 18%] /data/local/tmp/pl.apk
[ 18%] /data/local/tmp/pl.apk
[ 19%] /data/local/tmp/pl.apk
[ 19%] /data/local/tmp/pl.apk
[ 19%] /data/local/tmp/pl.apk
[ 19%] /data/local/tmp/pl.apk
[ 19%] /data/local/tmp/pl.apk
[ 19%] /data/local/tmp/pl.apk
[ 19%] /data/local/tmp/pl.apk
[ 19%] /data/local/tmp/pl.apk
[ 19%] /data/local/tmp/pl.apk
[ 19%] /data/local/tmp/pl.apk
[ 19%] /data/local/tmp/pl.apk
[ 19%] /data/local/tmp/pl.apk
[ 19%] /data/local/tmp/pl.apk
[ 19%] /data/local/tmp/pl.apk
[ 19%] /data/local/tmp/pl.apk
[ 20%] /data/local/tmp/pl.apk
[ 20%] /data/local/tmp/pl.apk
[ 20%] /data/local/tmp/pl.apk
[ 20%] /data/local/tmp/pl.apk
[ 20%] /data/local/tmp/pl.apk
[ 20%] /data/local/tmp/pl.apk
[ 20%] /data/local/tmp/pl.apk
[ 20%] /data/local/tmp/pl.apk
[ 20%] /data/local/tmp/pl.apk
[ 20%] /data/local/tmp/pl.apk
[ 20%] /data/local/tmp/pl.apk
[ 20%] /data/local/tmp/pl.apk
[ 20%] /data/local/tmp/pl.apk
[ 20%] /data/local/tmp/pl.apk
[ 20%] /data/local/tmp/pl.apk
[ 21%] /data/local/tmp/pl.apk
[ 21%] /data/local/tmp/pl.apk
[ 21%] /data/local/tmp/pl.apk
[ 21%] /data/local/tmp/pl.apk
[ 21%] /data/local/tmp/pl.apk
[ 21%] /data/local/tmp/pl.apk
[ 21%] /data/local/tmp/pl.apk
[ 21%] /data/local/tmp/pl.apk
[ 21%] /data/local/tmp/pl.apk
[ 21%] /data/local/tmp/pl.apk
[ 21%] /data/local/tmp/pl.apk
[ 21%] /data/local/tmp/pl.apk
[ 21%] /data/local/tmp/pl.apk
[ 21%] /data/local/tmp/pl.apk
[ 21%] /data/local/tmp/pl.apk
[ 22%] /data/local/tmp/pl.apk
[ 22%] /data/local/tmp/pl.apk
[ 22%] /data/local/tmp/pl.apk
[ 22%] /data/local/tmp/pl.apk
[ 22%] /data/local/tmp/pl.apk
[ 22%] /data/local/tmp/pl.apk
[ 22%] /data/local/tmp/pl.apk
[ 22%] /data/local/tmp/pl.apk
[ 22%] /data/local/tmp/pl.apk
[ 22%] /data/local/tmp/pl.apk
[ 22%] /data/local/tmp/pl.apk
[ 22%] /data/local/tmp/pl.apk
[ 22%] /data/local/tmp/pl.apk
[ 22%] /data/local/tmp/pl.apk
[ 22%] /data/local/tmp/pl.apk
[ 22%] /data/local/tmp/pl.apk
[ 23%] /data/local/tmp/pl.apk
[ 23%] /data/local/tmp/pl.apk
[ 23%] /data/local/tmp/pl.apk
[ 23%] /data/local/tmp/pl.apk
[ 23%] /data/local/tmp/pl.apk
[ 23%] /data/local/tmp/pl.apk
[ 23%] /data/local/tmp/pl.apk
[ 23%] /data/local/tmp/pl.apk
[ 23%] /data/local/tmp/pl.apk
[ 23%] /data/local/tmp/pl.apk
[ 23%] /data/local/tmp/pl.apk
[ 23%] /data/local/tmp/pl.apk
[ 23%] /data/local/tmp/pl.apk
[ 23%] /data/local/tmp/pl.apk
[ 23%] /data/local/tmp/pl.apk
[ 24%] /data/local/tmp/pl.apk
[ 24%] /data/local/tmp/pl.apk
[ 24%] /data/local/tmp/pl.apk
[ 24%] /data/local/tmp/pl.apk
[ 24%] /data/local/tmp/pl.apk
[ 24%] /data/local/tmp/pl.apk
[ 24%] /data/local/tmp/pl.apk
[ 24%] /data/local/tmp/pl.apk
[ 24%] /data/local/tmp/pl.apk
[ 24%] /data/local/tmp/pl.apk
[ 24%] /data/local/tmp/pl.apk
[ 24%] /data/local/tmp/pl.apk
[ 24%] /data/local/tmp/pl.apk
[ 24%] /data/local/tmp/pl.apk
[ 24%] /data/local/tmp/pl.apk
[ 25%] /data/local/tmp/pl.apk
[ 25%] /data/local/tmp/pl.apk
[ 25%] /data/local/tmp/pl.apk
[ 25%] /data/local/tmp/pl.apk
[ 25%] /data/local/tmp/pl.apk
[ 25%] /data/local/tmp/pl.apk
[ 25%] /data/local/tmp/pl.apk
[ 25%] /data/local/tmp/pl.apk
[ 25%] /data/local/tmp/pl.apk
[ 25%] /data/local/tmp/pl.apk
[ 25%] /data/local/tmp/pl.apk
[ 25%] /data/local/tmp/pl.apk
[ 25%] /data/local/tmp/pl.apk
[ 25%] /data/local/tmp/pl.apk
[ 25%] /data/local/tmp/pl.apk
[ 26%] /data/local/tmp/pl.apk
[ 26%] /data/local/tmp/pl.apk
[ 26%] /data/local/tmp/pl.apk
[ 26%] /data/local/tmp/pl.apk
[ 26%] /data/local/tmp/pl.apk
[ 26%] /data/local/tmp/pl.apk
[ 26%] /data/local/tmp/pl.apk
[ 26%] /data/local/tmp/pl.apk
[ 26%] /data/local/tmp/pl.apk
[ 26%] /data/local/tmp/pl.apk
[ 26%] /data/local/tmp/pl.apk
[ 26%] /data/local/tmp/pl.apk
[ 26%] /data/local/tmp/pl.apk
[ 26%] /data/local/tmp/pl.apk
[ 26%] /data/local/tmp/pl.apk
[ 27%] /data/local/tmp/pl.apk
[ 27%] /data/local/tmp/pl.apk
[ 27%] /data/local/tmp/pl.apk
[ 27%] /data/local/tmp/pl.apk
[ 27%] /data/local/tmp/pl.apk
[ 27%] /data/local/tmp/pl.apk
[ 27%] /data/local/tmp/pl.apk
[ 27%] /data/local/tmp/pl.apk
[ 27%] /data/local/tmp/pl.apk
[ 27%] /data/local/tmp/pl.apk
[ 27%] /data/local/tmp/pl.apk
[ 27%] /data/local/tmp/pl.apk
[ 27%] /data/local/tmp/pl.apk
[ 27%] /data/local/tmp/pl.apk
[ 27%] /data/local/tmp/pl.apk
[ 28%] /data/local/tmp/pl.apk
[ 28%] /data/local/tmp/pl.apk
[ 28%] /data/local/tmp/pl.apk
[ 28%] /data/local/tmp/pl.apk
[ 28%] /data/local/tmp/pl.apk
[ 28%] /data/local/tmp/pl.apk
[ 28%] /data/local/tmp/pl.apk
[ 28%] /data/local/tmp/pl.apk
[ 28%] /data/local/tmp/pl.apk
[ 28%] /data/local/tmp/pl.apk
[ 28%] /data/local/tmp/pl.apk
[ 28%] /data/local/tmp/pl.apk
[ 28%] /data/local/tmp/pl.apk
[ 28%] /data/local/tmp/pl.apk
[ 28%] /data/local/tmp/pl.apk
[ 29%] /data/local/tmp/pl.apk
[ 29%] /data/local/tmp/pl.apk
[ 29%] /data/local/tmp/pl.apk
[ 29%] /data/local/tmp/pl.apk
[ 29%] /data/local/tmp/pl.apk
[ 29%] /data/local/tmp/pl.apk
[ 29%] /data/local/tmp/pl.apk
[ 29%] /data/local/tmp/pl.apk
[ 29%] /data/local/tmp/pl.apk
[ 29%] /data/local/tmp/pl.apk
[ 29%] /data/local/tmp/pl.apk
[ 29%] /data/local/tmp/pl.apk
[ 29%] /data/local/tmp/pl.apk
[ 29%] /data/local/tmp/pl.apk
[ 29%] /data/local/tmp/pl.apk
[ 30%] /data/local/tmp/pl.apk
[ 30%] /data/local/tmp/pl.apk
[ 30%] /data/local/tmp/pl.apk
[ 30%] /data/local/tmp/pl.apk
[ 30%] /data/local/tmp/pl.apk
[ 30%] /data/local/tmp/pl.apk
[ 30%] /data/local/tmp/pl.apk
[ 30%] /data/local/tmp/pl.apk
[ 30%] /data/local/tmp/pl.apk
[ 30%] /data/local/tmp/pl.apk
[ 30%] /data/local/tmp/pl.apk
[ 30%] /data/local/tmp/pl.apk
[ 30%] /data/local/tmp/pl.apk
[ 30%] /data/local/tmp/pl.apk
[ 30%] /data/local/tmp/pl.apk
[ 31%] /data/local/tmp/pl.apk
[ 31%] /data/local/tmp/pl.apk
[ 31%] /data/local/tmp/pl.apk
[ 31%] /data/local/tmp/pl.apk
[ 31%] /data/local/tmp/pl.apk
[ 31%] /data/local/tmp/pl.apk
[ 31%] /data/local/tmp/pl.apk
[ 31%] /data/local/tmp/pl.apk
[ 31%] /data/local/tmp/pl.apk
[ 31%] /data/local/tmp/pl.apk
[ 31%] /data/local/tmp/pl.apk
[ 31%] /data/local/tmp/pl.apk
[ 31%] /data/local/tmp/pl.apk
[ 31%] /data/local/tmp/pl.apk
[ 31%] /data/local/tmp/pl.apk
[ 32%] /data/local/tmp/pl.apk
[ 32%] /data/local/tmp/pl.apk
[ 32%] /data/local/tmp/pl.apk
[ 32%] /data/local/tmp/pl.apk
[ 32%] /data/local/tmp/pl.apk
[ 32%] /data/local/tmp/pl.apk
[ 32%] /data/local/tmp/pl.apk
[ 32%] /data/local/tmp/pl.apk
[ 32%] /data/local/tmp/pl.apk
[ 32%] /data/local/tmp/pl.apk
[ 32%] /data/local/tmp/pl.apk
[ 32%] /data/local/tmp/pl.apk
[ 32%] /data/local/tmp/pl.apk
[ 32%] /data/local/tmp/pl.apk
[ 32%] /data/local/tmp/pl.apk
[ 33%] /data/local/tmp/pl.apk
[ 33%] /data/local/tmp/pl.apk
[ 33%] /data/local/tmp/pl.apk
[ 33%] /data/local/tmp/pl.apk
[ 33%] /data/local/tmp/pl.apk
[ 33%] /data/local/tmp/pl.apk
[ 33%] /data/local/tmp/pl.apk
[ 33%] /data/local/tmp/pl.apk
[ 33%] /data/local/tmp/pl.apk
[ 33%] /data/local/tmp/pl.apk
[ 33%] /data/local/tmp/pl.apk
[ 33%] /data/local/tmp/pl.apk
[ 33%] /data/local/tmp/pl.apk
[ 33%] /data/local/tmp/pl.apk
[ 33%] /data/local/tmp/pl.apk
[ 33%] /data/local/tmp/pl.apk
[ 34%] /data/local/tmp/pl.apk
[ 34%] /data/local/tmp/pl.apk
[ 34%] /data/local/tmp/pl.apk
[ 34%] /data/local/tmp/pl.apk
[ 34%] /data/local/tmp/pl.apk
[ 34%] /data/local/tmp/pl.apk
[ 34%] /data/local/tmp/pl.apk
[ 34%] /data/local/tmp/pl.apk
[ 34%] /data/local/tmp/pl.apk
[ 34%] /data/local/tmp/pl.apk
[ 34%] /data/local/tmp/pl.apk
[ 34%] /data/local/tmp/pl.apk
[ 34%] /data/local/tmp/pl.apk
[ 34%] /data/local/tmp/pl.apk
[ 34%] /data/local/tmp/pl.apk
[ 35%] /data/local/tmp/pl.apk
[ 35%] /data/local/tmp/pl.apk
[ 35%] /data/local/tmp/pl.apk
[ 35%] /data/local/tmp/pl.apk
[ 35%] /data/local/tmp/pl.apk
[ 35%] /data/local/tmp/pl.apk
[ 35%] /data/local/tmp/pl.apk
[ 35%] /data/local/tmp/pl.apk
[ 35%] /data/local/tmp/pl.apk
[ 35%] /data/local/tmp/pl.apk
[ 35%] /data/local/tmp/pl.apk
[ 35%] /data/local/tmp/pl.apk
[ 35%] /data/local/tmp/pl.apk
[ 35%] /data/local/tmp/pl.apk
[ 35%] /data/local/tmp/pl.apk
[ 36%] /data/local/tmp/pl.apk
[ 36%] /data/local/tmp/pl.apk
[ 36%] /data/local/tmp/pl.apk
[ 36%] /data/local/tmp/pl.apk
[ 36%] /data/local/tmp/pl.apk
[ 36%] /data/local/tmp/pl.apk
[ 36%] /data/local/tmp/pl.apk
[ 36%] /data/local/tmp/pl.apk
[ 36%] /data/local/tmp/pl.apk
[ 36%] /data/local/tmp/pl.apk
[ 36%] /data/local/tmp/pl.apk
[ 36%] /data/local/tmp/pl.apk
[ 36%] /data/local/tmp/pl.apk
[ 36%] /data/local/tmp/pl.apk
[ 36%] /data/local/tmp/pl.apk
[ 37%] /data/local/tmp/pl.apk
[ 37%] /data/local/tmp/pl.apk
[ 37%] /data/local/tmp/pl.apk
[ 37%] /data/local/tmp/pl.apk
[ 37%] /data/local/tmp/pl.apk
[ 37%] /data/local/tmp/pl.apk
[ 37%] /data/local/tmp/pl.apk
[ 37%] /data/local/tmp/pl.apk
[ 37%] /data/local/tmp/pl.apk
[ 37%] /data/local/tmp/pl.apk
[ 37%] /data/local/tmp/pl.apk
[ 37%] /data/local/tmp/pl.apk
[ 37%] /data/local/tmp/pl.apk
[ 37%] /data/local/tmp/pl.apk
[ 37%] /data/local/tmp/pl.apk
[ 38%] /data/local/tmp/pl.apk
[ 38%] /data/local/tmp/pl.apk
[ 38%] /data/local/tmp/pl.apk
[ 38%] /data/local/tmp/pl.apk
[ 38%] /data/local/tmp/pl.apk
[ 38%] /data/local/tmp/pl.apk
[ 38%] /data/local/tmp/pl.apk
[ 38%] /data/local/tmp/pl.apk
[ 38%] /data/local/tmp/pl.apk
[ 38%] /data/local/tmp/pl.apk
[ 38%] /data/local/tmp/pl.apk
[ 38%] /data/local/tmp/pl.apk
[ 38%] /data/local/tmp/pl.apk
[ 38%] /data/local/tmp/pl.apk
[ 38%] /data/local/tmp/pl.apk
[ 39%] /data/local/tmp/pl.apk
[ 39%] /data/local/tmp/pl.apk
[ 39%] /data/local/tmp/pl.apk
[ 39%] /data/local/tmp/pl.apk
[ 39%] /data/local/tmp/pl.apk
[ 39%] /data/local/tmp/pl.apk
[ 39%] /data/local/tmp/pl.apk
[ 39%] /data/local/tmp/pl.apk
[ 39%] /data/local/tmp/pl.apk
[ 39%] /data/local/tmp/pl.apk
[ 39%] /data/local/tmp/pl.apk
[ 39%] /data/local/tmp/pl.apk
[ 39%] /data/local/tmp/pl.apk
[ 39%] /data/local/tmp/pl.apk
[ 39%] /data/local/tmp/pl.apk
[ 40%] /data/local/tmp/pl.apk
[ 40%] /data/local/tmp/pl.apk
[ 40%] /data/local/tmp/pl.apk
[ 40%] /data/local/tmp/pl.apk
[ 40%] /data/local/tmp/pl.apk
[ 40%] /data/local/tmp/pl.apk
[ 40%] /data/local/tmp/pl.apk
[ 40%] /data/local/tmp/pl.apk
[ 40%] /data/local/tmp/pl.apk
[ 40%] /data/local/tmp/pl.apk
[ 40%] /data/local/tmp/pl.apk
[ 40%] /data/local/tmp/pl.apk
[ 40%] /data/local/tmp/pl.apk
[ 40%] /data/local/tmp/pl.apk
[ 40%] /data/local/tmp/pl.apk
[ 41%] /data/local/tmp/pl.apk
[ 41%] /data/local/tmp/pl.apk
[ 41%] /data/local/tmp/pl.apk
[ 41%] /data/local/tmp/pl.apk
[ 41%] /data/local/tmp/pl.apk
[ 41%] /data/local/tmp/pl.apk
[ 41%] /data/local/tmp/pl.apk
[ 41%] /data/local/tmp/pl.apk
[ 41%] /data/local/tmp/pl.apk
[ 41%] /data/local/tmp/pl.apk
[ 41%] /data/local/tmp/pl.apk
[ 41%] /data/local/tmp/pl.apk
[ 41%] /data/local/tmp/pl.apk
[ 41%] /data/local/tmp/pl.apk
[ 41%] /data/local/tmp/pl.apk
[ 42%] /data/local/tmp/pl.apk
[ 42%] /data/local/tmp/pl.apk
[ 42%] /data/local/tmp/pl.apk
[ 42%] /data/local/tmp/pl.apk
[ 42%] /data/local/tmp/pl.apk
[ 42%] /data/local/tmp/pl.apk
[ 42%] /data/local/tmp/pl.apk
[ 42%] /data/local/tmp/pl.apk
[ 42%] /data/local/tmp/pl.apk
[ 42%] /data/local/tmp/pl.apk
[ 42%] /data/local/tmp/pl.apk
[ 42%] /data/local/tmp/pl.apk
[ 42%] /data/local/tmp/pl.apk
[ 42%] /data/local/tmp/pl.apk
[ 42%] /data/local/tmp/pl.apk
[ 43%] /data/local/tmp/pl.apk
[ 43%] /data/local/tmp/pl.apk
[ 43%] /data/local/tmp/pl.apk
[ 43%] /data/local/tmp/pl.apk
[ 43%] /data/local/tmp/pl.apk
[ 43%] /data/local/tmp/pl.apk
[ 43%] /data/local/tmp/pl.apk
[ 43%] /data/local/tmp/pl.apk
[ 43%] /data/local/tmp/pl.apk
[ 43%] /data/local/tmp/pl.apk
[ 43%] /data/local/tmp/pl.apk
[ 43%] /data/local/tmp/pl.apk
[ 43%] /data/local/tmp/pl.apk
[ 43%] /data/local/tmp/pl.apk
[ 43%] /data/local/tmp/pl.apk
[ 44%] /data/local/tmp/pl.apk
[ 44%] /data/local/tmp/pl.apk
[ 44%] /data/local/tmp/pl.apk
[ 44%] /data/local/tmp/pl.apk
[ 44%] /data/local/tmp/pl.apk
[ 44%] /data/local/tmp/pl.apk
[ 44%] /data/local/tmp/pl.apk
[ 44%] /data/local/tmp/pl.apk
[ 44%] /data/local/tmp/pl.apk
[ 44%] /data/local/tmp/pl.apk
[ 44%] /data/local/tmp/pl.apk
[ 44%] /data/local/tmp/pl.apk
[ 44%] /data/local/tmp/pl.apk
[ 44%] /data/local/tmp/pl.apk
[ 44%] /data/local/tmp/pl.apk
[ 44%] /data/local/tmp/pl.apk
[ 45%] /data/local/tmp/pl.apk
[ 45%] /data/local/tmp/pl.apk
[ 45%] /data/local/tmp/pl.apk
[ 45%] /data/local/tmp/pl.apk
[ 45%] /data/local/tmp/pl.apk
[ 45%] /data/local/tmp/pl.apk
[ 45%] /data/local/tmp/pl.apk
[ 45%] /data/local/tmp/pl.apk
[ 45%] /data/local/tmp/pl.apk
[ 45%] /data/local/tmp/pl.apk
[ 45%] /data/local/tmp/pl.apk
[ 45%] /data/local/tmp/pl.apk
[ 45%] /data/local/tmp/pl.apk
[ 45%] /data/local/tmp/pl.apk
[ 45%] /data/local/tmp/pl.apk
[ 46%] /data/local/tmp/pl.apk
[ 46%] /data/local/tmp/pl.apk
[ 46%] /data/local/tmp/pl.apk
[ 46%] /data/local/tmp/pl.apk
[ 46%] /data/local/tmp/pl.apk
[ 46%] /data/local/tmp/pl.apk
[ 46%] /data/local/tmp/pl.apk
[ 46%] /data/local/tmp/pl.apk
[ 46%] /data/local/tmp/pl.apk
[ 46%] /data/local/tmp/pl.apk
[ 46%] /data/local/tmp/pl.apk
[ 46%] /data/local/tmp/pl.apk
[ 46%] /data/local/tmp/pl.apk
[ 46%] /data/local/tmp/pl.apk
[ 46%] /data/local/tmp/pl.apk
[ 47%] /data/local/tmp/pl.apk
[ 47%] /data/local/tmp/pl.apk
[ 47%] /data/local/tmp/pl.apk
[ 47%] /data/local/tmp/pl.apk
[ 47%] /data/local/tmp/pl.apk
[ 47%] /data/local/tmp/pl.apk
[ 47%] /data/local/tmp/pl.apk
[ 47%] /data/local/tmp/pl.apk
[ 47%] /data/local/tmp/pl.apk
[ 47%] /data/local/tmp/pl.apk
[ 47%] /data/local/tmp/pl.apk
[ 47%] /data/local/tmp/pl.apk
[ 47%] /data/local/tmp/pl.apk
[ 47%] /data/local/tmp/pl.apk
[ 47%] /data/local/tmp/pl.apk
[ 48%] /data/local/tmp/pl.apk
[ 48%] /data/local/tmp/pl.apk
[ 48%] /data/local/tmp/pl.apk
[ 48%] /data/local/tmp/pl.apk
[ 48%] /data/local/tmp/pl.apk
[ 48%] /data/local/tmp/pl.apk
[ 48%] /data/local/tmp/pl.apk
[ 48%] /data/local/tmp/pl.apk
[ 48%] /data/local/tmp/pl.apk
[ 48%] /data/local/tmp/pl.apk
[ 48%] /data/local/tmp/pl.apk
[ 48%] /data/local/tmp/pl.apk
[ 48%] /data/local/tmp/pl.apk
[ 48%] /data/local/tmp/pl.apk
[ 48%] /data/local/tmp/pl.apk
[ 49%] /data/local/tmp/pl.apk
[ 49%] /data/local/tmp/pl.apk
[ 49%] /data/local/tmp/pl.apk
[ 49%] /data/local/tmp/pl.apk
[ 49%] /data/local/tmp/pl.apk
[ 49%] /data/local/tmp/pl.apk
[ 49%] /data/local/tmp/pl.apk
[ 49%] /data/local/tmp/pl.apk
[ 49%] /data/local/tmp/pl.apk
[ 49%] /data/local/tmp/pl.apk
[ 49%] /data/local/tmp/pl.apk
[ 49%] /data/local/tmp/pl.apk
[ 49%] /data/local/tmp/pl.apk
[ 49%] /data/local/tmp/pl.apk
[ 49%] /data/local/tmp/pl.apk
[ 50%] /data/local/tmp/pl.apk
[ 50%] /data/local/tmp/pl.apk
[ 50%] /data/local/tmp/pl.apk
[ 50%] /data/local/tmp/pl.apk
[ 50%] /data/local/tmp/pl.apk
[ 50%] /data/local/tmp/pl.apk
[ 50%] /data/local/tmp/pl.apk
[ 50%] /data/local/tmp/pl.apk
[ 50%] /data/local/tmp/pl.apk
[ 50%] /data/local/tmp/pl.apk
[ 50%] /data/local/tmp/pl.apk
[ 50%] /data/local/tmp/pl.apk
[ 50%] /data/local/tmp/pl.apk
[ 50%] /data/local/tmp/pl.apk
[ 50%] /data/local/tmp/pl.apk
[ 51%] /data/local/tmp/pl.apk
[ 51%] /data/local/tmp/pl.apk
[ 51%] /data/local/tmp/pl.apk
[ 51%] /data/local/tmp/pl.apk
[ 51%] /data/local/tmp/pl.apk
[ 51%] /data/local/tmp/pl.apk
[ 51%] /data/local/tmp/pl.apk
[ 51%] /data/local/tmp/pl.apk
[ 51%] /data/local/tmp/pl.apk
[ 51%] /data/local/tmp/pl.apk
[ 51%] /data/local/tmp/pl.apk
[ 51%] /data/local/tmp/pl.apk
[ 51%] /data/local/tmp/pl.apk
[ 51%] /data/local/tmp/pl.apk
[ 51%] /data/local/tmp/pl.apk
[ 52%] /data/local/tmp/pl.apk
[ 52%] /data/local/tmp/pl.apk
[ 52%] /data/local/tmp/pl.apk
[ 52%] /data/local/tmp/pl.apk
[ 52%] /data/local/tmp/pl.apk
[ 52%] /data/local/tmp/pl.apk
[ 52%] /data/local/tmp/pl.apk
[ 52%] /data/local/tmp/pl.apk
[ 52%] /data/local/tmp/pl.apk
[ 52%] /data/local/tmp/pl.apk
[ 52%] /data/local/tmp/pl.apk
[ 52%] /data/local/tmp/pl.apk
[ 52%] /data/local/tmp/pl.apk
[ 52%] /data/local/tmp/pl.apk
[ 52%] /data/local/tmp/pl.apk
[ 53%] /data/local/tmp/pl.apk
[ 53%] /data/local/tmp/pl.apk
[ 53%] /data/local/tmp/pl.apk
[ 53%] /data/local/tmp/pl.apk
[ 53%] /data/local/tmp/pl.apk
[ 53%] /data/local/tmp/pl.apk
[ 53%] /data/local/tmp/pl.apk
[ 53%] /data/local/tmp/pl.apk
[ 53%] /data/local/tmp/pl.apk
[ 53%] /data/local/tmp/pl.apk
[ 53%] /data/local/tmp/pl.apk
[ 53%] /data/local/tmp/pl.apk
[ 53%] /data/local/tmp/pl.apk
[ 53%] /data/local/tmp/pl.apk
[ 53%] /data/local/tmp/pl.apk
[ 54%] /data/local/tmp/pl.apk
[ 54%] /data/local/tmp/pl.apk
[ 54%] /data/local/tmp/pl.apk
[ 54%] /data/local/tmp/pl.apk
[ 54%] /data/local/tmp/pl.apk
[ 54%] /data/local/tmp/pl.apk
[ 54%] /data/local/tmp/pl.apk
[ 54%] /data/local/tmp/pl.apk
[ 54%] /data/local/tmp/pl.apk
[ 54%] /data/local/tmp/pl.apk
[ 54%] /data/local/tmp/pl.apk
[ 54%] /data/local/tmp/pl.apk
[ 54%] /data/local/tmp/pl.apk
[ 54%] /data/local/tmp/pl.apk
[ 54%] /data/local/tmp/pl.apk
[ 55%] /data/local/tmp/pl.apk
[ 55%] /data/local/tmp/pl.apk
[ 55%] /data/local/tmp/pl.apk
[ 55%] /data/local/tmp/pl.apk
[ 55%] /data/local/tmp/pl.apk
[ 55%] /data/local/tmp/pl.apk
[ 55%] /data/local/tmp/pl.apk
[ 55%] /data/local/tmp/pl.apk
[ 55%] /data/local/tmp/pl.apk
[ 55%] /data/local/tmp/pl.apk
[ 55%] /data/local/tmp/pl.apk
[ 55%] /data/local/tmp/pl.apk
[ 55%] /data/local/tmp/pl.apk
[ 55%] /data/local/tmp/pl.apk
[ 55%] /data/local/tmp/pl.apk
[ 55%] /data/local/tmp/pl.apk
[ 56%] /data/local/tmp/pl.apk
[ 56%] /data/local/tmp/pl.apk
[ 56%] /data/local/tmp/pl.apk
[ 56%] /data/local/tmp/pl.apk
[ 56%] /data/local/tmp/pl.apk
[ 56%] /data/local/tmp/pl.apk
[ 56%] /data/local/tmp/pl.apk
[ 56%] /data/local/tmp/pl.apk
[ 56%] /data/local/tmp/pl.apk
[ 56%] /data/local/tmp/pl.apk
[ 56%] /data/local/tmp/pl.apk
[ 56%] /data/local/tmp/pl.apk
[ 56%] /data/local/tmp/pl.apk
[ 56%] /data/local/tmp/pl.apk
[ 56%] /data/local/tmp/pl.apk
[ 57%] /data/local/tmp/pl.apk
[ 57%] /data/local/tmp/pl.apk
[ 57%] /data/local/tmp/pl.apk
[ 57%] /data/local/tmp/pl.apk
[ 57%] /data/local/tmp/pl.apk
[ 57%] /data/local/tmp/pl.apk
[ 57%] /data/local/tmp/pl.apk
[ 57%] /data/local/tmp/pl.apk
[ 57%] /data/local/tmp/pl.apk
[ 57%] /data/local/tmp/pl.apk
[ 57%] /data/local/tmp/pl.apk
[ 57%] /data/local/tmp/pl.apk
[ 57%] /data/local/tmp/pl.apk
[ 57%] /data/local/tmp/pl.apk
[ 57%] /data/local/tmp/pl.apk
[ 58%] /data/local/tmp/pl.apk
[ 58%] /data/local/tmp/pl.apk
[ 58%] /data/local/tmp/pl.apk
[ 58%] /data/local/tmp/pl.apk
[ 58%] /data/local/tmp/pl.apk
[ 58%] /data/local/tmp/pl.apk
[ 58%] /data/local/tmp/pl.apk
[ 58%] /data/local/tmp/pl.apk
[ 58%] /data/local/tmp/pl.apk
[ 58%] /data/local/tmp/pl.apk
[ 58%] /data/local/tmp/pl.apk
[ 58%] /data/local/tmp/pl.apk
[ 58%] /data/local/tmp/pl.apk
[ 58%] /data/local/tmp/pl.apk
[ 58%] /data/local/tmp/pl.apk
[ 59%] /data/local/tmp/pl.apk
[ 59%] /data/local/tmp/pl.apk
[ 59%] /data/local/tmp/pl.apk
[ 59%] /data/local/tmp/pl.apk
[ 59%] /data/local/tmp/pl.apk
[ 59%] /data/local/tmp/pl.apk
[ 59%] /data/local/tmp/pl.apk
[ 59%] /data/local/tmp/pl.apk
[ 59%] /data/local/tmp/pl.apk
[ 59%] /data/local/tmp/pl.apk
[ 59%] /data/local/tmp/pl.apk
[ 59%] /data/local/tmp/pl.apk
[ 59%] /data/local/tmp/pl.apk
[ 59%] /data/local/tmp/pl.apk
[ 59%] /data/local/tmp/pl.apk
[ 60%] /data/local/tmp/pl.apk
[ 60%] /data/local/tmp/pl.apk
[ 60%] /data/local/tmp/pl.apk
[ 60%] /data/local/tmp/pl.apk
[ 60%] /data/local/tmp/pl.apk
[ 60%] /data/local/tmp/pl.apk
[ 60%] /data/local/tmp/pl.apk
[ 60%] /data/local/tmp/pl.apk
[ 60%] /data/local/tmp/pl.apk
[ 60%] /data/local/tmp/pl.apk
[ 60%] /data/local/tmp/pl.apk
[ 60%] /data/local/tmp/pl.apk
[ 60%] /data/local/tmp/pl.apk
[ 60%] /data/local/tmp/pl.apk
[ 60%] /data/local/tmp/pl.apk
[ 61%] /data/local/tmp/pl.apk
[ 61%] /data/local/tmp/pl.apk
[ 61%] /data/local/tmp/pl.apk
[ 61%] /data/local/tmp/pl.apk
[ 61%] /data/local/tmp/pl.apk
[ 61%] /data/local/tmp/pl.apk
[ 61%] /data/local/tmp/pl.apk
[ 61%] /data/local/tmp/pl.apk
[ 61%] /data/local/tmp/pl.apk
[ 61%] /data/local/tmp/pl.apk
[ 61%] /data/local/tmp/pl.apk
[ 61%] /data/local/tmp/pl.apk
[ 61%] /data/local/tmp/pl.apk
[ 61%] /data/local/tmp/pl.apk
[ 61%] /data/local/tmp/pl.apk
[ 62%] /data/local/tmp/pl.apk
[ 62%] /data/local/tmp/pl.apk
[ 62%] /data/local/tmp/pl.apk
[ 62%] /data/local/tmp/pl.apk
[ 62%] /data/local/tmp/pl.apk
[ 62%] /data/local/tmp/pl.apk
[ 62%] /data/local/tmp/pl.apk
[ 62%] /data/local/tmp/pl.apk
[ 62%] /data/local/tmp/pl.apk
[ 62%] /data/local/tmp/pl.apk
[ 62%] /data/local/tmp/pl.apk
[ 62%] /data/local/tmp/pl.apk
[ 62%] /data/local/tmp/pl.apk
[ 62%] /data/local/tmp/pl.apk
[ 62%] /data/local/tmp/pl.apk
[ 63%] /data/local/tmp/pl.apk
[ 63%] /data/local/tmp/pl.apk
[ 63%] /data/local/tmp/pl.apk
[ 63%] /data/local/tmp/pl.apk
[ 63%] /data/local/tmp/pl.apk
[ 63%] /data/local/tmp/pl.apk
[ 63%] /data/local/tmp/pl.apk
[ 63%] /data/local/tmp/pl.apk
[ 63%] /data/local/tmp/pl.apk
[ 63%] /data/local/tmp/pl.apk
[ 63%] /data/local/tmp/pl.apk
[ 63%] /data/local/tmp/pl.apk
[ 63%] /data/local/tmp/pl.apk
[ 63%] /data/local/tmp/pl.apk
[ 63%] /data/local/tmp/pl.apk
[ 64%] /data/local/tmp/pl.apk
[ 64%] /data/local/tmp/pl.apk
[ 64%] /data/local/tmp/pl.apk
[ 64%] /data/local/tmp/pl.apk
[ 64%] /data/local/tmp/pl.apk
[ 64%] /data/local/tmp/pl.apk
[ 64%] /data/local/tmp/pl.apk
[ 64%] /data/local/tmp/pl.apk
[ 64%] /data/local/tmp/pl.apk
[ 64%] /data/local/tmp/pl.apk
[ 64%] /data/local/tmp/pl.apk
[ 64%] /data/local/tmp/pl.apk
[ 64%] /data/local/tmp/pl.apk
[ 64%] /data/local/tmp/pl.apk
[ 64%] /data/local/tmp/pl.apk
[ 65%] /data/local/tmp/pl.apk
[ 65%] /data/local/tmp/pl.apk
[ 65%] /data/local/tmp/pl.apk
[ 65%] /data/local/tmp/pl.apk
[ 65%] /data/local/tmp/pl.apk
[ 65%] /data/local/tmp/pl.apk
[ 65%] /data/local/tmp/pl.apk
[ 65%] /data/local/tmp/pl.apk
[ 65%] /data/local/tmp/pl.apk
[ 65%] /data/local/tmp/pl.apk
[ 65%] /data/local/tmp/pl.apk
[ 65%] /data/local/tmp/pl.apk
[ 65%] /data/local/tmp/pl.apk
[ 65%] /data/local/tmp/pl.apk
[ 65%] /data/local/tmp/pl.apk
[ 66%] /data/local/tmp/pl.apk
[ 66%] /data/local/tmp/pl.apk
[ 66%] /data/local/tmp/pl.apk
[ 66%] /data/local/tmp/pl.apk
[ 66%] /data/local/tmp/pl.apk
[ 66%] /data/local/tmp/pl.apk
[ 66%] /data/local/tmp/pl.apk
[ 66%] /data/local/tmp/pl.apk
[ 66%] /data/local/tmp/pl.apk
[ 66%] /data/local/tmp/pl.apk
[ 66%] /data/local/tmp/pl.apk
[ 66%] /data/local/tmp/pl.apk
[ 66%] /data/local/tmp/pl.apk
[ 66%] /data/local/tmp/pl.apk
[ 66%] /data/local/tmp/pl.apk
[ 66%] /data/local/tmp/pl.apk
[ 67%] /data/local/tmp/pl.apk
[ 67%] /data/local/tmp/pl.apk
[ 67%] /data/local/tmp/pl.apk
[ 67%] /data/local/tmp/pl.apk
[ 67%] /data/local/tmp/pl.apk
[ 67%] /data/local/tmp/pl.apk
[ 67%] /data/local/tmp/pl.apk
[ 67%] /data/local/tmp/pl.apk
[ 67%] /data/local/tmp/pl.apk
[ 67%] /data/local/tmp/pl.apk
[ 67%] /data/local/tmp/pl.apk
[ 67%] /data/local/tmp/pl.apk
[ 67%] /data/local/tmp/pl.apk
[ 67%] /data/local/tmp/pl.apk
[ 67%] /data/local/tmp/pl.apk
[ 68%] /data/local/tmp/pl.apk
[ 68%] /data/local/tmp/pl.apk
[ 68%] /data/local/tmp/pl.apk
[ 68%] /data/local/tmp/pl.apk
[ 68%] /data/local/tmp/pl.apk
[ 68%] /data/local/tmp/pl.apk
[ 68%] /data/local/tmp/pl.apk
[ 68%] /data/local/tmp/pl.apk
[ 68%] /data/local/tmp/pl.apk
[ 68%] /data/local/tmp/pl.apk
[ 68%] /data/local/tmp/pl.apk
[ 68%] /data/local/tmp/pl.apk
[ 68%] /data/local/tmp/pl.apk
[ 68%] /data/local/tmp/pl.apk
[ 68%] /data/local/tmp/pl.apk
[ 69%] /data/local/tmp/pl.apk
[ 69%] /data/local/tmp/pl.apk
[ 69%] /data/local/tmp/pl.apk
[ 69%] /data/local/tmp/pl.apk
[ 69%] /data/local/tmp/pl.apk
[ 69%] /data/local/tmp/pl.apk
[ 69%] /data/local/tmp/pl.apk
[ 69%] /data/local/tmp/pl.apk
[ 69%] /data/local/tmp/pl.apk
[ 69%] /data/local/tmp/pl.apk
[ 69%] /data/local/tmp/pl.apk
[ 69%] /data/local/tmp/pl.apk
[ 69%] /data/local/tmp/pl.apk
[ 69%] /data/local/tmp/pl.apk
[ 69%] /data/local/tmp/pl.apk
[ 70%] /data/local/tmp/pl.apk
[ 70%] /data/local/tmp/pl.apk
[ 70%] /data/local/tmp/pl.apk
[ 70%] /data/local/tmp/pl.apk
[ 70%] /data/local/tmp/pl.apk
[ 70%] /data/local/tmp/pl.apk
[ 70%] /data/local/tmp/pl.apk
[ 70%] /data/local/tmp/pl.apk
[ 70%] /data/local/tmp/pl.apk
[ 70%] /data/local/tmp/pl.apk
[ 70%] /data/local/tmp/pl.apk
[ 70%] /data/local/tmp/pl.apk
[ 70%] /data/local/tmp/pl.apk
[ 70%] /data/local/tmp/pl.apk
[ 70%] /data/local/tmp/pl.apk
[ 71%] /data/local/tmp/pl.apk
[ 71%] /data/local/tmp/pl.apk
[ 71%] /data/local/tmp/pl.apk
[ 71%] /data/local/tmp/pl.apk
[ 71%] /data/local/tmp/pl.apk
[ 71%] /data/local/tmp/pl.apk
[ 71%] /data/local/tmp/pl.apk
[ 71%] /data/local/tmp/pl.apk
[ 71%] /data/local/tmp/pl.apk
[ 71%] /data/local/tmp/pl.apk
[ 71%] /data/local/tmp/pl.apk
[ 71%] /data/local/tmp/pl.apk
[ 71%] /data/local/tmp/pl.apk
[ 71%] /data/local/tmp/pl.apk
[ 71%] /data/local/tmp/pl.apk
[ 72%] /data/local/tmp/pl.apk
[ 72%] /data/local/tmp/pl.apk
[ 72%] /data/local/tmp/pl.apk
[ 72%] /data/local/tmp/pl.apk
[ 72%] /data/local/tmp/pl.apk
[ 72%] /data/local/tmp/pl.apk
[ 72%] /data/local/tmp/pl.apk
[ 72%] /data/local/tmp/pl.apk
[ 72%] /data/local/tmp/pl.apk
[ 72%] /data/local/tmp/pl.apk
[ 72%] /data/local/tmp/pl.apk
[ 72%] /data/local/tmp/pl.apk
[ 72%] /data/local/tmp/pl.apk
[ 72%] /data/local/tmp/pl.apk
[ 72%] /data/local/tmp/pl.apk
[ 73%] /data/local/tmp/pl.apk
[ 73%] /data/local/tmp/pl.apk
[ 73%] /data/local/tmp/pl.apk
[ 73%] /data/local/tmp/pl.apk
[ 73%] /data/local/tmp/pl.apk
[ 73%] /data/local/tmp/pl.apk
[ 73%] /data/local/tmp/pl.apk
[ 73%] /data/local/tmp/pl.apk
[ 73%] /data/local/tmp/pl.apk
[ 73%] /data/local/tmp/pl.apk
[ 73%] /data/local/tmp/pl.apk
[ 73%] /data/local/tmp/pl.apk
[ 73%] /data/local/tmp/pl.apk
[ 73%] /data/local/tmp/pl.apk
[ 73%] /data/local/tmp/pl.apk
[ 74%] /data/local/tmp/pl.apk
[ 74%] /data/local/tmp/pl.apk
[ 74%] /data/local/tmp/pl.apk
[ 74%] /data/local/tmp/pl.apk
[ 74%] /data/local/tmp/pl.apk
[ 74%] /data/local/tmp/pl.apk
[ 74%] /data/local/tmp/pl.apk
[ 74%] /data/local/tmp/pl.apk
[ 74%] /data/local/tmp/pl.apk
[ 74%] /data/local/tmp/pl.apk
[ 74%] /data/local/tmp/pl.apk
[ 74%] /data/local/tmp/pl.apk
[ 74%] /data/local/tmp/pl.apk
[ 74%] /data/local/tmp/pl.apk
[ 74%] /data/local/tmp/pl.apk
[ 75%] /data/local/tmp/pl.apk
[ 75%] /data/local/tmp/pl.apk
[ 75%] /data/local/tmp/pl.apk
[ 75%] /data/local/tmp/pl.apk
[ 75%] /data/local/tmp/pl.apk
[ 75%] /data/local/tmp/pl.apk
[ 75%] /data/local/tmp/pl.apk
[ 75%] /data/local/tmp/pl.apk
[ 75%] /data/local/tmp/pl.apk
[ 75%] /data/local/tmp/pl.apk
[ 75%] /data/local/tmp/pl.apk
[ 75%] /data/local/tmp/pl.apk
[ 75%] /data/local/tmp/pl.apk
[ 75%] /data/local/tmp/pl.apk
[ 75%] /data/local/tmp/pl.apk
[ 76%] /data/local/tmp/pl.apk
[ 76%] /data/local/tmp/pl.apk
[ 76%] /data/local/tmp/pl.apk
[ 76%] /data/local/tmp/pl.apk
[ 76%] /data/local/tmp/pl.apk
[ 76%] /data/local/tmp/pl.apk
[ 76%] /data/local/tmp/pl.apk
[ 76%] /data/local/tmp/pl.apk
[ 76%] /data/local/tmp/pl.apk
[ 76%] /data/local/tmp/pl.apk
[ 76%] /data/local/tmp/pl.apk
[ 76%] /data/local/tmp/pl.apk
[ 76%] /data/local/tmp/pl.apk
[ 76%] /data/local/tmp/pl.apk
[ 76%] /data/local/tmp/pl.apk
[ 77%] /data/local/tmp/pl.apk
[ 77%] /data/local/tmp/pl.apk
[ 77%] /data/local/tmp/pl.apk
[ 77%] /data/local/tmp/pl.apk
[ 77%] /data/local/tmp/pl.apk
[ 77%] /data/local/tmp/pl.apk
[ 77%] /data/local/tmp/pl.apk
[ 77%] /data/local/tmp/pl.apk
[ 77%] /data/local/tmp/pl.apk
[ 77%] /data/local/tmp/pl.apk
[ 77%] /data/local/tmp/pl.apk
[ 77%] /data/local/tmp/pl.apk
[ 77%] /data/local/tmp/pl.apk
[ 77%] /data/local/tmp/pl.apk
[ 77%] /data/local/tmp/pl.apk
[ 77%] /data/local/tmp/pl.apk
[ 78%] /data/local/tmp/pl.apk
[ 78%] /data/local/tmp/pl.apk
[ 78%] /data/local/tmp/pl.apk
[ 78%] /data/local/tmp/pl.apk
[ 78%] /data/local/tmp/pl.apk
[ 78%] /data/local/tmp/pl.apk
[ 78%] /data/local/tmp/pl.apk
[ 78%] /data/local/tmp/pl.apk
[ 78%] /data/local/tmp/pl.apk
[ 78%] /data/local/tmp/pl.apk
[ 78%] /data/local/tmp/pl.apk
[ 78%] /data/local/tmp/pl.apk
[ 78%] /data/local/tmp/pl.apk
[ 78%] /data/local/tmp/pl.apk
[ 78%] /data/local/tmp/pl.apk
[ 79%] /data/local/tmp/pl.apk
[ 79%] /data/local/tmp/pl.apk
[ 79%] /data/local/tmp/pl.apk
[ 79%] /data/local/tmp/pl.apk
[ 79%] /data/local/tmp/pl.apk
[ 79%] /data/local/tmp/pl.apk
[ 79%] /data/local/tmp/pl.apk
[ 79%] /data/local/tmp/pl.apk
[ 79%] /data/local/tmp/pl.apk
[ 79%] /data/local/tmp/pl.apk
[ 79%] /data/local/tmp/pl.apk
[ 79%] /data/local/tmp/pl.apk
[ 79%] /data/local/tmp/pl.apk
[ 79%] /data/local/tmp/pl.apk
[ 79%] /data/local/tmp/pl.apk
[ 80%] /data/local/tmp/pl.apk
[ 80%] /data/local/tmp/pl.apk
[ 80%] /data/local/tmp/pl.apk
[ 80%] /data/local/tmp/pl.apk
[ 80%] /data/local/tmp/pl.apk
[ 80%] /data/local/tmp/pl.apk
[ 80%] /data/local/tmp/pl.apk
[ 80%] /data/local/tmp/pl.apk
[ 80%] /data/local/tmp/pl.apk
[ 80%] /data/local/tmp/pl.apk
[ 80%] /data/local/tmp/pl.apk
[ 80%] /data/local/tmp/pl.apk
[ 80%] /data/local/tmp/pl.apk
[ 80%] /data/local/tmp/pl.apk
[ 80%] /data/local/tmp/pl.apk
[ 81%] /data/local/tmp/pl.apk
[ 81%] /data/local/tmp/pl.apk
[ 81%] /data/local/tmp/pl.apk
[ 81%] /data/local/tmp/pl.apk
[ 81%] /data/local/tmp/pl.apk
[ 81%] /data/local/tmp/pl.apk
[ 81%] /data/local/tmp/pl.apk
[ 81%] /data/local/tmp/pl.apk
[ 81%] /data/local/tmp/pl.apk
[ 81%] /data/local/tmp/pl.apk
[ 81%] /data/local/tmp/pl.apk
[ 81%] /data/local/tmp/pl.apk
[ 81%] /data/local/tmp/pl.apk
[ 81%] /data/local/tmp/pl.apk
[ 81%] /data/local/tmp/pl.apk
[ 82%] /data/local/tmp/pl.apk
[ 82%] /data/local/tmp/pl.apk
[ 82%] /data/local/tmp/pl.apk
[ 82%] /data/local/tmp/pl.apk
[ 82%] /data/local/tmp/pl.apk
[ 82%] /data/local/tmp/pl.apk
[ 82%] /data/local/tmp/pl.apk
[ 82%] /data/local/tmp/pl.apk
[ 82%] /data/local/tmp/pl.apk
[ 82%] /data/local/tmp/pl.apk
[ 82%] /data/local/tmp/pl.apk
[ 82%] /data/local/tmp/pl.apk
[ 82%] /data/local/tmp/pl.apk
[ 82%] /data/local/tmp/pl.apk
[ 82%] /data/local/tmp/pl.apk
[ 83%] /data/local/tmp/pl.apk
[ 83%] /data/local/tmp/pl.apk
[ 83%] /data/local/tmp/pl.apk
[ 83%] /data/local/tmp/pl.apk
[ 83%] /data/local/tmp/pl.apk
[ 83%] /data/local/tmp/pl.apk
[ 83%] /data/local/tmp/pl.apk
[ 83%] /data/local/tmp/pl.apk
[ 83%] /data/local/tmp/pl.apk
[ 83%] /data/local/tmp/pl.apk
[ 83%] /data/local/tmp/pl.apk
[ 83%] /data/local/tmp/pl.apk
[ 83%] /data/local/tmp/pl.apk
[ 83%] /data/local/tmp/pl.apk
[ 83%] /data/local/tmp/pl.apk
[ 84%] /data/local/tmp/pl.apk
[ 84%] /data/local/tmp/pl.apk
[ 84%] /data/local/tmp/pl.apk
[ 84%] /data/local/tmp/pl.apk
[ 84%] /data/local/tmp/pl.apk
[ 84%] /data/local/tmp/pl.apk
[ 84%] /data/local/tmp/pl.apk
[ 84%] /data/local/tmp/pl.apk
[ 84%] /data/local/tmp/pl.apk
[ 84%] /data/local/tmp/pl.apk
[ 84%] /data/local/tmp/pl.apk
[ 84%] /data/local/tmp/pl.apk
[ 84%] /data/local/tmp/pl.apk
[ 84%] /data/local/tmp/pl.apk
[ 84%] /data/local/tmp/pl.apk
[ 85%] /data/local/tmp/pl.apk
[ 85%] /data/local/tmp/pl.apk
[ 85%] /data/local/tmp/pl.apk
[ 85%] /data/local/tmp/pl.apk
[ 85%] /data/local/tmp/pl.apk
[ 85%] /data/local/tmp/pl.apk
[ 85%] /data/local/tmp/pl.apk
[ 85%] /data/local/tmp/pl.apk
[ 85%] /data/local/tmp/pl.apk
[ 85%] /data/local/tmp/pl.apk
[ 85%] /data/local/tmp/pl.apk
[ 85%] /data/local/tmp/pl.apk
[ 85%] /data/local/tmp/pl.apk
[ 85%] /data/local/tmp/pl.apk
[ 85%] /data/local/tmp/pl.apk
[ 86%] /data/local/tmp/pl.apk
[ 86%] /data/local/tmp/pl.apk
[ 86%] /data/local/tmp/pl.apk
[ 86%] /data/local/tmp/pl.apk
[ 86%] /data/local/tmp/pl.apk
[ 86%] /data/local/tmp/pl.apk
[ 86%] /data/local/tmp/pl.apk
[ 86%] /data/local/tmp/pl.apk
[ 86%] /data/local/tmp/pl.apk
[ 86%] /data/local/tmp/pl.apk
[ 86%] /data/local/tmp/pl.apk
[ 86%] /data/local/tmp/pl.apk
[ 86%] /data/local/tmp/pl.apk
[ 86%] /data/local/tmp/pl.apk
[ 86%] /data/local/tmp/pl.apk
[ 87%] /data/local/tmp/pl.apk
[ 87%] /data/local/tmp/pl.apk
[ 87%] /data/local/tmp/pl.apk
[ 87%] /data/local/tmp/pl.apk
[ 87%] /data/local/tmp/pl.apk
[ 87%] /data/local/tmp/pl.apk
[ 87%] /data/local/tmp/pl.apk
[ 87%] /data/local/tmp/pl.apk
[ 87%] /data/local/tmp/pl.apk
[ 87%] /data/local/tmp/pl.apk
[ 87%] /data/local/tmp/pl.apk
[ 87%] /data/local/tmp/pl.apk
[ 87%] /data/local/tmp/pl.apk
[ 87%] /data/local/tmp/pl.apk
[ 87%] /data/local/tmp/pl.apk
[ 88%] /data/local/tmp/pl.apk
[ 88%] /data/local/tmp/pl.apk
[ 88%] /data/local/tmp/pl.apk
[ 88%] /data/local/tmp/pl.apk
[ 88%] /data/local/tmp/pl.apk
[ 88%] /data/local/tmp/pl.apk
[ 88%] /data/local/tmp/pl.apk
[ 88%] /data/local/tmp/pl.apk
[ 88%] /data/local/tmp/pl.apk
[ 88%] /data/local/tmp/pl.apk
[ 88%] /data/local/tmp/pl.apk
[ 88%] /data/local/tmp/pl.apk
[ 88%] /data/local/tmp/pl.apk
[ 88%] /data/local/tmp/pl.apk
[ 88%] /data/local/tmp/pl.apk
[ 88%] /data/local/tmp/pl.apk
[ 89%] /data/local/tmp/pl.apk
[ 89%] /data/local/tmp/pl.apk
[ 89%] /data/local/tmp/pl.apk
[ 89%] /data/local/tmp/pl.apk
[ 89%] /data/local/tmp/pl.apk
[ 89%] /data/local/tmp/pl.apk
[ 89%] /data/local/tmp/pl.apk
[ 89%] /data/local/tmp/pl.apk
[ 89%] /data/local/tmp/pl.apk
[ 89%] /data/local/tmp/pl.apk
[ 89%] /data/local/tmp/pl.apk
[ 89%] /data/local/tmp/pl.apk
[ 89%] /data/local/tmp/pl.apk
[ 89%] /data/local/tmp/pl.apk
[ 89%] /data/local/tmp/pl.apk
[ 90%] /data/local/tmp/pl.apk
[ 90%] /data/local/tmp/pl.apk
[ 90%] /data/local/tmp/pl.apk
[ 90%] /data/local/tmp/pl.apk
[ 90%] /data/local/tmp/pl.apk
[ 90%] /data/local/tmp/pl.apk
[ 90%] /data/local/tmp/pl.apk
[ 90%] /data/local/tmp/pl.apk
[ 90%] /data/local/tmp/pl.apk
[ 90%] /data/local/tmp/pl.apk
[ 90%] /data/local/tmp/pl.apk
[ 90%] /data/local/tmp/pl.apk
[ 90%] /data/local/tmp/pl.apk
[ 90%] /data/local/tmp/pl.apk
[ 90%] /data/local/tmp/pl.apk
[ 91%] /data/local/tmp/pl.apk
[ 91%] /data/local/tmp/pl.apk
[ 91%] /data/local/tmp/pl.apk
[ 91%] /data/local/tmp/pl.apk
[ 91%] /data/local/tmp/pl.apk
[ 91%] /data/local/tmp/pl.apk
[ 91%] /data/local/tmp/pl.apk
[ 91%] /data/local/tmp/pl.apk
[ 91%] /data/local/tmp/pl.apk
[ 91%] /data/local/tmp/pl.apk
[ 91%] /data/local/tmp/pl.apk
[ 91%] /data/local/tmp/pl.apk
[ 91%] /data/local/tmp/pl.apk
[ 91%] /data/local/tmp/pl.apk
[ 91%] /data/local/tmp/pl.apk
[ 92%] /data/local/tmp/pl.apk
[ 92%] /data/local/tmp/pl.apk
[ 92%] /data/local/tmp/pl.apk
[ 92%] /data/local/tmp/pl.apk
[ 92%] /data/local/tmp/pl.apk
[ 92%] /data/local/tmp/pl.apk
[ 92%] /data/local/tmp/pl.apk
[ 92%] /data/local/tmp/pl.apk
[ 92%] /data/local/tmp/pl.apk
[ 92%] /data/local/tmp/pl.apk
[ 92%] /data/local/tmp/pl.apk
[ 92%] /data/local/tmp/pl.apk
[ 92%] /data/local/tmp/pl.apk
[ 92%] /data/local/tmp/pl.apk
[ 92%] /data/local/tmp/pl.apk
[ 93%] /data/local/tmp/pl.apk
[ 93%] /data/local/tmp/pl.apk
[ 93%] /data/local/tmp/pl.apk
[ 93%] /data/local/tmp/pl.apk
[ 93%] /data/local/tmp/pl.apk
[ 93%] /data/local/tmp/pl.apk
[ 93%] /data/local/tmp/pl.apk
[ 93%] /data/local/tmp/pl.apk
[ 93%] /data/local/tmp/pl.apk
[ 93%] /data/local/tmp/pl.apk
[ 93%] /data/local/tmp/pl.apk
[ 93%] /data/local/tmp/pl.apk
[ 93%] /data/local/tmp/pl.apk
[ 93%] /data/local/tmp/pl.apk
[ 93%] /data/local/tmp/pl.apk
[ 94%] /data/local/tmp/pl.apk
[ 94%] /data/local/tmp/pl.apk
[ 94%] /data/local/tmp/pl.apk
[ 94%] /data/local/tmp/pl.apk
[ 94%] /data/local/tmp/pl.apk
[ 94%] /data/local/tmp/pl.apk
[ 94%] /data/local/tmp/pl.apk
[ 94%] /data/local/tmp/pl.apk
[ 94%] /data/local/tmp/pl.apk
[ 94%] /data/local/tmp/pl.apk
[ 94%] /data/local/tmp/pl.apk
[ 94%] /data/local/tmp/pl.apk
[ 94%] /data/local/tmp/pl.apk
[ 94%] /data/local/tmp/pl.apk
[ 94%] /data/local/tmp/pl.apk
[ 95%] /data/local/tmp/pl.apk
[ 95%] /data/local/tmp/pl.apk
[ 95%] /data/local/tmp/pl.apk
[ 95%] /data/local/tmp/pl.apk
[ 95%] /data/local/tmp/pl.apk
[ 95%] /data/local/tmp/pl.apk
[ 95%] /data/local/tmp/pl.apk
[ 95%] /data/local/tmp/pl.apk
[ 95%] /data/local/tmp/pl.apk
[ 95%] /data/local/tmp/pl.apk
[ 95%] /data/local/tmp/pl.apk
[ 95%] /data/local/tmp/pl.apk
[ 95%] /data/local/tmp/pl.apk
[ 95%] /data/local/tmp/pl.apk
[ 95%] /data/local/tmp/pl.apk
[ 96%] /data/local/tmp/pl.apk
[ 96%] /data/local/tmp/pl.apk
[ 96%] /data/local/tmp/pl.apk
[ 96%] /data/local/tmp/pl.apk
[ 96%] /data/local/tmp/pl.apk
[ 96%] /data/local/tmp/pl.apk
[ 96%] /data/local/tmp/pl.apk
[ 96%] /data/local/tmp/pl.apk
[ 96%] /data/local/tmp/pl.apk
[ 96%] /data/local/tmp/pl.apk
[ 96%] /data/local/tmp/pl.apk
[ 96%] /data/local/tmp/pl.apk
[ 96%] /data/local/tmp/pl.apk
[ 96%] /data/local/tmp/pl.apk
[ 96%] /data/local/tmp/pl.apk
[ 97%] /data/local/tmp/pl.apk
[ 97%] /data/local/tmp/pl.apk
[ 97%] /data/local/tmp/pl.apk
[ 97%] /data/local/tmp/pl.apk
[ 97%] /data/local/tmp/pl.apk
[ 97%] /data/local/tmp/pl.apk
[ 97%] /data/local/tmp/pl.apk
[ 97%] /data/local/tmp/pl.apk
[ 97%] /data/local/tmp/pl.apk
[ 97%] /data/local/tmp/pl.apk
[ 97%] /data/local/tmp/pl.apk
[ 97%] /data/local/tmp/pl.apk
[ 97%] /data/local/tmp/pl.apk
[ 97%] /data/local/tmp/pl.apk
[ 97%] /data/local/tmp/pl.apk
[ 98%] /data/local/tmp/pl.apk
[ 98%] /data/local/tmp/pl.apk
[ 98%] /data/local/tmp/pl.apk
[ 98%] /data/local/tmp/pl.apk
[ 98%] /data/local/tmp/pl.apk
[ 98%] /data/local/tmp/pl.apk
[ 98%] /data/local/tmp/pl.apk
[ 98%] /data/local/tmp/pl.apk
[ 98%] /data/local/tmp/pl.apk
[ 98%] /data/local/tmp/pl.apk
[ 98%] /data/local/tmp/pl.apk
[ 98%] /data/local/tmp/pl.apk
[ 98%] /data/local/tmp/pl.apk
[ 98%] /data/local/tmp/pl.apk
[ 98%] /data/local/tmp/pl.apk
[ 99%] /data/local/tmp/pl.apk
[ 99%] /data/local/tmp/pl.apk
[ 99%] /data/local/tmp/pl.apk
[ 99%] /data/local/tmp/pl.apk
[ 99%] /data/local/tmp/pl.apk
[ 99%] /data/local/tmp/pl.apk
[ 99%] /data/local/tmp/pl.apk
[ 99%] /data/local/tmp/pl.apk
[ 99%] /data/local/tmp/pl.apk
[ 99%] /data/local/tmp/pl.apk
[ 99%] /data/local/tmp/pl.apk
[ 99%] /data/local/tmp/pl.apk
[ 99%] /data/local/tmp/pl.apk
[ 99%] /data/local/tmp/pl.apk
[ 99%] /data/local/tmp/pl.apk
[ 99%] /data/local/tmp/pl.apk
[100%] /data/local/tmp/pl.apk
/home/trixo/Code/javaRewrite/Tests/CleanInstall/apk/pl.apk: 1 file pushed. 5.4 MB/s (98884171 bytes in 17.333s)
	pkg: /data/local/tmp/pl.apk
Success
2018-03-08 11:48:24:282 - info: [debug] [MJSONWP] Responding to client with driver.installApp() result: null
2018-03-08 11:48:24:283 - info: [HTTP] <-- POST /wd/hub/session/869297bc-80b1-4771-92a2-268a8705cbd9/appium/device/install_app 200 50261 ms - 76 
2018-03-08 11:48:24:286 - info: [HTTP] --> POST /wd/hub/session/869297bc-80b1-4771-92a2-268a8705cbd9/appium/device/app_installed {"bundleId":"com.pointvoucher.playlondonpv"}
2018-03-08 11:48:24:287 - info: [debug] [MJSONWP] Calling AppiumDriver.isAppInstalled() with args: ["com.pointvoucher.playlondonpv","869297bc-80b1-4771-92a2-268a8705cbd9"]
2018-03-08 11:48:24:288 - info: [debug] [ADB] Getting install status for com.pointvoucher.playlondonpv
2018-03-08 11:48:24:288 - info: [debug] [ADB] Getting connected devices...
2018-03-08 11:48:24:297 - info: [debug] [ADB] 2 device(s) connected
2018-03-08 11:48:24:297 - info: [debug] [ADB] Running '/home/trixo/Android/Sdk/platform-tools/adb' with args: ["-P",5037,"-s","localhost:7429","shell","pm","list","packages","com.pointvoucher.playlondonpv"]
2018-03-08 11:48:25:706 - error: [Logcat] Logcat terminated with code 0, signal null
2018-03-08 11:48:25:707 - error: [UiAutomator] UiAutomator exited unexpectedly with code 0, signal null
2018-03-08 11:48:25:707 - info: [debug] [UiAutomator] Moving to state 'stopped'
2018-03-08 11:48:25:717 - info: [debug] [AndroidDriver] Shutting down Android driver
2018-03-08 11:48:25:720 - info: [debug] [ADB] Getting connected devices...
2018-03-08 11:48:25:728 - warn: [Appium] Closing session, cause was 'UiAUtomator shut down unexpectedly'
2018-03-08 11:48:25:728 - info: [Appium] Removing session 869297bc-80b1-4771-92a2-268a8705cbd9 from our master session list
2018-03-08 11:48:25:729 - info: [debug] [ADB] App is not installed
2018-03-08 11:48:25:730 - info: [debug] [MJSONWP] Responding to client with driver.isAppInstalled() result: false
2018-03-08 11:48:25:731 - info: [HTTP] <-- POST /wd/hub/session/869297bc-80b1-4771-92a2-268a8705cbd9/appium/device/app_installed 200 1444 ms - 77 
2018-03-08 11:48:25:731 - info: [debug] [ADB] 1 device(s) connected
2018-03-08 11:48:25:733 - info: [debug] [ADB] Running '/home/trixo/Android/Sdk/platform-tools/adb' with args: ["-P",5037,"-s","localhost:7429","shell","am","force-stop","com.gorro.nothing"]
2018-03-08 11:48:25:742 - info: [HTTP] --> DELETE /wd/hub/session/869297bc-80b1-4771-92a2-268a8705cbd9 {}
2018-03-08 11:48:25:744 - info: [HTTP] <-- DELETE /wd/hub/session/869297bc-80b1-4771-92a2-268a8705cbd9 404 2 ms - 131 
2018-03-08 11:48:25:746 - info: [debug] [ADB] Running '/home/trixo/Android/Sdk/platform-tools/adb' with args: ["-P",5037,"-s","localhost:7429","shell","am","force-stop","com.gorro.nothing"]
2018-03-08 11:48:32:206 - info: [Appium] Received SIGINT - shutting down
