2018-03-08T12:55:20.546Z - info: Test execution started
2018-03-08T12:55:20.546Z - info: Got following options to run{"testID":1048,"testChildren":0,"testName":"Clean Install","UDID":"cd21ccc5","port":4002,"systemPort":8202,"bpPort":6002,"desCaps":{"testName":"Clean Install","testFileName":"CleanInstall","groupTest":false,"desiredCapabilities":{"platformName":"Android","deviceName":"Android","appPackage":"com.gorro.nothing","appActivity":"com.gorro.nothing.NothingActivity","fullReset":false,"noReset":true,"newCommandTimeout":120000,"skipUnlock":true,"androidInstallTimeout":150000},"parameters":{"appPackage":"com.pointvoucher.playlondonpv","activityName":"com.unity3d.player.UnityPlayerActivity","apkFileName":"pl"}},"outputDir":"/home/trixo/Code/javaRewrite/logs/1048_CleanInstall_cd21ccc5"}
2018-03-08T12:55:20.563Z - info: Trying to connect to openSTF with serial number cd21ccc5
2018-03-08T12:55:20.727Z - info: executing command adb connect  localhost:7401
2018-03-08T12:55:20.734Z - info: /home/trixo/Downloads/appium-1.8.0-beta3/build/lib/main.js -p 4002 -bp 6002  --log-timestamp --log /home/trixo/Code/javaRewrite/logs/1048_CleanInstall_cd21ccc5/Appium.log
2018-03-08T12:55:20.735Z - info: Trying to create appium Server on port: 4002
2018-03-08T12:55:23.031Z - info: Appium server created on port: 4002
2018-03-08T12:55:38.404Z - info: Running clean Install test with following paramters, appPackage: com.pointvoucher.playlondonpv activityName: com.unity3d.player.UnityPlayerActivity apkFile: /home/trixo/Code/javaRewrite/Tests/CleanInstall/apk/pl.apk
2018-03-08T12:55:40.160Z - info: App exists in device => trying to remove
2018-03-08T12:55:46.176Z - info: App removed
2018-03-08T12:55:46.177Z - info: Installing app to device /home/trixo/Code/javaRewrite/Tests/CleanInstall/apk/pl.apk
2018-03-08T12:56:39.780Z - info: starting package : com.pointvoucher.playlondonpv with activity name: com.unity3d.player.UnityPlayerActivity
2018-03-08T12:56:44.222Z - info: Running fnPermission with value: true
2018-03-08T12:56:47.536Z - info: Running click event : Close intro Video  with 20repets
2018-03-08T12:56:47.536Z - info: Looking for image on screen:Close intro Video  with 20 repeats 
2018-03-08T12:56:47.536Z - info: Running delay for : 30000
2018-03-08T12:57:17.561Z - info: Running delay for : 0
2018-03-08T12:57:18.686Z - info: Found image on screen: Close intro Video 
2018-03-08T12:57:19.051Z - info: ERROR[MyERr]: TEST FINISHED WITH ERROR: TypeError: Cannot read property 'drawCircle' of undefined
2018-03-08T12:57:19.073Z - info: Disconnected localhost:7401=> open STF 
2018-03-08T12:58:34.440Z - info: You are not owner of localhost:7401 => open STF 
2018-03-08T12:58:34.441Z - info: Appium on close  null
2018-03-08T12:58:34.441Z - info: You are not owner of localhost:7401 => open STF 
