2018-03-08T12:23:54.982Z - info: Test execution started
2018-03-08T12:23:54.982Z - info: Got following options to run{"testID":1043,"testChildren":1,"testName":"Sign Up email","UDID":"cd21ccc5","port":4003,"systemPort":8203,"bpPort":6003,"desCaps":{"testName":"Sign Up email","testFileName":"SignUpEmail","groupTest":false,"desiredCapabilities":{"platformName":"Android","deviceName":"Android","appPackage":"com.pointvoucher.playlondonpv","appActivity":"com.unity3d.player.UnityPlayerActivity","fullReset":false,"noReset":true,"newCommandTimeout":120000,"skipUnlock":true},"parameters":{}},"outputDir":"/home/trixo/Code/javaRewrite/logs/1043_SignUpEmail_cd21ccc5"}
2018-03-08T12:23:55.094Z - info: Trying to connect to openSTF with serial number cd21ccc5
2018-03-08T12:23:55.141Z - info: executing command adb connect  localhost:7429
2018-03-08T12:23:55.149Z - info: /home/trixo/Downloads/appium-1.8.0-beta3/build/lib/main.js -p 4003 -bp 6003  --log-timestamp --log /home/trixo/Code/javaRewrite/logs/1043_SignUpEmail_cd21ccc5/Appium.log
2018-03-08T12:23:55.149Z - info: Trying to create appium Server on port: 4003
2018-03-08T12:23:57.369Z - info: Appium server created on port: 4003
2018-03-08T12:24:15.743Z - info: Running Signup email
2018-03-08T12:24:15.773Z - info: Looking for image on screen:If on screen then app Loaded,Logout state true with 20 repeats 
2018-03-08T12:24:15.773Z - info: Running delay for : 4000
2018-03-08T12:24:19.777Z - info: Running delay for : 2000
2018-03-08T12:24:22.779Z - info: Running delay for : 2000
2018-03-08T12:24:25.509Z - info: Running delay for : 2000
2018-03-08T12:24:28.668Z - info: Running delay for : 2000
2018-03-08T12:24:31.400Z - info: Running delay for : 2000
2018-03-08T12:24:34.336Z - info: Running delay for : 2000
2018-03-08T12:24:37.051Z - info: Running delay for : 2000
2018-03-08T12:24:40.646Z - info: Found image on screen: If on screen then app Loaded,Logout state true
2018-03-08T12:24:40.646Z - info: Running click event : Click Login button with 5repets
2018-03-08T12:24:40.646Z - info: Looking for image on screen:Click Login button with 5 repeats 
2018-03-08T12:24:40.646Z - info: Running delay for : 2000
2018-03-08T12:24:42.649Z - info: Running delay for : 0
2018-03-08T12:24:44.142Z - info: Found image on screen: Click Login button
2018-03-08T12:24:44.291Z - info: clicked on : Click Login button with following coordinates x=483 y=27.5
2018-03-08T12:24:44.292Z - info: Running click event : Click Email Login button with 5repets
2018-03-08T12:24:44.292Z - info: Looking for image on screen:Click Email Login button with 5 repeats 
2018-03-08T12:24:44.292Z - info: Running delay for : 2000
2018-03-08T12:24:46.295Z - info: Running delay for : 0
2018-03-08T12:24:47.627Z - info: Found image on screen: Click Email Login button
2018-03-08T12:24:47.761Z - info: clicked on : Click Email Login button with following coordinates x=152 y=812
2018-03-08T12:24:47.761Z - info: Running click event : Click Yes age button with 5repets
2018-03-08T12:24:47.761Z - info: Looking for image on screen:Click Yes age button with 5 repeats 
2018-03-08T12:24:47.762Z - info: Running delay for : 2000
2018-03-08T12:24:49.764Z - info: Running delay for : 0
2018-03-08T12:24:50.690Z - info: Found image on screen: Click Yes age button
2018-03-08T12:24:50.820Z - info: clicked on : Click Yes age button with following coordinates x=271 y=585
2018-03-08T12:24:50.821Z - info: Running click event : Click on Enter Email field with 5repets
2018-03-08T12:24:50.821Z - info: Looking for image on screen:Click on Enter Email field with 5 repeats 
2018-03-08T12:24:50.821Z - info: Running delay for : 2000
2018-03-08T12:24:52.824Z - info: Running delay for : 0
2018-03-08T12:24:53.546Z - info: Found image on screen: Click on Enter Email field
2018-03-08T12:24:53.746Z - info: clicked on : Click on Enter Email field with following coordinates x=272 y=456.5
2018-03-08T12:24:59.694Z - info: Running clear keyboard (click on x0y0
2018-03-08T12:24:59.891Z - info: Keyboard cleared
2018-03-08T12:24:59.891Z - info: Running click event : Next email with 5repets
2018-03-08T12:24:59.891Z - info: Looking for image on screen:Next email with 5 repeats 
2018-03-08T12:24:59.892Z - info: Running delay for : 500
2018-03-08T12:25:00.393Z - info: Running delay for : 0
2018-03-08T12:25:01.382Z - info: Found image on screen: Next email
2018-03-08T12:25:01.519Z - info: clicked on : Next email with following coordinates x=401 y=597.5
2018-03-08T12:25:01.520Z - info: Running click event : Click on Enter Password field with 5repets
2018-03-08T12:25:01.520Z - info: Looking for image on screen:Click on Enter Password field with 5 repeats 
2018-03-08T12:25:01.520Z - info: Running delay for : 2000
2018-03-08T12:25:03.522Z - info: Running delay for : 0
2018-03-08T12:25:04.329Z - info: Found image on screen: Click on Enter Password field
2018-03-08T12:25:04.501Z - info: clicked on : Click on Enter Password field with following coordinates x=270 y=529
2018-03-08T12:25:08.586Z - info: Running clear keyboard (click on x0y0
2018-03-08T12:25:08.725Z - info: Keyboard cleared
2018-03-08T12:25:08.725Z - info: Running click event : Next password with 5repets
2018-03-08T12:25:08.725Z - info: Looking for image on screen:Next password with 5 repeats 
2018-03-08T12:25:08.726Z - info: Running delay for : 100
2018-03-08T12:25:08.826Z - info: Running delay for : 0
2018-03-08T12:25:09.577Z - info: Found image on screen: Next password
2018-03-08T12:25:09.714Z - info: clicked on : Next password with following coordinates x=271 y=715
2018-03-08T12:25:09.714Z - info: Running click event : Accept terms circle with 5repets
2018-03-08T12:25:09.714Z - info: Looking for image on screen:Accept terms circle with 5 repeats 
2018-03-08T12:25:09.715Z - info: Running delay for : 500
2018-03-08T12:25:10.216Z - info: Running delay for : 0
2018-03-08T12:25:11.080Z - info: Found image on screen: Accept terms circle
2018-03-08T12:25:11.218Z - info: clicked on : Accept terms circle with following coordinates x=54.5 y=463
2018-03-08T12:25:11.218Z - info: Running click event : terms next button with 5repets
2018-03-08T12:25:11.218Z - info: Looking for image on screen:terms next button with 5 repeats 
2018-03-08T12:25:11.218Z - info: Running delay for : 500
2018-03-08T12:25:11.719Z - info: Running delay for : 0
2018-03-08T12:25:12.517Z - info: Found image on screen: terms next button
2018-03-08T12:25:12.652Z - info: clicked on : terms next button with following coordinates x=399 y=665.5
2018-03-08T12:25:12.652Z - info: Running click event : My account button with 5repets
2018-03-08T12:25:12.652Z - info: Looking for image on screen:My account button with 5 repeats 
2018-03-08T12:25:12.652Z - info: Running delay for : 500
2018-03-08T12:25:13.152Z - info: Running delay for : 0
2018-03-08T12:25:14.026Z - info: Found image on screen: My account button
2018-03-08T12:25:14.153Z - info: clicked on : My account button with following coordinates x=141.5 y=694
2018-03-08T12:25:14.154Z - info: Running click event : Fill name with 5repets
2018-03-08T12:25:14.154Z - info: Looking for image on screen:Fill name with 5 repeats 
2018-03-08T12:25:14.154Z - info: Running delay for : 500
2018-03-08T12:25:14.654Z - info: Running delay for : 0
2018-03-08T12:25:15.501Z - info: Found image on screen: Fill name
2018-03-08T12:25:15.735Z - info: clicked on : Fill name with following coordinates x=272 y=448
2018-03-08T12:25:20.452Z - info: Running clear keyboard (click on x0y0
2018-03-08T12:25:20.633Z - info: Keyboard cleared
2018-03-08T12:25:20.634Z - info: Running click event : BirthdayField  with 5repets
2018-03-08T12:25:20.634Z - info: Looking for image on screen:BirthdayField  with 5 repeats 
2018-03-08T12:25:20.634Z - info: Running delay for : 500
2018-03-08T12:25:21.134Z - info: Running delay for : 0
2018-03-08T12:25:22.486Z - info: Found image on screen: BirthdayField 
2018-03-08T12:25:22.652Z - info: clicked on : BirthdayField  with following coordinates x=270.5 y=585.5
2018-03-08T12:25:25.211Z - info: Disconnected localhost:7429=> open STF 
2018-03-08T12:25:25.212Z - info: Disconnected localhost:7429=> open STF 
2018-03-08T12:26:52.763Z - info: Appium on close  null
2018-03-08T12:26:52.776Z - info: Could not write correct Value11111111
2018-03-08T12:26:52.776Z - info: ERROR[MyERr]: TEST FINISHED WITH ERROR: Could not write correct Value
2018-03-08T12:26:52.791Z - info: Disconnected localhost:7429=> open STF 
