2018-03-08T11:53:28.332Z - info: Test execution started
2018-03-08T11:53:28.332Z - info: Got following options to run{"testID":1036,"testChildren":2,"testName":"Sign Up facebook","UDID":"cd21ccc5","port":4004,"systemPort":8204,"bpPort":6004,"desCaps":{"testName":"Sign Up facebook","testFileName":"SignUpFacebook","groupTest":false,"desiredCapabilities":{"platformName":"Android","deviceName":"Android","appPackage":"com.pointvoucher.playlondonpv","appActivity":"com.unity3d.player.UnityPlayerActivity","fullReset":false,"noReset":true,"newCommandTimeout":120000,"skipUnlock":true},"parameters":{}},"outputDir":"/home/trixo/Code/javaRewrite/logs/1036_SignUpFacebook_cd21ccc5"}
2018-03-08T11:53:28.645Z - info: Trying to connect to openSTF with serial number cd21ccc5
2018-03-08T11:53:28.704Z - info: executing command adb connect  localhost:7429
2018-03-08T11:53:28.714Z - info: /home/trixo/Downloads/appium-1.8.0-beta3/build/lib/main.js -p 4004 -bp 6004  --log-timestamp --log /home/trixo/Code/javaRewrite/logs/1036_SignUpFacebook_cd21ccc5/Appium.log
2018-03-08T11:53:28.714Z - info: Trying to create appium Server on port: 4004
2018-03-08T11:53:31.087Z - info: Appium server created on port: 4004
2018-03-08T11:53:48.013Z - info: Running Signup facebook
2018-03-08T11:53:48.042Z - info: Looking for image on screen:If on screen then app Loaded,Logout state true with 20 repeats 
2018-03-08T11:53:48.042Z - info: Running delay for : 4000
2018-03-08T11:53:52.049Z - info: Running delay for : 2000
2018-03-08T11:53:55.159Z - info: Running delay for : 2000
2018-03-08T11:53:57.914Z - info: Running delay for : 2000
2018-03-08T11:54:00.740Z - info: Running delay for : 2000
2018-03-08T11:54:03.523Z - info: Running delay for : 2000
2018-03-08T11:54:06.299Z - info: Running delay for : 2000
2018-03-08T11:54:09.515Z - info: Found image on screen: If on screen then app Loaded,Logout state true
2018-03-08T11:54:09.515Z - info: Running click event : Click Login button with 5repets
2018-03-08T11:54:09.515Z - info: Looking for image on screen:Click Login button with 5 repeats 
2018-03-08T11:54:09.515Z - info: Running delay for : 2000
2018-03-08T11:54:11.517Z - info: Running delay for : 0
2018-03-08T11:54:13.064Z - info: Found image on screen: Click Login button
2018-03-08T11:54:13.224Z - info: clicked on : Click Login button with following coordinates x=484 y=28.5
2018-03-08T11:54:13.225Z - info: Running click event : Click facebook Login button with 5repets
2018-03-08T11:54:13.225Z - info: Looking for image on screen:Click facebook Login button with 5 repeats 
2018-03-08T11:54:13.225Z - info: Running delay for : 2000
2018-03-08T11:54:15.226Z - info: Running delay for : 0
2018-03-08T11:54:15.471Z - info: Disconnected localhost:7429=> open STF 
2018-03-08T11:54:15.472Z - info: Disconnected localhost:7429=> open STF 
2018-03-08T11:54:15.559Z - info: Running delay for : 0
2018-03-08T11:54:15.563Z - info: Running delay for : 0
2018-03-08T11:54:15.567Z - info: Running delay for : 0
2018-03-08T11:54:15.571Z - info: Running delay for : 0
2018-03-08T11:54:15.574Z - info: Looking for image on screen #5
2018-03-08T11:54:15.575Z - info: ERROR[MyERr]: TEST FINISHED WITH ERROR: Object not found : Click facebook Login button
2018-03-08T11:54:15.583Z - info: You are not owner of localhost:7429 => open STF 
2018-03-08T11:54:20.590Z - info: Appium on close  null
