2018-03-08T12:37:13.376Z - info: Test execution started
2018-03-08T12:37:13.377Z - info: Got following options to run{"testID":1045,"testChildren":4,"testName":"Go To Profile","UDID":"cd21ccc5","port":4006,"systemPort":8206,"bpPort":6006,"desCaps":{"testName":"Go To Profile","testFileName":"GoToProfile","groupTest":false,"desiredCapabilities":{"platformName":"Android","deviceName":"Android","appPackage":"com.pointvoucher.playlondonpv","appActivity":"com.unity3d.player.UnityPlayerActivity","fullReset":false,"noReset":true,"newCommandTimeout":120000,"skipUnlock":true},"parameters":{}},"outputDir":"/home/trixo/Code/javaRewrite/logs/1045_GoToProfile_cd21ccc5"}
2018-03-08T12:37:13.937Z - info: Trying to connect to openSTF with serial number cd21ccc5
2018-03-08T12:37:13.983Z - info: executing command adb connect  localhost:7429
2018-03-08T12:37:13.991Z - info: /home/trixo/Downloads/appium-1.8.0-beta3/build/lib/main.js -p 4006 -bp 6006  --log-timestamp --log /home/trixo/Code/javaRewrite/logs/1045_GoToProfile_cd21ccc5/Appium.log
2018-03-08T12:37:13.991Z - info: Trying to create appium Server on port: 4006
2018-03-08T12:37:16.107Z - info: Appium server created on port: 4006
2018-03-08T12:37:33.503Z - info: Play london profile test
2018-03-08T12:37:33.532Z - info: Looking for image on screen:If on screen then app Loaded,Logout state true with 20 repeats 
2018-03-08T12:37:33.532Z - info: Running delay for : 4000
2018-03-08T12:37:37.538Z - info: Running delay for : 2000
2018-03-08T12:37:40.473Z - info: Running delay for : 2000
2018-03-08T12:37:43.258Z - info: Running delay for : 2000
2018-03-08T12:37:45.954Z - info: Running delay for : 2000
2018-03-08T12:37:48.713Z - info: Running delay for : 2000
2018-03-08T12:37:51.441Z - info: Running delay for : 2000
2018-03-08T12:37:54.629Z - info: Running delay for : 2000
2018-03-08T12:37:57.944Z - info: Running delay for : 2000
2018-03-08T12:38:01.402Z - info: Running delay for : 2000
2018-03-08T12:38:04.721Z - info: Running delay for : 2000
2018-03-08T12:38:08.057Z - info: Running delay for : 2000
2018-03-08T12:38:11.366Z - info: Running delay for : 2000
2018-03-08T12:38:14.682Z - info: Running delay for : 2000
2018-03-08T12:38:17.957Z - info: Running delay for : 2000
2018-03-08T12:38:21.230Z - info: Running delay for : 2000
2018-03-08T12:38:24.481Z - info: Running delay for : 2000
2018-03-08T12:38:27.782Z - info: Running delay for : 2000
2018-03-08T12:38:31.151Z - info: Running delay for : 2000
2018-03-08T12:38:34.432Z - info: Running delay for : 2000
2018-03-08T12:38:37.661Z - info: Running delay for : 2000
2018-03-08T12:38:40.988Z - info: Looking for image on screen #20
2018-03-08T12:38:40.989Z - info: ERROR[MyERr]: TEST FINISHED WITH ERROR: Object not found : If on screen then app Loaded,Logout state true
2018-03-08T12:38:41.022Z - info: Disconnected localhost:7429=> open STF 
2018-03-08T12:47:43.989Z - info: Appium on close  null
2018-03-08T12:47:44.003Z - info: You are not owner of localhost:7429 => open STF 
2018-03-08T12:47:44.004Z - info: You are not owner of localhost:7429 => open STF 
