2018-03-08T11:54:22.313Z - info: Test execution started
2018-03-08T11:54:22.313Z - info: Got following options to run{"testID":1037,"testChildren":0,"testName":"Clean Install","UDID":"cd21ccc5","port":4002,"systemPort":8202,"bpPort":6002,"desCaps":{"testName":"Clean Install","testFileName":"CleanInstall","groupTest":false,"desiredCapabilities":{"platformName":"Android","deviceName":"Android","appPackage":"com.gorro.nothing","appActivity":"com.gorro.nothing.NothingActivity","fullReset":false,"noReset":true,"newCommandTimeout":120000,"skipUnlock":true,"androidInstallTimeout":150000},"parameters":{"appPackage":"com.pointvoucher.playlondonpv","activityName":"com.unity3d.player.UnityPlayerActivity","apkFileName":"pl"}},"outputDir":"/home/trixo/Code/javaRewrite/logs/1037_CleanInstall_cd21ccc5"}
2018-03-08T11:54:22.332Z - info: Trying to connect to openSTF with serial number cd21ccc5
2018-03-08T11:54:22.379Z - info: executing command adb connect  localhost:7429
2018-03-08T11:54:22.387Z - info: /home/trixo/Downloads/appium-1.8.0-beta3/build/lib/main.js -p 4002 -bp 6002  --log-timestamp --log /home/trixo/Code/javaRewrite/logs/1037_CleanInstall_cd21ccc5/Appium.log
2018-03-08T11:54:22.387Z - info: Trying to create appium Server on port: 4002
2018-03-08T11:54:24.826Z - info: Appium server created on port: 4002
2018-03-08T11:54:42.387Z - info: Running clean Install test with following paramters, appPackage: com.pointvoucher.playlondonpv activityName: com.unity3d.player.UnityPlayerActivity apkFile: /home/trixo/Code/javaRewrite/Tests/CleanInstall/apk/pl.apk
2018-03-08T11:54:44.214Z - info: App exists in device => trying to remove
2018-03-08T11:54:50.847Z - info: App removed
2018-03-08T11:54:50.847Z - info: Installing app to device /home/trixo/Code/javaRewrite/Tests/CleanInstall/apk/pl.apk
2018-03-08T11:55:52.978Z - info: starting package : com.pointvoucher.playlondonpv with activity name: com.unity3d.player.UnityPlayerActivity
2018-03-08T11:55:57.582Z - info: Running fnPermission with value: true
2018-03-08T11:56:00.902Z - info: Running click event : Close intro Video  with 20repets
2018-03-08T11:56:00.903Z - info: Looking for image on screen:Close intro Video  with 20 repeats 
2018-03-08T11:56:00.904Z - info: Running delay for : 30000
2018-03-08T11:56:30.931Z - info: Running delay for : 0
2018-03-08T11:56:33.509Z - info: Found image on screen: Close intro Video 
2018-03-08T11:56:33.759Z - info: clicked on : Close intro Video  with following coordinates x=507 y=32
2018-03-08T11:56:33.760Z - info: Looking for image on screen:Check if message is there If its there Test Completed with 20 repeats 
2018-03-08T11:56:33.760Z - info: Running delay for : 6000
2018-03-08T11:56:39.762Z - info: Running delay for : 2000
2018-03-08T11:56:44.006Z - info: Running delay for : 2000
2018-03-08T11:56:48.031Z - info: Running delay for : 2000
2018-03-08T11:56:52.717Z - info: Running delay for : 2000
2018-03-08T11:56:56.415Z - info: Running delay for : 2000
2018-03-08T11:56:59.752Z - info: Running delay for : 2000
2018-03-08T11:57:03.338Z - info: Found image on screen: Check if message is there If its there Test Completed
2018-03-08T11:57:03.338Z - info: Test:Clean Install[FINISHED]
2018-03-08T11:57:03.339Z - info: ERROR[MyERr]: TEST FINISHED WITH ERROR: ReferenceError: fs is not defined
2018-03-08T11:57:03.357Z - info: Disconnected localhost:7429=> open STF 
2018-03-08T11:58:55.540Z - info: Appium on close  null
2018-03-08T11:58:55.555Z - info: Disconnected localhost:7429=> open STF 
2018-03-08T11:58:55.556Z - info: Disconnected localhost:7429=> open STF 
