2018-03-08T12:47:55.236Z - info: Test execution started
2018-03-08T12:47:55.237Z - info: Got following options to run{"testID":1046,"testChildren":0,"testName":"Clean Install","UDID":"cd21ccc5","port":4002,"systemPort":8202,"bpPort":6002,"desCaps":{"testName":"Clean Install","testFileName":"CleanInstall","groupTest":false,"desiredCapabilities":{"platformName":"Android","deviceName":"Android","appPackage":"com.gorro.nothing","appActivity":"com.gorro.nothing.NothingActivity","fullReset":false,"noReset":true,"newCommandTimeout":120000,"skipUnlock":true,"androidInstallTimeout":150000},"parameters":{"appPackage":"com.pointvoucher.playlondonpv","activityName":"com.unity3d.player.UnityPlayerActivity","apkFileName":"pl"}},"outputDir":"/home/trixo/Code/javaRewrite/logs/1046_CleanInstall_cd21ccc5"}
2018-03-08T12:47:55.254Z - info: Trying to connect to openSTF with serial number cd21ccc5
2018-03-08T12:47:55.299Z - info: executing command adb connect  localhost:7429
2018-03-08T12:47:55.342Z - info: /home/trixo/Downloads/appium-1.8.0-beta3/build/lib/main.js -p 4002 -bp 6002  --log-timestamp --log /home/trixo/Code/javaRewrite/logs/1046_CleanInstall_cd21ccc5/Appium.log
2018-03-08T12:47:55.342Z - info: Trying to create appium Server on port: 4002
2018-03-08T12:47:57.921Z - info: Appium server created on port: 4002
2018-03-08T12:48:14.306Z - info: Running clean Install test with following paramters, appPackage: com.pointvoucher.playlondonpv activityName: com.unity3d.player.UnityPlayerActivity apkFile: /home/trixo/Code/javaRewrite/Tests/CleanInstall/apk/pl.apk
2018-03-08T12:48:16.107Z - info: App exists in device => trying to remove
2018-03-08T12:48:22.417Z - info: App removed
2018-03-08T12:48:22.418Z - info: Installing app to device /home/trixo/Code/javaRewrite/Tests/CleanInstall/apk/pl.apk
2018-03-08T12:49:15.989Z - info: starting package : com.pointvoucher.playlondonpv with activity name: com.unity3d.player.UnityPlayerActivity
2018-03-08T12:49:20.618Z - info: Running fnPermission with value: true
2018-03-08T12:49:24.030Z - info: Running click event : Close intro Video  with 20repets
2018-03-08T12:49:24.030Z - info: Looking for image on screen:Close intro Video  with 20 repeats 
2018-03-08T12:49:24.030Z - info: Running delay for : 30000
2018-03-08T12:49:54.041Z - info: Running delay for : 0
2018-03-08T12:49:56.691Z - info: Found image on screen: Close intro Video 
2018-03-08T12:49:56.903Z - info: ERROR[MyERr]: TEST FINISHED WITH ERROR: ReferenceError: outputFolder is not defined
2018-03-08T12:49:56.923Z - info: Disconnected localhost:7429=> open STF 
2018-03-08T12:50:47.105Z - info: Appium on close  null
2018-03-08T12:50:47.107Z - info: You are not owner of localhost:7429 => open STF 
2018-03-08T12:50:47.108Z - info: You are not owner of localhost:7429 => open STF 
