2018-03-08T13:24:16.392Z - info: Test execution started
2018-03-08T13:24:16.392Z - info: Got following options to run{"testID":1055,"testChildren":0,"testName":"Clean Install","UDID":"cd21ccc5","port":4002,"systemPort":8202,"bpPort":6002,"desCaps":{"testName":"Clean Install","testFileName":"CleanInstall","groupTest":false,"desiredCapabilities":{"platformName":"Android","deviceName":"Android","appPackage":"com.gorro.nothing","appActivity":"com.gorro.nothing.NothingActivity","fullReset":false,"noReset":true,"newCommandTimeout":120000,"skipUnlock":true,"androidInstallTimeout":150000},"parameters":{"appPackage":"com.pointvoucher.playlondonpv","activityName":"com.unity3d.player.UnityPlayerActivity","apkFileName":"pl"}},"outputDir":"/home/trixo/Code/javaRewrite/logs/1055_CleanInstall_cd21ccc5"}
2018-03-08T13:24:16.410Z - info: Trying to connect to openSTF with serial number cd21ccc5
2018-03-08T13:24:16.582Z - info: executing command adb connect  localhost:7401
2018-03-08T13:24:16.589Z - info: /home/trixo/Downloads/appium-1.8.0-beta3/build/lib/main.js -p 4002 -bp 6002  --log-timestamp --log /home/trixo/Code/javaRewrite/logs/1055_CleanInstall_cd21ccc5/Appium.log
2018-03-08T13:24:16.589Z - info: Trying to create appium Server on port: 4002
2018-03-08T13:24:18.797Z - info: Appium server created on port: 4002
2018-03-08T13:24:33.728Z - info: Running clean Install test with following paramters, appPackage: com.pointvoucher.playlondonpv activityName: com.unity3d.player.UnityPlayerActivity apkFile: /home/trixo/Code/javaRewrite/Tests/CleanInstall/apk/pl.apk
2018-03-08T13:24:35.532Z - info: App exists in device => trying to remove
2018-03-08T13:24:41.748Z - info: App removed
2018-03-08T13:24:41.749Z - info: Installing app to device /home/trixo/Code/javaRewrite/Tests/CleanInstall/apk/pl.apk
2018-03-08T13:25:33.668Z - info: starting package : com.pointvoucher.playlondonpv with activity name: com.unity3d.player.UnityPlayerActivity
2018-03-08T13:25:38.197Z - info: Running fnPermission with value: true
2018-03-08T13:25:41.566Z - info: Running click event : Close intro Video  with 20repets
2018-03-08T13:25:41.566Z - info: Looking for image on screen:Close intro Video  with 20 repeats 
2018-03-08T13:25:41.566Z - info: Running delay for : 30000
2018-03-08T13:26:11.590Z - info: Running delay for : 0
2018-03-08T13:26:12.613Z - info: Found image on screen: Close intro Video 
2018-03-08T13:26:12.845Z - info: clicked on : Close intro Video  with following coordinates x=507 y=32
2018-03-08T13:26:12.845Z - info: Looking for image on screen:Check if message is there If its there Test Completed with 20 repeats 
2018-03-08T13:26:12.845Z - info: Running delay for : 6000
2018-03-08T13:26:18.847Z - info: Running delay for : 2000
2018-03-08T13:26:23.404Z - info: Running delay for : 2000
2018-03-08T13:26:27.428Z - info: Running delay for : 2000
2018-03-08T13:26:32.172Z - info: Running delay for : 2000
2018-03-08T13:26:35.873Z - info: Running delay for : 2000
2018-03-08T13:26:39.375Z - info: Running delay for : 2000
2018-03-08T13:26:43.019Z - info: Found image on screen: Check if message is there If its there Test Completed
2018-03-08T13:26:43.019Z - info: Test:Clean Install[FINISHED]
2018-03-08T13:26:43.020Z - info: Running delay for : 10000
2018-03-08T13:26:53.048Z - info: Disconnected localhost:7401=> open STF 
